[0.094s] Invoking command in '/home/papalist/tek_expo_demo_3_ws/build/sllidar_ros2': CMAKE_PREFIX_PATH=${CMAKE_PREFIX_PATH}:/opt/ros/jazzy DEBUGINFOD_URLS=https://debuginfod.ubuntu.com /usr/bin/cmake --build /home/papalist/tek_expo_demo_3_ws/build/sllidar_ros2 -- -j8 -l8
[0.919s] [ 90%] Built target sllidar_node
[0.920s] [100%] Built target sllidar_client
[1.012s] Invoked command in '/home/papalist/tek_expo_demo_3_ws/build/sllidar_ros2' returned '0': CMAKE_PREFIX_PATH=${CMAKE_PREFIX_PATH}:/opt/ros/jazzy DEBUGINFOD_URLS=https://debuginfod.ubuntu.com /usr/bin/cmake --build /home/papalist/tek_expo_demo_3_ws/build/sllidar_ros2 -- -j8 -l8
[1.013s] Invoking command in '/home/papalist/tek_expo_demo_3_ws/build/sllidar_ros2': CMAKE_PREFIX_PATH=${CMAKE_PREFIX_PATH}:/opt/ros/jazzy DEBUGINFOD_URLS=https://debuginfod.ubuntu.com /usr/bin/cmake --install /home/papalist/tek_expo_demo_3_ws/build/sllidar_ros2
[1.054s] -- Install configuration: ""
[1.056s] -- Up-to-date: /home/papalist/tek_expo_demo_3_ws/install/sllidar_ros2/share/sllidar_ros2/launch
[1.056s] -- Up-to-date: /home/papalist/tek_expo_demo_3_ws/install/sllidar_ros2/share/sllidar_ros2/launch/view_sllidar_s1_launch.py
[1.056s] -- Up-to-date: /home/papalist/tek_expo_demo_3_ws/install/sllidar_ros2/share/sllidar_ros2/launch/view_sllidar_a2m7_launch.py
[1.056s] -- Up-to-date: /home/papalist/tek_expo_demo_3_ws/install/sllidar_ros2/share/sllidar_ros2/launch/sllidar_s1_tcp_launch.py
[1.057s] -- Up-to-date: /home/papalist/tek_expo_demo_3_ws/install/sllidar_ros2/share/sllidar_ros2/launch/sllidar_a3_launch.py
[1.057s] -- Up-to-date: /home/papalist/tek_expo_demo_3_ws/install/sllidar_ros2/share/sllidar_ros2/launch/sllidar_a2m12_launch .py
[1.057s] -- Up-to-date: /home/papalist/tek_expo_demo_3_ws/install/sllidar_ros2/share/sllidar_ros2/launch/view_sllidar_a2m8_launch.py
[1.057s] -- Up-to-date: /home/papalist/tek_expo_demo_3_ws/install/sllidar_ros2/share/sllidar_ros2/launch/view_sllidar_a3_launch.py
[1.057s] -- Up-to-date: /home/papalist/tek_expo_demo_3_ws/install/sllidar_ros2/share/sllidar_ros2/launch/sllidar_t1_launch.py
[1.057s] -- Up-to-date: /home/papalist/tek_expo_demo_3_ws/install/sllidar_ros2/share/sllidar_ros2/launch/view_sllidar_s1_tcp_launch.py
[1.057s] -- Up-to-date: /home/papalist/tek_expo_demo_3_ws/install/sllidar_ros2/share/sllidar_ros2/launch/sllidar_s3_launch.py
[1.058s] -- Up-to-date: /home/papalist/tek_expo_demo_3_ws/install/sllidar_ros2/share/sllidar_ros2/launch/view_sllidar_s2e_launch.py
[1.058s] -- Up-to-date: /home/papalist/tek_expo_demo_3_ws/install/sllidar_ros2/share/sllidar_ros2/launch/view_sllidar_a2m12_launch.py
[1.058s] -- Up-to-date: /home/papalist/tek_expo_demo_3_ws/install/sllidar_ros2/share/sllidar_ros2/launch/sllidar_s2_launch.py
[1.058s] -- Up-to-date: /home/papalist/tek_expo_demo_3_ws/install/sllidar_ros2/share/sllidar_ros2/launch/sllidar_a1_launch.py
[1.058s] -- Up-to-date: /home/papalist/tek_expo_demo_3_ws/install/sllidar_ros2/share/sllidar_ros2/launch/sllidar_s2e_launch.py
[1.061s] -- Up-to-date: /home/papalist/tek_expo_demo_3_ws/install/sllidar_ros2/share/sllidar_ros2/launch/view_sllidar_c1_launch.py
[1.062s] -- Up-to-date: /home/papalist/tek_expo_demo_3_ws/install/sllidar_ros2/share/sllidar_ros2/launch/view_sllidar_t1_launch.py
[1.067s] -- Up-to-date: /home/papalist/tek_expo_demo_3_ws/install/sllidar_ros2/share/sllidar_ros2/launch/view_sllidar_s2_launch.py
[1.067s] -- Up-to-date: /home/papalist/tek_expo_demo_3_ws/install/sllidar_ros2/share/sllidar_ros2/launch/sllidar_a2m7_launch.py
[1.067s] -- Up-to-date: /home/papalist/tek_expo_demo_3_ws/install/sllidar_ros2/share/sllidar_ros2/launch/view_sllidar_a1_launch.py
[1.067s] -- Up-to-date: /home/papalist/tek_expo_demo_3_ws/install/sllidar_ros2/share/sllidar_ros2/launch/view_sllidar_s3_launch.py
[1.067s] -- Up-to-date: /home/papalist/tek_expo_demo_3_ws/install/sllidar_ros2/share/sllidar_ros2/launch/sllidar_s1_launch.py
[1.068s] -- Up-to-date: /home/papalist/tek_expo_demo_3_ws/install/sllidar_ros2/share/sllidar_ros2/launch/sllidar_c1_launch.py
[1.068s] -- Up-to-date: /home/papalist/tek_expo_demo_3_ws/install/sllidar_ros2/share/sllidar_ros2/launch/sllidar_a2m8_launch.py
[1.068s] -- Up-to-date: /home/papalist/tek_expo_demo_3_ws/install/sllidar_ros2/share/sllidar_ros2/rviz
[1.068s] -- Up-to-date: /home/papalist/tek_expo_demo_3_ws/install/sllidar_ros2/share/sllidar_ros2/rviz/sllidar_ros2.rviz
[1.068s] -- Up-to-date: /home/papalist/tek_expo_demo_3_ws/install/sllidar_ros2/lib/sllidar_ros2/sllidar_node
[1.069s] -- Up-to-date: /home/papalist/tek_expo_demo_3_ws/install/sllidar_ros2/lib/sllidar_ros2/sllidar_client
[1.069s] -- Up-to-date: /home/papalist/tek_expo_demo_3_ws/install/sllidar_ros2/share/ament_index/resource_index/package_run_dependencies/sllidar_ros2
[1.070s] -- Up-to-date: /home/papalist/tek_expo_demo_3_ws/install/sllidar_ros2/share/ament_index/resource_index/parent_prefix_path/sllidar_ros2
[1.071s] -- Up-to-date: /home/papalist/tek_expo_demo_3_ws/install/sllidar_ros2/share/sllidar_ros2/environment/ament_prefix_path.sh
[1.071s] -- Up-to-date: /home/papalist/tek_expo_demo_3_ws/install/sllidar_ros2/share/sllidar_ros2/environment/ament_prefix_path.dsv
[1.072s] -- Up-to-date: /home/papalist/tek_expo_demo_3_ws/install/sllidar_ros2/share/sllidar_ros2/environment/path.sh
[1.073s] -- Up-to-date: /home/papalist/tek_expo_demo_3_ws/install/sllidar_ros2/share/sllidar_ros2/environment/path.dsv
[1.073s] -- Up-to-date: /home/papalist/tek_expo_demo_3_ws/install/sllidar_ros2/share/sllidar_ros2/local_setup.bash
[1.073s] -- Up-to-date: /home/papalist/tek_expo_demo_3_ws/install/sllidar_ros2/share/sllidar_ros2/local_setup.sh
[1.073s] -- Up-to-date: /home/papalist/tek_expo_demo_3_ws/install/sllidar_ros2/share/sllidar_ros2/local_setup.zsh
[1.073s] -- Up-to-date: /home/papalist/tek_expo_demo_3_ws/install/sllidar_ros2/share/sllidar_ros2/local_setup.dsv
[1.073s] -- Installing: /home/papalist/tek_expo_demo_3_ws/install/sllidar_ros2/share/sllidar_ros2/package.dsv
[1.073s] -- Up-to-date: /home/papalist/tek_expo_demo_3_ws/install/sllidar_ros2/share/ament_index/resource_index/packages/sllidar_ros2
[1.074s] -- Up-to-date: /home/papalist/tek_expo_demo_3_ws/install/sllidar_ros2/share/sllidar_ros2/cmake/ament_cmake_export_dependencies-extras.cmake
[1.074s] -- Up-to-date: /home/papalist/tek_expo_demo_3_ws/install/sllidar_ros2/share/sllidar_ros2/cmake/ament_cmake_export_include_directories-extras.cmake
[1.074s] -- Up-to-date: /home/papalist/tek_expo_demo_3_ws/install/sllidar_ros2/share/sllidar_ros2/cmake/sllidar_ros2Config.cmake
[1.074s] -- Up-to-date: /home/papalist/tek_expo_demo_3_ws/install/sllidar_ros2/share/sllidar_ros2/cmake/sllidar_ros2Config-version.cmake
[1.074s] -- Up-to-date: /home/papalist/tek_expo_demo_3_ws/install/sllidar_ros2/share/sllidar_ros2/package.xml
[1.082s] Invoked command in '/home/papalist/tek_expo_demo_3_ws/build/sllidar_ros2' returned '0': CMAKE_PREFIX_PATH=${CMAKE_PREFIX_PATH}:/opt/ros/jazzy DEBUGINFOD_URLS=https://debuginfod.ubuntu.com /usr/bin/cmake --install /home/papalist/tek_expo_demo_3_ws/build/sllidar_ros2
