[0.049s] Invoking command in '/home/papalist/tek_expo_demo_3_ws/build/bumperbot_description': CMAKE_PREFIX_PATH=${CMAKE_PREFIX_PATH}:/opt/ros/jazzy DEBUGINFOD_URLS=https://debuginfod.ubuntu.com /usr/bin/cmake --build /home/papalist/tek_expo_demo_3_ws/build/bumperbot_description -- -j8 -l8
[0.148s] Invoked command in '/home/papalist/tek_expo_demo_3_ws/build/bumperbot_description' returned '0': CMAKE_PREFIX_PATH=${CMAKE_PREFIX_PATH}:/opt/ros/jazzy DEBUGINFOD_URLS=https://debuginfod.ubuntu.com /usr/bin/cmake --build /home/papalist/tek_expo_demo_3_ws/build/bumperbot_description -- -j8 -l8
[0.191s] Invoking command in '/home/papalist/tek_expo_demo_3_ws/build/bumperbot_description': CMAKE_PREFIX_PATH=${CMAKE_PREFIX_PATH}:/opt/ros/jazzy DEBUGINFOD_URLS=https://debuginfod.ubuntu.com /usr/bin/cmake --install /home/papalist/tek_expo_demo_3_ws/build/bumperbot_description
[1.076s] -- Install configuration: ""
[1.076s] -- Up-to-date: /home/papalist/tek_expo_demo_3_ws/install/bumperbot_description/share/bumperbot_description/launch
[1.076s] -- Up-to-date: /home/papalist/tek_expo_demo_3_ws/install/bumperbot_description/share/bumperbot_description/launch/gazebo.launch.py
[1.077s] -- Up-to-date: /home/papalist/tek_expo_demo_3_ws/install/bumperbot_description/share/bumperbot_description/launch/display.launch.py
[1.077s] -- Up-to-date: /home/papalist/tek_expo_demo_3_ws/install/bumperbot_description/share/bumperbot_description/meshes
[1.077s] -- Up-to-date: /home/papalist/tek_expo_demo_3_ws/install/bumperbot_description/share/bumperbot_description/meshes/wheel_right_link.STL
[1.077s] -- Up-to-date: /home/papalist/tek_expo_demo_3_ws/install/bumperbot_description/share/bumperbot_description/meshes/wheel_left_link.STL
[1.077s] -- Up-to-date: /home/papalist/tek_expo_demo_3_ws/install/bumperbot_description/share/bumperbot_description/meshes/laser_link.STL
[1.077s] -- Up-to-date: /home/papalist/tek_expo_demo_3_ws/install/bumperbot_description/share/bumperbot_description/meshes/caster_rear_link.STL
[1.078s] -- Up-to-date: /home/papalist/tek_expo_demo_3_ws/install/bumperbot_description/share/bumperbot_description/meshes/imu_link.STL
[1.078s] -- Up-to-date: /home/papalist/tek_expo_demo_3_ws/install/bumperbot_description/share/bumperbot_description/meshes/base_link.STL
[1.078s] -- Up-to-date: /home/papalist/tek_expo_demo_3_ws/install/bumperbot_description/share/bumperbot_description/meshes/caster_front_link.STL
[1.078s] -- Up-to-date: /home/papalist/tek_expo_demo_3_ws/install/bumperbot_description/share/bumperbot_description/urdf
[1.078s] -- Up-to-date: /home/papalist/tek_expo_demo_3_ws/install/bumperbot_description/share/bumperbot_description/urdf/bumperbot.urdf.xacro
[1.078s] -- Up-to-date: /home/papalist/tek_expo_demo_3_ws/install/bumperbot_description/share/bumperbot_description/urdf/bumperbot_gazebo.xacro
[1.080s] -- Up-to-date: /home/papalist/tek_expo_demo_3_ws/install/bumperbot_description/share/bumperbot_description/urdf/bumperbot_ros2_control.xacro
[1.081s] -- Up-to-date: /home/papalist/tek_expo_demo_3_ws/install/bumperbot_description/share/ament_index/resource_index/package_run_dependencies/bumperbot_description
[1.081s] -- Up-to-date: /home/papalist/tek_expo_demo_3_ws/install/bumperbot_description/share/ament_index/resource_index/parent_prefix_path/bumperbot_description
[1.081s] -- Up-to-date: /home/papalist/tek_expo_demo_3_ws/install/bumperbot_description/share/bumperbot_description/environment/ament_prefix_path.sh
[1.081s] -- Up-to-date: /home/papalist/tek_expo_demo_3_ws/install/bumperbot_description/share/bumperbot_description/environment/ament_prefix_path.dsv
[1.081s] -- Up-to-date: /home/papalist/tek_expo_demo_3_ws/install/bumperbot_description/share/bumperbot_description/environment/path.sh
[1.081s] -- Up-to-date: /home/papalist/tek_expo_demo_3_ws/install/bumperbot_description/share/bumperbot_description/environment/path.dsv
[1.081s] -- Up-to-date: /home/papalist/tek_expo_demo_3_ws/install/bumperbot_description/share/bumperbot_description/local_setup.bash
[1.082s] -- Up-to-date: /home/papalist/tek_expo_demo_3_ws/install/bumperbot_description/share/bumperbot_description/local_setup.sh
[1.082s] -- Up-to-date: /home/papalist/tek_expo_demo_3_ws/install/bumperbot_description/share/bumperbot_description/local_setup.zsh
[1.082s] -- Up-to-date: /home/papalist/tek_expo_demo_3_ws/install/bumperbot_description/share/bumperbot_description/local_setup.dsv
[1.082s] -- Installing: /home/papalist/tek_expo_demo_3_ws/install/bumperbot_description/share/bumperbot_description/package.dsv
[1.082s] -- Up-to-date: /home/papalist/tek_expo_demo_3_ws/install/bumperbot_description/share/ament_index/resource_index/packages/bumperbot_description
[1.083s] -- Up-to-date: /home/papalist/tek_expo_demo_3_ws/install/bumperbot_description/share/bumperbot_description/cmake/bumperbot_descriptionConfig.cmake
[1.083s] -- Up-to-date: /home/papalist/tek_expo_demo_3_ws/install/bumperbot_description/share/bumperbot_description/cmake/bumperbot_descriptionConfig-version.cmake
[1.083s] -- Up-to-date: /home/papalist/tek_expo_demo_3_ws/install/bumperbot_description/share/bumperbot_description/package.xml
[1.086s] Invoked command in '/home/papalist/tek_expo_demo_3_ws/build/bumperbot_description' returned '0': CMAKE_PREFIX_PATH=${CMAKE_PREFIX_PATH}:/opt/ros/jazzy DEBUGINFOD_URLS=https://debuginfod.ubuntu.com /usr/bin/cmake --install /home/papalist/tek_expo_demo_3_ws/build/bumperbot_description
