[0.042s] Invoking command in '/home/papalist/tek_expo_demo_3_ws/build/rf2o_laser_odometry': CMAKE_PREFIX_PATH=${CMAKE_PREFIX_PATH}:/opt/ros/jazzy DEBUGINFOD_URLS=https://debuginfod.ubuntu.com /usr/bin/cmake --build /home/papalist/tek_expo_demo_3_ws/build/rf2o_laser_odometry -- -j8 -l8
[0.191s] [ 60%] Built target rf2o_laser_odometry_node
[0.217s] [100%] Built target rf2o_laser_odometry
[0.238s] Invoked command in '/home/papalist/tek_expo_demo_3_ws/build/rf2o_laser_odometry' returned '0': CMAKE_PREFIX_PATH=${CMAKE_PREFIX_PATH}:/opt/ros/jazzy DEBUGINFOD_URLS=https://debuginfod.ubuntu.com /usr/bin/cmake --build /home/papalist/tek_expo_demo_3_ws/build/rf2o_laser_odometry -- -j8 -l8
[0.239s] Invoking command in '/home/papalist/tek_expo_demo_3_ws/build/rf2o_laser_odometry': CMAKE_PREFIX_PATH=${CMAKE_PREFIX_PATH}:/opt/ros/jazzy DEBUGINFOD_URLS=https://debuginfod.ubuntu.com /usr/bin/cmake --install /home/papalist/tek_expo_demo_3_ws/build/rf2o_laser_odometry
[0.295s] -- Install configuration: ""
[0.295s] -- Up-to-date: /home/papalist/tek_expo_demo_3_ws/install/rf2o_laser_odometry/lib/rf2o_laser_odometry/rf2o_laser_odometry_node
[0.296s] -- Up-to-date: /home/papalist/tek_expo_demo_3_ws/install/rf2o_laser_odometry/share/rf2o_laser_odometry/launch
[0.301s] -- Up-to-date: /home/papalist/tek_expo_demo_3_ws/install/rf2o_laser_odometry/share/rf2o_laser_odometry/launch/rf2o_laser_odometry.launch.py
[0.301s] -- Up-to-date: /home/papalist/tek_expo_demo_3_ws/install/rf2o_laser_odometry/share/ament_index/resource_index/package_run_dependencies/rf2o_laser_odometry
[0.301s] -- Up-to-date: /home/papalist/tek_expo_demo_3_ws/install/rf2o_laser_odometry/share/ament_index/resource_index/parent_prefix_path/rf2o_laser_odometry
[0.301s] -- Up-to-date: /home/papalist/tek_expo_demo_3_ws/install/rf2o_laser_odometry/share/rf2o_laser_odometry/environment/ament_prefix_path.sh
[0.302s] -- Up-to-date: /home/papalist/tek_expo_demo_3_ws/install/rf2o_laser_odometry/share/rf2o_laser_odometry/environment/ament_prefix_path.dsv
[0.302s] -- Up-to-date: /home/papalist/tek_expo_demo_3_ws/install/rf2o_laser_odometry/share/rf2o_laser_odometry/environment/path.sh
[0.305s] -- Up-to-date: /home/papalist/tek_expo_demo_3_ws/install/rf2o_laser_odometry/share/rf2o_laser_odometry/environment/path.dsv
[0.306s] -- Up-to-date: /home/papalist/tek_expo_demo_3_ws/install/rf2o_laser_odometry/share/rf2o_laser_odometry/local_setup.bash
[0.306s] -- Up-to-date: /home/papalist/tek_expo_demo_3_ws/install/rf2o_laser_odometry/share/rf2o_laser_odometry/local_setup.sh
[0.306s] -- Up-to-date: /home/papalist/tek_expo_demo_3_ws/install/rf2o_laser_odometry/share/rf2o_laser_odometry/local_setup.zsh
[0.307s] -- Up-to-date: /home/papalist/tek_expo_demo_3_ws/install/rf2o_laser_odometry/share/rf2o_laser_odometry/local_setup.dsv
[0.307s] -- Installing: /home/papalist/tek_expo_demo_3_ws/install/rf2o_laser_odometry/share/rf2o_laser_odometry/package.dsv
[0.307s] -- Up-to-date: /home/papalist/tek_expo_demo_3_ws/install/rf2o_laser_odometry/share/ament_index/resource_index/packages/rf2o_laser_odometry
[0.307s] -- Up-to-date: /home/papalist/tek_expo_demo_3_ws/install/rf2o_laser_odometry/share/rf2o_laser_odometry/cmake/rf2o_laser_odometryConfig.cmake
[0.307s] -- Up-to-date: /home/papalist/tek_expo_demo_3_ws/install/rf2o_laser_odometry/share/rf2o_laser_odometry/cmake/rf2o_laser_odometryConfig-version.cmake
[0.308s] -- Up-to-date: /home/papalist/tek_expo_demo_3_ws/install/rf2o_laser_odometry/share/rf2o_laser_odometry/package.xml
[0.335s] Invoked command in '/home/papalist/tek_expo_demo_3_ws/build/rf2o_laser_odometry' returned '0': CMAKE_PREFIX_PATH=${CMAKE_PREFIX_PATH}:/opt/ros/jazzy DEBUGINFOD_URLS=https://debuginfod.ubuntu.com /usr/bin/cmake --install /home/papalist/tek_expo_demo_3_ws/build/rf2o_laser_odometry
