[0.040s] Invoking command in '/home/papalist/tek_expo_demo_3_ws/build/bumperbot_firmware': CMAKE_PREFIX_PATH=${CMAKE_PREFIX_PATH}:/opt/ros/jazzy DEBUGINFOD_URLS=https://debuginfod.ubuntu.com /usr/bin/cmake /home/papalist/tek_expo_demo_3_ws/src/bumperbot_firmware -DCMAKE_INSTALL_PREFIX=/home/papalist/tek_expo_demo_3_ws/install/bumperbot_firmware
[0.215s] -- The C compiler identification is GNU 13.3.0
[0.393s] -- The CXX compiler identification is GNU 13.3.0
[0.440s] -- Detecting C compiler ABI info
[0.663s] -- Detecting C compiler ABI info - done
[0.687s] -- Check for working C compiler: /usr/bin/cc - skipped
[0.687s] -- Detecting C compile features
[0.689s] -- Detecting C compile features - done
[0.704s] -- Detecting CXX compiler ABI info
[0.931s] -- Detecting CXX compiler ABI info - done
[0.962s] -- Check for working CXX compiler: /usr/bin/c++ - skipped
[0.962s] -- Detecting CXX compile features
[0.966s] -- Detecting CXX compile features - done
[0.972s] -- Found ament_cmake: 2.5.2 (/opt/ros/jazzy/share/ament_cmake/cmake)
[1.303s] -- Found Python3: /usr/bin/python3 (found version "3.12.3") found components: Interpreter 
[1.604s] -- Found rclcpp: 28.1.5 (/opt/ros/jazzy/share/rclcpp/cmake)
[1.741s] -- Found rosidl_generator_c: 4.6.4 (/opt/ros/jazzy/share/rosidl_generator_c/cmake)
[1.790s] -- Found rosidl_generator_cpp: 4.6.4 (/opt/ros/jazzy/share/rosidl_generator_cpp/cmake)
[1.845s] -- Using all available rosidl_typesupport_c: rosidl_typesupport_fastrtps_c;rosidl_typesupport_introspection_c
[1.901s] -- Using all available rosidl_typesupport_cpp: rosidl_typesupport_fastrtps_cpp;rosidl_typesupport_introspection_cpp
[2.132s] -- Found rmw_implementation_cmake: 7.3.1 (/opt/ros/jazzy/share/rmw_implementation_cmake/cmake)
[2.144s] -- Found rmw_fastrtps_cpp: 8.4.1 (/opt/ros/jazzy/share/rmw_fastrtps_cpp/cmake)
[2.344s] -- Found OpenSSL: /usr/lib/x86_64-linux-gnu/libcrypto.so (found version "3.0.13")  
[2.381s] -- Found FastRTPS: /opt/ros/jazzy/include (Required is at least version "2.13") 
[2.427s] -- Using RMW implementation 'rmw_fastrtps_cpp' as default
[2.628s] -- Found rclpy: 7.1.2 (/opt/ros/jazzy/share/rclpy/cmake)
[2.633s] -- Found std_msgs: 5.3.5 (/opt/ros/jazzy/share/std_msgs/cmake)
[2.675s] -- Found hardware_interface: 4.20.0 (/opt/ros/jazzy/share/hardware_interface/cmake)
[3.480s] -- Found PkgConfig: /usr/bin/pkg-config (found version "1.8.1") 
[3.486s] -- Checking for module 'libserial'
[3.527s] --   Found libserial, version 1.0.0
[4.133s] -- Configuring done (4.1s)
[4.225s] -- Generating done (0.1s)
[4.258s] -- Build files have been written to: /home/papalist/tek_expo_demo_3_ws/build/bumperbot_firmware
[4.301s] Invoked command in '/home/papalist/tek_expo_demo_3_ws/build/bumperbot_firmware' returned '0': CMAKE_PREFIX_PATH=${CMAKE_PREFIX_PATH}:/opt/ros/jazzy DEBUGINFOD_URLS=https://debuginfod.ubuntu.com /usr/bin/cmake /home/papalist/tek_expo_demo_3_ws/src/bumperbot_firmware -DCMAKE_INSTALL_PREFIX=/home/papalist/tek_expo_demo_3_ws/install/bumperbot_firmware
[4.304s] Invoking command in '/home/papalist/tek_expo_demo_3_ws/build/bumperbot_firmware': CMAKE_PREFIX_PATH=${CMAKE_PREFIX_PATH}:/opt/ros/jazzy DEBUGINFOD_URLS=https://debuginfod.ubuntu.com /usr/bin/cmake --build /home/papalist/tek_expo_demo_3_ws/build/bumperbot_firmware -- -j8 -l8
[5.116s] [ 16%] [32mBuilding CXX object CMakeFiles/simple_serial_transmitter.dir/src/simple_serial_transmitter.cpp.o[0m
[5.116s] [ 33%] [32mBuilding CXX object CMakeFiles/bumperbot_firmware.dir/src/bumperbot_interface.cpp.o[0m
[5.116s] [ 50%] [32mBuilding CXX object CMakeFiles/simple_serial_receiver.dir/src/simple_serial_receiver.cpp.o[0m
[5.116s] [ 50%] Built target ament_cmake_python_copy_bumperbot_firmware
[5.253s] running egg_info
[5.253s] creating bumperbot_firmware.egg-info
[5.372s] writing bumperbot_firmware.egg-info/PKG-INFO
[5.373s] writing dependency_links to bumperbot_firmware.egg-info/dependency_links.txt
[5.373s] writing top-level names to bumperbot_firmware.egg-info/top_level.txt
[5.373s] writing manifest file 'bumperbot_firmware.egg-info/SOURCES.txt'
[5.738s] reading manifest file 'bumperbot_firmware.egg-info/SOURCES.txt'
[5.743s] writing manifest file 'bumperbot_firmware.egg-info/SOURCES.txt'
[5.870s] [ 50%] Built target ament_cmake_python_build_bumperbot_firmware_egg
[14.643s] [ 66%] [32m[1mLinking CXX shared library libbumperbot_firmware.so[0m
[15.081s] [ 66%] Built target bumperbot_firmware
[15.259s] [ 83%] [32m[1mLinking CXX executable simple_serial_receiver[0m
[15.642s] [ 83%] Built target simple_serial_receiver
[20.762s] [100%] [32m[1mLinking CXX executable simple_serial_transmitter[0m
[21.313s] [100%] Built target simple_serial_transmitter
