[0.054s] Invoking command in '/home/papalist/tek_expo_demo_3_ws/build/bumperbot_localization': CMAKE_PREFIX_PATH=${CMAKE_PREFIX_PATH}:/opt/ros/jazzy DEBUGINFOD_URLS=https://debuginfod.ubuntu.com /usr/bin/cmake --build /home/papalist/tek_expo_demo_3_ws/build/bumperbot_localization -- -j8 -l8
[0.262s] Built target ament_cmake_python_copy_bumperbot_localization
[0.996s] running egg_info
[1.058s] writing bumperbot_localization.egg-info/PKG-INFO
[1.058s] writing dependency_links to bumperbot_localization.egg-info/dependency_links.txt
[1.058s] writing top-level names to bumperbot_localization.egg-info/top_level.txt
[1.236s] reading manifest file 'bumperbot_localization.egg-info/SOURCES.txt'
[1.242s] writing manifest file 'bumperbot_localization.egg-info/SOURCES.txt'
[1.325s] Built target ament_cmake_python_build_bumperbot_localization_egg
[1.359s] Invoked command in '/home/papalist/tek_expo_demo_3_ws/build/bumperbot_localization' returned '0': CMAKE_PREFIX_PATH=${CMAKE_PREFIX_PATH}:/opt/ros/jazzy DEBUGINFOD_URLS=https://debuginfod.ubuntu.com /usr/bin/cmake --build /home/papalist/tek_expo_demo_3_ws/build/bumperbot_localization -- -j8 -l8
[1.368s] Invoking command in '/home/papalist/tek_expo_demo_3_ws/build/bumperbot_localization': CMAKE_PREFIX_PATH=${CMAKE_PREFIX_PATH}:/opt/ros/jazzy DEBUGINFOD_URLS=https://debuginfod.ubuntu.com /usr/bin/cmake --install /home/papalist/tek_expo_demo_3_ws/build/bumperbot_localization
[1.400s] -- Install configuration: ""
[1.401s] -- Up-to-date: /home/papalist/tek_expo_demo_3_ws/install/bumperbot_localization/share/bumperbot_localization/environment/pythonpath.sh
[1.401s] -- Up-to-date: /home/papalist/tek_expo_demo_3_ws/install/bumperbot_localization/share/bumperbot_localization/environment/pythonpath.dsv
[1.401s] -- Up-to-date: /home/papalist/tek_expo_demo_3_ws/install/bumperbot_localization/lib/python3.12/site-packages/bumperbot_localization-0.0.0-py3.12.egg-info
[1.401s] -- Installing: /home/papalist/tek_expo_demo_3_ws/install/bumperbot_localization/lib/python3.12/site-packages/bumperbot_localization-0.0.0-py3.12.egg-info/dependency_links.txt
[1.401s] -- Installing: /home/papalist/tek_expo_demo_3_ws/install/bumperbot_localization/lib/python3.12/site-packages/bumperbot_localization-0.0.0-py3.12.egg-info/top_level.txt
[1.401s] -- Installing: /home/papalist/tek_expo_demo_3_ws/install/bumperbot_localization/lib/python3.12/site-packages/bumperbot_localization-0.0.0-py3.12.egg-info/SOURCES.txt
[1.402s] -- Installing: /home/papalist/tek_expo_demo_3_ws/install/bumperbot_localization/lib/python3.12/site-packages/bumperbot_localization-0.0.0-py3.12.egg-info/PKG-INFO
[1.402s] -- Up-to-date: /home/papalist/tek_expo_demo_3_ws/install/bumperbot_localization/lib/python3.12/site-packages/bumperbot_localization
[1.402s] -- Up-to-date: /home/papalist/tek_expo_demo_3_ws/install/bumperbot_localization/lib/python3.12/site-packages/bumperbot_localization/__init__.py
[1.439s] Listing '/home/papalist/tek_expo_demo_3_ws/install/bumperbot_localization/lib/python3.12/site-packages/bumperbot_localization'...
[1.449s] -- Up-to-date: /home/papalist/tek_expo_demo_3_ws/install/bumperbot_localization/share/bumperbot_localization/launch
[1.450s] -- Up-to-date: /home/papalist/tek_expo_demo_3_ws/install/bumperbot_localization/share/bumperbot_localization/launch/global_localization.launch.py
[1.450s] -- Up-to-date: /home/papalist/tek_expo_demo_3_ws/install/bumperbot_localization/share/bumperbot_localization/config
[1.450s] -- Up-to-date: /home/papalist/tek_expo_demo_3_ws/install/bumperbot_localization/share/bumperbot_localization/config/amcl.yaml
[1.451s] -- Up-to-date: /home/papalist/tek_expo_demo_3_ws/install/bumperbot_localization/share/ament_index/resource_index/package_run_dependencies/bumperbot_localization
[1.451s] -- Up-to-date: /home/papalist/tek_expo_demo_3_ws/install/bumperbot_localization/share/ament_index/resource_index/parent_prefix_path/bumperbot_localization
[1.451s] -- Up-to-date: /home/papalist/tek_expo_demo_3_ws/install/bumperbot_localization/share/bumperbot_localization/environment/ament_prefix_path.sh
[1.451s] -- Up-to-date: /home/papalist/tek_expo_demo_3_ws/install/bumperbot_localization/share/bumperbot_localization/environment/ament_prefix_path.dsv
[1.451s] -- Up-to-date: /home/papalist/tek_expo_demo_3_ws/install/bumperbot_localization/share/bumperbot_localization/environment/path.sh
[1.452s] -- Up-to-date: /home/papalist/tek_expo_demo_3_ws/install/bumperbot_localization/share/bumperbot_localization/environment/path.dsv
[1.452s] -- Up-to-date: /home/papalist/tek_expo_demo_3_ws/install/bumperbot_localization/share/bumperbot_localization/local_setup.bash
[1.452s] -- Up-to-date: /home/papalist/tek_expo_demo_3_ws/install/bumperbot_localization/share/bumperbot_localization/local_setup.sh
[1.452s] -- Up-to-date: /home/papalist/tek_expo_demo_3_ws/install/bumperbot_localization/share/bumperbot_localization/local_setup.zsh
[1.452s] -- Up-to-date: /home/papalist/tek_expo_demo_3_ws/install/bumperbot_localization/share/bumperbot_localization/local_setup.dsv
[1.453s] -- Installing: /home/papalist/tek_expo_demo_3_ws/install/bumperbot_localization/share/bumperbot_localization/package.dsv
[1.453s] -- Up-to-date: /home/papalist/tek_expo_demo_3_ws/install/bumperbot_localization/share/ament_index/resource_index/packages/bumperbot_localization
[1.453s] -- Up-to-date: /home/papalist/tek_expo_demo_3_ws/install/bumperbot_localization/share/bumperbot_localization/cmake/bumperbot_localizationConfig.cmake
[1.453s] -- Up-to-date: /home/papalist/tek_expo_demo_3_ws/install/bumperbot_localization/share/bumperbot_localization/cmake/bumperbot_localizationConfig-version.cmake
[1.453s] -- Up-to-date: /home/papalist/tek_expo_demo_3_ws/install/bumperbot_localization/share/bumperbot_localization/package.xml
[1.456s] Invoked command in '/home/papalist/tek_expo_demo_3_ws/build/bumperbot_localization' returned '0': CMAKE_PREFIX_PATH=${CMAKE_PREFIX_PATH}:/opt/ros/jazzy DEBUGINFOD_URLS=https://debuginfod.ubuntu.com /usr/bin/cmake --install /home/papalist/tek_expo_demo_3_ws/build/bumperbot_localization
