[0.048s] Invoking command in '/home/papalist/tek_expo_demo_3_ws/build/bumperbot_description': CMAKE_PREFIX_PATH=${CMAKE_PREFIX_PATH}:/opt/ros/jazzy DEBUGINFOD_URLS=https://debuginfod.ubuntu.com /usr/bin/cmake --build /home/papalist/tek_expo_demo_3_ws/build/bumperbot_description -- -j8 -l8
[0.109s] -- Found ament_cmake: 2.5.2 (/opt/ros/jazzy/share/ament_cmake/cmake)
[0.601s] -- Found urdf: 2.10.0 (/opt/ros/jazzy/share/urdf/cmake)
[0.653s] -- Found TinyXML2 via Config file: /usr/lib/x86_64-linux-gnu/cmake/tinyxml2
[0.665s] -- Found ament_lint_auto: 0.17.1 (/opt/ros/jazzy/share/ament_lint_auto/cmake)
[0.849s] -- Added test 'copyright' to check source files copyright and LICENSE
[0.865s] -- Added test 'flake8' to check Python code syntax and style conventions
[0.865s] -- Configured 'flake8' exclude dirs and/or files: 
[0.867s] -- Added test 'lint_cmake' to check CMake code style
[0.870s] -- Added test 'pep257' to check Python code against some of the docstring style conventions in PEP 257
[0.876s] -- Added test 'xmllint' to check XML markup files
[0.879s] -- Configuring done (0.8s)
[0.889s] -- Generating done (0.0s)
[0.894s] -- Build files have been written to: /home/papalist/tek_expo_demo_3_ws/build/bumperbot_description
[1.015s] Invoked command in '/home/papalist/tek_expo_demo_3_ws/build/bumperbot_description' returned '0': CMAKE_PREFIX_PATH=${CMAKE_PREFIX_PATH}:/opt/ros/jazzy DEBUGINFOD_URLS=https://debuginfod.ubuntu.com /usr/bin/cmake --build /home/papalist/tek_expo_demo_3_ws/build/bumperbot_description -- -j8 -l8
[1.017s] Invoking command in '/home/papalist/tek_expo_demo_3_ws/build/bumperbot_description': CMAKE_PREFIX_PATH=${CMAKE_PREFIX_PATH}:/opt/ros/jazzy DEBUGINFOD_URLS=https://debuginfod.ubuntu.com /usr/bin/cmake --install /home/papalist/tek_expo_demo_3_ws/build/bumperbot_description
[1.091s] -- Install configuration: ""
[1.092s] -- Up-to-date: /home/papalist/tek_expo_demo_3_ws/install/bumperbot_description/share/bumperbot_description/launch
[1.092s] -- Up-to-date: /home/papalist/tek_expo_demo_3_ws/install/bumperbot_description/share/bumperbot_description/launch/gazebo.launch.py
[1.092s] -- Up-to-date: /home/papalist/tek_expo_demo_3_ws/install/bumperbot_description/share/bumperbot_description/launch/display.launch.py
[1.092s] -- Up-to-date: /home/papalist/tek_expo_demo_3_ws/install/bumperbot_description/share/bumperbot_description/meshes
[1.093s] -- Up-to-date: /home/papalist/tek_expo_demo_3_ws/install/bumperbot_description/share/bumperbot_description/meshes/wheel_right_link.STL
[1.093s] -- Up-to-date: /home/papalist/tek_expo_demo_3_ws/install/bumperbot_description/share/bumperbot_description/meshes/wheel_left_link.STL
[1.093s] -- Up-to-date: /home/papalist/tek_expo_demo_3_ws/install/bumperbot_description/share/bumperbot_description/meshes/laser_link.STL
[1.093s] -- Up-to-date: /home/papalist/tek_expo_demo_3_ws/install/bumperbot_description/share/bumperbot_description/meshes/caster_rear_link.STL
[1.094s] -- Up-to-date: /home/papalist/tek_expo_demo_3_ws/install/bumperbot_description/share/bumperbot_description/meshes/imu_link.STL
[1.094s] -- Up-to-date: /home/papalist/tek_expo_demo_3_ws/install/bumperbot_description/share/bumperbot_description/meshes/base_link.STL
[1.094s] -- Up-to-date: /home/papalist/tek_expo_demo_3_ws/install/bumperbot_description/share/bumperbot_description/meshes/caster_front_link.STL
[1.094s] -- Up-to-date: /home/papalist/tek_expo_demo_3_ws/install/bumperbot_description/share/bumperbot_description/urdf
[1.094s] -- Up-to-date: /home/papalist/tek_expo_demo_3_ws/install/bumperbot_description/share/bumperbot_description/urdf/bumperbot.urdf.xacro
[1.094s] -- Up-to-date: /home/papalist/tek_expo_demo_3_ws/install/bumperbot_description/share/bumperbot_description/urdf/bumperbot_gazebo.xacro
[1.095s] -- Up-to-date: /home/papalist/tek_expo_demo_3_ws/install/bumperbot_description/share/bumperbot_description/urdf/bumperbot_ros2_control.xacro
[1.096s] -- Up-to-date: /home/papalist/tek_expo_demo_3_ws/install/bumperbot_description/share/bumperbot_description/worlds
[1.097s] -- Installing: /home/papalist/tek_expo_demo_3_ws/install/bumperbot_description/share/bumperbot_description/worlds/empty.world
[1.097s] -- Installing: /home/papalist/tek_expo_demo_3_ws/install/bumperbot_description/share/bumperbot_description/models
[1.098s] -- Installing: /home/papalist/tek_expo_demo_3_ws/install/bumperbot_description/share/bumperbot_description/models/Floor_room
[1.099s] -- Installing: /home/papalist/tek_expo_demo_3_ws/install/bumperbot_description/share/bumperbot_description/models/Floor_room/model.config
[1.099s] -- Installing: /home/papalist/tek_expo_demo_3_ws/install/bumperbot_description/share/bumperbot_description/models/Floor_room/model.sdf
[1.099s] -- Installing: /home/papalist/tek_expo_demo_3_ws/install/bumperbot_description/share/bumperbot_description/models/Floor_room/materials
[1.100s] -- Installing: /home/papalist/tek_expo_demo_3_ws/install/bumperbot_description/share/bumperbot_description/models/Floor_room/materials/textures
[1.100s] -- Installing: /home/papalist/tek_expo_demo_3_ws/install/bumperbot_description/share/bumperbot_description/models/Floor_room/materials/textures/cl5.jpg
[1.100s] -- Installing: /home/papalist/tek_expo_demo_3_ws/install/bumperbot_description/share/bumperbot_description/models/Floor_room/materials/textures/cl1.jpg
[1.100s] -- Installing: /home/papalist/tek_expo_demo_3_ws/install/bumperbot_description/share/bumperbot_description/models/Floor_room/materials/textures/cp7.jpg
[1.100s] -- Installing: /home/papalist/tek_expo_demo_3_ws/install/bumperbot_description/share/bumperbot_description/models/Floor_room/materials/textures/hd1.jpg
[1.101s] -- Installing: /home/papalist/tek_expo_demo_3_ws/install/bumperbot_description/share/bumperbot_description/models/Floor_room/materials/textures/cl6.jpg
[1.101s] -- Installing: /home/papalist/tek_expo_demo_3_ws/install/bumperbot_description/share/bumperbot_description/models/Floor_room/materials/textures/hd2.gif
[1.101s] -- Installing: /home/papalist/tek_expo_demo_3_ws/install/bumperbot_description/share/bumperbot_description/models/Floor_room/materials/textures/cp3.jpg
[1.107s] -- Installing: /home/papalist/tek_expo_demo_3_ws/install/bumperbot_description/share/bumperbot_description/models/Floor_room/materials/textures/cp2.jpg
[1.107s] -- Installing: /home/papalist/tek_expo_demo_3_ws/install/bumperbot_description/share/bumperbot_description/models/Floor_room/materials/textures/carpet_2.jpg
[1.108s] -- Installing: /home/papalist/tek_expo_demo_3_ws/install/bumperbot_description/share/bumperbot_description/models/Floor_room/materials/textures/hd5.jpg
[1.108s] -- Installing: /home/papalist/tek_expo_demo_3_ws/install/bumperbot_description/share/bumperbot_description/models/Floor_room/materials/textures/hd7.jpg
[1.109s] -- Installing: /home/papalist/tek_expo_demo_3_ws/install/bumperbot_description/share/bumperbot_description/models/Floor_room/materials/textures/cl4.jpg
[1.109s] -- Installing: /home/papalist/tek_expo_demo_3_ws/install/bumperbot_description/share/bumperbot_description/models/Floor_room/materials/textures/cp4.jpg
[1.109s] -- Installing: /home/papalist/tek_expo_demo_3_ws/install/bumperbot_description/share/bumperbot_description/models/Floor_room/materials/textures/hd3.jpg
[1.110s] -- Installing: /home/papalist/tek_expo_demo_3_ws/install/bumperbot_description/share/bumperbot_description/models/Floor_room/materials/textures/carpet_4.jpg
[1.110s] -- Installing: /home/papalist/tek_expo_demo_3_ws/install/bumperbot_description/share/bumperbot_description/models/Floor_room/materials/textures/hd6.png
[1.110s] -- Installing: /home/papalist/tek_expo_demo_3_ws/install/bumperbot_description/share/bumperbot_description/models/Floor_room/materials/textures/cp6.jpg
[1.111s] -- Installing: /home/papalist/tek_expo_demo_3_ws/install/bumperbot_description/share/bumperbot_description/models/Floor_room/materials/textures/hd4.jpg
[1.111s] -- Installing: /home/papalist/tek_expo_demo_3_ws/install/bumperbot_description/share/bumperbot_description/models/Floor_room/materials/textures/cl3.jpg
[1.111s] -- Installing: /home/papalist/tek_expo_demo_3_ws/install/bumperbot_description/share/bumperbot_description/models/Floor_room/materials/textures/carpet_1.jpg
[1.111s] -- Installing: /home/papalist/tek_expo_demo_3_ws/install/bumperbot_description/share/bumperbot_description/models/Floor_room/materials/textures/cp5.png
[1.112s] -- Installing: /home/papalist/tek_expo_demo_3_ws/install/bumperbot_description/share/bumperbot_description/models/Floor_room/materials/textures/hd8.jpg
[1.112s] -- Installing: /home/papalist/tek_expo_demo_3_ws/install/bumperbot_description/share/bumperbot_description/models/Floor_room/materials/textures/cp1.jpg
[1.112s] -- Installing: /home/papalist/tek_expo_demo_3_ws/install/bumperbot_description/share/bumperbot_description/models/Floor_room/materials/textures/cp8.jpg
[1.112s] -- Installing: /home/papalist/tek_expo_demo_3_ws/install/bumperbot_description/share/bumperbot_description/models/Floor_room/materials/textures/cl2.jpg
[1.113s] -- Installing: /home/papalist/tek_expo_demo_3_ws/install/bumperbot_description/share/bumperbot_description/models/Floor_room/materials/textures/carpet_3.jpg
[1.114s] -- Installing: /home/papalist/tek_expo_demo_3_ws/install/bumperbot_description/share/bumperbot_description/models/Floor_room/materials/scripts
[1.114s] -- Installing: /home/papalist/tek_expo_demo_3_ws/install/bumperbot_description/share/bumperbot_description/models/Floor_room/materials/scripts/Floor.material
[1.115s] -- Installing: /home/papalist/tek_expo_demo_3_ws/install/bumperbot_description/share/bumperbot_description/models/Floor_room/materials/scripts/Floor_room.material
[1.115s] -- Up-to-date: /home/papalist/tek_expo_demo_3_ws/install/bumperbot_description/share/ament_index/resource_index/package_run_dependencies/bumperbot_description
[1.116s] -- Up-to-date: /home/papalist/tek_expo_demo_3_ws/install/bumperbot_description/share/ament_index/resource_index/parent_prefix_path/bumperbot_description
[1.116s] -- Up-to-date: /home/papalist/tek_expo_demo_3_ws/install/bumperbot_description/share/bumperbot_description/environment/ament_prefix_path.sh
[1.116s] -- Up-to-date: /home/papalist/tek_expo_demo_3_ws/install/bumperbot_description/share/bumperbot_description/environment/ament_prefix_path.dsv
[1.116s] -- Up-to-date: /home/papalist/tek_expo_demo_3_ws/install/bumperbot_description/share/bumperbot_description/environment/path.sh
[1.117s] -- Up-to-date: /home/papalist/tek_expo_demo_3_ws/install/bumperbot_description/share/bumperbot_description/environment/path.dsv
[1.117s] -- Up-to-date: /home/papalist/tek_expo_demo_3_ws/install/bumperbot_description/share/bumperbot_description/local_setup.bash
[1.117s] -- Up-to-date: /home/papalist/tek_expo_demo_3_ws/install/bumperbot_description/share/bumperbot_description/local_setup.sh
[1.117s] -- Up-to-date: /home/papalist/tek_expo_demo_3_ws/install/bumperbot_description/share/bumperbot_description/local_setup.zsh
[1.118s] -- Up-to-date: /home/papalist/tek_expo_demo_3_ws/install/bumperbot_description/share/bumperbot_description/local_setup.dsv
[1.118s] -- Installing: /home/papalist/tek_expo_demo_3_ws/install/bumperbot_description/share/bumperbot_description/package.dsv
[1.118s] -- Up-to-date: /home/papalist/tek_expo_demo_3_ws/install/bumperbot_description/share/ament_index/resource_index/packages/bumperbot_description
[1.118s] -- Up-to-date: /home/papalist/tek_expo_demo_3_ws/install/bumperbot_description/share/bumperbot_description/cmake/bumperbot_descriptionConfig.cmake
[1.118s] -- Up-to-date: /home/papalist/tek_expo_demo_3_ws/install/bumperbot_description/share/bumperbot_description/cmake/bumperbot_descriptionConfig-version.cmake
[1.119s] -- Up-to-date: /home/papalist/tek_expo_demo_3_ws/install/bumperbot_description/share/bumperbot_description/package.xml
[1.119s] Invoked command in '/home/papalist/tek_expo_demo_3_ws/build/bumperbot_description' returned '0': CMAKE_PREFIX_PATH=${CMAKE_PREFIX_PATH}:/opt/ros/jazzy DEBUGINFOD_URLS=https://debuginfod.ubuntu.com /usr/bin/cmake --install /home/papalist/tek_expo_demo_3_ws/build/bumperbot_description
