[0.047s] Invoking command in '/home/papalist/tek_expo_demo_3_ws/build/bumperbot_description': CMAKE_PREFIX_PATH=${CMAKE_PREFIX_PATH}:/opt/ros/jazzy DEBUGINFOD_URLS=https://debuginfod.ubuntu.com /usr/bin/cmake --build /home/papalist/tek_expo_demo_3_ws/build/bumperbot_description -- -j8 -l8
[0.096s] -- Found ament_cmake: 2.5.2 (/opt/ros/jazzy/share/ament_cmake/cmake)
[0.626s] -- Found urdf: 2.10.0 (/opt/ros/jazzy/share/urdf/cmake)
[0.692s] -- Found TinyXML2 via Config file: /usr/lib/x86_64-linux-gnu/cmake/tinyxml2
[0.709s] -- Found ament_lint_auto: 0.17.1 (/opt/ros/jazzy/share/ament_lint_auto/cmake)
[0.909s] -- Added test 'copyright' to check source files copyright and LICENSE
[0.914s] -- Added test 'flake8' to check Python code syntax and style conventions
[0.916s] -- Configured 'flake8' exclude dirs and/or files: 
[0.916s] -- Added test 'lint_cmake' to check CMake code style
[0.916s] -- Added test 'pep257' to check Python code against some of the docstring style conventions in PEP 257
[0.919s] -- Added test 'xmllint' to check XML markup files
[0.921s] -- Configuring done (0.8s)
[0.927s] -- Generating done (0.0s)
[0.932s] -- Build files have been written to: /home/papalist/tek_expo_demo_3_ws/build/bumperbot_description
[0.981s] Invoked command in '/home/papalist/tek_expo_demo_3_ws/build/bumperbot_description' returned '0': CMAKE_PREFIX_PATH=${CMAKE_PREFIX_PATH}:/opt/ros/jazzy DEBUGINFOD_URLS=https://debuginfod.ubuntu.com /usr/bin/cmake --build /home/papalist/tek_expo_demo_3_ws/build/bumperbot_description -- -j8 -l8
[0.998s] Invoking command in '/home/papalist/tek_expo_demo_3_ws/build/bumperbot_description': CMAKE_PREFIX_PATH=${CMAKE_PREFIX_PATH}:/opt/ros/jazzy DEBUGINFOD_URLS=https://debuginfod.ubuntu.com /usr/bin/cmake --install /home/papalist/tek_expo_demo_3_ws/build/bumperbot_description
[1.017s] -- Install configuration: ""
[1.017s] -- Up-to-date: /home/papalist/tek_expo_demo_3_ws/install/bumperbot_description/share/bumperbot_description/launch
[1.017s] -- Up-to-date: /home/papalist/tek_expo_demo_3_ws/install/bumperbot_description/share/bumperbot_description/launch/gazebo.launch.py
[1.018s] -- Up-to-date: /home/papalist/tek_expo_demo_3_ws/install/bumperbot_description/share/bumperbot_description/launch/display.launch.py
[1.018s] -- Up-to-date: /home/papalist/tek_expo_demo_3_ws/install/bumperbot_description/share/bumperbot_description/meshes
[1.018s] -- Up-to-date: /home/papalist/tek_expo_demo_3_ws/install/bumperbot_description/share/bumperbot_description/meshes/wheel_right_link.STL
[1.018s] -- Up-to-date: /home/papalist/tek_expo_demo_3_ws/install/bumperbot_description/share/bumperbot_description/meshes/wheel_left_link.STL
[1.018s] -- Up-to-date: /home/papalist/tek_expo_demo_3_ws/install/bumperbot_description/share/bumperbot_description/meshes/laser_link.STL
[1.018s] -- Up-to-date: /home/papalist/tek_expo_demo_3_ws/install/bumperbot_description/share/bumperbot_description/meshes/caster_rear_link.STL
[1.019s] -- Up-to-date: /home/papalist/tek_expo_demo_3_ws/install/bumperbot_description/share/bumperbot_description/meshes/imu_link.STL
[1.019s] -- Up-to-date: /home/papalist/tek_expo_demo_3_ws/install/bumperbot_description/share/bumperbot_description/meshes/base_link.STL
[1.019s] -- Up-to-date: /home/papalist/tek_expo_demo_3_ws/install/bumperbot_description/share/bumperbot_description/meshes/caster_front_link.STL
[1.019s] -- Up-to-date: /home/papalist/tek_expo_demo_3_ws/install/bumperbot_description/share/bumperbot_description/urdf
[1.019s] -- Up-to-date: /home/papalist/tek_expo_demo_3_ws/install/bumperbot_description/share/bumperbot_description/urdf/bumperbot.urdf.xacro
[1.019s] -- Up-to-date: /home/papalist/tek_expo_demo_3_ws/install/bumperbot_description/share/bumperbot_description/urdf/bumperbot_gazebo.xacro
[1.020s] -- Up-to-date: /home/papalist/tek_expo_demo_3_ws/install/bumperbot_description/share/bumperbot_description/urdf/bumperbot_ros2_control.xacro
[1.020s] -- Up-to-date: /home/papalist/tek_expo_demo_3_ws/install/bumperbot_description/share/bumperbot_description/worlds
[1.027s] -- Up-to-date: /home/papalist/tek_expo_demo_3_ws/install/bumperbot_description/share/bumperbot_description/worlds/empty.world
[1.027s] -- Up-to-date: /home/papalist/tek_expo_demo_3_ws/install/bumperbot_description/share/ament_index/resource_index/package_run_dependencies/bumperbot_description
[1.027s] -- Up-to-date: /home/papalist/tek_expo_demo_3_ws/install/bumperbot_description/share/ament_index/resource_index/parent_prefix_path/bumperbot_description
[1.027s] -- Up-to-date: /home/papalist/tek_expo_demo_3_ws/install/bumperbot_description/share/bumperbot_description/environment/ament_prefix_path.sh
[1.027s] -- Up-to-date: /home/papalist/tek_expo_demo_3_ws/install/bumperbot_description/share/bumperbot_description/environment/ament_prefix_path.dsv
[1.028s] -- Up-to-date: /home/papalist/tek_expo_demo_3_ws/install/bumperbot_description/share/bumperbot_description/environment/path.sh
[1.028s] -- Up-to-date: /home/papalist/tek_expo_demo_3_ws/install/bumperbot_description/share/bumperbot_description/environment/path.dsv
[1.028s] -- Up-to-date: /home/papalist/tek_expo_demo_3_ws/install/bumperbot_description/share/bumperbot_description/local_setup.bash
[1.028s] -- Up-to-date: /home/papalist/tek_expo_demo_3_ws/install/bumperbot_description/share/bumperbot_description/local_setup.sh
[1.028s] -- Up-to-date: /home/papalist/tek_expo_demo_3_ws/install/bumperbot_description/share/bumperbot_description/local_setup.zsh
[1.028s] -- Up-to-date: /home/papalist/tek_expo_demo_3_ws/install/bumperbot_description/share/bumperbot_description/local_setup.dsv
[1.028s] -- Installing: /home/papalist/tek_expo_demo_3_ws/install/bumperbot_description/share/bumperbot_description/package.dsv
[1.029s] -- Up-to-date: /home/papalist/tek_expo_demo_3_ws/install/bumperbot_description/share/ament_index/resource_index/packages/bumperbot_description
[1.029s] -- Up-to-date: /home/papalist/tek_expo_demo_3_ws/install/bumperbot_description/share/bumperbot_description/cmake/bumperbot_descriptionConfig.cmake
[1.035s] -- Up-to-date: /home/papalist/tek_expo_demo_3_ws/install/bumperbot_description/share/bumperbot_description/cmake/bumperbot_descriptionConfig-version.cmake
[1.035s] -- Up-to-date: /home/papalist/tek_expo_demo_3_ws/install/bumperbot_description/share/bumperbot_description/package.xml
[1.035s] Invoked command in '/home/papalist/tek_expo_demo_3_ws/build/bumperbot_description' returned '0': CMAKE_PREFIX_PATH=${CMAKE_PREFIX_PATH}:/opt/ros/jazzy DEBUGINFOD_URLS=https://debuginfod.ubuntu.com /usr/bin/cmake --install /home/papalist/tek_expo_demo_3_ws/build/bumperbot_description
