[0.055s] Invoking command in '/home/papalist/tek_expo_demo_3_ws/build/bumperbot_controller': CMAKE_PREFIX_PATH=${CMAKE_PREFIX_PATH}:/opt/ros/jazzy DEBUGINFOD_URLS=https://debuginfod.ubuntu.com /usr/bin/cmake --build /home/papalist/tek_expo_demo_3_ws/build/bumperbot_controller -- -j8 -l8
[0.233s] [  6%] Built target mecanum_drive_controller_parameters
[0.249s] [ 26%] Built target gmock
[0.261s] [ 40%] Built target gmock_main
[0.274s] [ 40%] Built target ament_cmake_python_copy_bumperbot_controller
[0.343s] [ 60%] Built target mecanum_drive_controller
[0.361s] [ 73%] Built target test_load_mecanum_drive_controller
[0.446s] [ 86%] Built target test_mecanum_drive_controller
[0.456s] [100%] Built target test_mecanum_drive_controller_preceeding
[0.796s] running egg_info
[0.828s] writing bumperbot_controller.egg-info/PKG-INFO
[0.828s] writing dependency_links to bumperbot_controller.egg-info/dependency_links.txt
[0.829s] writing top-level names to bumperbot_controller.egg-info/top_level.txt
[0.916s] reading manifest file 'bumperbot_controller.egg-info/SOURCES.txt'
[0.916s] writing manifest file 'bumperbot_controller.egg-info/SOURCES.txt'
[0.971s] [100%] Built target ament_cmake_python_build_bumperbot_controller_egg
[0.994s] Invoked command in '/home/papalist/tek_expo_demo_3_ws/build/bumperbot_controller' returned '0': CMAKE_PREFIX_PATH=${CMAKE_PREFIX_PATH}:/opt/ros/jazzy DEBUGINFOD_URLS=https://debuginfod.ubuntu.com /usr/bin/cmake --build /home/papalist/tek_expo_demo_3_ws/build/bumperbot_controller -- -j8 -l8
[0.996s] Invoking command in '/home/papalist/tek_expo_demo_3_ws/build/bumperbot_controller': CMAKE_PREFIX_PATH=${CMAKE_PREFIX_PATH}:/opt/ros/jazzy DEBUGINFOD_URLS=https://debuginfod.ubuntu.com /usr/bin/cmake --install /home/papalist/tek_expo_demo_3_ws/build/bumperbot_controller
[1.017s] -- Install configuration: ""
[1.018s] -- Up-to-date: /home/papalist/tek_expo_demo_3_ws/install/bumperbot_controller/share/bumperbot_controller/environment/pythonpath.sh
[1.018s] -- Up-to-date: /home/papalist/tek_expo_demo_3_ws/install/bumperbot_controller/share/bumperbot_controller/environment/pythonpath.dsv
[1.018s] -- Up-to-date: /home/papalist/tek_expo_demo_3_ws/install/bumperbot_controller/lib/python3.12/site-packages/bumperbot_controller-0.0.0-py3.12.egg-info
[1.018s] -- Installing: /home/papalist/tek_expo_demo_3_ws/install/bumperbot_controller/lib/python3.12/site-packages/bumperbot_controller-0.0.0-py3.12.egg-info/dependency_links.txt
[1.019s] -- Installing: /home/papalist/tek_expo_demo_3_ws/install/bumperbot_controller/lib/python3.12/site-packages/bumperbot_controller-0.0.0-py3.12.egg-info/top_level.txt
[1.019s] -- Installing: /home/papalist/tek_expo_demo_3_ws/install/bumperbot_controller/lib/python3.12/site-packages/bumperbot_controller-0.0.0-py3.12.egg-info/SOURCES.txt
[1.019s] -- Installing: /home/papalist/tek_expo_demo_3_ws/install/bumperbot_controller/lib/python3.12/site-packages/bumperbot_controller-0.0.0-py3.12.egg-info/PKG-INFO
[1.019s] -- Up-to-date: /home/papalist/tek_expo_demo_3_ws/install/bumperbot_controller/lib/python3.12/site-packages/bumperbot_controller
[1.019s] -- Up-to-date: /home/papalist/tek_expo_demo_3_ws/install/bumperbot_controller/lib/python3.12/site-packages/bumperbot_controller/__init__.py
[1.020s] -- Up-to-date: /home/papalist/tek_expo_demo_3_ws/install/bumperbot_controller/lib/python3.12/site-packages/bumperbot_controller/twist_relay.py
[1.090s] Listing '/home/papalist/tek_expo_demo_3_ws/install/bumperbot_controller/lib/python3.12/site-packages/bumperbot_controller'...
[1.102s] -- Up-to-date: /home/papalist/tek_expo_demo_3_ws/install/bumperbot_controller/share/bumperbot_controller/launch
[1.102s] -- Up-to-date: /home/papalist/tek_expo_demo_3_ws/install/bumperbot_controller/share/bumperbot_controller/launch/controller.launch.py
[1.102s] -- Up-to-date: /home/papalist/tek_expo_demo_3_ws/install/bumperbot_controller/share/bumperbot_controller/launch/joystick_teleop.launch.py
[1.102s] -- Up-to-date: /home/papalist/tek_expo_demo_3_ws/install/bumperbot_controller/share/bumperbot_controller/config
[1.102s] -- Up-to-date: /home/papalist/tek_expo_demo_3_ws/install/bumperbot_controller/share/bumperbot_controller/config/twist_mux_joy.yaml
[1.103s] -- Up-to-date: /home/papalist/tek_expo_demo_3_ws/install/bumperbot_controller/share/bumperbot_controller/config/twist_mux_locks.yaml
[1.103s] -- Up-to-date: /home/papalist/tek_expo_demo_3_ws/install/bumperbot_controller/share/bumperbot_controller/config/joy_teleop.yaml
[1.103s] -- Up-to-date: /home/papalist/tek_expo_demo_3_ws/install/bumperbot_controller/share/bumperbot_controller/config/twist_mux_topics.yaml
[1.103s] -- Installing: /home/papalist/tek_expo_demo_3_ws/install/bumperbot_controller/share/bumperbot_controller/config/bumperbot_controllers.yaml
[1.104s] -- Up-to-date: /home/papalist/tek_expo_demo_3_ws/install/bumperbot_controller/share/bumperbot_controller/config/joy_config.yaml
[1.104s] -- Up-to-date: /home/papalist/tek_expo_demo_3_ws/install/bumperbot_controller/lib/bumperbot_controller/twist_relay.py
[1.104s] -- Up-to-date: /home/papalist/tek_expo_demo_3_ws/install/bumperbot_controller/include/mecanum_drive_controller_parameters
[1.104s] -- Up-to-date: /home/papalist/tek_expo_demo_3_ws/install/bumperbot_controller/include/mecanum_drive_controller_parameters/mecanum_drive_controller_parameters.hpp
[1.104s] -- Up-to-date: /home/papalist/tek_expo_demo_3_ws/install/bumperbot_controller/share/bumperbot_controller/mecanum_drive_controller.xml
[1.104s] -- Up-to-date: /home/papalist/tek_expo_demo_3_ws/install/bumperbot_controller/include/mecanum_drive_controller
[1.104s] -- Up-to-date: /home/papalist/tek_expo_demo_3_ws/install/bumperbot_controller/include/mecanum_drive_controller/realtime_publisher.hpp
[1.105s] -- Up-to-date: /home/papalist/tek_expo_demo_3_ws/install/bumperbot_controller/include/mecanum_drive_controller/mecanum_drive_controller
[1.105s] -- Up-to-date: /home/papalist/tek_expo_demo_3_ws/install/bumperbot_controller/include/mecanum_drive_controller/mecanum_drive_controller/odometry.hpp
[1.105s] -- Up-to-date: /home/papalist/tek_expo_demo_3_ws/install/bumperbot_controller/include/mecanum_drive_controller/mecanum_drive_controller/visibility_control.h
[1.105s] -- Up-to-date: /home/papalist/tek_expo_demo_3_ws/install/bumperbot_controller/include/mecanum_drive_controller/mecanum_drive_controller/mecanum_drive_controller.hpp
[1.105s] -- Up-to-date: /home/papalist/tek_expo_demo_3_ws/install/bumperbot_controller/include/mecanum_drive_controller/realtime_buffer.hpp
[1.105s] -- Up-to-date: /home/papalist/tek_expo_demo_3_ws/install/bumperbot_controller/lib/libmecanum_drive_controller.so
[1.106s] -- Up-to-date: /home/papalist/tek_expo_demo_3_ws/install/bumperbot_controller/share/bumperbot_controller/environment/library_path.sh
[1.106s] -- Up-to-date: /home/papalist/tek_expo_demo_3_ws/install/bumperbot_controller/share/bumperbot_controller/environment/library_path.dsv
[1.106s] -- Up-to-date: /home/papalist/tek_expo_demo_3_ws/install/bumperbot_controller/share/ament_index/resource_index/package_run_dependencies/bumperbot_controller
[1.106s] -- Up-to-date: /home/papalist/tek_expo_demo_3_ws/install/bumperbot_controller/share/ament_index/resource_index/parent_prefix_path/bumperbot_controller
[1.106s] -- Up-to-date: /home/papalist/tek_expo_demo_3_ws/install/bumperbot_controller/share/bumperbot_controller/environment/ament_prefix_path.sh
[1.107s] -- Up-to-date: /home/papalist/tek_expo_demo_3_ws/install/bumperbot_controller/share/bumperbot_controller/environment/ament_prefix_path.dsv
[1.107s] -- Up-to-date: /home/papalist/tek_expo_demo_3_ws/install/bumperbot_controller/share/bumperbot_controller/environment/path.sh
[1.107s] -- Up-to-date: /home/papalist/tek_expo_demo_3_ws/install/bumperbot_controller/share/bumperbot_controller/environment/path.dsv
[1.107s] -- Up-to-date: /home/papalist/tek_expo_demo_3_ws/install/bumperbot_controller/share/bumperbot_controller/local_setup.bash
[1.107s] -- Up-to-date: /home/papalist/tek_expo_demo_3_ws/install/bumperbot_controller/share/bumperbot_controller/local_setup.sh
[1.107s] -- Up-to-date: /home/papalist/tek_expo_demo_3_ws/install/bumperbot_controller/share/bumperbot_controller/local_setup.zsh
[1.107s] -- Up-to-date: /home/papalist/tek_expo_demo_3_ws/install/bumperbot_controller/share/bumperbot_controller/local_setup.dsv
[1.108s] -- Installing: /home/papalist/tek_expo_demo_3_ws/install/bumperbot_controller/share/bumperbot_controller/package.dsv
[1.108s] -- Up-to-date: /home/papalist/tek_expo_demo_3_ws/install/bumperbot_controller/share/ament_index/resource_index/packages/bumperbot_controller
[1.108s] -- Up-to-date: /home/papalist/tek_expo_demo_3_ws/install/bumperbot_controller/share/ament_index/resource_index/controller_interface__pluginlib__plugin/bumperbot_controller
[1.108s] -- Up-to-date: /home/papalist/tek_expo_demo_3_ws/install/bumperbot_controller/share/bumperbot_controller/cmake/export_mecanum_drive_controllerExport.cmake
[1.108s] -- Up-to-date: /home/papalist/tek_expo_demo_3_ws/install/bumperbot_controller/share/bumperbot_controller/cmake/export_mecanum_drive_controllerExport-noconfig.cmake
[1.108s] -- Up-to-date: /home/papalist/tek_expo_demo_3_ws/install/bumperbot_controller/share/bumperbot_controller/cmake/ament_cmake_export_targets-extras.cmake
[1.108s] -- Up-to-date: /home/papalist/tek_expo_demo_3_ws/install/bumperbot_controller/share/bumperbot_controller/cmake/ament_cmake_export_dependencies-extras.cmake
[1.108s] -- Up-to-date: /home/papalist/tek_expo_demo_3_ws/install/bumperbot_controller/share/bumperbot_controller/cmake/bumperbot_controllerConfig.cmake
[1.109s] -- Up-to-date: /home/papalist/tek_expo_demo_3_ws/install/bumperbot_controller/share/bumperbot_controller/cmake/bumperbot_controllerConfig-version.cmake
[1.109s] -- Up-to-date: /home/papalist/tek_expo_demo_3_ws/install/bumperbot_controller/share/bumperbot_controller/package.xml
[1.128s] Invoked command in '/home/papalist/tek_expo_demo_3_ws/build/bumperbot_controller' returned '0': CMAKE_PREFIX_PATH=${CMAKE_PREFIX_PATH}:/opt/ros/jazzy DEBUGINFOD_URLS=https://debuginfod.ubuntu.com /usr/bin/cmake --install /home/papalist/tek_expo_demo_3_ws/build/bumperbot_controller
