[0.081s] Invoking command in '/home/papalist/tek_expo_demo_3_ws/build/rf2o_laser_odometry': CMAKE_PREFIX_PATH=${CMAKE_PREFIX_PATH}:/opt/ros/jazzy DEBUGINFOD_URLS=https://debuginfod.ubuntu.com /usr/bin/cmake --build /home/papalist/tek_expo_demo_3_ws/build/rf2o_laser_odometry -- -j8 -l8
[1.045s] [ 40%] Built target rf2o_laser_odometry
[1.045s] [100%] Built target rf2o_laser_odometry_node
[1.053s] Invoked command in '/home/papalist/tek_expo_demo_3_ws/build/rf2o_laser_odometry' returned '0': CMAKE_PREFIX_PATH=${CMAKE_PREFIX_PATH}:/opt/ros/jazzy DEBUGINFOD_URLS=https://debuginfod.ubuntu.com /usr/bin/cmake --build /home/papalist/tek_expo_demo_3_ws/build/rf2o_laser_odometry -- -j8 -l8
[1.053s] Invoking command in '/home/papalist/tek_expo_demo_3_ws/build/rf2o_laser_odometry': CMAKE_PREFIX_PATH=${CMAKE_PREFIX_PATH}:/opt/ros/jazzy DEBUGINFOD_URLS=https://debuginfod.ubuntu.com /usr/bin/cmake --install /home/papalist/tek_expo_demo_3_ws/build/rf2o_laser_odometry
[1.085s] -- Install configuration: ""
[1.085s] -- Installing: /home/papalist/tek_expo_demo_3_ws/install/rf2o_laser_odometry/lib/rf2o_laser_odometry/rf2o_laser_odometry_node
[1.089s] -- Set non-toolchain portion of runtime path of "/home/papalist/tek_expo_demo_3_ws/install/rf2o_laser_odometry/lib/rf2o_laser_odometry/rf2o_laser_odometry_node" to ""
[1.089s] -- Installing: /home/papalist/tek_expo_demo_3_ws/install/rf2o_laser_odometry/share/rf2o_laser_odometry/launch
[1.089s] -- Installing: /home/papalist/tek_expo_demo_3_ws/install/rf2o_laser_odometry/share/rf2o_laser_odometry/launch/rf2o_laser_odometry.launch.py
[1.090s] -- Installing: /home/papalist/tek_expo_demo_3_ws/install/rf2o_laser_odometry/share/ament_index/resource_index/package_run_dependencies/rf2o_laser_odometry
[1.090s] -- Installing: /home/papalist/tek_expo_demo_3_ws/install/rf2o_laser_odometry/share/ament_index/resource_index/parent_prefix_path/rf2o_laser_odometry
[1.091s] -- Installing: /home/papalist/tek_expo_demo_3_ws/install/rf2o_laser_odometry/share/rf2o_laser_odometry/environment/ament_prefix_path.sh
[1.091s] -- Installing: /home/papalist/tek_expo_demo_3_ws/install/rf2o_laser_odometry/share/rf2o_laser_odometry/environment/ament_prefix_path.dsv
[1.093s] -- Installing: /home/papalist/tek_expo_demo_3_ws/install/rf2o_laser_odometry/share/rf2o_laser_odometry/environment/path.sh
[1.093s] -- Installing: /home/papalist/tek_expo_demo_3_ws/install/rf2o_laser_odometry/share/rf2o_laser_odometry/environment/path.dsv
[1.094s] -- Installing: /home/papalist/tek_expo_demo_3_ws/install/rf2o_laser_odometry/share/rf2o_laser_odometry/local_setup.bash
[1.094s] -- Installing: /home/papalist/tek_expo_demo_3_ws/install/rf2o_laser_odometry/share/rf2o_laser_odometry/local_setup.sh
[1.094s] -- Installing: /home/papalist/tek_expo_demo_3_ws/install/rf2o_laser_odometry/share/rf2o_laser_odometry/local_setup.zsh
[1.094s] -- Installing: /home/papalist/tek_expo_demo_3_ws/install/rf2o_laser_odometry/share/rf2o_laser_odometry/local_setup.dsv
[1.094s] -- Installing: /home/papalist/tek_expo_demo_3_ws/install/rf2o_laser_odometry/share/rf2o_laser_odometry/package.dsv
[1.095s] -- Installing: /home/papalist/tek_expo_demo_3_ws/install/rf2o_laser_odometry/share/ament_index/resource_index/packages/rf2o_laser_odometry
[1.095s] -- Installing: /home/papalist/tek_expo_demo_3_ws/install/rf2o_laser_odometry/share/rf2o_laser_odometry/cmake/rf2o_laser_odometryConfig.cmake
[1.095s] -- Installing: /home/papalist/tek_expo_demo_3_ws/install/rf2o_laser_odometry/share/rf2o_laser_odometry/cmake/rf2o_laser_odometryConfig-version.cmake
[1.095s] -- Installing: /home/papalist/tek_expo_demo_3_ws/install/rf2o_laser_odometry/share/rf2o_laser_odometry/package.xml
[1.117s] Invoked command in '/home/papalist/tek_expo_demo_3_ws/build/rf2o_laser_odometry' returned '0': CMAKE_PREFIX_PATH=${CMAKE_PREFIX_PATH}:/opt/ros/jazzy DEBUGINFOD_URLS=https://debuginfod.ubuntu.com /usr/bin/cmake --install /home/papalist/tek_expo_demo_3_ws/build/rf2o_laser_odometry
