[0.045s] Invoking command in '/home/papalist/tek_expo_demo_3_ws/build/bumperbot_mapping': CMAKE_PREFIX_PATH=${CMAKE_PREFIX_PATH}:/opt/ros/jazzy DEBUGINFOD_URLS=https://debuginfod.ubuntu.com /usr/bin/cmake --build /home/papalist/tek_expo_demo_3_ws/build/bumperbot_mapping -- -j8 -l8
[0.176s] Built target ament_cmake_python_copy_bumperbot_mapping
[0.584s] running egg_info
[0.623s] writing bumperbot_mapping.egg-info/PKG-INFO
[0.623s] writing dependency_links to bumperbot_mapping.egg-info/dependency_links.txt
[0.624s] writing top-level names to bumperbot_mapping.egg-info/top_level.txt
[0.739s] reading manifest file 'bumperbot_mapping.egg-info/SOURCES.txt'
[0.740s] writing manifest file 'bumperbot_mapping.egg-info/SOURCES.txt'
[0.793s] Built target ament_cmake_python_build_bumperbot_mapping_egg
[0.814s] Invoked command in '/home/papalist/tek_expo_demo_3_ws/build/bumperbot_mapping' returned '0': CMAKE_PREFIX_PATH=${CMAKE_PREFIX_PATH}:/opt/ros/jazzy DEBUGINFOD_URLS=https://debuginfod.ubuntu.com /usr/bin/cmake --build /home/papalist/tek_expo_demo_3_ws/build/bumperbot_mapping -- -j8 -l8
[0.816s] Invoking command in '/home/papalist/tek_expo_demo_3_ws/build/bumperbot_mapping': CMAKE_PREFIX_PATH=${CMAKE_PREFIX_PATH}:/opt/ros/jazzy DEBUGINFOD_URLS=https://debuginfod.ubuntu.com /usr/bin/cmake --install /home/papalist/tek_expo_demo_3_ws/build/bumperbot_mapping
[0.833s] -- Install configuration: ""
[0.833s] -- Up-to-date: /home/papalist/tek_expo_demo_3_ws/install/bumperbot_mapping/share/bumperbot_mapping/environment/pythonpath.sh
[0.834s] -- Up-to-date: /home/papalist/tek_expo_demo_3_ws/install/bumperbot_mapping/share/bumperbot_mapping/environment/pythonpath.dsv
[0.834s] -- Up-to-date: /home/papalist/tek_expo_demo_3_ws/install/bumperbot_mapping/lib/python3.12/site-packages/bumperbot_mapping-0.0.0-py3.12.egg-info
[0.834s] -- Installing: /home/papalist/tek_expo_demo_3_ws/install/bumperbot_mapping/lib/python3.12/site-packages/bumperbot_mapping-0.0.0-py3.12.egg-info/dependency_links.txt
[0.834s] -- Installing: /home/papalist/tek_expo_demo_3_ws/install/bumperbot_mapping/lib/python3.12/site-packages/bumperbot_mapping-0.0.0-py3.12.egg-info/top_level.txt
[0.836s] -- Installing: /home/papalist/tek_expo_demo_3_ws/install/bumperbot_mapping/lib/python3.12/site-packages/bumperbot_mapping-0.0.0-py3.12.egg-info/SOURCES.txt
[0.836s] -- Installing: /home/papalist/tek_expo_demo_3_ws/install/bumperbot_mapping/lib/python3.12/site-packages/bumperbot_mapping-0.0.0-py3.12.egg-info/PKG-INFO
[0.837s] -- Up-to-date: /home/papalist/tek_expo_demo_3_ws/install/bumperbot_mapping/lib/python3.12/site-packages/bumperbot_mapping
[0.837s] -- Up-to-date: /home/papalist/tek_expo_demo_3_ws/install/bumperbot_mapping/lib/python3.12/site-packages/bumperbot_mapping/__init__.py
[0.886s] Listing '/home/papalist/tek_expo_demo_3_ws/install/bumperbot_mapping/lib/python3.12/site-packages/bumperbot_mapping'...
[0.894s] -- Up-to-date: /home/papalist/tek_expo_demo_3_ws/install/bumperbot_mapping/share/bumperbot_mapping/config
[0.894s] -- Up-to-date: /home/papalist/tek_expo_demo_3_ws/install/bumperbot_mapping/share/bumperbot_mapping/config/slam_toolbox.yaml
[0.894s] -- Up-to-date: /home/papalist/tek_expo_demo_3_ws/install/bumperbot_mapping/share/bumperbot_mapping/launch
[0.894s] -- Up-to-date: /home/papalist/tek_expo_demo_3_ws/install/bumperbot_mapping/share/bumperbot_mapping/launch/slam.launch.py
[0.895s] -- Up-to-date: /home/papalist/tek_expo_demo_3_ws/install/bumperbot_mapping/share/bumperbot_mapping/maps
[0.895s] -- Up-to-date: /home/papalist/tek_expo_demo_3_ws/install/bumperbot_mapping/share/bumperbot_mapping/maps/small_house
[0.895s] -- Up-to-date: /home/papalist/tek_expo_demo_3_ws/install/bumperbot_mapping/share/bumperbot_mapping/maps/small_house/map.yaml
[0.895s] -- Up-to-date: /home/papalist/tek_expo_demo_3_ws/install/bumperbot_mapping/share/bumperbot_mapping/maps/small_house/map.pgm
[0.895s] -- Up-to-date: /home/papalist/tek_expo_demo_3_ws/install/bumperbot_mapping/share/ament_index/resource_index/package_run_dependencies/bumperbot_mapping
[0.895s] -- Up-to-date: /home/papalist/tek_expo_demo_3_ws/install/bumperbot_mapping/share/ament_index/resource_index/parent_prefix_path/bumperbot_mapping
[0.896s] -- Up-to-date: /home/papalist/tek_expo_demo_3_ws/install/bumperbot_mapping/share/bumperbot_mapping/environment/ament_prefix_path.sh
[0.896s] -- Up-to-date: /home/papalist/tek_expo_demo_3_ws/install/bumperbot_mapping/share/bumperbot_mapping/environment/ament_prefix_path.dsv
[0.896s] -- Up-to-date: /home/papalist/tek_expo_demo_3_ws/install/bumperbot_mapping/share/bumperbot_mapping/environment/path.sh
[0.896s] -- Up-to-date: /home/papalist/tek_expo_demo_3_ws/install/bumperbot_mapping/share/bumperbot_mapping/environment/path.dsv
[0.896s] -- Up-to-date: /home/papalist/tek_expo_demo_3_ws/install/bumperbot_mapping/share/bumperbot_mapping/local_setup.bash
[0.897s] -- Up-to-date: /home/papalist/tek_expo_demo_3_ws/install/bumperbot_mapping/share/bumperbot_mapping/local_setup.sh
[0.897s] -- Up-to-date: /home/papalist/tek_expo_demo_3_ws/install/bumperbot_mapping/share/bumperbot_mapping/local_setup.zsh
[0.897s] -- Up-to-date: /home/papalist/tek_expo_demo_3_ws/install/bumperbot_mapping/share/bumperbot_mapping/local_setup.dsv
[0.897s] -- Installing: /home/papalist/tek_expo_demo_3_ws/install/bumperbot_mapping/share/bumperbot_mapping/package.dsv
[0.898s] -- Up-to-date: /home/papalist/tek_expo_demo_3_ws/install/bumperbot_mapping/share/ament_index/resource_index/packages/bumperbot_mapping
[0.898s] -- Up-to-date: /home/papalist/tek_expo_demo_3_ws/install/bumperbot_mapping/share/bumperbot_mapping/cmake/bumperbot_mappingConfig.cmake
[0.898s] -- Up-to-date: /home/papalist/tek_expo_demo_3_ws/install/bumperbot_mapping/share/bumperbot_mapping/cmake/bumperbot_mappingConfig-version.cmake
[0.898s] -- Up-to-date: /home/papalist/tek_expo_demo_3_ws/install/bumperbot_mapping/share/bumperbot_mapping/package.xml
[0.899s] Invoked command in '/home/papalist/tek_expo_demo_3_ws/build/bumperbot_mapping' returned '0': CMAKE_PREFIX_PATH=${CMAKE_PREFIX_PATH}:/opt/ros/jazzy DEBUGINFOD_URLS=https://debuginfod.ubuntu.com /usr/bin/cmake --install /home/papalist/tek_expo_demo_3_ws/build/bumperbot_mapping
