[0.049s] Invoking command in '/home/papalist/tek_expo_demo_3_ws/build/bumperbot_firmware': CMAKE_PREFIX_PATH=${CMAKE_PREFIX_PATH}:/opt/ros/jazzy DEBUGINFOD_URLS=https://debuginfod.ubuntu.com /usr/bin/cmake --build /home/papalist/tek_expo_demo_3_ws/build/bumperbot_firmware -- -j8 -l8
[0.180s] [  0%] Built target ament_cmake_python_copy_bumperbot_firmware
[0.197s] [ 33%] Built target simple_serial_transmitter
[0.199s] [ 66%] Built target simple_serial_receiver
[0.210s] [100%] Built target bumperbot_firmware
[0.615s] running egg_info
[0.645s] writing bumperbot_firmware.egg-info/PKG-INFO
[0.646s] writing dependency_links to bumperbot_firmware.egg-info/dependency_links.txt
[0.646s] writing top-level names to bumperbot_firmware.egg-info/top_level.txt
[0.743s] reading manifest file 'bumperbot_firmware.egg-info/SOURCES.txt'
[0.744s] writing manifest file 'bumperbot_firmware.egg-info/SOURCES.txt'
[0.788s] [100%] Built target ament_cmake_python_build_bumperbot_firmware_egg
[0.808s] Invoked command in '/home/papalist/tek_expo_demo_3_ws/build/bumperbot_firmware' returned '0': CMAKE_PREFIX_PATH=${CMAKE_PREFIX_PATH}:/opt/ros/jazzy DEBUGINFOD_URLS=https://debuginfod.ubuntu.com /usr/bin/cmake --build /home/papalist/tek_expo_demo_3_ws/build/bumperbot_firmware -- -j8 -l8
[0.811s] Invoking command in '/home/papalist/tek_expo_demo_3_ws/build/bumperbot_firmware': CMAKE_PREFIX_PATH=${CMAKE_PREFIX_PATH}:/opt/ros/jazzy DEBUGINFOD_URLS=https://debuginfod.ubuntu.com /usr/bin/cmake --install /home/papalist/tek_expo_demo_3_ws/build/bumperbot_firmware
[0.827s] -- Install configuration: ""
[0.827s] -- Up-to-date: /home/papalist/tek_expo_demo_3_ws/install/bumperbot_firmware/share/bumperbot_firmware/environment/pythonpath.sh
[0.827s] -- Up-to-date: /home/papalist/tek_expo_demo_3_ws/install/bumperbot_firmware/share/bumperbot_firmware/environment/pythonpath.dsv
[0.827s] -- Up-to-date: /home/papalist/tek_expo_demo_3_ws/install/bumperbot_firmware/lib/python3.12/site-packages/bumperbot_firmware-0.0.0-py3.12.egg-info
[0.827s] -- Installing: /home/papalist/tek_expo_demo_3_ws/install/bumperbot_firmware/lib/python3.12/site-packages/bumperbot_firmware-0.0.0-py3.12.egg-info/dependency_links.txt
[0.827s] -- Installing: /home/papalist/tek_expo_demo_3_ws/install/bumperbot_firmware/lib/python3.12/site-packages/bumperbot_firmware-0.0.0-py3.12.egg-info/top_level.txt
[0.827s] -- Installing: /home/papalist/tek_expo_demo_3_ws/install/bumperbot_firmware/lib/python3.12/site-packages/bumperbot_firmware-0.0.0-py3.12.egg-info/SOURCES.txt
[0.828s] -- Installing: /home/papalist/tek_expo_demo_3_ws/install/bumperbot_firmware/lib/python3.12/site-packages/bumperbot_firmware-0.0.0-py3.12.egg-info/PKG-INFO
[0.828s] -- Up-to-date: /home/papalist/tek_expo_demo_3_ws/install/bumperbot_firmware/lib/python3.12/site-packages/bumperbot_firmware
[0.828s] -- Up-to-date: /home/papalist/tek_expo_demo_3_ws/install/bumperbot_firmware/lib/python3.12/site-packages/bumperbot_firmware/__init__.py
[0.828s] -- Up-to-date: /home/papalist/tek_expo_demo_3_ws/install/bumperbot_firmware/lib/python3.12/site-packages/bumperbot_firmware/simple_serial_receiver.py
[0.828s] -- Up-to-date: /home/papalist/tek_expo_demo_3_ws/install/bumperbot_firmware/lib/python3.12/site-packages/bumperbot_firmware/simple_serial_transmitter.py
[0.896s] Listing '/home/papalist/tek_expo_demo_3_ws/install/bumperbot_firmware/lib/python3.12/site-packages/bumperbot_firmware'...
[0.910s] -- Up-to-date: /home/papalist/tek_expo_demo_3_ws/install/bumperbot_firmware/share/bumperbot_firmware/bumperbot_interface.xml
[0.910s] -- Up-to-date: /home/papalist/tek_expo_demo_3_ws/install/bumperbot_firmware/lib/libbumperbot_firmware.so
[0.910s] -- Up-to-date: /home/papalist/tek_expo_demo_3_ws/install/bumperbot_firmware/include/include
[0.911s] -- Up-to-date: /home/papalist/tek_expo_demo_3_ws/install/bumperbot_firmware/include/include/bumperbot_firmware
[0.911s] -- Up-to-date: /home/papalist/tek_expo_demo_3_ws/install/bumperbot_firmware/include/include/bumperbot_firmware/bumperbot_interface.hpp
[0.912s] -- Up-to-date: /home/papalist/tek_expo_demo_3_ws/install/bumperbot_firmware/share/bumperbot_firmware/launch
[0.912s] -- Up-to-date: /home/papalist/tek_expo_demo_3_ws/install/bumperbot_firmware/share/bumperbot_firmware/launch/hardware_interface.launch.py
[0.912s] -- Up-to-date: /home/papalist/tek_expo_demo_3_ws/install/bumperbot_firmware/lib/bumperbot_firmware/simple_serial_transmitter.py
[0.913s] -- Up-to-date: /home/papalist/tek_expo_demo_3_ws/install/bumperbot_firmware/lib/bumperbot_firmware/simple_serial_receiver.py
[0.913s] -- Up-to-date: /home/papalist/tek_expo_demo_3_ws/install/bumperbot_firmware/lib/bumperbot_firmware/simple_serial_receiver
[0.913s] -- Up-to-date: /home/papalist/tek_expo_demo_3_ws/install/bumperbot_firmware/lib/bumperbot_firmware/simple_serial_transmitter
[0.913s] -- Up-to-date: /home/papalist/tek_expo_demo_3_ws/install/bumperbot_firmware/share/bumperbot_firmware/environment/library_path.sh
[0.913s] -- Up-to-date: /home/papalist/tek_expo_demo_3_ws/install/bumperbot_firmware/share/bumperbot_firmware/environment/library_path.dsv
[0.913s] -- Up-to-date: /home/papalist/tek_expo_demo_3_ws/install/bumperbot_firmware/share/ament_index/resource_index/package_run_dependencies/bumperbot_firmware
[0.914s] -- Up-to-date: /home/papalist/tek_expo_demo_3_ws/install/bumperbot_firmware/share/ament_index/resource_index/parent_prefix_path/bumperbot_firmware
[0.914s] -- Up-to-date: /home/papalist/tek_expo_demo_3_ws/install/bumperbot_firmware/share/bumperbot_firmware/environment/ament_prefix_path.sh
[0.914s] -- Up-to-date: /home/papalist/tek_expo_demo_3_ws/install/bumperbot_firmware/share/bumperbot_firmware/environment/ament_prefix_path.dsv
[0.914s] -- Up-to-date: /home/papalist/tek_expo_demo_3_ws/install/bumperbot_firmware/share/bumperbot_firmware/environment/path.sh
[0.915s] -- Up-to-date: /home/papalist/tek_expo_demo_3_ws/install/bumperbot_firmware/share/bumperbot_firmware/environment/path.dsv
[0.915s] -- Up-to-date: /home/papalist/tek_expo_demo_3_ws/install/bumperbot_firmware/share/bumperbot_firmware/local_setup.bash
[0.915s] -- Up-to-date: /home/papalist/tek_expo_demo_3_ws/install/bumperbot_firmware/share/bumperbot_firmware/local_setup.sh
[0.915s] -- Up-to-date: /home/papalist/tek_expo_demo_3_ws/install/bumperbot_firmware/share/bumperbot_firmware/local_setup.zsh
[0.915s] -- Up-to-date: /home/papalist/tek_expo_demo_3_ws/install/bumperbot_firmware/share/bumperbot_firmware/local_setup.dsv
[0.915s] -- Installing: /home/papalist/tek_expo_demo_3_ws/install/bumperbot_firmware/share/bumperbot_firmware/package.dsv
[0.916s] -- Up-to-date: /home/papalist/tek_expo_demo_3_ws/install/bumperbot_firmware/share/ament_index/resource_index/packages/bumperbot_firmware
[0.916s] -- Up-to-date: /home/papalist/tek_expo_demo_3_ws/install/bumperbot_firmware/share/ament_index/resource_index/hardware_interface__pluginlib__plugin/bumperbot_firmware
[0.916s] -- Up-to-date: /home/papalist/tek_expo_demo_3_ws/install/bumperbot_firmware/share/bumperbot_firmware/cmake/ament_cmake_export_include_directories-extras.cmake
[0.916s] -- Up-to-date: /home/papalist/tek_expo_demo_3_ws/install/bumperbot_firmware/share/bumperbot_firmware/cmake/ament_cmake_export_libraries-extras.cmake
[0.916s] -- Up-to-date: /home/papalist/tek_expo_demo_3_ws/install/bumperbot_firmware/share/bumperbot_firmware/cmake/ament_cmake_export_dependencies-extras.cmake
[0.916s] -- Up-to-date: /home/papalist/tek_expo_demo_3_ws/install/bumperbot_firmware/share/bumperbot_firmware/cmake/bumperbot_firmwareConfig.cmake
[0.917s] -- Up-to-date: /home/papalist/tek_expo_demo_3_ws/install/bumperbot_firmware/share/bumperbot_firmware/cmake/bumperbot_firmwareConfig-version.cmake
[0.917s] -- Up-to-date: /home/papalist/tek_expo_demo_3_ws/install/bumperbot_firmware/share/bumperbot_firmware/package.xml
[0.949s] Invoked command in '/home/papalist/tek_expo_demo_3_ws/build/bumperbot_firmware' returned '0': CMAKE_PREFIX_PATH=${CMAKE_PREFIX_PATH}:/opt/ros/jazzy DEBUGINFOD_URLS=https://debuginfod.ubuntu.com /usr/bin/cmake --install /home/papalist/tek_expo_demo_3_ws/build/bumperbot_firmware
