[0.048s] Invoking command in '/home/papalist/tek_expo_demo_3_ws/build/bumperbot_firmware': CMAKE_PREFIX_PATH=${CMAKE_PREFIX_PATH}:/opt/ros/jazzy DEBUGINFOD_URLS=https://debuginfod.ubuntu.com /usr/bin/cmake --build /home/papalist/tek_expo_demo_3_ws/build/bumperbot_firmware -- -j8 -l8
[0.194s] [  0%] Built target ament_cmake_python_copy_bumperbot_firmware
[0.199s] [ 33%] Built target simple_serial_transmitter
[0.211s] [ 66%] Built target simple_serial_receiver
[0.213s] [100%] Built target bumperbot_firmware
[0.693s] running egg_info
[0.740s] writing bumperbot_firmware.egg-info/PKG-INFO
[0.741s] writing dependency_links to bumperbot_firmware.egg-info/dependency_links.txt
[0.741s] writing top-level names to bumperbot_firmware.egg-info/top_level.txt
[0.883s] reading manifest file 'bumperbot_firmware.egg-info/SOURCES.txt'
[0.883s] writing manifest file 'bumperbot_firmware.egg-info/SOURCES.txt'
[0.946s] [100%] Built target ament_cmake_python_build_bumperbot_firmware_egg
[0.974s] Invoked command in '/home/papalist/tek_expo_demo_3_ws/build/bumperbot_firmware' returned '0': CMAKE_PREFIX_PATH=${CMAKE_PREFIX_PATH}:/opt/ros/jazzy DEBUGINFOD_URLS=https://debuginfod.ubuntu.com /usr/bin/cmake --build /home/papalist/tek_expo_demo_3_ws/build/bumperbot_firmware -- -j8 -l8
[0.975s] Invoking command in '/home/papalist/tek_expo_demo_3_ws/build/bumperbot_firmware': CMAKE_PREFIX_PATH=${CMAKE_PREFIX_PATH}:/opt/ros/jazzy DEBUGINFOD_URLS=https://debuginfod.ubuntu.com /usr/bin/cmake --install /home/papalist/tek_expo_demo_3_ws/build/bumperbot_firmware
[0.999s] -- Install configuration: ""
[1.000s] -- Up-to-date: /home/papalist/tek_expo_demo_3_ws/install/bumperbot_firmware/share/bumperbot_firmware/environment/pythonpath.sh
[1.000s] -- Up-to-date: /home/papalist/tek_expo_demo_3_ws/install/bumperbot_firmware/share/bumperbot_firmware/environment/pythonpath.dsv
[1.000s] -- Up-to-date: /home/papalist/tek_expo_demo_3_ws/install/bumperbot_firmware/lib/python3.12/site-packages/bumperbot_firmware-0.0.0-py3.12.egg-info
[1.000s] -- Installing: /home/papalist/tek_expo_demo_3_ws/install/bumperbot_firmware/lib/python3.12/site-packages/bumperbot_firmware-0.0.0-py3.12.egg-info/dependency_links.txt
[1.000s] -- Installing: /home/papalist/tek_expo_demo_3_ws/install/bumperbot_firmware/lib/python3.12/site-packages/bumperbot_firmware-0.0.0-py3.12.egg-info/top_level.txt
[1.001s] -- Installing: /home/papalist/tek_expo_demo_3_ws/install/bumperbot_firmware/lib/python3.12/site-packages/bumperbot_firmware-0.0.0-py3.12.egg-info/SOURCES.txt
[1.002s] -- Installing: /home/papalist/tek_expo_demo_3_ws/install/bumperbot_firmware/lib/python3.12/site-packages/bumperbot_firmware-0.0.0-py3.12.egg-info/PKG-INFO
[1.002s] -- Up-to-date: /home/papalist/tek_expo_demo_3_ws/install/bumperbot_firmware/lib/python3.12/site-packages/bumperbot_firmware
[1.002s] -- Up-to-date: /home/papalist/tek_expo_demo_3_ws/install/bumperbot_firmware/lib/python3.12/site-packages/bumperbot_firmware/__init__.py
[1.003s] -- Up-to-date: /home/papalist/tek_expo_demo_3_ws/install/bumperbot_firmware/lib/python3.12/site-packages/bumperbot_firmware/simple_serial_receiver.py
[1.003s] -- Up-to-date: /home/papalist/tek_expo_demo_3_ws/install/bumperbot_firmware/lib/python3.12/site-packages/bumperbot_firmware/simple_serial_transmitter.py
[1.059s] Listing '/home/papalist/tek_expo_demo_3_ws/install/bumperbot_firmware/lib/python3.12/site-packages/bumperbot_firmware'...
[1.070s] -- Up-to-date: /home/papalist/tek_expo_demo_3_ws/install/bumperbot_firmware/share/bumperbot_firmware/bumperbot_interface.xml
[1.070s] -- Up-to-date: /home/papalist/tek_expo_demo_3_ws/install/bumperbot_firmware/lib/libbumperbot_firmware.so
[1.071s] -- Up-to-date: /home/papalist/tek_expo_demo_3_ws/install/bumperbot_firmware/include/include
[1.071s] -- Up-to-date: /home/papalist/tek_expo_demo_3_ws/install/bumperbot_firmware/include/include/bumperbot_firmware
[1.071s] -- Up-to-date: /home/papalist/tek_expo_demo_3_ws/install/bumperbot_firmware/include/include/bumperbot_firmware/bumperbot_interface.hpp
[1.071s] -- Up-to-date: /home/papalist/tek_expo_demo_3_ws/install/bumperbot_firmware/share/bumperbot_firmware/launch
[1.072s] -- Up-to-date: /home/papalist/tek_expo_demo_3_ws/install/bumperbot_firmware/share/bumperbot_firmware/launch/hardware_interface.launch.py
[1.072s] -- Up-to-date: /home/papalist/tek_expo_demo_3_ws/install/bumperbot_firmware/lib/bumperbot_firmware/simple_serial_transmitter.py
[1.072s] -- Up-to-date: /home/papalist/tek_expo_demo_3_ws/install/bumperbot_firmware/lib/bumperbot_firmware/simple_serial_receiver.py
[1.072s] -- Up-to-date: /home/papalist/tek_expo_demo_3_ws/install/bumperbot_firmware/lib/bumperbot_firmware/simple_serial_receiver
[1.072s] -- Up-to-date: /home/papalist/tek_expo_demo_3_ws/install/bumperbot_firmware/lib/bumperbot_firmware/simple_serial_transmitter
[1.073s] -- Up-to-date: /home/papalist/tek_expo_demo_3_ws/install/bumperbot_firmware/share/bumperbot_firmware/environment/library_path.sh
[1.073s] -- Up-to-date: /home/papalist/tek_expo_demo_3_ws/install/bumperbot_firmware/share/bumperbot_firmware/environment/library_path.dsv
[1.073s] -- Up-to-date: /home/papalist/tek_expo_demo_3_ws/install/bumperbot_firmware/share/ament_index/resource_index/package_run_dependencies/bumperbot_firmware
[1.073s] -- Up-to-date: /home/papalist/tek_expo_demo_3_ws/install/bumperbot_firmware/share/ament_index/resource_index/parent_prefix_path/bumperbot_firmware
[1.074s] -- Up-to-date: /home/papalist/tek_expo_demo_3_ws/install/bumperbot_firmware/share/bumperbot_firmware/environment/ament_prefix_path.sh
[1.074s] -- Up-to-date: /home/papalist/tek_expo_demo_3_ws/install/bumperbot_firmware/share/bumperbot_firmware/environment/ament_prefix_path.dsv
[1.074s] -- Up-to-date: /home/papalist/tek_expo_demo_3_ws/install/bumperbot_firmware/share/bumperbot_firmware/environment/path.sh
[1.074s] -- Up-to-date: /home/papalist/tek_expo_demo_3_ws/install/bumperbot_firmware/share/bumperbot_firmware/environment/path.dsv
[1.075s] -- Up-to-date: /home/papalist/tek_expo_demo_3_ws/install/bumperbot_firmware/share/bumperbot_firmware/local_setup.bash
[1.075s] -- Up-to-date: /home/papalist/tek_expo_demo_3_ws/install/bumperbot_firmware/share/bumperbot_firmware/local_setup.sh
[1.075s] -- Up-to-date: /home/papalist/tek_expo_demo_3_ws/install/bumperbot_firmware/share/bumperbot_firmware/local_setup.zsh
[1.075s] -- Up-to-date: /home/papalist/tek_expo_demo_3_ws/install/bumperbot_firmware/share/bumperbot_firmware/local_setup.dsv
[1.075s] -- Installing: /home/papalist/tek_expo_demo_3_ws/install/bumperbot_firmware/share/bumperbot_firmware/package.dsv
[1.075s] -- Up-to-date: /home/papalist/tek_expo_demo_3_ws/install/bumperbot_firmware/share/ament_index/resource_index/packages/bumperbot_firmware
[1.076s] -- Up-to-date: /home/papalist/tek_expo_demo_3_ws/install/bumperbot_firmware/share/ament_index/resource_index/hardware_interface__pluginlib__plugin/bumperbot_firmware
[1.076s] -- Up-to-date: /home/papalist/tek_expo_demo_3_ws/install/bumperbot_firmware/share/bumperbot_firmware/cmake/ament_cmake_export_include_directories-extras.cmake
[1.076s] -- Up-to-date: /home/papalist/tek_expo_demo_3_ws/install/bumperbot_firmware/share/bumperbot_firmware/cmake/ament_cmake_export_libraries-extras.cmake
[1.076s] -- Up-to-date: /home/papalist/tek_expo_demo_3_ws/install/bumperbot_firmware/share/bumperbot_firmware/cmake/ament_cmake_export_dependencies-extras.cmake
[1.076s] -- Up-to-date: /home/papalist/tek_expo_demo_3_ws/install/bumperbot_firmware/share/bumperbot_firmware/cmake/bumperbot_firmwareConfig.cmake
[1.076s] -- Up-to-date: /home/papalist/tek_expo_demo_3_ws/install/bumperbot_firmware/share/bumperbot_firmware/cmake/bumperbot_firmwareConfig-version.cmake
[1.077s] -- Up-to-date: /home/papalist/tek_expo_demo_3_ws/install/bumperbot_firmware/share/bumperbot_firmware/package.xml
[1.085s] Invoked command in '/home/papalist/tek_expo_demo_3_ws/build/bumperbot_firmware' returned '0': CMAKE_PREFIX_PATH=${CMAKE_PREFIX_PATH}:/opt/ros/jazzy DEBUGINFOD_URLS=https://debuginfod.ubuntu.com /usr/bin/cmake --install /home/papalist/tek_expo_demo_3_ws/build/bumperbot_firmware
