[0.052s] Invoking command in '/home/papalist/tek_expo_demo_3_ws/build/rf2o_laser_odometry': CMAKE_PREFIX_PATH=${CMAKE_PREFIX_PATH}:/opt/ros/jazzy DEBUGINFOD_URLS=https://debuginfod.ubuntu.com /usr/bin/cmake --build /home/papalist/tek_expo_demo_3_ws/build/rf2o_laser_odometry -- -j8 -l8
[0.288s] [ 40%] Built target rf2o_laser_odometry
[0.353s] [ 60%] [32mBuilding CXX object CMakeFiles/rf2o_laser_odometry_node.dir/src/CLaserOdometry2DNode.cpp.o[0m
[16.521s] [ 80%] [32m[1mLinking CXX executable rf2o_laser_odometry_node[0m
[17.925s] [100%] Built target rf2o_laser_odometry_node
[17.942s] Invoked command in '/home/papalist/tek_expo_demo_3_ws/build/rf2o_laser_odometry' returned '0': CMAKE_PREFIX_PATH=${CMAKE_PREFIX_PATH}:/opt/ros/jazzy DEBUGINFOD_URLS=https://debuginfod.ubuntu.com /usr/bin/cmake --build /home/papalist/tek_expo_demo_3_ws/build/rf2o_laser_odometry -- -j8 -l8
[17.944s] Invoking command in '/home/papalist/tek_expo_demo_3_ws/build/rf2o_laser_odometry': CMAKE_PREFIX_PATH=${CMAKE_PREFIX_PATH}:/opt/ros/jazzy DEBUGINFOD_URLS=https://debuginfod.ubuntu.com /usr/bin/cmake --install /home/papalist/tek_expo_demo_3_ws/build/rf2o_laser_odometry
[17.957s] -- Install configuration: ""
[17.957s] -- Installing: /home/papalist/tek_expo_demo_3_ws/install/rf2o_laser_odometry/lib/rf2o_laser_odometry/rf2o_laser_odometry_node
[17.985s] -- Set non-toolchain portion of runtime path of "/home/papalist/tek_expo_demo_3_ws/install/rf2o_laser_odometry/lib/rf2o_laser_odometry/rf2o_laser_odometry_node" to ""
[17.985s] -- Up-to-date: /home/papalist/tek_expo_demo_3_ws/install/rf2o_laser_odometry/share/rf2o_laser_odometry/launch
[17.985s] -- Up-to-date: /home/papalist/tek_expo_demo_3_ws/install/rf2o_laser_odometry/share/rf2o_laser_odometry/launch/rf2o_laser_odometry.launch.py
[17.985s] -- Up-to-date: /home/papalist/tek_expo_demo_3_ws/install/rf2o_laser_odometry/share/ament_index/resource_index/package_run_dependencies/rf2o_laser_odometry
[17.986s] -- Up-to-date: /home/papalist/tek_expo_demo_3_ws/install/rf2o_laser_odometry/share/ament_index/resource_index/parent_prefix_path/rf2o_laser_odometry
[17.986s] -- Up-to-date: /home/papalist/tek_expo_demo_3_ws/install/rf2o_laser_odometry/share/rf2o_laser_odometry/environment/ament_prefix_path.sh
[17.986s] -- Up-to-date: /home/papalist/tek_expo_demo_3_ws/install/rf2o_laser_odometry/share/rf2o_laser_odometry/environment/ament_prefix_path.dsv
[17.986s] -- Up-to-date: /home/papalist/tek_expo_demo_3_ws/install/rf2o_laser_odometry/share/rf2o_laser_odometry/environment/path.sh
[17.986s] -- Up-to-date: /home/papalist/tek_expo_demo_3_ws/install/rf2o_laser_odometry/share/rf2o_laser_odometry/environment/path.dsv
[17.986s] -- Up-to-date: /home/papalist/tek_expo_demo_3_ws/install/rf2o_laser_odometry/share/rf2o_laser_odometry/local_setup.bash
[17.986s] -- Up-to-date: /home/papalist/tek_expo_demo_3_ws/install/rf2o_laser_odometry/share/rf2o_laser_odometry/local_setup.sh
[17.986s] -- Up-to-date: /home/papalist/tek_expo_demo_3_ws/install/rf2o_laser_odometry/share/rf2o_laser_odometry/local_setup.zsh
[17.986s] -- Up-to-date: /home/papalist/tek_expo_demo_3_ws/install/rf2o_laser_odometry/share/rf2o_laser_odometry/local_setup.dsv
[17.987s] -- Installing: /home/papalist/tek_expo_demo_3_ws/install/rf2o_laser_odometry/share/rf2o_laser_odometry/package.dsv
[17.987s] -- Up-to-date: /home/papalist/tek_expo_demo_3_ws/install/rf2o_laser_odometry/share/ament_index/resource_index/packages/rf2o_laser_odometry
[17.987s] -- Up-to-date: /home/papalist/tek_expo_demo_3_ws/install/rf2o_laser_odometry/share/rf2o_laser_odometry/cmake/rf2o_laser_odometryConfig.cmake
[17.987s] -- Up-to-date: /home/papalist/tek_expo_demo_3_ws/install/rf2o_laser_odometry/share/rf2o_laser_odometry/cmake/rf2o_laser_odometryConfig-version.cmake
[17.987s] -- Up-to-date: /home/papalist/tek_expo_demo_3_ws/install/rf2o_laser_odometry/share/rf2o_laser_odometry/package.xml
[17.989s] Invoked command in '/home/papalist/tek_expo_demo_3_ws/build/rf2o_laser_odometry' returned '0': CMAKE_PREFIX_PATH=${CMAKE_PREFIX_PATH}:/opt/ros/jazzy DEBUGINFOD_URLS=https://debuginfod.ubuntu.com /usr/bin/cmake --install /home/papalist/tek_expo_demo_3_ws/build/rf2o_laser_odometry
