[0.051s] Invoking command in '/home/papalist/tek_expo_demo_3_ws/build/bumperbot_controller': CMAKE_PREFIX_PATH=${CMAKE_PREFIX_PATH}:/opt/ros/jazzy DEBUGINFOD_URLS=https://debuginfod.ubuntu.com /usr/bin/cmake --build /home/papalist/tek_expo_demo_3_ws/build/bumperbot_controller -- -j8 -l8
[0.178s] Built target ament_cmake_python_copy_bumperbot_controller
[0.658s] running egg_info
[0.692s] writing bumperbot_controller.egg-info/PKG-INFO
[0.693s] writing dependency_links to bumperbot_controller.egg-info/dependency_links.txt
[0.693s] writing top-level names to bumperbot_controller.egg-info/top_level.txt
[0.783s] reading manifest file 'bumperbot_controller.egg-info/SOURCES.txt'
[0.784s] writing manifest file 'bumperbot_controller.egg-info/SOURCES.txt'
[0.826s] Built target ament_cmake_python_build_bumperbot_controller_egg
[0.849s] Invoked command in '/home/papalist/tek_expo_demo_3_ws/build/bumperbot_controller' returned '0': CMAKE_PREFIX_PATH=${CMAKE_PREFIX_PATH}:/opt/ros/jazzy DEBUGINFOD_URLS=https://debuginfod.ubuntu.com /usr/bin/cmake --build /home/papalist/tek_expo_demo_3_ws/build/bumperbot_controller -- -j8 -l8
[0.852s] Invoking command in '/home/papalist/tek_expo_demo_3_ws/build/bumperbot_controller': CMAKE_PREFIX_PATH=${CMAKE_PREFIX_PATH}:/opt/ros/jazzy DEBUGINFOD_URLS=https://debuginfod.ubuntu.com /usr/bin/cmake --install /home/papalist/tek_expo_demo_3_ws/build/bumperbot_controller
[0.870s] -- Install configuration: ""
[0.870s] -- Up-to-date: /home/papalist/tek_expo_demo_3_ws/install/bumperbot_controller/share/bumperbot_controller/environment/pythonpath.sh
[0.871s] -- Up-to-date: /home/papalist/tek_expo_demo_3_ws/install/bumperbot_controller/share/bumperbot_controller/environment/pythonpath.dsv
[0.871s] -- Up-to-date: /home/papalist/tek_expo_demo_3_ws/install/bumperbot_controller/lib/python3.12/site-packages/bumperbot_controller-0.0.0-py3.12.egg-info
[0.871s] -- Installing: /home/papalist/tek_expo_demo_3_ws/install/bumperbot_controller/lib/python3.12/site-packages/bumperbot_controller-0.0.0-py3.12.egg-info/dependency_links.txt
[0.871s] -- Installing: /home/papalist/tek_expo_demo_3_ws/install/bumperbot_controller/lib/python3.12/site-packages/bumperbot_controller-0.0.0-py3.12.egg-info/top_level.txt
[0.871s] -- Installing: /home/papalist/tek_expo_demo_3_ws/install/bumperbot_controller/lib/python3.12/site-packages/bumperbot_controller-0.0.0-py3.12.egg-info/SOURCES.txt
[0.872s] -- Installing: /home/papalist/tek_expo_demo_3_ws/install/bumperbot_controller/lib/python3.12/site-packages/bumperbot_controller-0.0.0-py3.12.egg-info/PKG-INFO
[0.872s] -- Up-to-date: /home/papalist/tek_expo_demo_3_ws/install/bumperbot_controller/lib/python3.12/site-packages/bumperbot_controller
[0.872s] -- Up-to-date: /home/papalist/tek_expo_demo_3_ws/install/bumperbot_controller/lib/python3.12/site-packages/bumperbot_controller/__init__.py
[0.872s] -- Up-to-date: /home/papalist/tek_expo_demo_3_ws/install/bumperbot_controller/lib/python3.12/site-packages/bumperbot_controller/twist_relay.py
[0.938s] Listing '/home/papalist/tek_expo_demo_3_ws/install/bumperbot_controller/lib/python3.12/site-packages/bumperbot_controller'...
[0.959s] -- Up-to-date: /home/papalist/tek_expo_demo_3_ws/install/bumperbot_controller/share/bumperbot_controller/launch
[0.960s] -- Up-to-date: /home/papalist/tek_expo_demo_3_ws/install/bumperbot_controller/share/bumperbot_controller/launch/controller.launch.py
[0.960s] -- Up-to-date: /home/papalist/tek_expo_demo_3_ws/install/bumperbot_controller/share/bumperbot_controller/launch/joystick_teleop.launch.py
[0.960s] -- Up-to-date: /home/papalist/tek_expo_demo_3_ws/install/bumperbot_controller/share/bumperbot_controller/config
[0.960s] -- Up-to-date: /home/papalist/tek_expo_demo_3_ws/install/bumperbot_controller/share/bumperbot_controller/config/twist_mux_joy.yaml
[0.960s] -- Up-to-date: /home/papalist/tek_expo_demo_3_ws/install/bumperbot_controller/share/bumperbot_controller/config/twist_mux_locks.yaml
[0.960s] -- Up-to-date: /home/papalist/tek_expo_demo_3_ws/install/bumperbot_controller/share/bumperbot_controller/config/joy_teleop.yaml
[0.961s] -- Up-to-date: /home/papalist/tek_expo_demo_3_ws/install/bumperbot_controller/share/bumperbot_controller/config/twist_mux_topics.yaml
[0.961s] -- Up-to-date: /home/papalist/tek_expo_demo_3_ws/install/bumperbot_controller/share/bumperbot_controller/config/bumperbot_controllers.yaml
[0.961s] -- Up-to-date: /home/papalist/tek_expo_demo_3_ws/install/bumperbot_controller/share/bumperbot_controller/config/joy_config.yaml
[0.961s] -- Up-to-date: /home/papalist/tek_expo_demo_3_ws/install/bumperbot_controller/lib/bumperbot_controller/twist_relay.py
[0.961s] -- Up-to-date: /home/papalist/tek_expo_demo_3_ws/install/bumperbot_controller/share/ament_index/resource_index/package_run_dependencies/bumperbot_controller
[0.961s] -- Up-to-date: /home/papalist/tek_expo_demo_3_ws/install/bumperbot_controller/share/ament_index/resource_index/parent_prefix_path/bumperbot_controller
[0.962s] -- Up-to-date: /home/papalist/tek_expo_demo_3_ws/install/bumperbot_controller/share/bumperbot_controller/environment/ament_prefix_path.sh
[0.962s] -- Up-to-date: /home/papalist/tek_expo_demo_3_ws/install/bumperbot_controller/share/bumperbot_controller/environment/ament_prefix_path.dsv
[0.962s] -- Up-to-date: /home/papalist/tek_expo_demo_3_ws/install/bumperbot_controller/share/bumperbot_controller/environment/path.sh
[0.962s] -- Up-to-date: /home/papalist/tek_expo_demo_3_ws/install/bumperbot_controller/share/bumperbot_controller/environment/path.dsv
[0.962s] -- Up-to-date: /home/papalist/tek_expo_demo_3_ws/install/bumperbot_controller/share/bumperbot_controller/local_setup.bash
[0.962s] -- Up-to-date: /home/papalist/tek_expo_demo_3_ws/install/bumperbot_controller/share/bumperbot_controller/local_setup.sh
[0.963s] -- Up-to-date: /home/papalist/tek_expo_demo_3_ws/install/bumperbot_controller/share/bumperbot_controller/local_setup.zsh
[0.963s] -- Up-to-date: /home/papalist/tek_expo_demo_3_ws/install/bumperbot_controller/share/bumperbot_controller/local_setup.dsv
[0.963s] -- Installing: /home/papalist/tek_expo_demo_3_ws/install/bumperbot_controller/share/bumperbot_controller/package.dsv
[0.967s] -- Up-to-date: /home/papalist/tek_expo_demo_3_ws/install/bumperbot_controller/share/ament_index/resource_index/packages/bumperbot_controller
[0.968s] -- Up-to-date: /home/papalist/tek_expo_demo_3_ws/install/bumperbot_controller/share/bumperbot_controller/cmake/bumperbot_controllerConfig.cmake
[0.968s] -- Up-to-date: /home/papalist/tek_expo_demo_3_ws/install/bumperbot_controller/share/bumperbot_controller/cmake/bumperbot_controllerConfig-version.cmake
[0.969s] -- Up-to-date: /home/papalist/tek_expo_demo_3_ws/install/bumperbot_controller/share/bumperbot_controller/package.xml
[0.969s] Invoked command in '/home/papalist/tek_expo_demo_3_ws/build/bumperbot_controller' returned '0': CMAKE_PREFIX_PATH=${CMAKE_PREFIX_PATH}:/opt/ros/jazzy DEBUGINFOD_URLS=https://debuginfod.ubuntu.com /usr/bin/cmake --install /home/papalist/tek_expo_demo_3_ws/build/bumperbot_controller
