[0.062s] Invoking command in '/home/papalist/tek_expo_demo_3_ws/build/bumperbot_localization': CMAKE_PREFIX_PATH=${CMAKE_PREFIX_PATH}:/opt/ros/jazzy DEBUGINFOD_URLS=https://debuginfod.ubuntu.com /usr/bin/cmake --build /home/papalist/tek_expo_demo_3_ws/build/bumperbot_localization -- -j8 -l8
[0.210s] Built target ament_cmake_python_copy_bumperbot_localization
[0.688s] running egg_info
[0.737s] writing bumperbot_localization.egg-info/PKG-INFO
[0.738s] writing dependency_links to bumperbot_localization.egg-info/dependency_links.txt
[0.738s] writing top-level names to bumperbot_localization.egg-info/top_level.txt
[0.878s] reading manifest file 'bumperbot_localization.egg-info/SOURCES.txt'
[0.879s] writing manifest file 'bumperbot_localization.egg-info/SOURCES.txt'
[0.941s] Built target ament_cmake_python_build_bumperbot_localization_egg
[0.979s] Invoked command in '/home/papalist/tek_expo_demo_3_ws/build/bumperbot_localization' returned '0': CMAKE_PREFIX_PATH=${CMAKE_PREFIX_PATH}:/opt/ros/jazzy DEBUGINFOD_URLS=https://debuginfod.ubuntu.com /usr/bin/cmake --build /home/papalist/tek_expo_demo_3_ws/build/bumperbot_localization -- -j8 -l8
[0.979s] Invoking command in '/home/papalist/tek_expo_demo_3_ws/build/bumperbot_localization': CMAKE_PREFIX_PATH=${CMAKE_PREFIX_PATH}:/opt/ros/jazzy DEBUGINFOD_URLS=https://debuginfod.ubuntu.com /usr/bin/cmake --install /home/papalist/tek_expo_demo_3_ws/build/bumperbot_localization
[1.008s] -- Install configuration: ""
[1.008s] -- Up-to-date: /home/papalist/tek_expo_demo_3_ws/install/bumperbot_localization/share/bumperbot_localization/environment/pythonpath.sh
[1.008s] -- Up-to-date: /home/papalist/tek_expo_demo_3_ws/install/bumperbot_localization/share/bumperbot_localization/environment/pythonpath.dsv
[1.008s] -- Up-to-date: /home/papalist/tek_expo_demo_3_ws/install/bumperbot_localization/lib/python3.12/site-packages/bumperbot_localization-0.0.0-py3.12.egg-info
[1.009s] -- Installing: /home/papalist/tek_expo_demo_3_ws/install/bumperbot_localization/lib/python3.12/site-packages/bumperbot_localization-0.0.0-py3.12.egg-info/dependency_links.txt
[1.009s] -- Installing: /home/papalist/tek_expo_demo_3_ws/install/bumperbot_localization/lib/python3.12/site-packages/bumperbot_localization-0.0.0-py3.12.egg-info/top_level.txt
[1.011s] -- Installing: /home/papalist/tek_expo_demo_3_ws/install/bumperbot_localization/lib/python3.12/site-packages/bumperbot_localization-0.0.0-py3.12.egg-info/SOURCES.txt
[1.012s] -- Installing: /home/papalist/tek_expo_demo_3_ws/install/bumperbot_localization/lib/python3.12/site-packages/bumperbot_localization-0.0.0-py3.12.egg-info/PKG-INFO
[1.013s] -- Up-to-date: /home/papalist/tek_expo_demo_3_ws/install/bumperbot_localization/lib/python3.12/site-packages/bumperbot_localization
[1.013s] -- Up-to-date: /home/papalist/tek_expo_demo_3_ws/install/bumperbot_localization/lib/python3.12/site-packages/bumperbot_localization/__init__.py
[1.090s] Listing '/home/papalist/tek_expo_demo_3_ws/install/bumperbot_localization/lib/python3.12/site-packages/bumperbot_localization'...
[1.091s] -- Up-to-date: /home/papalist/tek_expo_demo_3_ws/install/bumperbot_localization/share/bumperbot_localization/launch
[1.091s] -- Up-to-date: /home/papalist/tek_expo_demo_3_ws/install/bumperbot_localization/share/bumperbot_localization/launch/global_localization.launch.py
[1.091s] -- Up-to-date: /home/papalist/tek_expo_demo_3_ws/install/bumperbot_localization/share/bumperbot_localization/config
[1.091s] -- Up-to-date: /home/papalist/tek_expo_demo_3_ws/install/bumperbot_localization/share/bumperbot_localization/config/amcl.yaml
[1.091s] -- Up-to-date: /home/papalist/tek_expo_demo_3_ws/install/bumperbot_localization/share/ament_index/resource_index/package_run_dependencies/bumperbot_localization
[1.091s] -- Up-to-date: /home/papalist/tek_expo_demo_3_ws/install/bumperbot_localization/share/ament_index/resource_index/parent_prefix_path/bumperbot_localization
[1.091s] -- Up-to-date: /home/papalist/tek_expo_demo_3_ws/install/bumperbot_localization/share/bumperbot_localization/environment/ament_prefix_path.sh
[1.092s] -- Up-to-date: /home/papalist/tek_expo_demo_3_ws/install/bumperbot_localization/share/bumperbot_localization/environment/ament_prefix_path.dsv
[1.092s] -- Up-to-date: /home/papalist/tek_expo_demo_3_ws/install/bumperbot_localization/share/bumperbot_localization/environment/path.sh
[1.092s] -- Up-to-date: /home/papalist/tek_expo_demo_3_ws/install/bumperbot_localization/share/bumperbot_localization/environment/path.dsv
[1.096s] -- Up-to-date: /home/papalist/tek_expo_demo_3_ws/install/bumperbot_localization/share/bumperbot_localization/local_setup.bash
[1.096s] -- Up-to-date: /home/papalist/tek_expo_demo_3_ws/install/bumperbot_localization/share/bumperbot_localization/local_setup.sh
[1.096s] -- Up-to-date: /home/papalist/tek_expo_demo_3_ws/install/bumperbot_localization/share/bumperbot_localization/local_setup.zsh
[1.097s] -- Up-to-date: /home/papalist/tek_expo_demo_3_ws/install/bumperbot_localization/share/bumperbot_localization/local_setup.dsv
[1.097s] -- Installing: /home/papalist/tek_expo_demo_3_ws/install/bumperbot_localization/share/bumperbot_localization/package.dsv
[1.097s] -- Up-to-date: /home/papalist/tek_expo_demo_3_ws/install/bumperbot_localization/share/ament_index/resource_index/packages/bumperbot_localization
[1.097s] -- Up-to-date: /home/papalist/tek_expo_demo_3_ws/install/bumperbot_localization/share/bumperbot_localization/cmake/bumperbot_localizationConfig.cmake
[1.097s] -- Up-to-date: /home/papalist/tek_expo_demo_3_ws/install/bumperbot_localization/share/bumperbot_localization/cmake/bumperbot_localizationConfig-version.cmake
[1.098s] -- Up-to-date: /home/papalist/tek_expo_demo_3_ws/install/bumperbot_localization/share/bumperbot_localization/package.xml
[1.116s] Invoked command in '/home/papalist/tek_expo_demo_3_ws/build/bumperbot_localization' returned '0': CMAKE_PREFIX_PATH=${CMAKE_PREFIX_PATH}:/opt/ros/jazzy DEBUGINFOD_URLS=https://debuginfod.ubuntu.com /usr/bin/cmake --install /home/papalist/tek_expo_demo_3_ws/build/bumperbot_localization
