[0.043s] Invoking command in '/home/papalist/tek_expo_demo_3_ws/build/bumperbot_msgs': CMAKE_PREFIX_PATH=${CMAKE_PREFIX_PATH}:/opt/ros/jazzy DEBUGINFOD_URLS=https://debuginfod.ubuntu.com /usr/bin/cmake --build /home/papalist/tek_expo_demo_3_ws/build/bumperbot_msgs -- -j8 -l8
[0.184s] [  1%] Built target bumperbot_msgs__rosidl_generator_type_description
[0.228s] [  1%] Built target ament_cmake_python_copy_bumperbot_msgs
[0.262s] [  3%] Built target bumperbot_msgs__cpp
[0.267s] [ 24%] Built target bumperbot_msgs__rosidl_generator_c
[0.351s] [ 33%] Built target bumperbot_msgs__rosidl_typesupport_cpp
[0.373s] [ 42%] Built target bumperbot_msgs__rosidl_typesupport_introspection_c
[0.377s] [ 51%] Built target bumperbot_msgs__rosidl_typesupport_fastrtps_c
[0.381s] [ 70%] Built target bumperbot_msgs__rosidl_typesupport_introspection_cpp
[0.385s] [ 68%] Built target bumperbot_msgs__rosidl_typesupport_c
[0.388s] [ 79%] Built target bumperbot_msgs__rosidl_typesupport_fastrtps_cpp
[0.448s] [ 79%] Built target bumperbot_msgs
[0.495s] [ 81%] Built target bumperbot_msgs__py
[0.544s] [ 88%] Built target bumperbot_msgs__rosidl_generator_py
[0.636s] [ 92%] Built target bumperbot_msgs_s__rosidl_typesupport_fastrtps_c
[0.641s] [ 96%] Built target bumperbot_msgs_s__rosidl_typesupport_introspection_c
[0.652s] [100%] Built target bumperbot_msgs_s__rosidl_typesupport_c
[0.884s] running egg_info
[0.934s] writing bumperbot_msgs.egg-info/PKG-INFO
[0.934s] writing dependency_links to bumperbot_msgs.egg-info/dependency_links.txt
[0.934s] writing top-level names to bumperbot_msgs.egg-info/top_level.txt
[1.082s] reading manifest file 'bumperbot_msgs.egg-info/SOURCES.txt'
[1.084s] writing manifest file 'bumperbot_msgs.egg-info/SOURCES.txt'
[1.138s] [100%] Built target ament_cmake_python_build_bumperbot_msgs_egg
[1.245s] Invoked command in '/home/papalist/tek_expo_demo_3_ws/build/bumperbot_msgs' returned '0': CMAKE_PREFIX_PATH=${CMAKE_PREFIX_PATH}:/opt/ros/jazzy DEBUGINFOD_URLS=https://debuginfod.ubuntu.com /usr/bin/cmake --build /home/papalist/tek_expo_demo_3_ws/build/bumperbot_msgs -- -j8 -l8
[1.247s] Invoking command in '/home/papalist/tek_expo_demo_3_ws/build/bumperbot_msgs': CMAKE_PREFIX_PATH=${CMAKE_PREFIX_PATH}:/opt/ros/jazzy DEBUGINFOD_URLS=https://debuginfod.ubuntu.com /usr/bin/cmake --install /home/papalist/tek_expo_demo_3_ws/build/bumperbot_msgs
[1.262s] -- Install configuration: ""
[1.262s] -- Up-to-date: /home/papalist/tek_expo_demo_3_ws/install/bumperbot_msgs/share/ament_index/resource_index/rosidl_interfaces/bumperbot_msgs
[1.262s] -- Up-to-date: /home/papalist/tek_expo_demo_3_ws/install/bumperbot_msgs/share/bumperbot_msgs/action/Fibonacci.json
[1.263s] -- Up-to-date: /home/papalist/tek_expo_demo_3_ws/install/bumperbot_msgs/share/bumperbot_msgs/srv/AddTwoInts.json
[1.263s] -- Up-to-date: /home/papalist/tek_expo_demo_3_ws/install/bumperbot_msgs/share/bumperbot_msgs/srv/GetTransform.json
[1.263s] -- Up-to-date: /home/papalist/tek_expo_demo_3_ws/install/bumperbot_msgs/include/bumperbot_msgs/bumperbot_msgs
[1.263s] -- Up-to-date: /home/papalist/tek_expo_demo_3_ws/install/bumperbot_msgs/include/bumperbot_msgs/bumperbot_msgs/action
[1.264s] -- Up-to-date: /home/papalist/tek_expo_demo_3_ws/install/bumperbot_msgs/include/bumperbot_msgs/bumperbot_msgs/action/detail
[1.264s] -- Up-to-date: /home/papalist/tek_expo_demo_3_ws/install/bumperbot_msgs/include/bumperbot_msgs/bumperbot_msgs/action/detail/fibonacci__description.c
[1.264s] -- Up-to-date: /home/papalist/tek_expo_demo_3_ws/install/bumperbot_msgs/include/bumperbot_msgs/bumperbot_msgs/action/detail/fibonacci__type_support.h
[1.264s] -- Installing: /home/papalist/tek_expo_demo_3_ws/install/bumperbot_msgs/include/bumperbot_msgs/bumperbot_msgs/action/detail/fibonacci__type_support.c
[1.264s] -- Up-to-date: /home/papalist/tek_expo_demo_3_ws/install/bumperbot_msgs/include/bumperbot_msgs/bumperbot_msgs/action/detail/fibonacci__functions.c
[1.264s] -- Up-to-date: /home/papalist/tek_expo_demo_3_ws/install/bumperbot_msgs/include/bumperbot_msgs/bumperbot_msgs/action/detail/fibonacci__functions.h
[1.264s] -- Up-to-date: /home/papalist/tek_expo_demo_3_ws/install/bumperbot_msgs/include/bumperbot_msgs/bumperbot_msgs/action/detail/fibonacci__struct.h
[1.264s] -- Up-to-date: /home/papalist/tek_expo_demo_3_ws/install/bumperbot_msgs/include/bumperbot_msgs/bumperbot_msgs/action/fibonacci.h
[1.265s] -- Up-to-date: /home/papalist/tek_expo_demo_3_ws/install/bumperbot_msgs/include/bumperbot_msgs/bumperbot_msgs/msg
[1.265s] -- Up-to-date: /home/papalist/tek_expo_demo_3_ws/install/bumperbot_msgs/include/bumperbot_msgs/bumperbot_msgs/msg/rosidl_generator_c__visibility_control.h
[1.265s] -- Up-to-date: /home/papalist/tek_expo_demo_3_ws/install/bumperbot_msgs/include/bumperbot_msgs/bumperbot_msgs/srv
[1.266s] -- Up-to-date: /home/papalist/tek_expo_demo_3_ws/install/bumperbot_msgs/include/bumperbot_msgs/bumperbot_msgs/srv/get_transform.h
[1.266s] -- Up-to-date: /home/papalist/tek_expo_demo_3_ws/install/bumperbot_msgs/include/bumperbot_msgs/bumperbot_msgs/srv/add_two_ints.h
[1.266s] -- Up-to-date: /home/papalist/tek_expo_demo_3_ws/install/bumperbot_msgs/include/bumperbot_msgs/bumperbot_msgs/srv/detail
[1.266s] -- Up-to-date: /home/papalist/tek_expo_demo_3_ws/install/bumperbot_msgs/include/bumperbot_msgs/bumperbot_msgs/srv/detail/add_two_ints__functions.h
[1.267s] -- Up-to-date: /home/papalist/tek_expo_demo_3_ws/install/bumperbot_msgs/include/bumperbot_msgs/bumperbot_msgs/srv/detail/get_transform__struct.h
[1.267s] -- Up-to-date: /home/papalist/tek_expo_demo_3_ws/install/bumperbot_msgs/include/bumperbot_msgs/bumperbot_msgs/srv/detail/add_two_ints__description.c
[1.267s] -- Up-to-date: /home/papalist/tek_expo_demo_3_ws/install/bumperbot_msgs/include/bumperbot_msgs/bumperbot_msgs/srv/detail/add_two_ints__functions.c
[1.267s] -- Up-to-date: /home/papalist/tek_expo_demo_3_ws/install/bumperbot_msgs/include/bumperbot_msgs/bumperbot_msgs/srv/detail/add_two_ints__struct.h
[1.268s] -- Up-to-date: /home/papalist/tek_expo_demo_3_ws/install/bumperbot_msgs/include/bumperbot_msgs/bumperbot_msgs/srv/detail/get_transform__functions.c
[1.268s] -- Up-to-date: /home/papalist/tek_expo_demo_3_ws/install/bumperbot_msgs/include/bumperbot_msgs/bumperbot_msgs/srv/detail/get_transform__functions.h
[1.268s] -- Up-to-date: /home/papalist/tek_expo_demo_3_ws/install/bumperbot_msgs/include/bumperbot_msgs/bumperbot_msgs/srv/detail/add_two_ints__type_support.h
[1.268s] -- Up-to-date: /home/papalist/tek_expo_demo_3_ws/install/bumperbot_msgs/include/bumperbot_msgs/bumperbot_msgs/srv/detail/get_transform__description.c
[1.269s] -- Up-to-date: /home/papalist/tek_expo_demo_3_ws/install/bumperbot_msgs/include/bumperbot_msgs/bumperbot_msgs/srv/detail/get_transform__type_support.h
[1.269s] -- Installing: /home/papalist/tek_expo_demo_3_ws/install/bumperbot_msgs/include/bumperbot_msgs/bumperbot_msgs/srv/detail/add_two_ints__type_support.c
[1.269s] -- Installing: /home/papalist/tek_expo_demo_3_ws/install/bumperbot_msgs/include/bumperbot_msgs/bumperbot_msgs/srv/detail/get_transform__type_support.c
[1.270s] -- Up-to-date: /home/papalist/tek_expo_demo_3_ws/install/bumperbot_msgs/share/bumperbot_msgs/environment/library_path.sh
[1.270s] -- Up-to-date: /home/papalist/tek_expo_demo_3_ws/install/bumperbot_msgs/share/bumperbot_msgs/environment/library_path.dsv
[1.270s] -- Up-to-date: /home/papalist/tek_expo_demo_3_ws/install/bumperbot_msgs/lib/libbumperbot_msgs__rosidl_generator_c.so
[1.270s] -- Up-to-date: /home/papalist/tek_expo_demo_3_ws/install/bumperbot_msgs/include/bumperbot_msgs/bumperbot_msgs
[1.271s] -- Up-to-date: /home/papalist/tek_expo_demo_3_ws/install/bumperbot_msgs/include/bumperbot_msgs/bumperbot_msgs/action
[1.271s] -- Up-to-date: /home/papalist/tek_expo_demo_3_ws/install/bumperbot_msgs/include/bumperbot_msgs/bumperbot_msgs/action/detail
[1.271s] -- Up-to-date: /home/papalist/tek_expo_demo_3_ws/install/bumperbot_msgs/include/bumperbot_msgs/bumperbot_msgs/action/detail/fibonacci__rosidl_typesupport_fastrtps_c.h
[1.271s] -- Up-to-date: /home/papalist/tek_expo_demo_3_ws/install/bumperbot_msgs/include/bumperbot_msgs/bumperbot_msgs/msg
[1.272s] -- Up-to-date: /home/papalist/tek_expo_demo_3_ws/install/bumperbot_msgs/include/bumperbot_msgs/bumperbot_msgs/msg/rosidl_typesupport_fastrtps_c__visibility_control.h
[1.272s] -- Up-to-date: /home/papalist/tek_expo_demo_3_ws/install/bumperbot_msgs/include/bumperbot_msgs/bumperbot_msgs/srv
[1.272s] -- Up-to-date: /home/papalist/tek_expo_demo_3_ws/install/bumperbot_msgs/include/bumperbot_msgs/bumperbot_msgs/srv/detail
[1.272s] -- Up-to-date: /home/papalist/tek_expo_demo_3_ws/install/bumperbot_msgs/include/bumperbot_msgs/bumperbot_msgs/srv/detail/get_transform__rosidl_typesupport_fastrtps_c.h
[1.272s] -- Up-to-date: /home/papalist/tek_expo_demo_3_ws/install/bumperbot_msgs/include/bumperbot_msgs/bumperbot_msgs/srv/detail/add_two_ints__rosidl_typesupport_fastrtps_c.h
[1.272s] -- Up-to-date: /home/papalist/tek_expo_demo_3_ws/install/bumperbot_msgs/lib/libbumperbot_msgs__rosidl_typesupport_fastrtps_c.so
[1.273s] -- Up-to-date: /home/papalist/tek_expo_demo_3_ws/install/bumperbot_msgs/include/bumperbot_msgs/bumperbot_msgs
[1.273s] -- Up-to-date: /home/papalist/tek_expo_demo_3_ws/install/bumperbot_msgs/include/bumperbot_msgs/bumperbot_msgs/action
[1.274s] -- Up-to-date: /home/papalist/tek_expo_demo_3_ws/install/bumperbot_msgs/include/bumperbot_msgs/bumperbot_msgs/action/fibonacci.hpp
[1.274s] -- Up-to-date: /home/papalist/tek_expo_demo_3_ws/install/bumperbot_msgs/include/bumperbot_msgs/bumperbot_msgs/action/detail
[1.274s] -- Up-to-date: /home/papalist/tek_expo_demo_3_ws/install/bumperbot_msgs/include/bumperbot_msgs/bumperbot_msgs/action/detail/fibonacci__type_support.hpp
[1.274s] -- Up-to-date: /home/papalist/tek_expo_demo_3_ws/install/bumperbot_msgs/include/bumperbot_msgs/bumperbot_msgs/action/detail/fibonacci__struct.hpp
[1.274s] -- Up-to-date: /home/papalist/tek_expo_demo_3_ws/install/bumperbot_msgs/include/bumperbot_msgs/bumperbot_msgs/action/detail/fibonacci__builder.hpp
[1.275s] -- Up-to-date: /home/papalist/tek_expo_demo_3_ws/install/bumperbot_msgs/include/bumperbot_msgs/bumperbot_msgs/action/detail/fibonacci__traits.hpp
[1.276s] -- Up-to-date: /home/papalist/tek_expo_demo_3_ws/install/bumperbot_msgs/include/bumperbot_msgs/bumperbot_msgs/msg
[1.276s] -- Up-to-date: /home/papalist/tek_expo_demo_3_ws/install/bumperbot_msgs/include/bumperbot_msgs/bumperbot_msgs/msg/rosidl_generator_cpp__visibility_control.hpp
[1.276s] -- Up-to-date: /home/papalist/tek_expo_demo_3_ws/install/bumperbot_msgs/include/bumperbot_msgs/bumperbot_msgs/srv
[1.277s] -- Up-to-date: /home/papalist/tek_expo_demo_3_ws/install/bumperbot_msgs/include/bumperbot_msgs/bumperbot_msgs/srv/add_two_ints.hpp
[1.277s] -- Up-to-date: /home/papalist/tek_expo_demo_3_ws/install/bumperbot_msgs/include/bumperbot_msgs/bumperbot_msgs/srv/get_transform.hpp
[1.277s] -- Up-to-date: /home/papalist/tek_expo_demo_3_ws/install/bumperbot_msgs/include/bumperbot_msgs/bumperbot_msgs/srv/detail
[1.278s] -- Up-to-date: /home/papalist/tek_expo_demo_3_ws/install/bumperbot_msgs/include/bumperbot_msgs/bumperbot_msgs/srv/detail/add_two_ints__type_support.hpp
[1.278s] -- Up-to-date: /home/papalist/tek_expo_demo_3_ws/install/bumperbot_msgs/include/bumperbot_msgs/bumperbot_msgs/srv/detail/get_transform__struct.hpp
[1.278s] -- Up-to-date: /home/papalist/tek_expo_demo_3_ws/install/bumperbot_msgs/include/bumperbot_msgs/bumperbot_msgs/srv/detail/add_two_ints__builder.hpp
[1.279s] -- Up-to-date: /home/papalist/tek_expo_demo_3_ws/install/bumperbot_msgs/include/bumperbot_msgs/bumperbot_msgs/srv/detail/get_transform__traits.hpp
[1.279s] -- Up-to-date: /home/papalist/tek_expo_demo_3_ws/install/bumperbot_msgs/include/bumperbot_msgs/bumperbot_msgs/srv/detail/add_two_ints__traits.hpp
[1.279s] -- Up-to-date: /home/papalist/tek_expo_demo_3_ws/install/bumperbot_msgs/include/bumperbot_msgs/bumperbot_msgs/srv/detail/get_transform__builder.hpp
[1.279s] -- Up-to-date: /home/papalist/tek_expo_demo_3_ws/install/bumperbot_msgs/include/bumperbot_msgs/bumperbot_msgs/srv/detail/get_transform__type_support.hpp
[1.280s] -- Up-to-date: /home/papalist/tek_expo_demo_3_ws/install/bumperbot_msgs/include/bumperbot_msgs/bumperbot_msgs/srv/detail/add_two_ints__struct.hpp
[1.280s] -- Up-to-date: /home/papalist/tek_expo_demo_3_ws/install/bumperbot_msgs/include/bumperbot_msgs/bumperbot_msgs
[1.280s] -- Up-to-date: /home/papalist/tek_expo_demo_3_ws/install/bumperbot_msgs/include/bumperbot_msgs/bumperbot_msgs/action
[1.280s] -- Up-to-date: /home/papalist/tek_expo_demo_3_ws/install/bumperbot_msgs/include/bumperbot_msgs/bumperbot_msgs/action/detail
[1.281s] -- Up-to-date: /home/papalist/tek_expo_demo_3_ws/install/bumperbot_msgs/include/bumperbot_msgs/bumperbot_msgs/action/detail/dds_fastrtps
[1.281s] -- Up-to-date: /home/papalist/tek_expo_demo_3_ws/install/bumperbot_msgs/include/bumperbot_msgs/bumperbot_msgs/action/detail/fibonacci__rosidl_typesupport_fastrtps_cpp.hpp
[1.281s] -- Up-to-date: /home/papalist/tek_expo_demo_3_ws/install/bumperbot_msgs/include/bumperbot_msgs/bumperbot_msgs/msg
[1.281s] -- Up-to-date: /home/papalist/tek_expo_demo_3_ws/install/bumperbot_msgs/include/bumperbot_msgs/bumperbot_msgs/msg/rosidl_typesupport_fastrtps_cpp__visibility_control.h
[1.281s] -- Up-to-date: /home/papalist/tek_expo_demo_3_ws/install/bumperbot_msgs/include/bumperbot_msgs/bumperbot_msgs/srv
[1.282s] -- Up-to-date: /home/papalist/tek_expo_demo_3_ws/install/bumperbot_msgs/include/bumperbot_msgs/bumperbot_msgs/srv/detail
[1.282s] -- Up-to-date: /home/papalist/tek_expo_demo_3_ws/install/bumperbot_msgs/include/bumperbot_msgs/bumperbot_msgs/srv/detail/dds_fastrtps
[1.283s] -- Up-to-date: /home/papalist/tek_expo_demo_3_ws/install/bumperbot_msgs/include/bumperbot_msgs/bumperbot_msgs/srv/detail/add_two_ints__rosidl_typesupport_fastrtps_cpp.hpp
[1.283s] -- Up-to-date: /home/papalist/tek_expo_demo_3_ws/install/bumperbot_msgs/include/bumperbot_msgs/bumperbot_msgs/srv/detail/get_transform__rosidl_typesupport_fastrtps_cpp.hpp
[1.284s] -- Up-to-date: /home/papalist/tek_expo_demo_3_ws/install/bumperbot_msgs/lib/libbumperbot_msgs__rosidl_typesupport_fastrtps_cpp.so
[1.284s] -- Up-to-date: /home/papalist/tek_expo_demo_3_ws/install/bumperbot_msgs/include/bumperbot_msgs/bumperbot_msgs
[1.284s] -- Up-to-date: /home/papalist/tek_expo_demo_3_ws/install/bumperbot_msgs/include/bumperbot_msgs/bumperbot_msgs/action
[1.285s] -- Up-to-date: /home/papalist/tek_expo_demo_3_ws/install/bumperbot_msgs/include/bumperbot_msgs/bumperbot_msgs/action/detail
[1.285s] -- Installing: /home/papalist/tek_expo_demo_3_ws/install/bumperbot_msgs/include/bumperbot_msgs/bumperbot_msgs/action/detail/fibonacci__type_support.c
[1.286s] -- Up-to-date: /home/papalist/tek_expo_demo_3_ws/install/bumperbot_msgs/include/bumperbot_msgs/bumperbot_msgs/action/detail/fibonacci__rosidl_typesupport_introspection_c.h
[1.286s] -- Up-to-date: /home/papalist/tek_expo_demo_3_ws/install/bumperbot_msgs/include/bumperbot_msgs/bumperbot_msgs/msg
[1.286s] -- Up-to-date: /home/papalist/tek_expo_demo_3_ws/install/bumperbot_msgs/include/bumperbot_msgs/bumperbot_msgs/msg/rosidl_typesupport_introspection_c__visibility_control.h
[1.286s] -- Up-to-date: /home/papalist/tek_expo_demo_3_ws/install/bumperbot_msgs/include/bumperbot_msgs/bumperbot_msgs/srv
[1.287s] -- Up-to-date: /home/papalist/tek_expo_demo_3_ws/install/bumperbot_msgs/include/bumperbot_msgs/bumperbot_msgs/srv/detail
[1.287s] -- Up-to-date: /home/papalist/tek_expo_demo_3_ws/install/bumperbot_msgs/include/bumperbot_msgs/bumperbot_msgs/srv/detail/get_transform__rosidl_typesupport_introspection_c.h
[1.287s] -- Up-to-date: /home/papalist/tek_expo_demo_3_ws/install/bumperbot_msgs/include/bumperbot_msgs/bumperbot_msgs/srv/detail/add_two_ints__rosidl_typesupport_introspection_c.h
[1.288s] -- Installing: /home/papalist/tek_expo_demo_3_ws/install/bumperbot_msgs/include/bumperbot_msgs/bumperbot_msgs/srv/detail/add_two_ints__type_support.c
[1.288s] -- Installing: /home/papalist/tek_expo_demo_3_ws/install/bumperbot_msgs/include/bumperbot_msgs/bumperbot_msgs/srv/detail/get_transform__type_support.c
[1.288s] -- Up-to-date: /home/papalist/tek_expo_demo_3_ws/install/bumperbot_msgs/lib/libbumperbot_msgs__rosidl_typesupport_introspection_c.so
[1.288s] -- Up-to-date: /home/papalist/tek_expo_demo_3_ws/install/bumperbot_msgs/lib/libbumperbot_msgs__rosidl_typesupport_c.so
[1.289s] -- Up-to-date: /home/papalist/tek_expo_demo_3_ws/install/bumperbot_msgs/include/bumperbot_msgs/bumperbot_msgs
[1.289s] -- Up-to-date: /home/papalist/tek_expo_demo_3_ws/install/bumperbot_msgs/include/bumperbot_msgs/bumperbot_msgs/action
[1.289s] -- Up-to-date: /home/papalist/tek_expo_demo_3_ws/install/bumperbot_msgs/include/bumperbot_msgs/bumperbot_msgs/action/detail
[1.289s] -- Up-to-date: /home/papalist/tek_expo_demo_3_ws/install/bumperbot_msgs/include/bumperbot_msgs/bumperbot_msgs/action/detail/fibonacci__type_support.cpp
[1.289s] -- Up-to-date: /home/papalist/tek_expo_demo_3_ws/install/bumperbot_msgs/include/bumperbot_msgs/bumperbot_msgs/action/detail/fibonacci__rosidl_typesupport_introspection_cpp.hpp
[1.290s] -- Up-to-date: /home/papalist/tek_expo_demo_3_ws/install/bumperbot_msgs/include/bumperbot_msgs/bumperbot_msgs/srv
[1.290s] -- Up-to-date: /home/papalist/tek_expo_demo_3_ws/install/bumperbot_msgs/include/bumperbot_msgs/bumperbot_msgs/srv/detail
[1.290s] -- Up-to-date: /home/papalist/tek_expo_demo_3_ws/install/bumperbot_msgs/include/bumperbot_msgs/bumperbot_msgs/srv/detail/add_two_ints__rosidl_typesupport_introspection_cpp.hpp
[1.291s] -- Up-to-date: /home/papalist/tek_expo_demo_3_ws/install/bumperbot_msgs/include/bumperbot_msgs/bumperbot_msgs/srv/detail/get_transform__type_support.cpp
[1.291s] -- Up-to-date: /home/papalist/tek_expo_demo_3_ws/install/bumperbot_msgs/include/bumperbot_msgs/bumperbot_msgs/srv/detail/get_transform__rosidl_typesupport_introspection_cpp.hpp
[1.291s] -- Up-to-date: /home/papalist/tek_expo_demo_3_ws/install/bumperbot_msgs/include/bumperbot_msgs/bumperbot_msgs/srv/detail/add_two_ints__type_support.cpp
[1.292s] -- Up-to-date: /home/papalist/tek_expo_demo_3_ws/install/bumperbot_msgs/lib/libbumperbot_msgs__rosidl_typesupport_introspection_cpp.so
[1.292s] -- Up-to-date: /home/papalist/tek_expo_demo_3_ws/install/bumperbot_msgs/lib/libbumperbot_msgs__rosidl_typesupport_cpp.so
[1.292s] -- Up-to-date: /home/papalist/tek_expo_demo_3_ws/install/bumperbot_msgs/share/bumperbot_msgs/environment/pythonpath.sh
[1.293s] -- Up-to-date: /home/papalist/tek_expo_demo_3_ws/install/bumperbot_msgs/share/bumperbot_msgs/environment/pythonpath.dsv
[1.293s] -- Up-to-date: /home/papalist/tek_expo_demo_3_ws/install/bumperbot_msgs/lib/python3.12/site-packages/bumperbot_msgs-0.0.0-py3.12.egg-info
[1.293s] -- Installing: /home/papalist/tek_expo_demo_3_ws/install/bumperbot_msgs/lib/python3.12/site-packages/bumperbot_msgs-0.0.0-py3.12.egg-info/dependency_links.txt
[1.294s] -- Installing: /home/papalist/tek_expo_demo_3_ws/install/bumperbot_msgs/lib/python3.12/site-packages/bumperbot_msgs-0.0.0-py3.12.egg-info/top_level.txt
[1.294s] -- Installing: /home/papalist/tek_expo_demo_3_ws/install/bumperbot_msgs/lib/python3.12/site-packages/bumperbot_msgs-0.0.0-py3.12.egg-info/SOURCES.txt
[1.294s] -- Installing: /home/papalist/tek_expo_demo_3_ws/install/bumperbot_msgs/lib/python3.12/site-packages/bumperbot_msgs-0.0.0-py3.12.egg-info/PKG-INFO
[1.294s] -- Up-to-date: /home/papalist/tek_expo_demo_3_ws/install/bumperbot_msgs/lib/python3.12/site-packages/bumperbot_msgs
[1.294s] -- Up-to-date: /home/papalist/tek_expo_demo_3_ws/install/bumperbot_msgs/lib/python3.12/site-packages/bumperbot_msgs/bumperbot_msgs_s__rosidl_typesupport_fastrtps_c.so
[1.294s] -- Up-to-date: /home/papalist/tek_expo_demo_3_ws/install/bumperbot_msgs/lib/python3.12/site-packages/bumperbot_msgs/bumperbot_msgs_s__rosidl_typesupport_introspection_c.so
[1.295s] -- Up-to-date: /home/papalist/tek_expo_demo_3_ws/install/bumperbot_msgs/lib/python3.12/site-packages/bumperbot_msgs/__init__.py
[1.295s] -- Up-to-date: /home/papalist/tek_expo_demo_3_ws/install/bumperbot_msgs/lib/python3.12/site-packages/bumperbot_msgs/_bumperbot_msgs_s.ep.rosidl_typesupport_fastrtps_c.c
[1.295s] -- Up-to-date: /home/papalist/tek_expo_demo_3_ws/install/bumperbot_msgs/lib/python3.12/site-packages/bumperbot_msgs/_bumperbot_msgs_s.ep.rosidl_typesupport_c.c
[1.296s] -- Up-to-date: /home/papalist/tek_expo_demo_3_ws/install/bumperbot_msgs/lib/python3.12/site-packages/bumperbot_msgs/action
[1.296s] -- Up-to-date: /home/papalist/tek_expo_demo_3_ws/install/bumperbot_msgs/lib/python3.12/site-packages/bumperbot_msgs/action/__init__.py
[1.296s] -- Up-to-date: /home/papalist/tek_expo_demo_3_ws/install/bumperbot_msgs/lib/python3.12/site-packages/bumperbot_msgs/action/_fibonacci_s.c
[1.296s] -- Up-to-date: /home/papalist/tek_expo_demo_3_ws/install/bumperbot_msgs/lib/python3.12/site-packages/bumperbot_msgs/action/_fibonacci.py
[1.298s] -- Up-to-date: /home/papalist/tek_expo_demo_3_ws/install/bumperbot_msgs/lib/python3.12/site-packages/bumperbot_msgs/bumperbot_msgs_s__rosidl_typesupport_c.so
[1.298s] -- Up-to-date: /home/papalist/tek_expo_demo_3_ws/install/bumperbot_msgs/lib/python3.12/site-packages/bumperbot_msgs/srv
[1.298s] -- Up-to-date: /home/papalist/tek_expo_demo_3_ws/install/bumperbot_msgs/lib/python3.12/site-packages/bumperbot_msgs/srv/__init__.py
[1.298s] -- Up-to-date: /home/papalist/tek_expo_demo_3_ws/install/bumperbot_msgs/lib/python3.12/site-packages/bumperbot_msgs/srv/_get_transform_s.c
[1.298s] -- Up-to-date: /home/papalist/tek_expo_demo_3_ws/install/bumperbot_msgs/lib/python3.12/site-packages/bumperbot_msgs/srv/_get_transform.py
[1.299s] -- Up-to-date: /home/papalist/tek_expo_demo_3_ws/install/bumperbot_msgs/lib/python3.12/site-packages/bumperbot_msgs/srv/_add_two_ints_s.c
[1.299s] -- Up-to-date: /home/papalist/tek_expo_demo_3_ws/install/bumperbot_msgs/lib/python3.12/site-packages/bumperbot_msgs/srv/_add_two_ints.py
[1.299s] -- Up-to-date: /home/papalist/tek_expo_demo_3_ws/install/bumperbot_msgs/lib/python3.12/site-packages/bumperbot_msgs/_bumperbot_msgs_s.ep.rosidl_typesupport_introspection_c.c
[1.324s] Listing '/home/papalist/tek_expo_demo_3_ws/install/bumperbot_msgs/lib/python3.12/site-packages/bumperbot_msgs'...
[1.325s] Listing '/home/papalist/tek_expo_demo_3_ws/install/bumperbot_msgs/lib/python3.12/site-packages/bumperbot_msgs/action'...
[1.325s] Listing '/home/papalist/tek_expo_demo_3_ws/install/bumperbot_msgs/lib/python3.12/site-packages/bumperbot_msgs/srv'...
[1.334s] -- Up-to-date: /home/papalist/tek_expo_demo_3_ws/install/bumperbot_msgs/lib/python3.12/site-packages/bumperbot_msgs/bumperbot_msgs_s__rosidl_typesupport_fastrtps_c.so
[1.334s] -- Up-to-date: /home/papalist/tek_expo_demo_3_ws/install/bumperbot_msgs/lib/python3.12/site-packages/bumperbot_msgs/bumperbot_msgs_s__rosidl_typesupport_introspection_c.so
[1.336s] -- Up-to-date: /home/papalist/tek_expo_demo_3_ws/install/bumperbot_msgs/lib/python3.12/site-packages/bumperbot_msgs/bumperbot_msgs_s__rosidl_typesupport_c.so
[1.336s] -- Up-to-date: /home/papalist/tek_expo_demo_3_ws/install/bumperbot_msgs/lib/libbumperbot_msgs__rosidl_generator_py.so
[1.337s] -- Up-to-date: /home/papalist/tek_expo_demo_3_ws/install/bumperbot_msgs/share/bumperbot_msgs/action/Fibonacci.idl
[1.337s] -- Up-to-date: /home/papalist/tek_expo_demo_3_ws/install/bumperbot_msgs/share/bumperbot_msgs/srv/AddTwoInts.idl
[1.337s] -- Up-to-date: /home/papalist/tek_expo_demo_3_ws/install/bumperbot_msgs/share/bumperbot_msgs/srv/GetTransform.idl
[1.338s] -- Up-to-date: /home/papalist/tek_expo_demo_3_ws/install/bumperbot_msgs/share/bumperbot_msgs/action/Fibonacci.action
[1.338s] -- Up-to-date: /home/papalist/tek_expo_demo_3_ws/install/bumperbot_msgs/share/bumperbot_msgs/srv/AddTwoInts.srv
[1.339s] -- Up-to-date: /home/papalist/tek_expo_demo_3_ws/install/bumperbot_msgs/share/bumperbot_msgs/srv/GetTransform.srv
[1.339s] -- Up-to-date: /home/papalist/tek_expo_demo_3_ws/install/bumperbot_msgs/share/ament_index/resource_index/package_run_dependencies/bumperbot_msgs
[1.339s] -- Up-to-date: /home/papalist/tek_expo_demo_3_ws/install/bumperbot_msgs/share/ament_index/resource_index/parent_prefix_path/bumperbot_msgs
[1.340s] -- Up-to-date: /home/papalist/tek_expo_demo_3_ws/install/bumperbot_msgs/share/bumperbot_msgs/environment/ament_prefix_path.sh
[1.340s] -- Up-to-date: /home/papalist/tek_expo_demo_3_ws/install/bumperbot_msgs/share/bumperbot_msgs/environment/ament_prefix_path.dsv
[1.340s] -- Up-to-date: /home/papalist/tek_expo_demo_3_ws/install/bumperbot_msgs/share/bumperbot_msgs/environment/path.sh
[1.340s] -- Up-to-date: /home/papalist/tek_expo_demo_3_ws/install/bumperbot_msgs/share/bumperbot_msgs/environment/path.dsv
[1.341s] -- Up-to-date: /home/papalist/tek_expo_demo_3_ws/install/bumperbot_msgs/share/bumperbot_msgs/local_setup.bash
[1.341s] -- Up-to-date: /home/papalist/tek_expo_demo_3_ws/install/bumperbot_msgs/share/bumperbot_msgs/local_setup.sh
[1.341s] -- Up-to-date: /home/papalist/tek_expo_demo_3_ws/install/bumperbot_msgs/share/bumperbot_msgs/local_setup.zsh
[1.341s] -- Up-to-date: /home/papalist/tek_expo_demo_3_ws/install/bumperbot_msgs/share/bumperbot_msgs/local_setup.dsv
[1.341s] -- Installing: /home/papalist/tek_expo_demo_3_ws/install/bumperbot_msgs/share/bumperbot_msgs/package.dsv
[1.342s] -- Up-to-date: /home/papalist/tek_expo_demo_3_ws/install/bumperbot_msgs/share/ament_index/resource_index/packages/bumperbot_msgs
[1.342s] -- Up-to-date: /home/papalist/tek_expo_demo_3_ws/install/bumperbot_msgs/share/bumperbot_msgs/cmake/export_bumperbot_msgs__rosidl_generator_cExport.cmake
[1.342s] -- Up-to-date: /home/papalist/tek_expo_demo_3_ws/install/bumperbot_msgs/share/bumperbot_msgs/cmake/export_bumperbot_msgs__rosidl_generator_cExport-noconfig.cmake
[1.342s] -- Up-to-date: /home/papalist/tek_expo_demo_3_ws/install/bumperbot_msgs/share/bumperbot_msgs/cmake/export_bumperbot_msgs__rosidl_typesupport_fastrtps_cExport.cmake
[1.342s] -- Up-to-date: /home/papalist/tek_expo_demo_3_ws/install/bumperbot_msgs/share/bumperbot_msgs/cmake/export_bumperbot_msgs__rosidl_typesupport_fastrtps_cExport-noconfig.cmake
[1.342s] -- Up-to-date: /home/papalist/tek_expo_demo_3_ws/install/bumperbot_msgs/share/bumperbot_msgs/cmake/export_bumperbot_msgs__rosidl_generator_cppExport.cmake
[1.342s] -- Up-to-date: /home/papalist/tek_expo_demo_3_ws/install/bumperbot_msgs/share/bumperbot_msgs/cmake/export_bumperbot_msgs__rosidl_typesupport_fastrtps_cppExport.cmake
[1.342s] -- Up-to-date: /home/papalist/tek_expo_demo_3_ws/install/bumperbot_msgs/share/bumperbot_msgs/cmake/export_bumperbot_msgs__rosidl_typesupport_fastrtps_cppExport-noconfig.cmake
[1.343s] -- Up-to-date: /home/papalist/tek_expo_demo_3_ws/install/bumperbot_msgs/share/bumperbot_msgs/cmake/bumperbot_msgs__rosidl_typesupport_introspection_cExport.cmake
[1.343s] -- Up-to-date: /home/papalist/tek_expo_demo_3_ws/install/bumperbot_msgs/share/bumperbot_msgs/cmake/bumperbot_msgs__rosidl_typesupport_introspection_cExport-noconfig.cmake
[1.343s] -- Up-to-date: /home/papalist/tek_expo_demo_3_ws/install/bumperbot_msgs/share/bumperbot_msgs/cmake/bumperbot_msgs__rosidl_typesupport_cExport.cmake
[1.343s] -- Up-to-date: /home/papalist/tek_expo_demo_3_ws/install/bumperbot_msgs/share/bumperbot_msgs/cmake/bumperbot_msgs__rosidl_typesupport_cExport-noconfig.cmake
[1.343s] -- Up-to-date: /home/papalist/tek_expo_demo_3_ws/install/bumperbot_msgs/share/bumperbot_msgs/cmake/bumperbot_msgs__rosidl_typesupport_introspection_cppExport.cmake
[1.343s] -- Up-to-date: /home/papalist/tek_expo_demo_3_ws/install/bumperbot_msgs/share/bumperbot_msgs/cmake/bumperbot_msgs__rosidl_typesupport_introspection_cppExport-noconfig.cmake
[1.343s] -- Up-to-date: /home/papalist/tek_expo_demo_3_ws/install/bumperbot_msgs/share/bumperbot_msgs/cmake/bumperbot_msgs__rosidl_typesupport_cppExport.cmake
[1.345s] -- Up-to-date: /home/papalist/tek_expo_demo_3_ws/install/bumperbot_msgs/share/bumperbot_msgs/cmake/bumperbot_msgs__rosidl_typesupport_cppExport-noconfig.cmake
[1.345s] -- Up-to-date: /home/papalist/tek_expo_demo_3_ws/install/bumperbot_msgs/share/bumperbot_msgs/cmake/export_bumperbot_msgs__rosidl_generator_pyExport.cmake
[1.345s] -- Up-to-date: /home/papalist/tek_expo_demo_3_ws/install/bumperbot_msgs/share/bumperbot_msgs/cmake/export_bumperbot_msgs__rosidl_generator_pyExport-noconfig.cmake
[1.345s] -- Up-to-date: /home/papalist/tek_expo_demo_3_ws/install/bumperbot_msgs/share/bumperbot_msgs/cmake/rosidl_cmake-extras.cmake
[1.345s] -- Up-to-date: /home/papalist/tek_expo_demo_3_ws/install/bumperbot_msgs/share/bumperbot_msgs/cmake/ament_cmake_export_dependencies-extras.cmake
[1.345s] -- Up-to-date: /home/papalist/tek_expo_demo_3_ws/install/bumperbot_msgs/share/bumperbot_msgs/cmake/ament_cmake_export_include_directories-extras.cmake
[1.346s] -- Up-to-date: /home/papalist/tek_expo_demo_3_ws/install/bumperbot_msgs/share/bumperbot_msgs/cmake/ament_cmake_export_libraries-extras.cmake
[1.346s] -- Up-to-date: /home/papalist/tek_expo_demo_3_ws/install/bumperbot_msgs/share/bumperbot_msgs/cmake/ament_cmake_export_targets-extras.cmake
[1.346s] -- Up-to-date: /home/papalist/tek_expo_demo_3_ws/install/bumperbot_msgs/share/bumperbot_msgs/cmake/rosidl_cmake_export_typesupport_targets-extras.cmake
[1.346s] -- Up-to-date: /home/papalist/tek_expo_demo_3_ws/install/bumperbot_msgs/share/bumperbot_msgs/cmake/rosidl_cmake_export_typesupport_libraries-extras.cmake
[1.346s] -- Up-to-date: /home/papalist/tek_expo_demo_3_ws/install/bumperbot_msgs/share/bumperbot_msgs/cmake/bumperbot_msgsConfig.cmake
[1.346s] -- Up-to-date: /home/papalist/tek_expo_demo_3_ws/install/bumperbot_msgs/share/bumperbot_msgs/cmake/bumperbot_msgsConfig-version.cmake
[1.346s] -- Up-to-date: /home/papalist/tek_expo_demo_3_ws/install/bumperbot_msgs/share/bumperbot_msgs/package.xml
[1.366s] Invoked command in '/home/papalist/tek_expo_demo_3_ws/build/bumperbot_msgs' returned '0': CMAKE_PREFIX_PATH=${CMAKE_PREFIX_PATH}:/opt/ros/jazzy DEBUGINFOD_URLS=https://debuginfod.ubuntu.com /usr/bin/cmake --install /home/papalist/tek_expo_demo_3_ws/build/bumperbot_msgs
