[0.045s] Invoking command in '/home/papalist/tek_expo_demo_3_ws/build/bumperbot_msgs': CMAKE_PREFIX_PATH=${CMAKE_PREFIX_PATH}:/opt/ros/jazzy DEBUGINFOD_URLS=https://debuginfod.ubuntu.com /usr/bin/cmake --build /home/papalist/tek_expo_demo_3_ws/build/bumperbot_msgs -- -j8 -l8
[0.168s] [  1%] Built target bumperbot_msgs__rosidl_generator_type_description
[0.196s] [  1%] Built target ament_cmake_python_copy_bumperbot_msgs
[0.225s] [  3%] Built target bumperbot_msgs__cpp
[0.228s] [ 24%] Built target bumperbot_msgs__rosidl_generator_c
[0.323s] [ 33%] Built target bumperbot_msgs__rosidl_typesupport_introspection_c
[0.332s] [ 42%] Built target bumperbot_msgs__rosidl_typesupport_cpp
[0.337s] [ 51%] Built target bumperbot_msgs__rosidl_typesupport_c
[0.339s] [ 61%] Built target bumperbot_msgs__rosidl_typesupport_fastrtps_c
[0.342s] [ 70%] Built target bumperbot_msgs__rosidl_typesupport_fastrtps_cpp
[0.343s] [ 79%] Built target bumperbot_msgs__rosidl_typesupport_introspection_cpp
[0.386s] [ 79%] Built target bumperbot_msgs
[0.432s] [ 81%] Built target bumperbot_msgs__py
[0.485s] [ 88%] Built target bumperbot_msgs__rosidl_generator_py
[0.554s] [ 92%] Built target bumperbot_msgs_s__rosidl_typesupport_fastrtps_c
[0.564s] [ 96%] Built target bumperbot_msgs_s__rosidl_typesupport_introspection_c
[0.564s] [100%] Built target bumperbot_msgs_s__rosidl_typesupport_c
[0.693s] running egg_info
[0.725s] writing bumperbot_msgs.egg-info/PKG-INFO
[0.726s] writing dependency_links to bumperbot_msgs.egg-info/dependency_links.txt
[0.726s] writing top-level names to bumperbot_msgs.egg-info/top_level.txt
[0.859s] reading manifest file 'bumperbot_msgs.egg-info/SOURCES.txt'
[0.860s] writing manifest file 'bumperbot_msgs.egg-info/SOURCES.txt'
[0.917s] [100%] Built target ament_cmake_python_build_bumperbot_msgs_egg
[0.949s] Invoked command in '/home/papalist/tek_expo_demo_3_ws/build/bumperbot_msgs' returned '0': CMAKE_PREFIX_PATH=${CMAKE_PREFIX_PATH}:/opt/ros/jazzy DEBUGINFOD_URLS=https://debuginfod.ubuntu.com /usr/bin/cmake --build /home/papalist/tek_expo_demo_3_ws/build/bumperbot_msgs -- -j8 -l8
[0.950s] Invoking command in '/home/papalist/tek_expo_demo_3_ws/build/bumperbot_msgs': CMAKE_PREFIX_PATH=${CMAKE_PREFIX_PATH}:/opt/ros/jazzy DEBUGINFOD_URLS=https://debuginfod.ubuntu.com /usr/bin/cmake --install /home/papalist/tek_expo_demo_3_ws/build/bumperbot_msgs
[0.984s] -- Install configuration: ""
[0.986s] -- Up-to-date: /home/papalist/tek_expo_demo_3_ws/install/bumperbot_msgs/share/ament_index/resource_index/rosidl_interfaces/bumperbot_msgs
[0.986s] -- Up-to-date: /home/papalist/tek_expo_demo_3_ws/install/bumperbot_msgs/share/bumperbot_msgs/action/Fibonacci.json
[0.986s] -- Up-to-date: /home/papalist/tek_expo_demo_3_ws/install/bumperbot_msgs/share/bumperbot_msgs/srv/AddTwoInts.json
[0.986s] -- Up-to-date: /home/papalist/tek_expo_demo_3_ws/install/bumperbot_msgs/share/bumperbot_msgs/srv/GetTransform.json
[0.986s] -- Up-to-date: /home/papalist/tek_expo_demo_3_ws/install/bumperbot_msgs/include/bumperbot_msgs/bumperbot_msgs
[0.986s] -- Up-to-date: /home/papalist/tek_expo_demo_3_ws/install/bumperbot_msgs/include/bumperbot_msgs/bumperbot_msgs/action
[0.987s] -- Up-to-date: /home/papalist/tek_expo_demo_3_ws/install/bumperbot_msgs/include/bumperbot_msgs/bumperbot_msgs/action/detail
[0.987s] -- Up-to-date: /home/papalist/tek_expo_demo_3_ws/install/bumperbot_msgs/include/bumperbot_msgs/bumperbot_msgs/action/detail/fibonacci__description.c
[0.987s] -- Up-to-date: /home/papalist/tek_expo_demo_3_ws/install/bumperbot_msgs/include/bumperbot_msgs/bumperbot_msgs/action/detail/fibonacci__type_support.h
[0.987s] -- Installing: /home/papalist/tek_expo_demo_3_ws/install/bumperbot_msgs/include/bumperbot_msgs/bumperbot_msgs/action/detail/fibonacci__type_support.c
[0.987s] -- Up-to-date: /home/papalist/tek_expo_demo_3_ws/install/bumperbot_msgs/include/bumperbot_msgs/bumperbot_msgs/action/detail/fibonacci__functions.c
[0.987s] -- Up-to-date: /home/papalist/tek_expo_demo_3_ws/install/bumperbot_msgs/include/bumperbot_msgs/bumperbot_msgs/action/detail/fibonacci__functions.h
[0.988s] -- Up-to-date: /home/papalist/tek_expo_demo_3_ws/install/bumperbot_msgs/include/bumperbot_msgs/bumperbot_msgs/action/detail/fibonacci__struct.h
[0.988s] -- Up-to-date: /home/papalist/tek_expo_demo_3_ws/install/bumperbot_msgs/include/bumperbot_msgs/bumperbot_msgs/action/fibonacci.h
[0.988s] -- Up-to-date: /home/papalist/tek_expo_demo_3_ws/install/bumperbot_msgs/include/bumperbot_msgs/bumperbot_msgs/msg
[0.988s] -- Up-to-date: /home/papalist/tek_expo_demo_3_ws/install/bumperbot_msgs/include/bumperbot_msgs/bumperbot_msgs/msg/rosidl_generator_c__visibility_control.h
[0.988s] -- Up-to-date: /home/papalist/tek_expo_demo_3_ws/install/bumperbot_msgs/include/bumperbot_msgs/bumperbot_msgs/srv
[0.988s] -- Up-to-date: /home/papalist/tek_expo_demo_3_ws/install/bumperbot_msgs/include/bumperbot_msgs/bumperbot_msgs/srv/get_transform.h
[0.988s] -- Up-to-date: /home/papalist/tek_expo_demo_3_ws/install/bumperbot_msgs/include/bumperbot_msgs/bumperbot_msgs/srv/add_two_ints.h
[0.988s] -- Up-to-date: /home/papalist/tek_expo_demo_3_ws/install/bumperbot_msgs/include/bumperbot_msgs/bumperbot_msgs/srv/detail
[0.990s] -- Up-to-date: /home/papalist/tek_expo_demo_3_ws/install/bumperbot_msgs/include/bumperbot_msgs/bumperbot_msgs/srv/detail/add_two_ints__functions.h
[0.990s] -- Up-to-date: /home/papalist/tek_expo_demo_3_ws/install/bumperbot_msgs/include/bumperbot_msgs/bumperbot_msgs/srv/detail/get_transform__struct.h
[0.990s] -- Up-to-date: /home/papalist/tek_expo_demo_3_ws/install/bumperbot_msgs/include/bumperbot_msgs/bumperbot_msgs/srv/detail/add_two_ints__description.c
[0.990s] -- Up-to-date: /home/papalist/tek_expo_demo_3_ws/install/bumperbot_msgs/include/bumperbot_msgs/bumperbot_msgs/srv/detail/add_two_ints__functions.c
[0.990s] -- Up-to-date: /home/papalist/tek_expo_demo_3_ws/install/bumperbot_msgs/include/bumperbot_msgs/bumperbot_msgs/srv/detail/add_two_ints__struct.h
[0.991s] -- Up-to-date: /home/papalist/tek_expo_demo_3_ws/install/bumperbot_msgs/include/bumperbot_msgs/bumperbot_msgs/srv/detail/get_transform__functions.c
[0.991s] -- Up-to-date: /home/papalist/tek_expo_demo_3_ws/install/bumperbot_msgs/include/bumperbot_msgs/bumperbot_msgs/srv/detail/get_transform__functions.h
[0.991s] -- Up-to-date: /home/papalist/tek_expo_demo_3_ws/install/bumperbot_msgs/include/bumperbot_msgs/bumperbot_msgs/srv/detail/add_two_ints__type_support.h
[0.992s] -- Up-to-date: /home/papalist/tek_expo_demo_3_ws/install/bumperbot_msgs/include/bumperbot_msgs/bumperbot_msgs/srv/detail/get_transform__description.c
[0.992s] -- Up-to-date: /home/papalist/tek_expo_demo_3_ws/install/bumperbot_msgs/include/bumperbot_msgs/bumperbot_msgs/srv/detail/get_transform__type_support.h
[0.992s] -- Installing: /home/papalist/tek_expo_demo_3_ws/install/bumperbot_msgs/include/bumperbot_msgs/bumperbot_msgs/srv/detail/add_two_ints__type_support.c
[0.992s] -- Installing: /home/papalist/tek_expo_demo_3_ws/install/bumperbot_msgs/include/bumperbot_msgs/bumperbot_msgs/srv/detail/get_transform__type_support.c
[0.992s] -- Up-to-date: /home/papalist/tek_expo_demo_3_ws/install/bumperbot_msgs/share/bumperbot_msgs/environment/library_path.sh
[0.993s] -- Up-to-date: /home/papalist/tek_expo_demo_3_ws/install/bumperbot_msgs/share/bumperbot_msgs/environment/library_path.dsv
[0.993s] -- Up-to-date: /home/papalist/tek_expo_demo_3_ws/install/bumperbot_msgs/lib/libbumperbot_msgs__rosidl_generator_c.so
[0.993s] -- Up-to-date: /home/papalist/tek_expo_demo_3_ws/install/bumperbot_msgs/include/bumperbot_msgs/bumperbot_msgs
[0.993s] -- Up-to-date: /home/papalist/tek_expo_demo_3_ws/install/bumperbot_msgs/include/bumperbot_msgs/bumperbot_msgs/action
[0.993s] -- Up-to-date: /home/papalist/tek_expo_demo_3_ws/install/bumperbot_msgs/include/bumperbot_msgs/bumperbot_msgs/action/detail
[0.993s] -- Up-to-date: /home/papalist/tek_expo_demo_3_ws/install/bumperbot_msgs/include/bumperbot_msgs/bumperbot_msgs/action/detail/fibonacci__rosidl_typesupport_fastrtps_c.h
[0.994s] -- Up-to-date: /home/papalist/tek_expo_demo_3_ws/install/bumperbot_msgs/include/bumperbot_msgs/bumperbot_msgs/msg
[0.994s] -- Up-to-date: /home/papalist/tek_expo_demo_3_ws/install/bumperbot_msgs/include/bumperbot_msgs/bumperbot_msgs/msg/rosidl_typesupport_fastrtps_c__visibility_control.h
[0.994s] -- Up-to-date: /home/papalist/tek_expo_demo_3_ws/install/bumperbot_msgs/include/bumperbot_msgs/bumperbot_msgs/srv
[0.994s] -- Up-to-date: /home/papalist/tek_expo_demo_3_ws/install/bumperbot_msgs/include/bumperbot_msgs/bumperbot_msgs/srv/detail
[0.994s] -- Up-to-date: /home/papalist/tek_expo_demo_3_ws/install/bumperbot_msgs/include/bumperbot_msgs/bumperbot_msgs/srv/detail/get_transform__rosidl_typesupport_fastrtps_c.h
[0.994s] -- Up-to-date: /home/papalist/tek_expo_demo_3_ws/install/bumperbot_msgs/include/bumperbot_msgs/bumperbot_msgs/srv/detail/add_two_ints__rosidl_typesupport_fastrtps_c.h
[0.994s] -- Up-to-date: /home/papalist/tek_expo_demo_3_ws/install/bumperbot_msgs/lib/libbumperbot_msgs__rosidl_typesupport_fastrtps_c.so
[0.995s] -- Up-to-date: /home/papalist/tek_expo_demo_3_ws/install/bumperbot_msgs/include/bumperbot_msgs/bumperbot_msgs
[0.995s] -- Up-to-date: /home/papalist/tek_expo_demo_3_ws/install/bumperbot_msgs/include/bumperbot_msgs/bumperbot_msgs/action
[0.995s] -- Up-to-date: /home/papalist/tek_expo_demo_3_ws/install/bumperbot_msgs/include/bumperbot_msgs/bumperbot_msgs/action/fibonacci.hpp
[0.995s] -- Up-to-date: /home/papalist/tek_expo_demo_3_ws/install/bumperbot_msgs/include/bumperbot_msgs/bumperbot_msgs/action/detail
[0.995s] -- Up-to-date: /home/papalist/tek_expo_demo_3_ws/install/bumperbot_msgs/include/bumperbot_msgs/bumperbot_msgs/action/detail/fibonacci__type_support.hpp
[0.995s] -- Up-to-date: /home/papalist/tek_expo_demo_3_ws/install/bumperbot_msgs/include/bumperbot_msgs/bumperbot_msgs/action/detail/fibonacci__struct.hpp
[0.996s] -- Up-to-date: /home/papalist/tek_expo_demo_3_ws/install/bumperbot_msgs/include/bumperbot_msgs/bumperbot_msgs/action/detail/fibonacci__builder.hpp
[0.996s] -- Up-to-date: /home/papalist/tek_expo_demo_3_ws/install/bumperbot_msgs/include/bumperbot_msgs/bumperbot_msgs/action/detail/fibonacci__traits.hpp
[0.996s] -- Up-to-date: /home/papalist/tek_expo_demo_3_ws/install/bumperbot_msgs/include/bumperbot_msgs/bumperbot_msgs/msg
[0.996s] -- Up-to-date: /home/papalist/tek_expo_demo_3_ws/install/bumperbot_msgs/include/bumperbot_msgs/bumperbot_msgs/msg/rosidl_generator_cpp__visibility_control.hpp
[0.996s] -- Up-to-date: /home/papalist/tek_expo_demo_3_ws/install/bumperbot_msgs/include/bumperbot_msgs/bumperbot_msgs/srv
[0.996s] -- Up-to-date: /home/papalist/tek_expo_demo_3_ws/install/bumperbot_msgs/include/bumperbot_msgs/bumperbot_msgs/srv/add_two_ints.hpp
[0.997s] -- Up-to-date: /home/papalist/tek_expo_demo_3_ws/install/bumperbot_msgs/include/bumperbot_msgs/bumperbot_msgs/srv/get_transform.hpp
[0.997s] -- Up-to-date: /home/papalist/tek_expo_demo_3_ws/install/bumperbot_msgs/include/bumperbot_msgs/bumperbot_msgs/srv/detail
[0.997s] -- Up-to-date: /home/papalist/tek_expo_demo_3_ws/install/bumperbot_msgs/include/bumperbot_msgs/bumperbot_msgs/srv/detail/add_two_ints__type_support.hpp
[0.998s] -- Up-to-date: /home/papalist/tek_expo_demo_3_ws/install/bumperbot_msgs/include/bumperbot_msgs/bumperbot_msgs/srv/detail/get_transform__struct.hpp
[0.998s] -- Up-to-date: /home/papalist/tek_expo_demo_3_ws/install/bumperbot_msgs/include/bumperbot_msgs/bumperbot_msgs/srv/detail/add_two_ints__builder.hpp
[0.998s] -- Up-to-date: /home/papalist/tek_expo_demo_3_ws/install/bumperbot_msgs/include/bumperbot_msgs/bumperbot_msgs/srv/detail/get_transform__traits.hpp
[0.998s] -- Up-to-date: /home/papalist/tek_expo_demo_3_ws/install/bumperbot_msgs/include/bumperbot_msgs/bumperbot_msgs/srv/detail/add_two_ints__traits.hpp
[0.998s] -- Up-to-date: /home/papalist/tek_expo_demo_3_ws/install/bumperbot_msgs/include/bumperbot_msgs/bumperbot_msgs/srv/detail/get_transform__builder.hpp
[0.999s] -- Up-to-date: /home/papalist/tek_expo_demo_3_ws/install/bumperbot_msgs/include/bumperbot_msgs/bumperbot_msgs/srv/detail/get_transform__type_support.hpp
[0.999s] -- Up-to-date: /home/papalist/tek_expo_demo_3_ws/install/bumperbot_msgs/include/bumperbot_msgs/bumperbot_msgs/srv/detail/add_two_ints__struct.hpp
[0.999s] -- Up-to-date: /home/papalist/tek_expo_demo_3_ws/install/bumperbot_msgs/include/bumperbot_msgs/bumperbot_msgs
[0.999s] -- Up-to-date: /home/papalist/tek_expo_demo_3_ws/install/bumperbot_msgs/include/bumperbot_msgs/bumperbot_msgs/action
[0.999s] -- Up-to-date: /home/papalist/tek_expo_demo_3_ws/install/bumperbot_msgs/include/bumperbot_msgs/bumperbot_msgs/action/detail
[1.000s] -- Up-to-date: /home/papalist/tek_expo_demo_3_ws/install/bumperbot_msgs/include/bumperbot_msgs/bumperbot_msgs/action/detail/dds_fastrtps
[1.000s] -- Up-to-date: /home/papalist/tek_expo_demo_3_ws/install/bumperbot_msgs/include/bumperbot_msgs/bumperbot_msgs/action/detail/fibonacci__rosidl_typesupport_fastrtps_cpp.hpp
[1.000s] -- Up-to-date: /home/papalist/tek_expo_demo_3_ws/install/bumperbot_msgs/include/bumperbot_msgs/bumperbot_msgs/msg
[1.000s] -- Up-to-date: /home/papalist/tek_expo_demo_3_ws/install/bumperbot_msgs/include/bumperbot_msgs/bumperbot_msgs/msg/rosidl_typesupport_fastrtps_cpp__visibility_control.h
[1.000s] -- Up-to-date: /home/papalist/tek_expo_demo_3_ws/install/bumperbot_msgs/include/bumperbot_msgs/bumperbot_msgs/srv
[1.001s] -- Up-to-date: /home/papalist/tek_expo_demo_3_ws/install/bumperbot_msgs/include/bumperbot_msgs/bumperbot_msgs/srv/detail
[1.001s] -- Up-to-date: /home/papalist/tek_expo_demo_3_ws/install/bumperbot_msgs/include/bumperbot_msgs/bumperbot_msgs/srv/detail/dds_fastrtps
[1.001s] -- Up-to-date: /home/papalist/tek_expo_demo_3_ws/install/bumperbot_msgs/include/bumperbot_msgs/bumperbot_msgs/srv/detail/add_two_ints__rosidl_typesupport_fastrtps_cpp.hpp
[1.001s] -- Up-to-date: /home/papalist/tek_expo_demo_3_ws/install/bumperbot_msgs/include/bumperbot_msgs/bumperbot_msgs/srv/detail/get_transform__rosidl_typesupport_fastrtps_cpp.hpp
[1.001s] -- Up-to-date: /home/papalist/tek_expo_demo_3_ws/install/bumperbot_msgs/lib/libbumperbot_msgs__rosidl_typesupport_fastrtps_cpp.so
[1.002s] -- Up-to-date: /home/papalist/tek_expo_demo_3_ws/install/bumperbot_msgs/include/bumperbot_msgs/bumperbot_msgs
[1.002s] -- Up-to-date: /home/papalist/tek_expo_demo_3_ws/install/bumperbot_msgs/include/bumperbot_msgs/bumperbot_msgs/action
[1.002s] -- Up-to-date: /home/papalist/tek_expo_demo_3_ws/install/bumperbot_msgs/include/bumperbot_msgs/bumperbot_msgs/action/detail
[1.002s] -- Installing: /home/papalist/tek_expo_demo_3_ws/install/bumperbot_msgs/include/bumperbot_msgs/bumperbot_msgs/action/detail/fibonacci__type_support.c
[1.002s] -- Up-to-date: /home/papalist/tek_expo_demo_3_ws/install/bumperbot_msgs/include/bumperbot_msgs/bumperbot_msgs/action/detail/fibonacci__rosidl_typesupport_introspection_c.h
[1.002s] -- Up-to-date: /home/papalist/tek_expo_demo_3_ws/install/bumperbot_msgs/include/bumperbot_msgs/bumperbot_msgs/msg
[1.003s] -- Up-to-date: /home/papalist/tek_expo_demo_3_ws/install/bumperbot_msgs/include/bumperbot_msgs/bumperbot_msgs/msg/rosidl_typesupport_introspection_c__visibility_control.h
[1.003s] -- Up-to-date: /home/papalist/tek_expo_demo_3_ws/install/bumperbot_msgs/include/bumperbot_msgs/bumperbot_msgs/srv
[1.003s] -- Up-to-date: /home/papalist/tek_expo_demo_3_ws/install/bumperbot_msgs/include/bumperbot_msgs/bumperbot_msgs/srv/detail
[1.003s] -- Up-to-date: /home/papalist/tek_expo_demo_3_ws/install/bumperbot_msgs/include/bumperbot_msgs/bumperbot_msgs/srv/detail/get_transform__rosidl_typesupport_introspection_c.h
[1.003s] -- Up-to-date: /home/papalist/tek_expo_demo_3_ws/install/bumperbot_msgs/include/bumperbot_msgs/bumperbot_msgs/srv/detail/add_two_ints__rosidl_typesupport_introspection_c.h
[1.003s] -- Installing: /home/papalist/tek_expo_demo_3_ws/install/bumperbot_msgs/include/bumperbot_msgs/bumperbot_msgs/srv/detail/add_two_ints__type_support.c
[1.004s] -- Installing: /home/papalist/tek_expo_demo_3_ws/install/bumperbot_msgs/include/bumperbot_msgs/bumperbot_msgs/srv/detail/get_transform__type_support.c
[1.004s] -- Up-to-date: /home/papalist/tek_expo_demo_3_ws/install/bumperbot_msgs/lib/libbumperbot_msgs__rosidl_typesupport_introspection_c.so
[1.004s] -- Up-to-date: /home/papalist/tek_expo_demo_3_ws/install/bumperbot_msgs/lib/libbumperbot_msgs__rosidl_typesupport_c.so
[1.004s] -- Up-to-date: /home/papalist/tek_expo_demo_3_ws/install/bumperbot_msgs/include/bumperbot_msgs/bumperbot_msgs
[1.004s] -- Up-to-date: /home/papalist/tek_expo_demo_3_ws/install/bumperbot_msgs/include/bumperbot_msgs/bumperbot_msgs/action
[1.004s] -- Up-to-date: /home/papalist/tek_expo_demo_3_ws/install/bumperbot_msgs/include/bumperbot_msgs/bumperbot_msgs/action/detail
[1.008s] -- Up-to-date: /home/papalist/tek_expo_demo_3_ws/install/bumperbot_msgs/include/bumperbot_msgs/bumperbot_msgs/action/detail/fibonacci__type_support.cpp
[1.008s] -- Up-to-date: /home/papalist/tek_expo_demo_3_ws/install/bumperbot_msgs/include/bumperbot_msgs/bumperbot_msgs/action/detail/fibonacci__rosidl_typesupport_introspection_cpp.hpp
[1.009s] -- Up-to-date: /home/papalist/tek_expo_demo_3_ws/install/bumperbot_msgs/include/bumperbot_msgs/bumperbot_msgs/srv
[1.015s] -- Up-to-date: /home/papalist/tek_expo_demo_3_ws/install/bumperbot_msgs/include/bumperbot_msgs/bumperbot_msgs/srv/detail
[1.015s] -- Up-to-date: /home/papalist/tek_expo_demo_3_ws/install/bumperbot_msgs/include/bumperbot_msgs/bumperbot_msgs/srv/detail/add_two_ints__rosidl_typesupport_introspection_cpp.hpp
[1.015s] -- Up-to-date: /home/papalist/tek_expo_demo_3_ws/install/bumperbot_msgs/include/bumperbot_msgs/bumperbot_msgs/srv/detail/get_transform__type_support.cpp
[1.015s] -- Up-to-date: /home/papalist/tek_expo_demo_3_ws/install/bumperbot_msgs/include/bumperbot_msgs/bumperbot_msgs/srv/detail/get_transform__rosidl_typesupport_introspection_cpp.hpp
[1.016s] -- Up-to-date: /home/papalist/tek_expo_demo_3_ws/install/bumperbot_msgs/include/bumperbot_msgs/bumperbot_msgs/srv/detail/add_two_ints__type_support.cpp
[1.016s] -- Up-to-date: /home/papalist/tek_expo_demo_3_ws/install/bumperbot_msgs/lib/libbumperbot_msgs__rosidl_typesupport_introspection_cpp.so
[1.016s] -- Up-to-date: /home/papalist/tek_expo_demo_3_ws/install/bumperbot_msgs/lib/libbumperbot_msgs__rosidl_typesupport_cpp.so
[1.016s] -- Up-to-date: /home/papalist/tek_expo_demo_3_ws/install/bumperbot_msgs/share/bumperbot_msgs/environment/pythonpath.sh
[1.016s] -- Up-to-date: /home/papalist/tek_expo_demo_3_ws/install/bumperbot_msgs/share/bumperbot_msgs/environment/pythonpath.dsv
[1.016s] -- Up-to-date: /home/papalist/tek_expo_demo_3_ws/install/bumperbot_msgs/lib/python3.12/site-packages/bumperbot_msgs-0.0.0-py3.12.egg-info
[1.017s] -- Installing: /home/papalist/tek_expo_demo_3_ws/install/bumperbot_msgs/lib/python3.12/site-packages/bumperbot_msgs-0.0.0-py3.12.egg-info/dependency_links.txt
[1.017s] -- Installing: /home/papalist/tek_expo_demo_3_ws/install/bumperbot_msgs/lib/python3.12/site-packages/bumperbot_msgs-0.0.0-py3.12.egg-info/top_level.txt
[1.018s] -- Installing: /home/papalist/tek_expo_demo_3_ws/install/bumperbot_msgs/lib/python3.12/site-packages/bumperbot_msgs-0.0.0-py3.12.egg-info/SOURCES.txt
[1.018s] -- Installing: /home/papalist/tek_expo_demo_3_ws/install/bumperbot_msgs/lib/python3.12/site-packages/bumperbot_msgs-0.0.0-py3.12.egg-info/PKG-INFO
[1.018s] -- Up-to-date: /home/papalist/tek_expo_demo_3_ws/install/bumperbot_msgs/lib/python3.12/site-packages/bumperbot_msgs
[1.018s] -- Up-to-date: /home/papalist/tek_expo_demo_3_ws/install/bumperbot_msgs/lib/python3.12/site-packages/bumperbot_msgs/bumperbot_msgs_s__rosidl_typesupport_fastrtps_c.so
[1.018s] -- Up-to-date: /home/papalist/tek_expo_demo_3_ws/install/bumperbot_msgs/lib/python3.12/site-packages/bumperbot_msgs/bumperbot_msgs_s__rosidl_typesupport_introspection_c.so
[1.019s] -- Up-to-date: /home/papalist/tek_expo_demo_3_ws/install/bumperbot_msgs/lib/python3.12/site-packages/bumperbot_msgs/__init__.py
[1.019s] -- Up-to-date: /home/papalist/tek_expo_demo_3_ws/install/bumperbot_msgs/lib/python3.12/site-packages/bumperbot_msgs/_bumperbot_msgs_s.ep.rosidl_typesupport_fastrtps_c.c
[1.019s] -- Up-to-date: /home/papalist/tek_expo_demo_3_ws/install/bumperbot_msgs/lib/python3.12/site-packages/bumperbot_msgs/_bumperbot_msgs_s.ep.rosidl_typesupport_c.c
[1.019s] -- Up-to-date: /home/papalist/tek_expo_demo_3_ws/install/bumperbot_msgs/lib/python3.12/site-packages/bumperbot_msgs/action
[1.019s] -- Up-to-date: /home/papalist/tek_expo_demo_3_ws/install/bumperbot_msgs/lib/python3.12/site-packages/bumperbot_msgs/action/__init__.py
[1.020s] -- Up-to-date: /home/papalist/tek_expo_demo_3_ws/install/bumperbot_msgs/lib/python3.12/site-packages/bumperbot_msgs/action/_fibonacci_s.c
[1.020s] -- Up-to-date: /home/papalist/tek_expo_demo_3_ws/install/bumperbot_msgs/lib/python3.12/site-packages/bumperbot_msgs/action/_fibonacci.py
[1.020s] -- Up-to-date: /home/papalist/tek_expo_demo_3_ws/install/bumperbot_msgs/lib/python3.12/site-packages/bumperbot_msgs/bumperbot_msgs_s__rosidl_typesupport_c.so
[1.020s] -- Up-to-date: /home/papalist/tek_expo_demo_3_ws/install/bumperbot_msgs/lib/python3.12/site-packages/bumperbot_msgs/srv
[1.020s] -- Up-to-date: /home/papalist/tek_expo_demo_3_ws/install/bumperbot_msgs/lib/python3.12/site-packages/bumperbot_msgs/srv/__init__.py
[1.021s] -- Up-to-date: /home/papalist/tek_expo_demo_3_ws/install/bumperbot_msgs/lib/python3.12/site-packages/bumperbot_msgs/srv/_get_transform_s.c
[1.021s] -- Up-to-date: /home/papalist/tek_expo_demo_3_ws/install/bumperbot_msgs/lib/python3.12/site-packages/bumperbot_msgs/srv/_get_transform.py
[1.021s] -- Up-to-date: /home/papalist/tek_expo_demo_3_ws/install/bumperbot_msgs/lib/python3.12/site-packages/bumperbot_msgs/srv/_add_two_ints_s.c
[1.021s] -- Up-to-date: /home/papalist/tek_expo_demo_3_ws/install/bumperbot_msgs/lib/python3.12/site-packages/bumperbot_msgs/srv/_add_two_ints.py
[1.021s] -- Up-to-date: /home/papalist/tek_expo_demo_3_ws/install/bumperbot_msgs/lib/python3.12/site-packages/bumperbot_msgs/_bumperbot_msgs_s.ep.rosidl_typesupport_introspection_c.c
[1.061s] Listing '/home/papalist/tek_expo_demo_3_ws/install/bumperbot_msgs/lib/python3.12/site-packages/bumperbot_msgs'...
[1.061s] Listing '/home/papalist/tek_expo_demo_3_ws/install/bumperbot_msgs/lib/python3.12/site-packages/bumperbot_msgs/action'...
[1.061s] Listing '/home/papalist/tek_expo_demo_3_ws/install/bumperbot_msgs/lib/python3.12/site-packages/bumperbot_msgs/srv'...
[1.071s] -- Up-to-date: /home/papalist/tek_expo_demo_3_ws/install/bumperbot_msgs/lib/python3.12/site-packages/bumperbot_msgs/bumperbot_msgs_s__rosidl_typesupport_fastrtps_c.so
[1.072s] -- Up-to-date: /home/papalist/tek_expo_demo_3_ws/install/bumperbot_msgs/lib/python3.12/site-packages/bumperbot_msgs/bumperbot_msgs_s__rosidl_typesupport_introspection_c.so
[1.073s] -- Up-to-date: /home/papalist/tek_expo_demo_3_ws/install/bumperbot_msgs/lib/python3.12/site-packages/bumperbot_msgs/bumperbot_msgs_s__rosidl_typesupport_c.so
[1.074s] -- Up-to-date: /home/papalist/tek_expo_demo_3_ws/install/bumperbot_msgs/lib/libbumperbot_msgs__rosidl_generator_py.so
[1.074s] -- Up-to-date: /home/papalist/tek_expo_demo_3_ws/install/bumperbot_msgs/share/bumperbot_msgs/action/Fibonacci.idl
[1.076s] -- Up-to-date: /home/papalist/tek_expo_demo_3_ws/install/bumperbot_msgs/share/bumperbot_msgs/srv/AddTwoInts.idl
[1.076s] -- Up-to-date: /home/papalist/tek_expo_demo_3_ws/install/bumperbot_msgs/share/bumperbot_msgs/srv/GetTransform.idl
[1.076s] -- Up-to-date: /home/papalist/tek_expo_demo_3_ws/install/bumperbot_msgs/share/bumperbot_msgs/action/Fibonacci.action
[1.076s] -- Up-to-date: /home/papalist/tek_expo_demo_3_ws/install/bumperbot_msgs/share/bumperbot_msgs/srv/AddTwoInts.srv
[1.077s] -- Up-to-date: /home/papalist/tek_expo_demo_3_ws/install/bumperbot_msgs/share/bumperbot_msgs/srv/GetTransform.srv
[1.077s] -- Up-to-date: /home/papalist/tek_expo_demo_3_ws/install/bumperbot_msgs/share/ament_index/resource_index/package_run_dependencies/bumperbot_msgs
[1.077s] -- Up-to-date: /home/papalist/tek_expo_demo_3_ws/install/bumperbot_msgs/share/ament_index/resource_index/parent_prefix_path/bumperbot_msgs
[1.077s] -- Up-to-date: /home/papalist/tek_expo_demo_3_ws/install/bumperbot_msgs/share/bumperbot_msgs/environment/ament_prefix_path.sh
[1.077s] -- Up-to-date: /home/papalist/tek_expo_demo_3_ws/install/bumperbot_msgs/share/bumperbot_msgs/environment/ament_prefix_path.dsv
[1.078s] -- Up-to-date: /home/papalist/tek_expo_demo_3_ws/install/bumperbot_msgs/share/bumperbot_msgs/environment/path.sh
[1.078s] -- Up-to-date: /home/papalist/tek_expo_demo_3_ws/install/bumperbot_msgs/share/bumperbot_msgs/environment/path.dsv
[1.078s] -- Up-to-date: /home/papalist/tek_expo_demo_3_ws/install/bumperbot_msgs/share/bumperbot_msgs/local_setup.bash
[1.078s] -- Up-to-date: /home/papalist/tek_expo_demo_3_ws/install/bumperbot_msgs/share/bumperbot_msgs/local_setup.sh
[1.079s] -- Up-to-date: /home/papalist/tek_expo_demo_3_ws/install/bumperbot_msgs/share/bumperbot_msgs/local_setup.zsh
[1.079s] -- Up-to-date: /home/papalist/tek_expo_demo_3_ws/install/bumperbot_msgs/share/bumperbot_msgs/local_setup.dsv
[1.079s] -- Installing: /home/papalist/tek_expo_demo_3_ws/install/bumperbot_msgs/share/bumperbot_msgs/package.dsv
[1.085s] -- Up-to-date: /home/papalist/tek_expo_demo_3_ws/install/bumperbot_msgs/share/ament_index/resource_index/packages/bumperbot_msgs
[1.085s] -- Up-to-date: /home/papalist/tek_expo_demo_3_ws/install/bumperbot_msgs/share/bumperbot_msgs/cmake/export_bumperbot_msgs__rosidl_generator_cExport.cmake
[1.085s] -- Up-to-date: /home/papalist/tek_expo_demo_3_ws/install/bumperbot_msgs/share/bumperbot_msgs/cmake/export_bumperbot_msgs__rosidl_generator_cExport-noconfig.cmake
[1.085s] -- Up-to-date: /home/papalist/tek_expo_demo_3_ws/install/bumperbot_msgs/share/bumperbot_msgs/cmake/export_bumperbot_msgs__rosidl_typesupport_fastrtps_cExport.cmake
[1.085s] -- Up-to-date: /home/papalist/tek_expo_demo_3_ws/install/bumperbot_msgs/share/bumperbot_msgs/cmake/export_bumperbot_msgs__rosidl_typesupport_fastrtps_cExport-noconfig.cmake
[1.086s] -- Up-to-date: /home/papalist/tek_expo_demo_3_ws/install/bumperbot_msgs/share/bumperbot_msgs/cmake/export_bumperbot_msgs__rosidl_generator_cppExport.cmake
[1.086s] -- Up-to-date: /home/papalist/tek_expo_demo_3_ws/install/bumperbot_msgs/share/bumperbot_msgs/cmake/export_bumperbot_msgs__rosidl_typesupport_fastrtps_cppExport.cmake
[1.086s] -- Up-to-date: /home/papalist/tek_expo_demo_3_ws/install/bumperbot_msgs/share/bumperbot_msgs/cmake/export_bumperbot_msgs__rosidl_typesupport_fastrtps_cppExport-noconfig.cmake
[1.086s] -- Up-to-date: /home/papalist/tek_expo_demo_3_ws/install/bumperbot_msgs/share/bumperbot_msgs/cmake/bumperbot_msgs__rosidl_typesupport_introspection_cExport.cmake
[1.086s] -- Up-to-date: /home/papalist/tek_expo_demo_3_ws/install/bumperbot_msgs/share/bumperbot_msgs/cmake/bumperbot_msgs__rosidl_typesupport_introspection_cExport-noconfig.cmake
[1.086s] -- Up-to-date: /home/papalist/tek_expo_demo_3_ws/install/bumperbot_msgs/share/bumperbot_msgs/cmake/bumperbot_msgs__rosidl_typesupport_cExport.cmake
[1.087s] -- Up-to-date: /home/papalist/tek_expo_demo_3_ws/install/bumperbot_msgs/share/bumperbot_msgs/cmake/bumperbot_msgs__rosidl_typesupport_cExport-noconfig.cmake
[1.087s] -- Up-to-date: /home/papalist/tek_expo_demo_3_ws/install/bumperbot_msgs/share/bumperbot_msgs/cmake/bumperbot_msgs__rosidl_typesupport_introspection_cppExport.cmake
[1.087s] -- Up-to-date: /home/papalist/tek_expo_demo_3_ws/install/bumperbot_msgs/share/bumperbot_msgs/cmake/bumperbot_msgs__rosidl_typesupport_introspection_cppExport-noconfig.cmake
[1.087s] -- Up-to-date: /home/papalist/tek_expo_demo_3_ws/install/bumperbot_msgs/share/bumperbot_msgs/cmake/bumperbot_msgs__rosidl_typesupport_cppExport.cmake
[1.087s] -- Up-to-date: /home/papalist/tek_expo_demo_3_ws/install/bumperbot_msgs/share/bumperbot_msgs/cmake/bumperbot_msgs__rosidl_typesupport_cppExport-noconfig.cmake
[1.087s] -- Up-to-date: /home/papalist/tek_expo_demo_3_ws/install/bumperbot_msgs/share/bumperbot_msgs/cmake/export_bumperbot_msgs__rosidl_generator_pyExport.cmake
[1.088s] -- Up-to-date: /home/papalist/tek_expo_demo_3_ws/install/bumperbot_msgs/share/bumperbot_msgs/cmake/export_bumperbot_msgs__rosidl_generator_pyExport-noconfig.cmake
[1.092s] -- Up-to-date: /home/papalist/tek_expo_demo_3_ws/install/bumperbot_msgs/share/bumperbot_msgs/cmake/rosidl_cmake-extras.cmake
[1.092s] -- Up-to-date: /home/papalist/tek_expo_demo_3_ws/install/bumperbot_msgs/share/bumperbot_msgs/cmake/ament_cmake_export_dependencies-extras.cmake
[1.092s] -- Up-to-date: /home/papalist/tek_expo_demo_3_ws/install/bumperbot_msgs/share/bumperbot_msgs/cmake/ament_cmake_export_include_directories-extras.cmake
[1.092s] -- Up-to-date: /home/papalist/tek_expo_demo_3_ws/install/bumperbot_msgs/share/bumperbot_msgs/cmake/ament_cmake_export_libraries-extras.cmake
[1.093s] -- Up-to-date: /home/papalist/tek_expo_demo_3_ws/install/bumperbot_msgs/share/bumperbot_msgs/cmake/ament_cmake_export_targets-extras.cmake
[1.093s] -- Up-to-date: /home/papalist/tek_expo_demo_3_ws/install/bumperbot_msgs/share/bumperbot_msgs/cmake/rosidl_cmake_export_typesupport_targets-extras.cmake
[1.093s] -- Up-to-date: /home/papalist/tek_expo_demo_3_ws/install/bumperbot_msgs/share/bumperbot_msgs/cmake/rosidl_cmake_export_typesupport_libraries-extras.cmake
[1.093s] -- Up-to-date: /home/papalist/tek_expo_demo_3_ws/install/bumperbot_msgs/share/bumperbot_msgs/cmake/bumperbot_msgsConfig.cmake
[1.093s] -- Up-to-date: /home/papalist/tek_expo_demo_3_ws/install/bumperbot_msgs/share/bumperbot_msgs/cmake/bumperbot_msgsConfig-version.cmake
[1.093s] -- Up-to-date: /home/papalist/tek_expo_demo_3_ws/install/bumperbot_msgs/share/bumperbot_msgs/package.xml
[1.103s] Invoked command in '/home/papalist/tek_expo_demo_3_ws/build/bumperbot_msgs' returned '0': CMAKE_PREFIX_PATH=${CMAKE_PREFIX_PATH}:/opt/ros/jazzy DEBUGINFOD_URLS=https://debuginfod.ubuntu.com /usr/bin/cmake --install /home/papalist/tek_expo_demo_3_ws/build/bumperbot_msgs
