[0.063s] Invoking command in '/home/papalist/tek_expo_demo_3_ws/build/rf2o_laser_odometry': CMAKE_PREFIX_PATH=${CMAKE_PREFIX_PATH}:/opt/ros/jazzy DEBUGINFOD_URLS=https://debuginfod.ubuntu.com /usr/bin/cmake /home/papalist/tek_expo_demo_3_ws/src/rf2o_laser_odometry -DCMAKE_INSTALL_PREFIX=/home/papalist/tek_expo_demo_3_ws/install/rf2o_laser_odometry
[2.850s] -- The C compiler identification is GNU 13.3.0
[2.850s] -- The CXX compiler identification is GNU 13.3.0
[2.850s] -- Detecting C compiler ABI info
[2.850s] -- Detecting C compiler ABI info - done
[2.850s] -- Check for working C compiler: /usr/bin/cc - skipped
[2.851s] -- Detecting C compile features
[2.851s] -- Detecting C compile features - done
[2.851s] -- Detecting CXX compiler ABI info
[2.851s] -- Detecting CXX compiler ABI info - done
[2.852s] -- Check for working CXX compiler: /usr/bin/c++ - skipped
[2.852s] -- Detecting CXX compile features
[2.852s] -- Detecting CXX compile features - done
[2.853s] -- Found ament_cmake: 2.5.2 (/opt/ros/jazzy/share/ament_cmake/cmake)
[2.853s] -- Found Python3: /usr/bin/python3 (found version "3.12.3") found components: Interpreter 
[2.853s] -- Found rclcpp: 28.1.5 (/opt/ros/jazzy/share/rclcpp/cmake)
[2.853s] -- Found rosidl_generator_c: 4.6.4 (/opt/ros/jazzy/share/rosidl_generator_c/cmake)
[2.853s] -- Found rosidl_generator_cpp: 4.6.4 (/opt/ros/jazzy/share/rosidl_generator_cpp/cmake)
[2.853s] -- Using all available rosidl_typesupport_c: rosidl_typesupport_fastrtps_c;rosidl_typesupport_introspection_c
[2.853s] -- Using all available rosidl_typesupport_cpp: rosidl_typesupport_fastrtps_cpp;rosidl_typesupport_introspection_cpp
[2.854s] -- Found rmw_implementation_cmake: 7.3.1 (/opt/ros/jazzy/share/rmw_implementation_cmake/cmake)
[2.854s] -- Found rmw_fastrtps_cpp: 8.4.1 (/opt/ros/jazzy/share/rmw_fastrtps_cpp/cmake)
[2.854s] -- Found OpenSSL: /usr/lib/x86_64-linux-gnu/libcrypto.so (found version "3.0.13")  
[2.854s] -- Found FastRTPS: /opt/ros/jazzy/include (Required is at least version "2.13") 
[2.854s] -- Using RMW implementation 'rmw_fastrtps_cpp' as default
[2.854s] -- Found std_msgs: 5.3.5 (/opt/ros/jazzy/share/std_msgs/cmake)
[2.855s] -- Found geometry_msgs: 5.3.5 (/opt/ros/jazzy/share/geometry_msgs/cmake)
[2.855s] -- Found tf2_geometry_msgs: 0.36.4 (/opt/ros/jazzy/share/tf2_geometry_msgs/cmake)
[2.855s] -- Found eigen3_cmake_module: 0.3.0 (/opt/ros/jazzy/share/eigen3_cmake_module/cmake)
[2.855s] -- Found Eigen3: TRUE (found version "3.4.0") 
[2.856s] -- Ensuring Eigen3 include directory is part of orocos-kdl CMake target
[3.079s] -- Found sensor_msgs: 5.3.5 (/opt/ros/jazzy/share/sensor_msgs/cmake)
[3.122s] -- Found nav_msgs: 5.3.5 (/opt/ros/jazzy/share/nav_msgs/cmake)
[3.198s] -- Found Boost: /usr/lib/x86_64-linux-gnu/cmake/Boost-1.83.0/BoostConfig.cmake (found version "1.83.0")  
[3.390s] -- Configuring done (3.3s)
[3.439s] -- Generating done (0.0s)
[3.451s] -- Build files have been written to: /home/papalist/tek_expo_demo_3_ws/build/rf2o_laser_odometry
[3.551s] Invoked command in '/home/papalist/tek_expo_demo_3_ws/build/rf2o_laser_odometry' returned '0': CMAKE_PREFIX_PATH=${CMAKE_PREFIX_PATH}:/opt/ros/jazzy DEBUGINFOD_URLS=https://debuginfod.ubuntu.com /usr/bin/cmake /home/papalist/tek_expo_demo_3_ws/src/rf2o_laser_odometry -DCMAKE_INSTALL_PREFIX=/home/papalist/tek_expo_demo_3_ws/install/rf2o_laser_odometry
[3.552s] Invoking command in '/home/papalist/tek_expo_demo_3_ws/build/rf2o_laser_odometry': CMAKE_PREFIX_PATH=${CMAKE_PREFIX_PATH}:/opt/ros/jazzy DEBUGINFOD_URLS=https://debuginfod.ubuntu.com /usr/bin/cmake --build /home/papalist/tek_expo_demo_3_ws/build/rf2o_laser_odometry -- -j8 -l8
[3.725s] [ 20%] [32mBuilding CXX object CMakeFiles/rf2o_laser_odometry_node.dir/src/CLaserOdometry2DNode.cpp.o[0m
[3.734s] [ 40%] [32mBuilding CXX object CMakeFiles/rf2o_laser_odometry.dir/src/CLaserOdometry2D.cpp.o[0m
[3.734s] [ 60%] [32mBuilding CXX object CMakeFiles/rf2o_laser_odometry_node.dir/src/CLaserOdometry2D.cpp.o[0m
[31.298s] [ 80%] [32m[1mLinking CXX static library librf2o_laser_odometry.a[0m
[31.597s] [ 80%] Built target rf2o_laser_odometry
[32.847s] [100%] [32m[1mLinking CXX executable rf2o_laser_odometry_node[0m
[34.010s] [100%] Built target rf2o_laser_odometry_node
