[0.050s] Invoking command in '/home/papalist/tek_expo_demo_3_ws/build/bumperbot_controller': CMAKE_PREFIX_PATH=${CMAKE_PREFIX_PATH}:/opt/ros/jazzy DEBUGINFOD_URLS=https://debuginfod.ubuntu.com /usr/bin/cmake --build /home/papalist/tek_expo_demo_3_ws/build/bumperbot_controller -- -j8 -l8
[0.223s] Built target ament_cmake_python_copy_bumperbot_controller
[0.703s] running egg_info
[0.736s] writing bumperbot_controller.egg-info/PKG-INFO
[0.738s] writing dependency_links to bumperbot_controller.egg-info/dependency_links.txt
[0.738s] writing top-level names to bumperbot_controller.egg-info/top_level.txt
[0.845s] reading manifest file 'bumperbot_controller.egg-info/SOURCES.txt'
[0.846s] writing manifest file 'bumperbot_controller.egg-info/SOURCES.txt'
[0.889s] Built target ament_cmake_python_build_bumperbot_controller_egg
[0.908s] Invoked command in '/home/papalist/tek_expo_demo_3_ws/build/bumperbot_controller' returned '0': CMAKE_PREFIX_PATH=${CMAKE_PREFIX_PATH}:/opt/ros/jazzy DEBUGINFOD_URLS=https://debuginfod.ubuntu.com /usr/bin/cmake --build /home/papalist/tek_expo_demo_3_ws/build/bumperbot_controller -- -j8 -l8
[0.910s] Invoking command in '/home/papalist/tek_expo_demo_3_ws/build/bumperbot_controller': CMAKE_PREFIX_PATH=${CMAKE_PREFIX_PATH}:/opt/ros/jazzy DEBUGINFOD_URLS=https://debuginfod.ubuntu.com /usr/bin/cmake --install /home/papalist/tek_expo_demo_3_ws/build/bumperbot_controller
[0.928s] -- Install configuration: ""
[0.929s] -- Up-to-date: /home/papalist/tek_expo_demo_3_ws/install/bumperbot_controller/share/bumperbot_controller/environment/pythonpath.sh
[0.929s] -- Up-to-date: /home/papalist/tek_expo_demo_3_ws/install/bumperbot_controller/share/bumperbot_controller/environment/pythonpath.dsv
[0.929s] -- Up-to-date: /home/papalist/tek_expo_demo_3_ws/install/bumperbot_controller/lib/python3.12/site-packages/bumperbot_controller-0.0.0-py3.12.egg-info
[0.929s] -- Installing: /home/papalist/tek_expo_demo_3_ws/install/bumperbot_controller/lib/python3.12/site-packages/bumperbot_controller-0.0.0-py3.12.egg-info/dependency_links.txt
[0.930s] -- Installing: /home/papalist/tek_expo_demo_3_ws/install/bumperbot_controller/lib/python3.12/site-packages/bumperbot_controller-0.0.0-py3.12.egg-info/top_level.txt
[0.930s] -- Installing: /home/papalist/tek_expo_demo_3_ws/install/bumperbot_controller/lib/python3.12/site-packages/bumperbot_controller-0.0.0-py3.12.egg-info/SOURCES.txt
[0.930s] -- Installing: /home/papalist/tek_expo_demo_3_ws/install/bumperbot_controller/lib/python3.12/site-packages/bumperbot_controller-0.0.0-py3.12.egg-info/PKG-INFO
[0.933s] -- Up-to-date: /home/papalist/tek_expo_demo_3_ws/install/bumperbot_controller/lib/python3.12/site-packages/bumperbot_controller
[0.933s] -- Up-to-date: /home/papalist/tek_expo_demo_3_ws/install/bumperbot_controller/lib/python3.12/site-packages/bumperbot_controller/__init__.py
[0.933s] -- Up-to-date: /home/papalist/tek_expo_demo_3_ws/install/bumperbot_controller/lib/python3.12/site-packages/bumperbot_controller/twist_relay.py
[0.990s] Listing '/home/papalist/tek_expo_demo_3_ws/install/bumperbot_controller/lib/python3.12/site-packages/bumperbot_controller'...
[0.996s] -- Up-to-date: /home/papalist/tek_expo_demo_3_ws/install/bumperbot_controller/share/bumperbot_controller/launch
[0.998s] -- Up-to-date: /home/papalist/tek_expo_demo_3_ws/install/bumperbot_controller/share/bumperbot_controller/launch/controller.launch.py
[0.999s] -- Up-to-date: /home/papalist/tek_expo_demo_3_ws/install/bumperbot_controller/share/bumperbot_controller/launch/joystick_teleop.launch.py
[0.999s] -- Up-to-date: /home/papalist/tek_expo_demo_3_ws/install/bumperbot_controller/share/bumperbot_controller/config
[1.000s] -- Installing: /home/papalist/tek_expo_demo_3_ws/install/bumperbot_controller/share/bumperbot_controller/config/twist_mux_joy.yaml
[1.001s] -- Up-to-date: /home/papalist/tek_expo_demo_3_ws/install/bumperbot_controller/share/bumperbot_controller/config/twist_mux_locks.yaml
[1.001s] -- Up-to-date: /home/papalist/tek_expo_demo_3_ws/install/bumperbot_controller/share/bumperbot_controller/config/joy_teleop.yaml
[1.002s] -- Up-to-date: /home/papalist/tek_expo_demo_3_ws/install/bumperbot_controller/share/bumperbot_controller/config/twist_mux_topics.yaml
[1.002s] -- Installing: /home/papalist/tek_expo_demo_3_ws/install/bumperbot_controller/share/bumperbot_controller/config/bumperbot_controllers.yaml
[1.003s] -- Up-to-date: /home/papalist/tek_expo_demo_3_ws/install/bumperbot_controller/share/bumperbot_controller/config/joy_config.yaml
[1.005s] -- Up-to-date: /home/papalist/tek_expo_demo_3_ws/install/bumperbot_controller/lib/bumperbot_controller/twist_relay.py
[1.005s] -- Up-to-date: /home/papalist/tek_expo_demo_3_ws/install/bumperbot_controller/share/ament_index/resource_index/package_run_dependencies/bumperbot_controller
[1.005s] -- Up-to-date: /home/papalist/tek_expo_demo_3_ws/install/bumperbot_controller/share/ament_index/resource_index/parent_prefix_path/bumperbot_controller
[1.006s] -- Up-to-date: /home/papalist/tek_expo_demo_3_ws/install/bumperbot_controller/share/bumperbot_controller/environment/ament_prefix_path.sh
[1.006s] -- Up-to-date: /home/papalist/tek_expo_demo_3_ws/install/bumperbot_controller/share/bumperbot_controller/environment/ament_prefix_path.dsv
[1.007s] -- Up-to-date: /home/papalist/tek_expo_demo_3_ws/install/bumperbot_controller/share/bumperbot_controller/environment/path.sh
[1.007s] -- Up-to-date: /home/papalist/tek_expo_demo_3_ws/install/bumperbot_controller/share/bumperbot_controller/environment/path.dsv
[1.007s] -- Up-to-date: /home/papalist/tek_expo_demo_3_ws/install/bumperbot_controller/share/bumperbot_controller/local_setup.bash
[1.007s] -- Up-to-date: /home/papalist/tek_expo_demo_3_ws/install/bumperbot_controller/share/bumperbot_controller/local_setup.sh
[1.008s] -- Up-to-date: /home/papalist/tek_expo_demo_3_ws/install/bumperbot_controller/share/bumperbot_controller/local_setup.zsh
[1.008s] -- Up-to-date: /home/papalist/tek_expo_demo_3_ws/install/bumperbot_controller/share/bumperbot_controller/local_setup.dsv
[1.009s] -- Installing: /home/papalist/tek_expo_demo_3_ws/install/bumperbot_controller/share/bumperbot_controller/package.dsv
[1.010s] -- Up-to-date: /home/papalist/tek_expo_demo_3_ws/install/bumperbot_controller/share/ament_index/resource_index/packages/bumperbot_controller
[1.011s] -- Up-to-date: /home/papalist/tek_expo_demo_3_ws/install/bumperbot_controller/share/bumperbot_controller/cmake/bumperbot_controllerConfig.cmake
[1.011s] -- Up-to-date: /home/papalist/tek_expo_demo_3_ws/install/bumperbot_controller/share/bumperbot_controller/cmake/bumperbot_controllerConfig-version.cmake
[1.011s] -- Up-to-date: /home/papalist/tek_expo_demo_3_ws/install/bumperbot_controller/share/bumperbot_controller/package.xml
[1.030s] Invoked command in '/home/papalist/tek_expo_demo_3_ws/build/bumperbot_controller' returned '0': CMAKE_PREFIX_PATH=${CMAKE_PREFIX_PATH}:/opt/ros/jazzy DEBUGINFOD_URLS=https://debuginfod.ubuntu.com /usr/bin/cmake --install /home/papalist/tek_expo_demo_3_ws/build/bumperbot_controller
