[0.132s] DEBUG:colcon:Command line arguments: ['/usr/bin/colcon', 'build']
[0.132s] DEBUG:colcon:Parsed command line arguments: Namespace(log_base=None, log_level=None, verb_name='build', build_base='build', install_base='install', merge_install=False, symlink_install=False, test_result_base=None, continue_on_error=False, executor='parallel', parallel_workers=8, event_handlers=None, ignore_user_meta=False, metas=['./colcon.meta'], base_paths=['.'], packages_ignore=None, packages_ignore_regex=None, paths=None, packages_up_to=None, packages_up_to_regex=None, packages_above=None, packages_above_and_dependencies=None, packages_above_depth=None, packages_select_by_dep=None, packages_skip_by_dep=None, packages_skip_up_to=None, packages_select_build_failed=False, packages_skip_build_finished=False, packages_select_test_failures=False, packages_skip_test_passed=False, packages_select=None, packages_skip=None, packages_select_regex=None, packages_skip_regex=None, packages_start=None, packages_end=None, allow_overriding=[], cmake_args=None, cmake_target=None, cmake_target_skip_unavailable=False, cmake_clean_cache=False, cmake_clean_first=False, cmake_force_configure=False, ament_cmake_args=None, catkin_cmake_args=None, catkin_skip_building_tests=False, mixin_files=None, mixin=None, verb_parser=<colcon_mixin.mixin.mixin_argument.MixinArgumentDecorator object at 0x78d03107fe90>, verb_extension=<colcon_core.verb.build.BuildVerb object at 0x78d03107fbc0>, main=<bound method BuildVerb.main of <colcon_core.verb.build.BuildVerb object at 0x78d03107fbc0>>, mixin_verb=('build',))
[0.177s] Level 1:colcon.colcon_core.package_discovery:discover_packages(colcon_meta) check parameters
[0.177s] Level 1:colcon.colcon_core.package_discovery:discover_packages(recursive) check parameters
[0.177s] Level 1:colcon.colcon_core.package_discovery:discover_packages(ignore) check parameters
[0.178s] Level 1:colcon.colcon_core.package_discovery:discover_packages(path) check parameters
[0.178s] Level 1:colcon.colcon_core.package_discovery:discover_packages(colcon_meta) discover
[0.178s] Level 1:colcon.colcon_core.package_discovery:discover_packages(recursive) discover
[0.178s] INFO:colcon.colcon_core.package_discovery:Crawling recursively for packages in '/home/papalist/tek_expo_demo_3_ws'
[0.178s] Level 1:colcon.colcon_core.package_identification:_identify(.) by extensions ['ignore', 'ignore_ament_install']
[0.178s] Level 1:colcon.colcon_core.package_identification:_identify(.) by extension 'ignore'
[0.178s] Level 1:colcon.colcon_core.package_identification:_identify(.) by extension 'ignore_ament_install'
[0.178s] Level 1:colcon.colcon_core.package_identification:_identify(.) by extensions ['colcon_pkg']
[0.178s] Level 1:colcon.colcon_core.package_identification:_identify(.) by extension 'colcon_pkg'
[0.178s] Level 1:colcon.colcon_core.package_identification:_identify(.) by extensions ['colcon_meta']
[0.178s] Level 1:colcon.colcon_core.package_identification:_identify(.) by extension 'colcon_meta'
[0.179s] Level 1:colcon.colcon_core.package_identification:_identify(.) by extensions ['ros']
[0.179s] Level 1:colcon.colcon_core.package_identification:_identify(.) by extension 'ros'
[0.207s] Level 1:colcon.colcon_core.package_identification:_identify(.) by extensions ['cmake', 'python']
[0.207s] Level 1:colcon.colcon_core.package_identification:_identify(.) by extension 'cmake'
[0.207s] Level 1:colcon.colcon_core.package_identification:_identify(.) by extension 'python'
[0.208s] Level 1:colcon.colcon_core.package_identification:_identify(.) by extensions ['python_setup_py']
[0.208s] Level 1:colcon.colcon_core.package_identification:_identify(.) by extension 'python_setup_py'
[0.208s] Level 1:colcon.colcon_core.package_identification:_identify(build) by extensions ['ignore', 'ignore_ament_install']
[0.208s] Level 1:colcon.colcon_core.package_identification:_identify(build) by extension 'ignore'
[0.208s] Level 1:colcon.colcon_core.package_identification:_identify(build) ignored
[0.209s] Level 1:colcon.colcon_core.package_identification:_identify(install) by extensions ['ignore', 'ignore_ament_install']
[0.209s] Level 1:colcon.colcon_core.package_identification:_identify(install) by extension 'ignore'
[0.209s] Level 1:colcon.colcon_core.package_identification:_identify(install) ignored
[0.209s] Level 1:colcon.colcon_core.package_identification:_identify(log) by extensions ['ignore', 'ignore_ament_install']
[0.209s] Level 1:colcon.colcon_core.package_identification:_identify(log) by extension 'ignore'
[0.210s] Level 1:colcon.colcon_core.package_identification:_identify(log) ignored
[0.210s] Level 1:colcon.colcon_core.package_identification:_identify(src) by extensions ['ignore', 'ignore_ament_install']
[0.210s] Level 1:colcon.colcon_core.package_identification:_identify(src) by extension 'ignore'
[0.210s] Level 1:colcon.colcon_core.package_identification:_identify(src) by extension 'ignore_ament_install'
[0.210s] Level 1:colcon.colcon_core.package_identification:_identify(src) by extensions ['colcon_pkg']
[0.211s] Level 1:colcon.colcon_core.package_identification:_identify(src) by extension 'colcon_pkg'
[0.211s] Level 1:colcon.colcon_core.package_identification:_identify(src) by extensions ['colcon_meta']
[0.211s] Level 1:colcon.colcon_core.package_identification:_identify(src) by extension 'colcon_meta'
[0.211s] Level 1:colcon.colcon_core.package_identification:_identify(src) by extensions ['ros']
[0.211s] Level 1:colcon.colcon_core.package_identification:_identify(src) by extension 'ros'
[0.211s] Level 1:colcon.colcon_core.package_identification:_identify(src) by extensions ['cmake', 'python']
[0.211s] Level 1:colcon.colcon_core.package_identification:_identify(src) by extension 'cmake'
[0.211s] Level 1:colcon.colcon_core.package_identification:_identify(src) by extension 'python'
[0.211s] Level 1:colcon.colcon_core.package_identification:_identify(src) by extensions ['python_setup_py']
[0.211s] Level 1:colcon.colcon_core.package_identification:_identify(src) by extension 'python_setup_py'
[0.211s] Level 1:colcon.colcon_core.package_identification:_identify(src/bumperbot_bringup) by extensions ['ignore', 'ignore_ament_install']
[0.211s] Level 1:colcon.colcon_core.package_identification:_identify(src/bumperbot_bringup) by extension 'ignore'
[0.212s] Level 1:colcon.colcon_core.package_identification:_identify(src/bumperbot_bringup) by extension 'ignore_ament_install'
[0.212s] Level 1:colcon.colcon_core.package_identification:_identify(src/bumperbot_bringup) by extensions ['colcon_pkg']
[0.212s] Level 1:colcon.colcon_core.package_identification:_identify(src/bumperbot_bringup) by extension 'colcon_pkg'
[0.212s] Level 1:colcon.colcon_core.package_identification:_identify(src/bumperbot_bringup) by extensions ['colcon_meta']
[0.212s] Level 1:colcon.colcon_core.package_identification:_identify(src/bumperbot_bringup) by extension 'colcon_meta'
[0.212s] Level 1:colcon.colcon_core.package_identification:_identify(src/bumperbot_bringup) by extensions ['ros']
[0.212s] Level 1:colcon.colcon_core.package_identification:_identify(src/bumperbot_bringup) by extension 'ros'
[0.215s] DEBUG:colcon.colcon_core.package_identification:Package 'src/bumperbot_bringup' with type 'ros.ament_cmake' and name 'bumperbot_bringup'
[0.215s] Level 1:colcon.colcon_core.package_identification:_identify(src/bumperbot_controller) by extensions ['ignore', 'ignore_ament_install']
[0.215s] Level 1:colcon.colcon_core.package_identification:_identify(src/bumperbot_controller) by extension 'ignore'
[0.215s] Level 1:colcon.colcon_core.package_identification:_identify(src/bumperbot_controller) by extension 'ignore_ament_install'
[0.215s] Level 1:colcon.colcon_core.package_identification:_identify(src/bumperbot_controller) by extensions ['colcon_pkg']
[0.215s] Level 1:colcon.colcon_core.package_identification:_identify(src/bumperbot_controller) by extension 'colcon_pkg'
[0.215s] Level 1:colcon.colcon_core.package_identification:_identify(src/bumperbot_controller) by extensions ['colcon_meta']
[0.215s] Level 1:colcon.colcon_core.package_identification:_identify(src/bumperbot_controller) by extension 'colcon_meta'
[0.215s] Level 1:colcon.colcon_core.package_identification:_identify(src/bumperbot_controller) by extensions ['ros']
[0.216s] Level 1:colcon.colcon_core.package_identification:_identify(src/bumperbot_controller) by extension 'ros'
[0.219s] DEBUG:colcon.colcon_core.package_identification:Package 'src/bumperbot_controller' with type 'ros.ament_cmake' and name 'bumperbot_controller'
[0.219s] Level 1:colcon.colcon_core.package_identification:_identify(src/bumperbot_description) by extensions ['ignore', 'ignore_ament_install']
[0.219s] Level 1:colcon.colcon_core.package_identification:_identify(src/bumperbot_description) by extension 'ignore'
[0.219s] Level 1:colcon.colcon_core.package_identification:_identify(src/bumperbot_description) by extension 'ignore_ament_install'
[0.219s] Level 1:colcon.colcon_core.package_identification:_identify(src/bumperbot_description) by extensions ['colcon_pkg']
[0.220s] Level 1:colcon.colcon_core.package_identification:_identify(src/bumperbot_description) by extension 'colcon_pkg'
[0.220s] Level 1:colcon.colcon_core.package_identification:_identify(src/bumperbot_description) by extensions ['colcon_meta']
[0.220s] Level 1:colcon.colcon_core.package_identification:_identify(src/bumperbot_description) by extension 'colcon_meta'
[0.220s] Level 1:colcon.colcon_core.package_identification:_identify(src/bumperbot_description) by extensions ['ros']
[0.220s] Level 1:colcon.colcon_core.package_identification:_identify(src/bumperbot_description) by extension 'ros'
[0.223s] DEBUG:colcon.colcon_core.package_identification:Package 'src/bumperbot_description' with type 'ros.ament_cmake' and name 'bumperbot_description'
[0.223s] Level 1:colcon.colcon_core.package_identification:_identify(src/bumperbot_firmware) by extensions ['ignore', 'ignore_ament_install']
[0.223s] Level 1:colcon.colcon_core.package_identification:_identify(src/bumperbot_firmware) by extension 'ignore'
[0.223s] Level 1:colcon.colcon_core.package_identification:_identify(src/bumperbot_firmware) by extension 'ignore_ament_install'
[0.224s] Level 1:colcon.colcon_core.package_identification:_identify(src/bumperbot_firmware) by extensions ['colcon_pkg']
[0.224s] Level 1:colcon.colcon_core.package_identification:_identify(src/bumperbot_firmware) by extension 'colcon_pkg'
[0.224s] Level 1:colcon.colcon_core.package_identification:_identify(src/bumperbot_firmware) by extensions ['colcon_meta']
[0.224s] Level 1:colcon.colcon_core.package_identification:_identify(src/bumperbot_firmware) by extension 'colcon_meta'
[0.224s] Level 1:colcon.colcon_core.package_identification:_identify(src/bumperbot_firmware) by extensions ['ros']
[0.224s] Level 1:colcon.colcon_core.package_identification:_identify(src/bumperbot_firmware) by extension 'ros'
[0.225s] DEBUG:colcon.colcon_core.package_identification:Package 'src/bumperbot_firmware' with type 'ros.ament_cmake' and name 'bumperbot_firmware'
[0.225s] Level 1:colcon.colcon_core.package_identification:_identify(src/bumperbot_localization) by extensions ['ignore', 'ignore_ament_install']
[0.225s] Level 1:colcon.colcon_core.package_identification:_identify(src/bumperbot_localization) by extension 'ignore'
[0.225s] Level 1:colcon.colcon_core.package_identification:_identify(src/bumperbot_localization) by extension 'ignore_ament_install'
[0.225s] Level 1:colcon.colcon_core.package_identification:_identify(src/bumperbot_localization) by extensions ['colcon_pkg']
[0.225s] Level 1:colcon.colcon_core.package_identification:_identify(src/bumperbot_localization) by extension 'colcon_pkg'
[0.226s] Level 1:colcon.colcon_core.package_identification:_identify(src/bumperbot_localization) by extensions ['colcon_meta']
[0.226s] Level 1:colcon.colcon_core.package_identification:_identify(src/bumperbot_localization) by extension 'colcon_meta'
[0.226s] Level 1:colcon.colcon_core.package_identification:_identify(src/bumperbot_localization) by extensions ['ros']
[0.226s] Level 1:colcon.colcon_core.package_identification:_identify(src/bumperbot_localization) by extension 'ros'
[0.227s] DEBUG:colcon.colcon_core.package_identification:Package 'src/bumperbot_localization' with type 'ros.ament_cmake' and name 'bumperbot_localization'
[0.227s] Level 1:colcon.colcon_core.package_identification:_identify(src/bumperbot_mapping) by extensions ['ignore', 'ignore_ament_install']
[0.227s] Level 1:colcon.colcon_core.package_identification:_identify(src/bumperbot_mapping) by extension 'ignore'
[0.227s] Level 1:colcon.colcon_core.package_identification:_identify(src/bumperbot_mapping) by extension 'ignore_ament_install'
[0.227s] Level 1:colcon.colcon_core.package_identification:_identify(src/bumperbot_mapping) by extensions ['colcon_pkg']
[0.227s] Level 1:colcon.colcon_core.package_identification:_identify(src/bumperbot_mapping) by extension 'colcon_pkg'
[0.227s] Level 1:colcon.colcon_core.package_identification:_identify(src/bumperbot_mapping) by extensions ['colcon_meta']
[0.228s] Level 1:colcon.colcon_core.package_identification:_identify(src/bumperbot_mapping) by extension 'colcon_meta'
[0.228s] Level 1:colcon.colcon_core.package_identification:_identify(src/bumperbot_mapping) by extensions ['ros']
[0.228s] Level 1:colcon.colcon_core.package_identification:_identify(src/bumperbot_mapping) by extension 'ros'
[0.229s] DEBUG:colcon.colcon_core.package_identification:Package 'src/bumperbot_mapping' with type 'ros.ament_cmake' and name 'bumperbot_mapping'
[0.229s] Level 1:colcon.colcon_core.package_identification:_identify(src/bumperbot_utils) by extensions ['ignore', 'ignore_ament_install']
[0.229s] Level 1:colcon.colcon_core.package_identification:_identify(src/bumperbot_utils) by extension 'ignore'
[0.229s] Level 1:colcon.colcon_core.package_identification:_identify(src/bumperbot_utils) by extension 'ignore_ament_install'
[0.229s] Level 1:colcon.colcon_core.package_identification:_identify(src/bumperbot_utils) by extensions ['colcon_pkg']
[0.229s] Level 1:colcon.colcon_core.package_identification:_identify(src/bumperbot_utils) by extension 'colcon_pkg'
[0.229s] Level 1:colcon.colcon_core.package_identification:_identify(src/bumperbot_utils) by extensions ['colcon_meta']
[0.229s] Level 1:colcon.colcon_core.package_identification:_identify(src/bumperbot_utils) by extension 'colcon_meta'
[0.229s] Level 1:colcon.colcon_core.package_identification:_identify(src/bumperbot_utils) by extensions ['ros']
[0.229s] Level 1:colcon.colcon_core.package_identification:_identify(src/bumperbot_utils) by extension 'ros'
[0.230s] DEBUG:colcon.colcon_core.package_identification:Package 'src/bumperbot_utils' with type 'ros.ament_cmake' and name 'bumperbot_utils'
[0.231s] Level 1:colcon.colcon_core.package_identification:_identify(src/rf2o_laser_odometry) by extensions ['ignore', 'ignore_ament_install']
[0.231s] Level 1:colcon.colcon_core.package_identification:_identify(src/rf2o_laser_odometry) by extension 'ignore'
[0.231s] Level 1:colcon.colcon_core.package_identification:_identify(src/rf2o_laser_odometry) by extension 'ignore_ament_install'
[0.231s] Level 1:colcon.colcon_core.package_identification:_identify(src/rf2o_laser_odometry) by extensions ['colcon_pkg']
[0.231s] Level 1:colcon.colcon_core.package_identification:_identify(src/rf2o_laser_odometry) by extension 'colcon_pkg'
[0.231s] Level 1:colcon.colcon_core.package_identification:_identify(src/rf2o_laser_odometry) by extensions ['colcon_meta']
[0.231s] Level 1:colcon.colcon_core.package_identification:_identify(src/rf2o_laser_odometry) by extension 'colcon_meta'
[0.231s] Level 1:colcon.colcon_core.package_identification:_identify(src/rf2o_laser_odometry) by extensions ['ros']
[0.231s] Level 1:colcon.colcon_core.package_identification:_identify(src/rf2o_laser_odometry) by extension 'ros'
[0.232s] DEBUG:colcon.colcon_core.package_identification:Package 'src/rf2o_laser_odometry' with type 'ros.ament_cmake' and name 'rf2o_laser_odometry'
[0.232s] Level 1:colcon.colcon_core.package_identification:_identify(src/sllidar_ros2) by extensions ['ignore', 'ignore_ament_install']
[0.233s] Level 1:colcon.colcon_core.package_identification:_identify(src/sllidar_ros2) by extension 'ignore'
[0.233s] Level 1:colcon.colcon_core.package_identification:_identify(src/sllidar_ros2) by extension 'ignore_ament_install'
[0.233s] Level 1:colcon.colcon_core.package_identification:_identify(src/sllidar_ros2) by extensions ['colcon_pkg']
[0.233s] Level 1:colcon.colcon_core.package_identification:_identify(src/sllidar_ros2) by extension 'colcon_pkg'
[0.233s] Level 1:colcon.colcon_core.package_identification:_identify(src/sllidar_ros2) by extensions ['colcon_meta']
[0.233s] Level 1:colcon.colcon_core.package_identification:_identify(src/sllidar_ros2) by extension 'colcon_meta'
[0.233s] Level 1:colcon.colcon_core.package_identification:_identify(src/sllidar_ros2) by extensions ['ros']
[0.233s] Level 1:colcon.colcon_core.package_identification:_identify(src/sllidar_ros2) by extension 'ros'
[0.234s] DEBUG:colcon.colcon_core.package_identification:Package 'src/sllidar_ros2' with type 'ros.ament_cmake' and name 'sllidar_ros2'
[0.234s] Level 1:colcon.colcon_core.package_discovery:discover_packages(recursive) using defaults
[0.234s] Level 1:colcon.colcon_core.package_discovery:discover_packages(ignore) discover
[0.234s] Level 1:colcon.colcon_core.package_discovery:discover_packages(ignore) using defaults
[0.234s] Level 1:colcon.colcon_core.package_discovery:discover_packages(path) discover
[0.234s] Level 1:colcon.colcon_core.package_discovery:discover_packages(path) using defaults
[0.255s] Level 1:colcon.colcon_core.package_discovery:discover_packages(prefix_path) check parameters
[0.256s] Level 1:colcon.colcon_core.package_discovery:discover_packages(prefix_path) discover
[0.259s] DEBUG:colcon.colcon_installed_package_information.package_discovery:Found 413 installed packages in /opt/ros/jazzy
[0.261s] Level 1:colcon.colcon_core.package_discovery:discover_packages(prefix_path) using defaults
[0.330s] Level 5:colcon.colcon_core.verb:set package 'bumperbot_controller' build argument 'cmake_args' from command line to 'None'
[0.330s] Level 5:colcon.colcon_core.verb:set package 'bumperbot_controller' build argument 'cmake_target' from command line to 'None'
[0.330s] Level 5:colcon.colcon_core.verb:set package 'bumperbot_controller' build argument 'cmake_target_skip_unavailable' from command line to 'False'
[0.330s] Level 5:colcon.colcon_core.verb:set package 'bumperbot_controller' build argument 'cmake_clean_cache' from command line to 'False'
[0.331s] Level 5:colcon.colcon_core.verb:set package 'bumperbot_controller' build argument 'cmake_clean_first' from command line to 'False'
[0.331s] Level 5:colcon.colcon_core.verb:set package 'bumperbot_controller' build argument 'cmake_force_configure' from command line to 'False'
[0.331s] Level 5:colcon.colcon_core.verb:set package 'bumperbot_controller' build argument 'ament_cmake_args' from command line to 'None'
[0.331s] Level 5:colcon.colcon_core.verb:set package 'bumperbot_controller' build argument 'catkin_cmake_args' from command line to 'None'
[0.331s] Level 5:colcon.colcon_core.verb:set package 'bumperbot_controller' build argument 'catkin_skip_building_tests' from command line to 'False'
[0.331s] DEBUG:colcon.colcon_core.verb:Building package 'bumperbot_controller' with the following arguments: {'ament_cmake_args': None, 'build_base': '/home/papalist/tek_expo_demo_3_ws/build/bumperbot_controller', 'catkin_cmake_args': None, 'catkin_skip_building_tests': False, 'cmake_args': None, 'cmake_clean_cache': False, 'cmake_clean_first': False, 'cmake_force_configure': False, 'cmake_target': None, 'cmake_target_skip_unavailable': False, 'install_base': '/home/papalist/tek_expo_demo_3_ws/install/bumperbot_controller', 'merge_install': False, 'path': '/home/papalist/tek_expo_demo_3_ws/src/bumperbot_controller', 'symlink_install': False, 'test_result_base': None}
[0.331s] Level 5:colcon.colcon_core.verb:set package 'bumperbot_description' build argument 'cmake_args' from command line to 'None'
[0.331s] Level 5:colcon.colcon_core.verb:set package 'bumperbot_description' build argument 'cmake_target' from command line to 'None'
[0.331s] Level 5:colcon.colcon_core.verb:set package 'bumperbot_description' build argument 'cmake_target_skip_unavailable' from command line to 'False'
[0.331s] Level 5:colcon.colcon_core.verb:set package 'bumperbot_description' build argument 'cmake_clean_cache' from command line to 'False'
[0.332s] Level 5:colcon.colcon_core.verb:set package 'bumperbot_description' build argument 'cmake_clean_first' from command line to 'False'
[0.332s] Level 5:colcon.colcon_core.verb:set package 'bumperbot_description' build argument 'cmake_force_configure' from command line to 'False'
[0.332s] Level 5:colcon.colcon_core.verb:set package 'bumperbot_description' build argument 'ament_cmake_args' from command line to 'None'
[0.332s] Level 5:colcon.colcon_core.verb:set package 'bumperbot_description' build argument 'catkin_cmake_args' from command line to 'None'
[0.332s] Level 5:colcon.colcon_core.verb:set package 'bumperbot_description' build argument 'catkin_skip_building_tests' from command line to 'False'
[0.332s] DEBUG:colcon.colcon_core.verb:Building package 'bumperbot_description' with the following arguments: {'ament_cmake_args': None, 'build_base': '/home/papalist/tek_expo_demo_3_ws/build/bumperbot_description', 'catkin_cmake_args': None, 'catkin_skip_building_tests': False, 'cmake_args': None, 'cmake_clean_cache': False, 'cmake_clean_first': False, 'cmake_force_configure': False, 'cmake_target': None, 'cmake_target_skip_unavailable': False, 'install_base': '/home/papalist/tek_expo_demo_3_ws/install/bumperbot_description', 'merge_install': False, 'path': '/home/papalist/tek_expo_demo_3_ws/src/bumperbot_description', 'symlink_install': False, 'test_result_base': None}
[0.332s] Level 5:colcon.colcon_core.verb:set package 'bumperbot_firmware' build argument 'cmake_args' from command line to 'None'
[0.332s] Level 5:colcon.colcon_core.verb:set package 'bumperbot_firmware' build argument 'cmake_target' from command line to 'None'
[0.332s] Level 5:colcon.colcon_core.verb:set package 'bumperbot_firmware' build argument 'cmake_target_skip_unavailable' from command line to 'False'
[0.332s] Level 5:colcon.colcon_core.verb:set package 'bumperbot_firmware' build argument 'cmake_clean_cache' from command line to 'False'
[0.332s] Level 5:colcon.colcon_core.verb:set package 'bumperbot_firmware' build argument 'cmake_clean_first' from command line to 'False'
[0.332s] Level 5:colcon.colcon_core.verb:set package 'bumperbot_firmware' build argument 'cmake_force_configure' from command line to 'False'
[0.332s] Level 5:colcon.colcon_core.verb:set package 'bumperbot_firmware' build argument 'ament_cmake_args' from command line to 'None'
[0.332s] Level 5:colcon.colcon_core.verb:set package 'bumperbot_firmware' build argument 'catkin_cmake_args' from command line to 'None'
[0.332s] Level 5:colcon.colcon_core.verb:set package 'bumperbot_firmware' build argument 'catkin_skip_building_tests' from command line to 'False'
[0.333s] DEBUG:colcon.colcon_core.verb:Building package 'bumperbot_firmware' with the following arguments: {'ament_cmake_args': None, 'build_base': '/home/papalist/tek_expo_demo_3_ws/build/bumperbot_firmware', 'catkin_cmake_args': None, 'catkin_skip_building_tests': False, 'cmake_args': None, 'cmake_clean_cache': False, 'cmake_clean_first': False, 'cmake_force_configure': False, 'cmake_target': None, 'cmake_target_skip_unavailable': False, 'install_base': '/home/papalist/tek_expo_demo_3_ws/install/bumperbot_firmware', 'merge_install': False, 'path': '/home/papalist/tek_expo_demo_3_ws/src/bumperbot_firmware', 'symlink_install': False, 'test_result_base': None}
[0.333s] Level 5:colcon.colcon_core.verb:set package 'bumperbot_localization' build argument 'cmake_args' from command line to 'None'
[0.333s] Level 5:colcon.colcon_core.verb:set package 'bumperbot_localization' build argument 'cmake_target' from command line to 'None'
[0.333s] Level 5:colcon.colcon_core.verb:set package 'bumperbot_localization' build argument 'cmake_target_skip_unavailable' from command line to 'False'
[0.333s] Level 5:colcon.colcon_core.verb:set package 'bumperbot_localization' build argument 'cmake_clean_cache' from command line to 'False'
[0.333s] Level 5:colcon.colcon_core.verb:set package 'bumperbot_localization' build argument 'cmake_clean_first' from command line to 'False'
[0.333s] Level 5:colcon.colcon_core.verb:set package 'bumperbot_localization' build argument 'cmake_force_configure' from command line to 'False'
[0.333s] Level 5:colcon.colcon_core.verb:set package 'bumperbot_localization' build argument 'ament_cmake_args' from command line to 'None'
[0.333s] Level 5:colcon.colcon_core.verb:set package 'bumperbot_localization' build argument 'catkin_cmake_args' from command line to 'None'
[0.333s] Level 5:colcon.colcon_core.verb:set package 'bumperbot_localization' build argument 'catkin_skip_building_tests' from command line to 'False'
[0.333s] DEBUG:colcon.colcon_core.verb:Building package 'bumperbot_localization' with the following arguments: {'ament_cmake_args': None, 'build_base': '/home/papalist/tek_expo_demo_3_ws/build/bumperbot_localization', 'catkin_cmake_args': None, 'catkin_skip_building_tests': False, 'cmake_args': None, 'cmake_clean_cache': False, 'cmake_clean_first': False, 'cmake_force_configure': False, 'cmake_target': None, 'cmake_target_skip_unavailable': False, 'install_base': '/home/papalist/tek_expo_demo_3_ws/install/bumperbot_localization', 'merge_install': False, 'path': '/home/papalist/tek_expo_demo_3_ws/src/bumperbot_localization', 'symlink_install': False, 'test_result_base': None}
[0.334s] Level 5:colcon.colcon_core.verb:set package 'bumperbot_mapping' build argument 'cmake_args' from command line to 'None'
[0.334s] Level 5:colcon.colcon_core.verb:set package 'bumperbot_mapping' build argument 'cmake_target' from command line to 'None'
[0.334s] Level 5:colcon.colcon_core.verb:set package 'bumperbot_mapping' build argument 'cmake_target_skip_unavailable' from command line to 'False'
[0.334s] Level 5:colcon.colcon_core.verb:set package 'bumperbot_mapping' build argument 'cmake_clean_cache' from command line to 'False'
[0.334s] Level 5:colcon.colcon_core.verb:set package 'bumperbot_mapping' build argument 'cmake_clean_first' from command line to 'False'
[0.334s] Level 5:colcon.colcon_core.verb:set package 'bumperbot_mapping' build argument 'cmake_force_configure' from command line to 'False'
[0.334s] Level 5:colcon.colcon_core.verb:set package 'bumperbot_mapping' build argument 'ament_cmake_args' from command line to 'None'
[0.334s] Level 5:colcon.colcon_core.verb:set package 'bumperbot_mapping' build argument 'catkin_cmake_args' from command line to 'None'
[0.334s] Level 5:colcon.colcon_core.verb:set package 'bumperbot_mapping' build argument 'catkin_skip_building_tests' from command line to 'False'
[0.334s] DEBUG:colcon.colcon_core.verb:Building package 'bumperbot_mapping' with the following arguments: {'ament_cmake_args': None, 'build_base': '/home/papalist/tek_expo_demo_3_ws/build/bumperbot_mapping', 'catkin_cmake_args': None, 'catkin_skip_building_tests': False, 'cmake_args': None, 'cmake_clean_cache': False, 'cmake_clean_first': False, 'cmake_force_configure': False, 'cmake_target': None, 'cmake_target_skip_unavailable': False, 'install_base': '/home/papalist/tek_expo_demo_3_ws/install/bumperbot_mapping', 'merge_install': False, 'path': '/home/papalist/tek_expo_demo_3_ws/src/bumperbot_mapping', 'symlink_install': False, 'test_result_base': None}
[0.335s] Level 5:colcon.colcon_core.verb:set package 'bumperbot_utils' build argument 'cmake_args' from command line to 'None'
[0.335s] Level 5:colcon.colcon_core.verb:set package 'bumperbot_utils' build argument 'cmake_target' from command line to 'None'
[0.335s] Level 5:colcon.colcon_core.verb:set package 'bumperbot_utils' build argument 'cmake_target_skip_unavailable' from command line to 'False'
[0.335s] Level 5:colcon.colcon_core.verb:set package 'bumperbot_utils' build argument 'cmake_clean_cache' from command line to 'False'
[0.335s] Level 5:colcon.colcon_core.verb:set package 'bumperbot_utils' build argument 'cmake_clean_first' from command line to 'False'
[0.335s] Level 5:colcon.colcon_core.verb:set package 'bumperbot_utils' build argument 'cmake_force_configure' from command line to 'False'
[0.335s] Level 5:colcon.colcon_core.verb:set package 'bumperbot_utils' build argument 'ament_cmake_args' from command line to 'None'
[0.335s] Level 5:colcon.colcon_core.verb:set package 'bumperbot_utils' build argument 'catkin_cmake_args' from command line to 'None'
[0.335s] Level 5:colcon.colcon_core.verb:set package 'bumperbot_utils' build argument 'catkin_skip_building_tests' from command line to 'False'
[0.335s] DEBUG:colcon.colcon_core.verb:Building package 'bumperbot_utils' with the following arguments: {'ament_cmake_args': None, 'build_base': '/home/papalist/tek_expo_demo_3_ws/build/bumperbot_utils', 'catkin_cmake_args': None, 'catkin_skip_building_tests': False, 'cmake_args': None, 'cmake_clean_cache': False, 'cmake_clean_first': False, 'cmake_force_configure': False, 'cmake_target': None, 'cmake_target_skip_unavailable': False, 'install_base': '/home/papalist/tek_expo_demo_3_ws/install/bumperbot_utils', 'merge_install': False, 'path': '/home/papalist/tek_expo_demo_3_ws/src/bumperbot_utils', 'symlink_install': False, 'test_result_base': None}
[0.335s] Level 5:colcon.colcon_core.verb:set package 'rf2o_laser_odometry' build argument 'cmake_args' from command line to 'None'
[0.336s] Level 5:colcon.colcon_core.verb:set package 'rf2o_laser_odometry' build argument 'cmake_target' from command line to 'None'
[0.336s] Level 5:colcon.colcon_core.verb:set package 'rf2o_laser_odometry' build argument 'cmake_target_skip_unavailable' from command line to 'False'
[0.336s] Level 5:colcon.colcon_core.verb:set package 'rf2o_laser_odometry' build argument 'cmake_clean_cache' from command line to 'False'
[0.336s] Level 5:colcon.colcon_core.verb:set package 'rf2o_laser_odometry' build argument 'cmake_clean_first' from command line to 'False'
[0.336s] Level 5:colcon.colcon_core.verb:set package 'rf2o_laser_odometry' build argument 'cmake_force_configure' from command line to 'False'
[0.336s] Level 5:colcon.colcon_core.verb:set package 'rf2o_laser_odometry' build argument 'ament_cmake_args' from command line to 'None'
[0.336s] Level 5:colcon.colcon_core.verb:set package 'rf2o_laser_odometry' build argument 'catkin_cmake_args' from command line to 'None'
[0.336s] Level 5:colcon.colcon_core.verb:set package 'rf2o_laser_odometry' build argument 'catkin_skip_building_tests' from command line to 'False'
[0.336s] DEBUG:colcon.colcon_core.verb:Building package 'rf2o_laser_odometry' with the following arguments: {'ament_cmake_args': None, 'build_base': '/home/papalist/tek_expo_demo_3_ws/build/rf2o_laser_odometry', 'catkin_cmake_args': None, 'catkin_skip_building_tests': False, 'cmake_args': None, 'cmake_clean_cache': False, 'cmake_clean_first': False, 'cmake_force_configure': False, 'cmake_target': None, 'cmake_target_skip_unavailable': False, 'install_base': '/home/papalist/tek_expo_demo_3_ws/install/rf2o_laser_odometry', 'merge_install': False, 'path': '/home/papalist/tek_expo_demo_3_ws/src/rf2o_laser_odometry', 'symlink_install': False, 'test_result_base': None}
[0.336s] Level 5:colcon.colcon_core.verb:set package 'sllidar_ros2' build argument 'cmake_args' from command line to 'None'
[0.336s] Level 5:colcon.colcon_core.verb:set package 'sllidar_ros2' build argument 'cmake_target' from command line to 'None'
[0.336s] Level 5:colcon.colcon_core.verb:set package 'sllidar_ros2' build argument 'cmake_target_skip_unavailable' from command line to 'False'
[0.336s] Level 5:colcon.colcon_core.verb:set package 'sllidar_ros2' build argument 'cmake_clean_cache' from command line to 'False'
[0.336s] Level 5:colcon.colcon_core.verb:set package 'sllidar_ros2' build argument 'cmake_clean_first' from command line to 'False'
[0.336s] Level 5:colcon.colcon_core.verb:set package 'sllidar_ros2' build argument 'cmake_force_configure' from command line to 'False'
[0.336s] Level 5:colcon.colcon_core.verb:set package 'sllidar_ros2' build argument 'ament_cmake_args' from command line to 'None'
[0.337s] Level 5:colcon.colcon_core.verb:set package 'sllidar_ros2' build argument 'catkin_cmake_args' from command line to 'None'
[0.337s] Level 5:colcon.colcon_core.verb:set package 'sllidar_ros2' build argument 'catkin_skip_building_tests' from command line to 'False'
[0.337s] DEBUG:colcon.colcon_core.verb:Building package 'sllidar_ros2' with the following arguments: {'ament_cmake_args': None, 'build_base': '/home/papalist/tek_expo_demo_3_ws/build/sllidar_ros2', 'catkin_cmake_args': None, 'catkin_skip_building_tests': False, 'cmake_args': None, 'cmake_clean_cache': False, 'cmake_clean_first': False, 'cmake_force_configure': False, 'cmake_target': None, 'cmake_target_skip_unavailable': False, 'install_base': '/home/papalist/tek_expo_demo_3_ws/install/sllidar_ros2', 'merge_install': False, 'path': '/home/papalist/tek_expo_demo_3_ws/src/sllidar_ros2', 'symlink_install': False, 'test_result_base': None}
[0.337s] Level 5:colcon.colcon_core.verb:set package 'bumperbot_bringup' build argument 'cmake_args' from command line to 'None'
[0.337s] Level 5:colcon.colcon_core.verb:set package 'bumperbot_bringup' build argument 'cmake_target' from command line to 'None'
[0.337s] Level 5:colcon.colcon_core.verb:set package 'bumperbot_bringup' build argument 'cmake_target_skip_unavailable' from command line to 'False'
[0.337s] Level 5:colcon.colcon_core.verb:set package 'bumperbot_bringup' build argument 'cmake_clean_cache' from command line to 'False'
[0.337s] Level 5:colcon.colcon_core.verb:set package 'bumperbot_bringup' build argument 'cmake_clean_first' from command line to 'False'
[0.337s] Level 5:colcon.colcon_core.verb:set package 'bumperbot_bringup' build argument 'cmake_force_configure' from command line to 'False'
[0.337s] Level 5:colcon.colcon_core.verb:set package 'bumperbot_bringup' build argument 'ament_cmake_args' from command line to 'None'
[0.337s] Level 5:colcon.colcon_core.verb:set package 'bumperbot_bringup' build argument 'catkin_cmake_args' from command line to 'None'
[0.337s] Level 5:colcon.colcon_core.verb:set package 'bumperbot_bringup' build argument 'catkin_skip_building_tests' from command line to 'False'
[0.338s] DEBUG:colcon.colcon_core.verb:Building package 'bumperbot_bringup' with the following arguments: {'ament_cmake_args': None, 'build_base': '/home/papalist/tek_expo_demo_3_ws/build/bumperbot_bringup', 'catkin_cmake_args': None, 'catkin_skip_building_tests': False, 'cmake_args': None, 'cmake_clean_cache': False, 'cmake_clean_first': False, 'cmake_force_configure': False, 'cmake_target': None, 'cmake_target_skip_unavailable': False, 'install_base': '/home/papalist/tek_expo_demo_3_ws/install/bumperbot_bringup', 'merge_install': False, 'path': '/home/papalist/tek_expo_demo_3_ws/src/bumperbot_bringup', 'symlink_install': False, 'test_result_base': None}
[0.338s] INFO:colcon.colcon_core.executor:Executing jobs using 'parallel' executor
[0.339s] DEBUG:colcon.colcon_parallel_executor.executor.parallel:run_until_complete
[0.339s] INFO:colcon.colcon_ros.task.ament_cmake.build:Building ROS package in '/home/papalist/tek_expo_demo_3_ws/src/bumperbot_controller' with build type 'ament_cmake'
[0.340s] INFO:colcon.colcon_cmake.task.cmake.build:Building CMake package in '/home/papalist/tek_expo_demo_3_ws/src/bumperbot_controller'
[0.343s] INFO:colcon.colcon_core.plugin_system:Skipping extension 'colcon_core.shell.bat': Not used on non-Windows systems
[0.343s] INFO:colcon.colcon_core.shell:Skip shell extension 'powershell' for command environment: Not usable outside of PowerShell
[0.343s] DEBUG:colcon.colcon_core.shell:Skip shell extension 'dsv' for command environment
[0.348s] INFO:colcon.colcon_ros.task.ament_cmake.build:Building ROS package in '/home/papalist/tek_expo_demo_3_ws/src/bumperbot_description' with build type 'ament_cmake'
[0.348s] INFO:colcon.colcon_cmake.task.cmake.build:Building CMake package in '/home/papalist/tek_expo_demo_3_ws/src/bumperbot_description'
[0.348s] INFO:colcon.colcon_core.shell:Skip shell extension 'powershell' for command environment: Not usable outside of PowerShell
[0.348s] DEBUG:colcon.colcon_core.shell:Skip shell extension 'dsv' for command environment
[0.354s] INFO:colcon.colcon_ros.task.ament_cmake.build:Building ROS package in '/home/papalist/tek_expo_demo_3_ws/src/bumperbot_firmware' with build type 'ament_cmake'
[0.354s] INFO:colcon.colcon_cmake.task.cmake.build:Building CMake package in '/home/papalist/tek_expo_demo_3_ws/src/bumperbot_firmware'
[0.354s] INFO:colcon.colcon_core.shell:Skip shell extension 'powershell' for command environment: Not usable outside of PowerShell
[0.354s] DEBUG:colcon.colcon_core.shell:Skip shell extension 'dsv' for command environment
[0.358s] INFO:colcon.colcon_ros.task.ament_cmake.build:Building ROS package in '/home/papalist/tek_expo_demo_3_ws/src/bumperbot_localization' with build type 'ament_cmake'
[0.358s] INFO:colcon.colcon_cmake.task.cmake.build:Building CMake package in '/home/papalist/tek_expo_demo_3_ws/src/bumperbot_localization'
[0.359s] INFO:colcon.colcon_core.shell:Skip shell extension 'powershell' for command environment: Not usable outside of PowerShell
[0.359s] DEBUG:colcon.colcon_core.shell:Skip shell extension 'dsv' for command environment
[0.363s] INFO:colcon.colcon_ros.task.ament_cmake.build:Building ROS package in '/home/papalist/tek_expo_demo_3_ws/src/bumperbot_mapping' with build type 'ament_cmake'
[0.363s] INFO:colcon.colcon_cmake.task.cmake.build:Building CMake package in '/home/papalist/tek_expo_demo_3_ws/src/bumperbot_mapping'
[0.363s] INFO:colcon.colcon_core.shell:Skip shell extension 'powershell' for command environment: Not usable outside of PowerShell
[0.363s] DEBUG:colcon.colcon_core.shell:Skip shell extension 'dsv' for command environment
[0.368s] INFO:colcon.colcon_ros.task.ament_cmake.build:Building ROS package in '/home/papalist/tek_expo_demo_3_ws/src/bumperbot_utils' with build type 'ament_cmake'
[0.368s] INFO:colcon.colcon_cmake.task.cmake.build:Building CMake package in '/home/papalist/tek_expo_demo_3_ws/src/bumperbot_utils'
[0.368s] INFO:colcon.colcon_core.shell:Skip shell extension 'powershell' for command environment: Not usable outside of PowerShell
[0.368s] DEBUG:colcon.colcon_core.shell:Skip shell extension 'dsv' for command environment
[0.373s] INFO:colcon.colcon_ros.task.ament_cmake.build:Building ROS package in '/home/papalist/tek_expo_demo_3_ws/src/rf2o_laser_odometry' with build type 'ament_cmake'
[0.373s] INFO:colcon.colcon_cmake.task.cmake.build:Building CMake package in '/home/papalist/tek_expo_demo_3_ws/src/rf2o_laser_odometry'
[0.373s] INFO:colcon.colcon_core.shell:Skip shell extension 'powershell' for command environment: Not usable outside of PowerShell
[0.373s] DEBUG:colcon.colcon_core.shell:Skip shell extension 'dsv' for command environment
[0.377s] INFO:colcon.colcon_ros.task.ament_cmake.build:Building ROS package in '/home/papalist/tek_expo_demo_3_ws/src/sllidar_ros2' with build type 'ament_cmake'
[0.377s] INFO:colcon.colcon_cmake.task.cmake.build:Building CMake package in '/home/papalist/tek_expo_demo_3_ws/src/sllidar_ros2'
[0.378s] INFO:colcon.colcon_core.shell:Skip shell extension 'powershell' for command environment: Not usable outside of PowerShell
[0.378s] DEBUG:colcon.colcon_core.shell:Skip shell extension 'dsv' for command environment
[0.390s] DEBUG:colcon.colcon_core.event_handler.log_command:Invoking command in '/home/papalist/tek_expo_demo_3_ws/build/bumperbot_controller': CMAKE_PREFIX_PATH=${CMAKE_PREFIX_PATH}:/opt/ros/jazzy DEBUGINFOD_URLS=https://debuginfod.ubuntu.com /usr/bin/cmake --build /home/papalist/tek_expo_demo_3_ws/build/bumperbot_controller -- -j8 -l8
[0.395s] DEBUG:colcon.colcon_core.event_handler.log_command:Invoking command in '/home/papalist/tek_expo_demo_3_ws/build/bumperbot_description': CMAKE_PREFIX_PATH=${CMAKE_PREFIX_PATH}:/opt/ros/jazzy DEBUGINFOD_URLS=https://debuginfod.ubuntu.com /usr/bin/cmake --build /home/papalist/tek_expo_demo_3_ws/build/bumperbot_description -- -j8 -l8
[0.400s] DEBUG:colcon.colcon_core.event_handler.log_command:Invoking command in '/home/papalist/tek_expo_demo_3_ws/build/bumperbot_firmware': CMAKE_PREFIX_PATH=${CMAKE_PREFIX_PATH}:/opt/ros/jazzy DEBUGINFOD_URLS=https://debuginfod.ubuntu.com /usr/bin/cmake --build /home/papalist/tek_expo_demo_3_ws/build/bumperbot_firmware -- -j8 -l8
[0.404s] DEBUG:colcon.colcon_core.event_handler.log_command:Invoking command in '/home/papalist/tek_expo_demo_3_ws/build/bumperbot_localization': CMAKE_PREFIX_PATH=${CMAKE_PREFIX_PATH}:/opt/ros/jazzy DEBUGINFOD_URLS=https://debuginfod.ubuntu.com /usr/bin/cmake --build /home/papalist/tek_expo_demo_3_ws/build/bumperbot_localization -- -j8 -l8
[0.409s] DEBUG:colcon.colcon_core.event_handler.log_command:Invoking command in '/home/papalist/tek_expo_demo_3_ws/build/bumperbot_mapping': CMAKE_PREFIX_PATH=${CMAKE_PREFIX_PATH}:/opt/ros/jazzy DEBUGINFOD_URLS=https://debuginfod.ubuntu.com /usr/bin/cmake --build /home/papalist/tek_expo_demo_3_ws/build/bumperbot_mapping -- -j8 -l8
[0.412s] DEBUG:colcon.colcon_core.event_handler.log_command:Invoking command in '/home/papalist/tek_expo_demo_3_ws/build/bumperbot_utils': CMAKE_PREFIX_PATH=${CMAKE_PREFIX_PATH}:/opt/ros/jazzy DEBUGINFOD_URLS=https://debuginfod.ubuntu.com /usr/bin/cmake --build /home/papalist/tek_expo_demo_3_ws/build/bumperbot_utils -- -j8 -l8
[0.418s] DEBUG:colcon.colcon_core.event_handler.log_command:Invoking command in '/home/papalist/tek_expo_demo_3_ws/build/rf2o_laser_odometry': CMAKE_PREFIX_PATH=${CMAKE_PREFIX_PATH}:/opt/ros/jazzy DEBUGINFOD_URLS=https://debuginfod.ubuntu.com /usr/bin/cmake --build /home/papalist/tek_expo_demo_3_ws/build/rf2o_laser_odometry -- -j8 -l8
[0.461s] DEBUG:colcon.colcon_core.event_handler.log_command:Invoking command in '/home/papalist/tek_expo_demo_3_ws/build/sllidar_ros2': CMAKE_PREFIX_PATH=${CMAKE_PREFIX_PATH}:/opt/ros/jazzy DEBUGINFOD_URLS=https://debuginfod.ubuntu.com /usr/bin/cmake --build /home/papalist/tek_expo_demo_3_ws/build/sllidar_ros2 -- -j8 -l8
[0.476s] DEBUG:colcon.colcon_core.event_handler.log_command:Invoked command in '/home/papalist/tek_expo_demo_3_ws/build/bumperbot_description' returned '0': CMAKE_PREFIX_PATH=${CMAKE_PREFIX_PATH}:/opt/ros/jazzy DEBUGINFOD_URLS=https://debuginfod.ubuntu.com /usr/bin/cmake --build /home/papalist/tek_expo_demo_3_ws/build/bumperbot_description -- -j8 -l8
[0.503s] DEBUG:colcon.colcon_core.event_handler.log_command:Invoking command in '/home/papalist/tek_expo_demo_3_ws/build/bumperbot_description': CMAKE_PREFIX_PATH=${CMAKE_PREFIX_PATH}:/opt/ros/jazzy DEBUGINFOD_URLS=https://debuginfod.ubuntu.com /usr/bin/cmake --install /home/papalist/tek_expo_demo_3_ws/build/bumperbot_description
[0.655s] DEBUG:colcon.colcon_core.event_handler.log_command:Invoked command in '/home/papalist/tek_expo_demo_3_ws/build/rf2o_laser_odometry' returned '0': CMAKE_PREFIX_PATH=${CMAKE_PREFIX_PATH}:/opt/ros/jazzy DEBUGINFOD_URLS=https://debuginfod.ubuntu.com /usr/bin/cmake --build /home/papalist/tek_expo_demo_3_ws/build/rf2o_laser_odometry -- -j8 -l8
[0.661s] DEBUG:colcon.colcon_core.event_handler.log_command:Invoking command in '/home/papalist/tek_expo_demo_3_ws/build/rf2o_laser_odometry': CMAKE_PREFIX_PATH=${CMAKE_PREFIX_PATH}:/opt/ros/jazzy DEBUGINFOD_URLS=https://debuginfod.ubuntu.com /usr/bin/cmake --install /home/papalist/tek_expo_demo_3_ws/build/rf2o_laser_odometry
[0.701s] Level 1:colcon.colcon_core.environment:create_environment_scripts_only(bumperbot_description)
[0.707s] Level 1:colcon.colcon_core.environment:checking '/home/papalist/tek_expo_demo_3_ws/install/bumperbot_description' for CMake module files
[0.711s] Level 1:colcon.colcon_core.environment:checking '/home/papalist/tek_expo_demo_3_ws/install/bumperbot_description' for CMake config files
[0.711s] Level 1:colcon.colcon_core.shell:create_environment_hook('bumperbot_description', 'cmake_prefix_path')
[0.712s] INFO:colcon.colcon_core.shell:Creating environment hook '/home/papalist/tek_expo_demo_3_ws/install/bumperbot_description/share/bumperbot_description/hook/cmake_prefix_path.ps1'
[0.713s] INFO:colcon.colcon_core.shell:Creating environment descriptor '/home/papalist/tek_expo_demo_3_ws/install/bumperbot_description/share/bumperbot_description/hook/cmake_prefix_path.dsv'
[0.714s] INFO:colcon.colcon_core.shell:Creating environment hook '/home/papalist/tek_expo_demo_3_ws/install/bumperbot_description/share/bumperbot_description/hook/cmake_prefix_path.sh'
[0.721s] Level 1:colcon.colcon_core.environment:checking '/home/papalist/tek_expo_demo_3_ws/install/bumperbot_description/bin'
[0.722s] Level 1:colcon.colcon_core.environment:checking '/home/papalist/tek_expo_demo_3_ws/install/bumperbot_description/lib/pkgconfig/bumperbot_description.pc'
[0.725s] Level 1:colcon.colcon_core.environment:checking '/home/papalist/tek_expo_demo_3_ws/install/bumperbot_description/lib/python3.12/site-packages'
[0.725s] Level 1:colcon.colcon_core.environment:checking '/home/papalist/tek_expo_demo_3_ws/install/bumperbot_description/bin'
[0.726s] INFO:colcon.colcon_core.shell:Creating package script '/home/papalist/tek_expo_demo_3_ws/install/bumperbot_description/share/bumperbot_description/package.ps1'
[0.727s] INFO:colcon.colcon_core.shell:Creating package descriptor '/home/papalist/tek_expo_demo_3_ws/install/bumperbot_description/share/bumperbot_description/package.dsv'
[0.728s] INFO:colcon.colcon_core.shell:Creating package script '/home/papalist/tek_expo_demo_3_ws/install/bumperbot_description/share/bumperbot_description/package.sh'
[0.734s] INFO:colcon.colcon_core.shell:Creating package script '/home/papalist/tek_expo_demo_3_ws/install/bumperbot_description/share/bumperbot_description/package.bash'
[0.736s] INFO:colcon.colcon_core.shell:Creating package script '/home/papalist/tek_expo_demo_3_ws/install/bumperbot_description/share/bumperbot_description/package.zsh'
[0.738s] DEBUG:colcon.colcon_core.event_handler.log_command:Invoked command in '/home/papalist/tek_expo_demo_3_ws/build/bumperbot_description' returned '0': CMAKE_PREFIX_PATH=${CMAKE_PREFIX_PATH}:/opt/ros/jazzy DEBUGINFOD_URLS=https://debuginfod.ubuntu.com /usr/bin/cmake --install /home/papalist/tek_expo_demo_3_ws/build/bumperbot_description
[0.741s] Level 1:colcon.colcon_core.environment:create_file_with_runtime_dependencies(/home/papalist/tek_expo_demo_3_ws/install/bumperbot_description/share/colcon-core/packages/bumperbot_description)
[0.742s] Level 1:colcon.colcon_core.environment:create_environment_scripts_only(bumperbot_description)
[0.742s] Level 1:colcon.colcon_core.environment:checking '/home/papalist/tek_expo_demo_3_ws/install/bumperbot_description' for CMake module files
[0.743s] Level 1:colcon.colcon_core.environment:checking '/home/papalist/tek_expo_demo_3_ws/install/bumperbot_description' for CMake config files
[0.748s] Level 1:colcon.colcon_core.shell:create_environment_hook('bumperbot_description', 'cmake_prefix_path')
[0.749s] INFO:colcon.colcon_core.shell:Creating environment hook '/home/papalist/tek_expo_demo_3_ws/install/bumperbot_description/share/bumperbot_description/hook/cmake_prefix_path.ps1'
[0.749s] INFO:colcon.colcon_core.shell:Creating environment descriptor '/home/papalist/tek_expo_demo_3_ws/install/bumperbot_description/share/bumperbot_description/hook/cmake_prefix_path.dsv'
[0.750s] INFO:colcon.colcon_core.shell:Creating environment hook '/home/papalist/tek_expo_demo_3_ws/install/bumperbot_description/share/bumperbot_description/hook/cmake_prefix_path.sh'
[0.754s] Level 1:colcon.colcon_core.environment:checking '/home/papalist/tek_expo_demo_3_ws/install/bumperbot_description/bin'
[0.754s] Level 1:colcon.colcon_core.environment:checking '/home/papalist/tek_expo_demo_3_ws/install/bumperbot_description/lib/pkgconfig/bumperbot_description.pc'
[0.754s] Level 1:colcon.colcon_core.environment:checking '/home/papalist/tek_expo_demo_3_ws/install/bumperbot_description/lib/python3.12/site-packages'
[0.755s] Level 1:colcon.colcon_core.environment:checking '/home/papalist/tek_expo_demo_3_ws/install/bumperbot_description/bin'
[0.755s] INFO:colcon.colcon_core.shell:Creating package script '/home/papalist/tek_expo_demo_3_ws/install/bumperbot_description/share/bumperbot_description/package.ps1'
[0.756s] INFO:colcon.colcon_core.shell:Creating package descriptor '/home/papalist/tek_expo_demo_3_ws/install/bumperbot_description/share/bumperbot_description/package.dsv'
[0.757s] INFO:colcon.colcon_core.shell:Creating package script '/home/papalist/tek_expo_demo_3_ws/install/bumperbot_description/share/bumperbot_description/package.sh'
[0.763s] INFO:colcon.colcon_core.shell:Creating package script '/home/papalist/tek_expo_demo_3_ws/install/bumperbot_description/share/bumperbot_description/package.bash'
[0.764s] INFO:colcon.colcon_core.shell:Creating package script '/home/papalist/tek_expo_demo_3_ws/install/bumperbot_description/share/bumperbot_description/package.zsh'
[0.764s] Level 1:colcon.colcon_core.environment:create_file_with_runtime_dependencies(/home/papalist/tek_expo_demo_3_ws/install/bumperbot_description/share/colcon-core/packages/bumperbot_description)
[0.766s] DEBUG:colcon.colcon_core.event_handler.log_command:Invoked command in '/home/papalist/tek_expo_demo_3_ws/build/sllidar_ros2' returned '0': CMAKE_PREFIX_PATH=${CMAKE_PREFIX_PATH}:/opt/ros/jazzy DEBUGINFOD_URLS=https://debuginfod.ubuntu.com /usr/bin/cmake --build /home/papalist/tek_expo_demo_3_ws/build/sllidar_ros2 -- -j8 -l8
[0.770s] DEBUG:colcon.colcon_core.event_handler.log_command:Invoking command in '/home/papalist/tek_expo_demo_3_ws/build/sllidar_ros2': CMAKE_PREFIX_PATH=${CMAKE_PREFIX_PATH}:/opt/ros/jazzy DEBUGINFOD_URLS=https://debuginfod.ubuntu.com /usr/bin/cmake --install /home/papalist/tek_expo_demo_3_ws/build/sllidar_ros2
[0.775s] Level 1:colcon.colcon_core.environment:create_environment_scripts_only(rf2o_laser_odometry)
[0.776s] Level 1:colcon.colcon_core.environment:checking '/home/papalist/tek_expo_demo_3_ws/install/rf2o_laser_odometry' for CMake module files
[0.776s] DEBUG:colcon.colcon_core.event_handler.log_command:Invoked command in '/home/papalist/tek_expo_demo_3_ws/build/rf2o_laser_odometry' returned '0': CMAKE_PREFIX_PATH=${CMAKE_PREFIX_PATH}:/opt/ros/jazzy DEBUGINFOD_URLS=https://debuginfod.ubuntu.com /usr/bin/cmake --install /home/papalist/tek_expo_demo_3_ws/build/rf2o_laser_odometry
[0.777s] Level 1:colcon.colcon_core.environment:checking '/home/papalist/tek_expo_demo_3_ws/install/rf2o_laser_odometry' for CMake config files
[0.778s] Level 1:colcon.colcon_core.shell:create_environment_hook('rf2o_laser_odometry', 'cmake_prefix_path')
[0.778s] INFO:colcon.colcon_core.shell:Creating environment hook '/home/papalist/tek_expo_demo_3_ws/install/rf2o_laser_odometry/share/rf2o_laser_odometry/hook/cmake_prefix_path.ps1'
[0.779s] INFO:colcon.colcon_core.shell:Creating environment descriptor '/home/papalist/tek_expo_demo_3_ws/install/rf2o_laser_odometry/share/rf2o_laser_odometry/hook/cmake_prefix_path.dsv'
[0.779s] INFO:colcon.colcon_core.shell:Creating environment hook '/home/papalist/tek_expo_demo_3_ws/install/rf2o_laser_odometry/share/rf2o_laser_odometry/hook/cmake_prefix_path.sh'
[0.786s] Level 1:colcon.colcon_core.environment:checking '/home/papalist/tek_expo_demo_3_ws/install/rf2o_laser_odometry/lib'
[0.787s] Level 1:colcon.colcon_core.environment:checking '/home/papalist/tek_expo_demo_3_ws/install/rf2o_laser_odometry/bin'
[0.787s] Level 1:colcon.colcon_core.environment:checking '/home/papalist/tek_expo_demo_3_ws/install/rf2o_laser_odometry/lib/pkgconfig/rf2o_laser_odometry.pc'
[0.787s] Level 1:colcon.colcon_core.environment:checking '/home/papalist/tek_expo_demo_3_ws/install/rf2o_laser_odometry/lib/python3.12/site-packages'
[0.788s] Level 1:colcon.colcon_core.environment:checking '/home/papalist/tek_expo_demo_3_ws/install/rf2o_laser_odometry/bin'
[0.788s] INFO:colcon.colcon_core.shell:Creating package script '/home/papalist/tek_expo_demo_3_ws/install/rf2o_laser_odometry/share/rf2o_laser_odometry/package.ps1'
[0.789s] INFO:colcon.colcon_core.shell:Creating package descriptor '/home/papalist/tek_expo_demo_3_ws/install/rf2o_laser_odometry/share/rf2o_laser_odometry/package.dsv'
[0.790s] INFO:colcon.colcon_core.shell:Creating package script '/home/papalist/tek_expo_demo_3_ws/install/rf2o_laser_odometry/share/rf2o_laser_odometry/package.sh'
[0.794s] INFO:colcon.colcon_core.shell:Creating package script '/home/papalist/tek_expo_demo_3_ws/install/rf2o_laser_odometry/share/rf2o_laser_odometry/package.bash'
[0.795s] INFO:colcon.colcon_core.shell:Creating package script '/home/papalist/tek_expo_demo_3_ws/install/rf2o_laser_odometry/share/rf2o_laser_odometry/package.zsh'
[0.796s] Level 1:colcon.colcon_core.environment:create_file_with_runtime_dependencies(/home/papalist/tek_expo_demo_3_ws/install/rf2o_laser_odometry/share/colcon-core/packages/rf2o_laser_odometry)
[0.797s] Level 1:colcon.colcon_core.environment:create_environment_scripts_only(rf2o_laser_odometry)
[0.797s] Level 1:colcon.colcon_core.environment:checking '/home/papalist/tek_expo_demo_3_ws/install/rf2o_laser_odometry' for CMake module files
[0.801s] Level 1:colcon.colcon_core.environment:checking '/home/papalist/tek_expo_demo_3_ws/install/rf2o_laser_odometry' for CMake config files
[0.801s] Level 1:colcon.colcon_core.shell:create_environment_hook('rf2o_laser_odometry', 'cmake_prefix_path')
[0.802s] INFO:colcon.colcon_core.shell:Creating environment hook '/home/papalist/tek_expo_demo_3_ws/install/rf2o_laser_odometry/share/rf2o_laser_odometry/hook/cmake_prefix_path.ps1'
[0.803s] INFO:colcon.colcon_core.shell:Creating environment descriptor '/home/papalist/tek_expo_demo_3_ws/install/rf2o_laser_odometry/share/rf2o_laser_odometry/hook/cmake_prefix_path.dsv'
[0.803s] INFO:colcon.colcon_core.shell:Creating environment hook '/home/papalist/tek_expo_demo_3_ws/install/rf2o_laser_odometry/share/rf2o_laser_odometry/hook/cmake_prefix_path.sh'
[0.804s] Level 1:colcon.colcon_core.environment:checking '/home/papalist/tek_expo_demo_3_ws/install/rf2o_laser_odometry/lib'
[0.804s] Level 1:colcon.colcon_core.environment:checking '/home/papalist/tek_expo_demo_3_ws/install/rf2o_laser_odometry/bin'
[0.804s] Level 1:colcon.colcon_core.environment:checking '/home/papalist/tek_expo_demo_3_ws/install/rf2o_laser_odometry/lib/pkgconfig/rf2o_laser_odometry.pc'
[0.807s] Level 1:colcon.colcon_core.environment:checking '/home/papalist/tek_expo_demo_3_ws/install/rf2o_laser_odometry/lib/python3.12/site-packages'
[0.808s] Level 1:colcon.colcon_core.environment:checking '/home/papalist/tek_expo_demo_3_ws/install/rf2o_laser_odometry/bin'
[0.809s] INFO:colcon.colcon_core.shell:Creating package script '/home/papalist/tek_expo_demo_3_ws/install/rf2o_laser_odometry/share/rf2o_laser_odometry/package.ps1'
[0.823s] INFO:colcon.colcon_core.shell:Creating package descriptor '/home/papalist/tek_expo_demo_3_ws/install/rf2o_laser_odometry/share/rf2o_laser_odometry/package.dsv'
[0.824s] INFO:colcon.colcon_core.shell:Creating package script '/home/papalist/tek_expo_demo_3_ws/install/rf2o_laser_odometry/share/rf2o_laser_odometry/package.sh'
[0.825s] INFO:colcon.colcon_core.shell:Creating package script '/home/papalist/tek_expo_demo_3_ws/install/rf2o_laser_odometry/share/rf2o_laser_odometry/package.bash'
[0.825s] INFO:colcon.colcon_core.shell:Creating package script '/home/papalist/tek_expo_demo_3_ws/install/rf2o_laser_odometry/share/rf2o_laser_odometry/package.zsh'
[0.826s] Level 1:colcon.colcon_core.environment:create_file_with_runtime_dependencies(/home/papalist/tek_expo_demo_3_ws/install/rf2o_laser_odometry/share/colcon-core/packages/rf2o_laser_odometry)
[0.831s] Level 1:colcon.colcon_core.environment:create_environment_scripts_only(sllidar_ros2)
[0.832s] Level 1:colcon.colcon_core.environment:checking '/home/papalist/tek_expo_demo_3_ws/install/sllidar_ros2' for CMake module files
[0.833s] Level 1:colcon.colcon_core.environment:checking '/home/papalist/tek_expo_demo_3_ws/install/sllidar_ros2' for CMake config files
[0.833s] Level 1:colcon.colcon_core.shell:create_environment_hook('sllidar_ros2', 'cmake_prefix_path')
[0.834s] INFO:colcon.colcon_core.shell:Creating environment hook '/home/papalist/tek_expo_demo_3_ws/install/sllidar_ros2/share/sllidar_ros2/hook/cmake_prefix_path.ps1'
[0.834s] INFO:colcon.colcon_core.shell:Creating environment descriptor '/home/papalist/tek_expo_demo_3_ws/install/sllidar_ros2/share/sllidar_ros2/hook/cmake_prefix_path.dsv'
[0.839s] DEBUG:colcon.colcon_core.event_handler.log_command:Invoked command in '/home/papalist/tek_expo_demo_3_ws/build/sllidar_ros2' returned '0': CMAKE_PREFIX_PATH=${CMAKE_PREFIX_PATH}:/opt/ros/jazzy DEBUGINFOD_URLS=https://debuginfod.ubuntu.com /usr/bin/cmake --install /home/papalist/tek_expo_demo_3_ws/build/sllidar_ros2
[0.840s] INFO:colcon.colcon_core.shell:Creating environment hook '/home/papalist/tek_expo_demo_3_ws/install/sllidar_ros2/share/sllidar_ros2/hook/cmake_prefix_path.sh'
[0.842s] Level 1:colcon.colcon_core.environment:checking '/home/papalist/tek_expo_demo_3_ws/install/sllidar_ros2/lib'
[0.842s] Level 1:colcon.colcon_core.environment:checking '/home/papalist/tek_expo_demo_3_ws/install/sllidar_ros2/bin'
[0.842s] Level 1:colcon.colcon_core.environment:checking '/home/papalist/tek_expo_demo_3_ws/install/sllidar_ros2/lib/pkgconfig/sllidar_ros2.pc'
[0.845s] Level 1:colcon.colcon_core.environment:checking '/home/papalist/tek_expo_demo_3_ws/install/sllidar_ros2/lib/python3.12/site-packages'
[0.845s] Level 1:colcon.colcon_core.environment:checking '/home/papalist/tek_expo_demo_3_ws/install/sllidar_ros2/bin'
[0.846s] INFO:colcon.colcon_core.shell:Creating package script '/home/papalist/tek_expo_demo_3_ws/install/sllidar_ros2/share/sllidar_ros2/package.ps1'
[0.846s] INFO:colcon.colcon_core.shell:Creating package descriptor '/home/papalist/tek_expo_demo_3_ws/install/sllidar_ros2/share/sllidar_ros2/package.dsv'
[0.847s] INFO:colcon.colcon_core.shell:Creating package script '/home/papalist/tek_expo_demo_3_ws/install/sllidar_ros2/share/sllidar_ros2/package.sh'
[0.848s] INFO:colcon.colcon_core.shell:Creating package script '/home/papalist/tek_expo_demo_3_ws/install/sllidar_ros2/share/sllidar_ros2/package.bash'
[0.848s] INFO:colcon.colcon_core.shell:Creating package script '/home/papalist/tek_expo_demo_3_ws/install/sllidar_ros2/share/sllidar_ros2/package.zsh'
[0.849s] Level 1:colcon.colcon_core.environment:create_file_with_runtime_dependencies(/home/papalist/tek_expo_demo_3_ws/install/sllidar_ros2/share/colcon-core/packages/sllidar_ros2)
[0.850s] Level 1:colcon.colcon_core.environment:create_environment_scripts_only(sllidar_ros2)
[0.850s] Level 1:colcon.colcon_core.environment:checking '/home/papalist/tek_expo_demo_3_ws/install/sllidar_ros2' for CMake module files
[0.852s] Level 1:colcon.colcon_core.environment:checking '/home/papalist/tek_expo_demo_3_ws/install/sllidar_ros2' for CMake config files
[0.853s] Level 1:colcon.colcon_core.shell:create_environment_hook('sllidar_ros2', 'cmake_prefix_path')
[0.853s] INFO:colcon.colcon_core.shell:Creating environment hook '/home/papalist/tek_expo_demo_3_ws/install/sllidar_ros2/share/sllidar_ros2/hook/cmake_prefix_path.ps1'
[0.854s] INFO:colcon.colcon_core.shell:Creating environment descriptor '/home/papalist/tek_expo_demo_3_ws/install/sllidar_ros2/share/sllidar_ros2/hook/cmake_prefix_path.dsv'
[0.854s] INFO:colcon.colcon_core.shell:Creating environment hook '/home/papalist/tek_expo_demo_3_ws/install/sllidar_ros2/share/sllidar_ros2/hook/cmake_prefix_path.sh'
[0.855s] Level 1:colcon.colcon_core.environment:checking '/home/papalist/tek_expo_demo_3_ws/install/sllidar_ros2/lib'
[0.856s] Level 1:colcon.colcon_core.environment:checking '/home/papalist/tek_expo_demo_3_ws/install/sllidar_ros2/bin'
[0.856s] Level 1:colcon.colcon_core.environment:checking '/home/papalist/tek_expo_demo_3_ws/install/sllidar_ros2/lib/pkgconfig/sllidar_ros2.pc'
[0.856s] Level 1:colcon.colcon_core.environment:checking '/home/papalist/tek_expo_demo_3_ws/install/sllidar_ros2/lib/python3.12/site-packages'
[0.856s] Level 1:colcon.colcon_core.environment:checking '/home/papalist/tek_expo_demo_3_ws/install/sllidar_ros2/bin'
[0.857s] INFO:colcon.colcon_core.shell:Creating package script '/home/papalist/tek_expo_demo_3_ws/install/sllidar_ros2/share/sllidar_ros2/package.ps1'
[0.858s] INFO:colcon.colcon_core.shell:Creating package descriptor '/home/papalist/tek_expo_demo_3_ws/install/sllidar_ros2/share/sllidar_ros2/package.dsv'
[0.859s] INFO:colcon.colcon_core.shell:Creating package script '/home/papalist/tek_expo_demo_3_ws/install/sllidar_ros2/share/sllidar_ros2/package.sh'
[0.859s] INFO:colcon.colcon_core.shell:Creating package script '/home/papalist/tek_expo_demo_3_ws/install/sllidar_ros2/share/sllidar_ros2/package.bash'
[0.860s] INFO:colcon.colcon_core.shell:Creating package script '/home/papalist/tek_expo_demo_3_ws/install/sllidar_ros2/share/sllidar_ros2/package.zsh'
[0.861s] Level 1:colcon.colcon_core.environment:create_file_with_runtime_dependencies(/home/papalist/tek_expo_demo_3_ws/install/sllidar_ros2/share/colcon-core/packages/sllidar_ros2)
[1.370s] DEBUG:colcon.colcon_core.event_handler.log_command:Invoked command in '/home/papalist/tek_expo_demo_3_ws/build/bumperbot_utils' returned '0': CMAKE_PREFIX_PATH=${CMAKE_PREFIX_PATH}:/opt/ros/jazzy DEBUGINFOD_URLS=https://debuginfod.ubuntu.com /usr/bin/cmake --build /home/papalist/tek_expo_demo_3_ws/build/bumperbot_utils -- -j8 -l8
[1.371s] DEBUG:colcon.colcon_core.event_handler.log_command:Invoking command in '/home/papalist/tek_expo_demo_3_ws/build/bumperbot_utils': CMAKE_PREFIX_PATH=${CMAKE_PREFIX_PATH}:/opt/ros/jazzy DEBUGINFOD_URLS=https://debuginfod.ubuntu.com /usr/bin/cmake --install /home/papalist/tek_expo_demo_3_ws/build/bumperbot_utils
[1.409s] DEBUG:colcon.colcon_core.event_handler.log_command:Invoked command in '/home/papalist/tek_expo_demo_3_ws/build/bumperbot_localization' returned '0': CMAKE_PREFIX_PATH=${CMAKE_PREFIX_PATH}:/opt/ros/jazzy DEBUGINFOD_URLS=https://debuginfod.ubuntu.com /usr/bin/cmake --build /home/papalist/tek_expo_demo_3_ws/build/bumperbot_localization -- -j8 -l8
[1.411s] DEBUG:colcon.colcon_core.event_handler.log_command:Invoking command in '/home/papalist/tek_expo_demo_3_ws/build/bumperbot_localization': CMAKE_PREFIX_PATH=${CMAKE_PREFIX_PATH}:/opt/ros/jazzy DEBUGINFOD_URLS=https://debuginfod.ubuntu.com /usr/bin/cmake --install /home/papalist/tek_expo_demo_3_ws/build/bumperbot_localization
[1.459s] DEBUG:colcon.colcon_core.event_handler.log_command:Invoked command in '/home/papalist/tek_expo_demo_3_ws/build/bumperbot_firmware' returned '0': CMAKE_PREFIX_PATH=${CMAKE_PREFIX_PATH}:/opt/ros/jazzy DEBUGINFOD_URLS=https://debuginfod.ubuntu.com /usr/bin/cmake --build /home/papalist/tek_expo_demo_3_ws/build/bumperbot_firmware -- -j8 -l8
[1.463s] DEBUG:colcon.colcon_core.event_handler.log_command:Invoking command in '/home/papalist/tek_expo_demo_3_ws/build/bumperbot_firmware': CMAKE_PREFIX_PATH=${CMAKE_PREFIX_PATH}:/opt/ros/jazzy DEBUGINFOD_URLS=https://debuginfod.ubuntu.com /usr/bin/cmake --install /home/papalist/tek_expo_demo_3_ws/build/bumperbot_firmware
[1.465s] Level 1:colcon.colcon_core.environment:create_environment_scripts_only(bumperbot_utils)
[1.465s] Level 1:colcon.colcon_core.environment:checking '/home/papalist/tek_expo_demo_3_ws/install/bumperbot_utils' for CMake module files
[1.466s] DEBUG:colcon.colcon_core.event_handler.log_command:Invoked command in '/home/papalist/tek_expo_demo_3_ws/build/bumperbot_utils' returned '0': CMAKE_PREFIX_PATH=${CMAKE_PREFIX_PATH}:/opt/ros/jazzy DEBUGINFOD_URLS=https://debuginfod.ubuntu.com /usr/bin/cmake --install /home/papalist/tek_expo_demo_3_ws/build/bumperbot_utils
[1.467s] Level 1:colcon.colcon_core.environment:checking '/home/papalist/tek_expo_demo_3_ws/install/bumperbot_utils' for CMake config files
[1.467s] Level 1:colcon.colcon_core.shell:create_environment_hook('bumperbot_utils', 'cmake_prefix_path')
[1.467s] INFO:colcon.colcon_core.shell:Creating environment hook '/home/papalist/tek_expo_demo_3_ws/install/bumperbot_utils/share/bumperbot_utils/hook/cmake_prefix_path.ps1'
[1.468s] INFO:colcon.colcon_core.shell:Creating environment descriptor '/home/papalist/tek_expo_demo_3_ws/install/bumperbot_utils/share/bumperbot_utils/hook/cmake_prefix_path.dsv'
[1.469s] INFO:colcon.colcon_core.shell:Creating environment hook '/home/papalist/tek_expo_demo_3_ws/install/bumperbot_utils/share/bumperbot_utils/hook/cmake_prefix_path.sh'
[1.470s] Level 1:colcon.colcon_core.environment:checking '/home/papalist/tek_expo_demo_3_ws/install/bumperbot_utils/lib'
[1.470s] Level 1:colcon.colcon_core.environment:checking '/home/papalist/tek_expo_demo_3_ws/install/bumperbot_utils/bin'
[1.470s] Level 1:colcon.colcon_core.environment:checking '/home/papalist/tek_expo_demo_3_ws/install/bumperbot_utils/lib/pkgconfig/bumperbot_utils.pc'
[1.470s] Level 1:colcon.colcon_core.environment:checking '/home/papalist/tek_expo_demo_3_ws/install/bumperbot_utils/lib/python3.12/site-packages'
[1.471s] Level 1:colcon.colcon_core.shell:create_environment_hook('bumperbot_utils', 'pythonpath')
[1.471s] INFO:colcon.colcon_core.shell:Creating environment hook '/home/papalist/tek_expo_demo_3_ws/install/bumperbot_utils/share/bumperbot_utils/hook/pythonpath.ps1'
[1.471s] INFO:colcon.colcon_core.shell:Creating environment descriptor '/home/papalist/tek_expo_demo_3_ws/install/bumperbot_utils/share/bumperbot_utils/hook/pythonpath.dsv'
[1.472s] INFO:colcon.colcon_core.shell:Creating environment hook '/home/papalist/tek_expo_demo_3_ws/install/bumperbot_utils/share/bumperbot_utils/hook/pythonpath.sh'
[1.473s] Level 1:colcon.colcon_core.environment:checking '/home/papalist/tek_expo_demo_3_ws/install/bumperbot_utils/bin'
[1.473s] INFO:colcon.colcon_core.shell:Creating package script '/home/papalist/tek_expo_demo_3_ws/install/bumperbot_utils/share/bumperbot_utils/package.ps1'
[1.476s] INFO:colcon.colcon_core.shell:Creating package descriptor '/home/papalist/tek_expo_demo_3_ws/install/bumperbot_utils/share/bumperbot_utils/package.dsv'
[1.478s] INFO:colcon.colcon_core.shell:Creating package script '/home/papalist/tek_expo_demo_3_ws/install/bumperbot_utils/share/bumperbot_utils/package.sh'
[1.479s] INFO:colcon.colcon_core.shell:Creating package script '/home/papalist/tek_expo_demo_3_ws/install/bumperbot_utils/share/bumperbot_utils/package.bash'
[1.479s] INFO:colcon.colcon_core.shell:Creating package script '/home/papalist/tek_expo_demo_3_ws/install/bumperbot_utils/share/bumperbot_utils/package.zsh'
[1.480s] Level 1:colcon.colcon_core.environment:create_file_with_runtime_dependencies(/home/papalist/tek_expo_demo_3_ws/install/bumperbot_utils/share/colcon-core/packages/bumperbot_utils)
[1.480s] Level 1:colcon.colcon_core.environment:create_environment_scripts_only(bumperbot_utils)
[1.481s] Level 1:colcon.colcon_core.environment:checking '/home/papalist/tek_expo_demo_3_ws/install/bumperbot_utils' for CMake module files
[1.482s] Level 1:colcon.colcon_core.environment:checking '/home/papalist/tek_expo_demo_3_ws/install/bumperbot_utils' for CMake config files
[1.482s] Level 1:colcon.colcon_core.shell:create_environment_hook('bumperbot_utils', 'cmake_prefix_path')
[1.483s] INFO:colcon.colcon_core.shell:Creating environment hook '/home/papalist/tek_expo_demo_3_ws/install/bumperbot_utils/share/bumperbot_utils/hook/cmake_prefix_path.ps1'
[1.483s] INFO:colcon.colcon_core.shell:Creating environment descriptor '/home/papalist/tek_expo_demo_3_ws/install/bumperbot_utils/share/bumperbot_utils/hook/cmake_prefix_path.dsv'
[1.484s] INFO:colcon.colcon_core.shell:Creating environment hook '/home/papalist/tek_expo_demo_3_ws/install/bumperbot_utils/share/bumperbot_utils/hook/cmake_prefix_path.sh'
[1.485s] Level 1:colcon.colcon_core.environment:checking '/home/papalist/tek_expo_demo_3_ws/install/bumperbot_utils/lib'
[1.485s] Level 1:colcon.colcon_core.environment:checking '/home/papalist/tek_expo_demo_3_ws/install/bumperbot_utils/bin'
[1.485s] Level 1:colcon.colcon_core.environment:checking '/home/papalist/tek_expo_demo_3_ws/install/bumperbot_utils/lib/pkgconfig/bumperbot_utils.pc'
[1.485s] Level 1:colcon.colcon_core.environment:checking '/home/papalist/tek_expo_demo_3_ws/install/bumperbot_utils/lib/python3.12/site-packages'
[1.485s] Level 1:colcon.colcon_core.shell:create_environment_hook('bumperbot_utils', 'pythonpath')
[1.486s] INFO:colcon.colcon_core.shell:Creating environment hook '/home/papalist/tek_expo_demo_3_ws/install/bumperbot_utils/share/bumperbot_utils/hook/pythonpath.ps1'
[1.486s] INFO:colcon.colcon_core.shell:Creating environment descriptor '/home/papalist/tek_expo_demo_3_ws/install/bumperbot_utils/share/bumperbot_utils/hook/pythonpath.dsv'
[1.487s] INFO:colcon.colcon_core.shell:Creating environment hook '/home/papalist/tek_expo_demo_3_ws/install/bumperbot_utils/share/bumperbot_utils/hook/pythonpath.sh'
[1.488s] Level 1:colcon.colcon_core.environment:checking '/home/papalist/tek_expo_demo_3_ws/install/bumperbot_utils/bin'
[1.488s] INFO:colcon.colcon_core.shell:Creating package script '/home/papalist/tek_expo_demo_3_ws/install/bumperbot_utils/share/bumperbot_utils/package.ps1'
[1.489s] INFO:colcon.colcon_core.shell:Creating package descriptor '/home/papalist/tek_expo_demo_3_ws/install/bumperbot_utils/share/bumperbot_utils/package.dsv'
[1.490s] INFO:colcon.colcon_core.shell:Creating package script '/home/papalist/tek_expo_demo_3_ws/install/bumperbot_utils/share/bumperbot_utils/package.sh'
[1.491s] INFO:colcon.colcon_core.shell:Creating package script '/home/papalist/tek_expo_demo_3_ws/install/bumperbot_utils/share/bumperbot_utils/package.bash'
[1.491s] INFO:colcon.colcon_core.shell:Creating package script '/home/papalist/tek_expo_demo_3_ws/install/bumperbot_utils/share/bumperbot_utils/package.zsh'
[1.492s] Level 1:colcon.colcon_core.environment:create_file_with_runtime_dependencies(/home/papalist/tek_expo_demo_3_ws/install/bumperbot_utils/share/colcon-core/packages/bumperbot_utils)
[1.494s] DEBUG:colcon.colcon_core.event_handler.log_command:Invoked command in '/home/papalist/tek_expo_demo_3_ws/build/bumperbot_mapping' returned '0': CMAKE_PREFIX_PATH=${CMAKE_PREFIX_PATH}:/opt/ros/jazzy DEBUGINFOD_URLS=https://debuginfod.ubuntu.com /usr/bin/cmake --build /home/papalist/tek_expo_demo_3_ws/build/bumperbot_mapping -- -j8 -l8
[1.495s] DEBUG:colcon.colcon_core.event_handler.log_command:Invoking command in '/home/papalist/tek_expo_demo_3_ws/build/bumperbot_mapping': CMAKE_PREFIX_PATH=${CMAKE_PREFIX_PATH}:/opt/ros/jazzy DEBUGINFOD_URLS=https://debuginfod.ubuntu.com /usr/bin/cmake --install /home/papalist/tek_expo_demo_3_ws/build/bumperbot_mapping
[1.515s] Level 1:colcon.colcon_core.environment:create_environment_scripts_only(bumperbot_localization)
[1.516s] Level 1:colcon.colcon_core.environment:checking '/home/papalist/tek_expo_demo_3_ws/install/bumperbot_localization' for CMake module files
[1.517s] DEBUG:colcon.colcon_core.event_handler.log_command:Invoked command in '/home/papalist/tek_expo_demo_3_ws/build/bumperbot_localization' returned '0': CMAKE_PREFIX_PATH=${CMAKE_PREFIX_PATH}:/opt/ros/jazzy DEBUGINFOD_URLS=https://debuginfod.ubuntu.com /usr/bin/cmake --install /home/papalist/tek_expo_demo_3_ws/build/bumperbot_localization
[1.517s] Level 1:colcon.colcon_core.environment:checking '/home/papalist/tek_expo_demo_3_ws/install/bumperbot_localization' for CMake config files
[1.518s] Level 1:colcon.colcon_core.shell:create_environment_hook('bumperbot_localization', 'cmake_prefix_path')
[1.518s] INFO:colcon.colcon_core.shell:Creating environment hook '/home/papalist/tek_expo_demo_3_ws/install/bumperbot_localization/share/bumperbot_localization/hook/cmake_prefix_path.ps1'
[1.519s] INFO:colcon.colcon_core.shell:Creating environment descriptor '/home/papalist/tek_expo_demo_3_ws/install/bumperbot_localization/share/bumperbot_localization/hook/cmake_prefix_path.dsv'
[1.519s] INFO:colcon.colcon_core.shell:Creating environment hook '/home/papalist/tek_expo_demo_3_ws/install/bumperbot_localization/share/bumperbot_localization/hook/cmake_prefix_path.sh'
[1.520s] Level 1:colcon.colcon_core.environment:checking '/home/papalist/tek_expo_demo_3_ws/install/bumperbot_localization/lib'
[1.520s] Level 1:colcon.colcon_core.environment:checking '/home/papalist/tek_expo_demo_3_ws/install/bumperbot_localization/bin'
[1.520s] Level 1:colcon.colcon_core.environment:checking '/home/papalist/tek_expo_demo_3_ws/install/bumperbot_localization/lib/pkgconfig/bumperbot_localization.pc'
[1.521s] Level 1:colcon.colcon_core.environment:checking '/home/papalist/tek_expo_demo_3_ws/install/bumperbot_localization/lib/python3.12/site-packages'
[1.521s] Level 1:colcon.colcon_core.shell:create_environment_hook('bumperbot_localization', 'pythonpath')
[1.521s] INFO:colcon.colcon_core.shell:Creating environment hook '/home/papalist/tek_expo_demo_3_ws/install/bumperbot_localization/share/bumperbot_localization/hook/pythonpath.ps1'
[1.521s] INFO:colcon.colcon_core.shell:Creating environment descriptor '/home/papalist/tek_expo_demo_3_ws/install/bumperbot_localization/share/bumperbot_localization/hook/pythonpath.dsv'
[1.522s] INFO:colcon.colcon_core.shell:Creating environment hook '/home/papalist/tek_expo_demo_3_ws/install/bumperbot_localization/share/bumperbot_localization/hook/pythonpath.sh'
[1.523s] Level 1:colcon.colcon_core.environment:checking '/home/papalist/tek_expo_demo_3_ws/install/bumperbot_localization/bin'
[1.523s] INFO:colcon.colcon_core.shell:Creating package script '/home/papalist/tek_expo_demo_3_ws/install/bumperbot_localization/share/bumperbot_localization/package.ps1'
[1.524s] INFO:colcon.colcon_core.shell:Creating package descriptor '/home/papalist/tek_expo_demo_3_ws/install/bumperbot_localization/share/bumperbot_localization/package.dsv'
[1.525s] INFO:colcon.colcon_core.shell:Creating package script '/home/papalist/tek_expo_demo_3_ws/install/bumperbot_localization/share/bumperbot_localization/package.sh'
[1.525s] INFO:colcon.colcon_core.shell:Creating package script '/home/papalist/tek_expo_demo_3_ws/install/bumperbot_localization/share/bumperbot_localization/package.bash'
[1.526s] INFO:colcon.colcon_core.shell:Creating package script '/home/papalist/tek_expo_demo_3_ws/install/bumperbot_localization/share/bumperbot_localization/package.zsh'
[1.526s] Level 1:colcon.colcon_core.environment:create_file_with_runtime_dependencies(/home/papalist/tek_expo_demo_3_ws/install/bumperbot_localization/share/colcon-core/packages/bumperbot_localization)
[1.527s] Level 1:colcon.colcon_core.environment:create_environment_scripts_only(bumperbot_localization)
[1.527s] Level 1:colcon.colcon_core.environment:checking '/home/papalist/tek_expo_demo_3_ws/install/bumperbot_localization' for CMake module files
[1.528s] Level 1:colcon.colcon_core.environment:checking '/home/papalist/tek_expo_demo_3_ws/install/bumperbot_localization' for CMake config files
[1.528s] Level 1:colcon.colcon_core.shell:create_environment_hook('bumperbot_localization', 'cmake_prefix_path')
[1.528s] INFO:colcon.colcon_core.shell:Creating environment hook '/home/papalist/tek_expo_demo_3_ws/install/bumperbot_localization/share/bumperbot_localization/hook/cmake_prefix_path.ps1'
[1.529s] INFO:colcon.colcon_core.shell:Creating environment descriptor '/home/papalist/tek_expo_demo_3_ws/install/bumperbot_localization/share/bumperbot_localization/hook/cmake_prefix_path.dsv'
[1.529s] INFO:colcon.colcon_core.shell:Creating environment hook '/home/papalist/tek_expo_demo_3_ws/install/bumperbot_localization/share/bumperbot_localization/hook/cmake_prefix_path.sh'
[1.530s] Level 1:colcon.colcon_core.environment:checking '/home/papalist/tek_expo_demo_3_ws/install/bumperbot_localization/lib'
[1.530s] Level 1:colcon.colcon_core.environment:checking '/home/papalist/tek_expo_demo_3_ws/install/bumperbot_localization/bin'
[1.530s] Level 1:colcon.colcon_core.environment:checking '/home/papalist/tek_expo_demo_3_ws/install/bumperbot_localization/lib/pkgconfig/bumperbot_localization.pc'
[1.530s] Level 1:colcon.colcon_core.environment:checking '/home/papalist/tek_expo_demo_3_ws/install/bumperbot_localization/lib/python3.12/site-packages'
[1.531s] Level 1:colcon.colcon_core.shell:create_environment_hook('bumperbot_localization', 'pythonpath')
[1.531s] INFO:colcon.colcon_core.shell:Creating environment hook '/home/papalist/tek_expo_demo_3_ws/install/bumperbot_localization/share/bumperbot_localization/hook/pythonpath.ps1'
[1.532s] INFO:colcon.colcon_core.shell:Creating environment descriptor '/home/papalist/tek_expo_demo_3_ws/install/bumperbot_localization/share/bumperbot_localization/hook/pythonpath.dsv'
[1.534s] INFO:colcon.colcon_core.shell:Creating environment hook '/home/papalist/tek_expo_demo_3_ws/install/bumperbot_localization/share/bumperbot_localization/hook/pythonpath.sh'
[1.536s] Level 1:colcon.colcon_core.environment:checking '/home/papalist/tek_expo_demo_3_ws/install/bumperbot_localization/bin'
[1.537s] INFO:colcon.colcon_core.shell:Creating package script '/home/papalist/tek_expo_demo_3_ws/install/bumperbot_localization/share/bumperbot_localization/package.ps1'
[1.539s] INFO:colcon.colcon_core.shell:Creating package descriptor '/home/papalist/tek_expo_demo_3_ws/install/bumperbot_localization/share/bumperbot_localization/package.dsv'
[1.542s] INFO:colcon.colcon_core.shell:Creating package script '/home/papalist/tek_expo_demo_3_ws/install/bumperbot_localization/share/bumperbot_localization/package.sh'
[1.544s] INFO:colcon.colcon_core.shell:Creating package script '/home/papalist/tek_expo_demo_3_ws/install/bumperbot_localization/share/bumperbot_localization/package.bash'
[1.545s] INFO:colcon.colcon_core.shell:Creating package script '/home/papalist/tek_expo_demo_3_ws/install/bumperbot_localization/share/bumperbot_localization/package.zsh'
[1.545s] Level 1:colcon.colcon_core.environment:create_file_with_runtime_dependencies(/home/papalist/tek_expo_demo_3_ws/install/bumperbot_localization/share/colcon-core/packages/bumperbot_localization)
[1.547s] Level 1:colcon.colcon_core.environment:create_environment_scripts_only(bumperbot_firmware)
[1.547s] Level 1:colcon.colcon_core.environment:checking '/home/papalist/tek_expo_demo_3_ws/install/bumperbot_firmware' for CMake module files
[1.548s] DEBUG:colcon.colcon_core.event_handler.log_command:Invoked command in '/home/papalist/tek_expo_demo_3_ws/build/bumperbot_firmware' returned '0': CMAKE_PREFIX_PATH=${CMAKE_PREFIX_PATH}:/opt/ros/jazzy DEBUGINFOD_URLS=https://debuginfod.ubuntu.com /usr/bin/cmake --install /home/papalist/tek_expo_demo_3_ws/build/bumperbot_firmware
[1.549s] Level 1:colcon.colcon_core.environment:checking '/home/papalist/tek_expo_demo_3_ws/install/bumperbot_firmware' for CMake config files
[1.549s] Level 1:colcon.colcon_core.shell:create_environment_hook('bumperbot_firmware', 'cmake_prefix_path')
[1.550s] INFO:colcon.colcon_core.shell:Creating environment hook '/home/papalist/tek_expo_demo_3_ws/install/bumperbot_firmware/share/bumperbot_firmware/hook/cmake_prefix_path.ps1'
[1.550s] INFO:colcon.colcon_core.shell:Creating environment descriptor '/home/papalist/tek_expo_demo_3_ws/install/bumperbot_firmware/share/bumperbot_firmware/hook/cmake_prefix_path.dsv'
[1.551s] INFO:colcon.colcon_core.shell:Creating environment hook '/home/papalist/tek_expo_demo_3_ws/install/bumperbot_firmware/share/bumperbot_firmware/hook/cmake_prefix_path.sh'
[1.552s] Level 1:colcon.colcon_core.environment:checking '/home/papalist/tek_expo_demo_3_ws/install/bumperbot_firmware/lib'
[1.552s] Level 1:colcon.colcon_core.shell:create_environment_hook('bumperbot_firmware', 'ld_library_path_lib')
[1.552s] INFO:colcon.colcon_core.shell:Creating environment hook '/home/papalist/tek_expo_demo_3_ws/install/bumperbot_firmware/share/bumperbot_firmware/hook/ld_library_path_lib.ps1'
[1.553s] INFO:colcon.colcon_core.shell:Creating environment descriptor '/home/papalist/tek_expo_demo_3_ws/install/bumperbot_firmware/share/bumperbot_firmware/hook/ld_library_path_lib.dsv'
[1.553s] INFO:colcon.colcon_core.shell:Creating environment hook '/home/papalist/tek_expo_demo_3_ws/install/bumperbot_firmware/share/bumperbot_firmware/hook/ld_library_path_lib.sh'
[1.554s] Level 1:colcon.colcon_core.environment:checking '/home/papalist/tek_expo_demo_3_ws/install/bumperbot_firmware/bin'
[1.554s] Level 1:colcon.colcon_core.environment:checking '/home/papalist/tek_expo_demo_3_ws/install/bumperbot_firmware/lib/pkgconfig/bumperbot_firmware.pc'
[1.554s] Level 1:colcon.colcon_core.environment:checking '/home/papalist/tek_expo_demo_3_ws/install/bumperbot_firmware/lib/python3.12/site-packages'
[1.554s] Level 1:colcon.colcon_core.shell:create_environment_hook('bumperbot_firmware', 'pythonpath')
[1.555s] INFO:colcon.colcon_core.shell:Creating environment hook '/home/papalist/tek_expo_demo_3_ws/install/bumperbot_firmware/share/bumperbot_firmware/hook/pythonpath.ps1'
[1.555s] INFO:colcon.colcon_core.shell:Creating environment descriptor '/home/papalist/tek_expo_demo_3_ws/install/bumperbot_firmware/share/bumperbot_firmware/hook/pythonpath.dsv'
[1.556s] INFO:colcon.colcon_core.shell:Creating environment hook '/home/papalist/tek_expo_demo_3_ws/install/bumperbot_firmware/share/bumperbot_firmware/hook/pythonpath.sh'
[1.557s] Level 1:colcon.colcon_core.environment:checking '/home/papalist/tek_expo_demo_3_ws/install/bumperbot_firmware/bin'
[1.557s] INFO:colcon.colcon_core.shell:Creating package script '/home/papalist/tek_expo_demo_3_ws/install/bumperbot_firmware/share/bumperbot_firmware/package.ps1'
[1.558s] INFO:colcon.colcon_core.shell:Creating package descriptor '/home/papalist/tek_expo_demo_3_ws/install/bumperbot_firmware/share/bumperbot_firmware/package.dsv'
[1.559s] INFO:colcon.colcon_core.shell:Creating package script '/home/papalist/tek_expo_demo_3_ws/install/bumperbot_firmware/share/bumperbot_firmware/package.sh'
[1.560s] INFO:colcon.colcon_core.shell:Creating package script '/home/papalist/tek_expo_demo_3_ws/install/bumperbot_firmware/share/bumperbot_firmware/package.bash'
[1.560s] INFO:colcon.colcon_core.shell:Creating package script '/home/papalist/tek_expo_demo_3_ws/install/bumperbot_firmware/share/bumperbot_firmware/package.zsh'
[1.560s] Level 1:colcon.colcon_core.environment:create_file_with_runtime_dependencies(/home/papalist/tek_expo_demo_3_ws/install/bumperbot_firmware/share/colcon-core/packages/bumperbot_firmware)
[1.561s] Level 1:colcon.colcon_core.environment:create_environment_scripts_only(bumperbot_firmware)
[1.561s] Level 1:colcon.colcon_core.environment:checking '/home/papalist/tek_expo_demo_3_ws/install/bumperbot_firmware' for CMake module files
[1.562s] Level 1:colcon.colcon_core.environment:checking '/home/papalist/tek_expo_demo_3_ws/install/bumperbot_firmware' for CMake config files
[1.562s] Level 1:colcon.colcon_core.shell:create_environment_hook('bumperbot_firmware', 'cmake_prefix_path')
[1.562s] INFO:colcon.colcon_core.shell:Creating environment hook '/home/papalist/tek_expo_demo_3_ws/install/bumperbot_firmware/share/bumperbot_firmware/hook/cmake_prefix_path.ps1'
[1.563s] INFO:colcon.colcon_core.shell:Creating environment descriptor '/home/papalist/tek_expo_demo_3_ws/install/bumperbot_firmware/share/bumperbot_firmware/hook/cmake_prefix_path.dsv'
[1.563s] INFO:colcon.colcon_core.shell:Creating environment hook '/home/papalist/tek_expo_demo_3_ws/install/bumperbot_firmware/share/bumperbot_firmware/hook/cmake_prefix_path.sh'
[1.564s] Level 1:colcon.colcon_core.environment:checking '/home/papalist/tek_expo_demo_3_ws/install/bumperbot_firmware/lib'
[1.564s] Level 1:colcon.colcon_core.shell:create_environment_hook('bumperbot_firmware', 'ld_library_path_lib')
[1.564s] INFO:colcon.colcon_core.shell:Creating environment hook '/home/papalist/tek_expo_demo_3_ws/install/bumperbot_firmware/share/bumperbot_firmware/hook/ld_library_path_lib.ps1'
[1.564s] INFO:colcon.colcon_core.shell:Creating environment descriptor '/home/papalist/tek_expo_demo_3_ws/install/bumperbot_firmware/share/bumperbot_firmware/hook/ld_library_path_lib.dsv'
[1.565s] INFO:colcon.colcon_core.shell:Creating environment hook '/home/papalist/tek_expo_demo_3_ws/install/bumperbot_firmware/share/bumperbot_firmware/hook/ld_library_path_lib.sh'
[1.566s] Level 1:colcon.colcon_core.environment:checking '/home/papalist/tek_expo_demo_3_ws/install/bumperbot_firmware/bin'
[1.566s] Level 1:colcon.colcon_core.environment:checking '/home/papalist/tek_expo_demo_3_ws/install/bumperbot_firmware/lib/pkgconfig/bumperbot_firmware.pc'
[1.566s] Level 1:colcon.colcon_core.environment:checking '/home/papalist/tek_expo_demo_3_ws/install/bumperbot_firmware/lib/python3.12/site-packages'
[1.566s] Level 1:colcon.colcon_core.shell:create_environment_hook('bumperbot_firmware', 'pythonpath')
[1.567s] INFO:colcon.colcon_core.shell:Creating environment hook '/home/papalist/tek_expo_demo_3_ws/install/bumperbot_firmware/share/bumperbot_firmware/hook/pythonpath.ps1'
[1.567s] INFO:colcon.colcon_core.shell:Creating environment descriptor '/home/papalist/tek_expo_demo_3_ws/install/bumperbot_firmware/share/bumperbot_firmware/hook/pythonpath.dsv'
[1.567s] INFO:colcon.colcon_core.shell:Creating environment hook '/home/papalist/tek_expo_demo_3_ws/install/bumperbot_firmware/share/bumperbot_firmware/hook/pythonpath.sh'
[1.568s] Level 1:colcon.colcon_core.environment:checking '/home/papalist/tek_expo_demo_3_ws/install/bumperbot_firmware/bin'
[1.569s] INFO:colcon.colcon_core.shell:Creating package script '/home/papalist/tek_expo_demo_3_ws/install/bumperbot_firmware/share/bumperbot_firmware/package.ps1'
[1.569s] INFO:colcon.colcon_core.shell:Creating package descriptor '/home/papalist/tek_expo_demo_3_ws/install/bumperbot_firmware/share/bumperbot_firmware/package.dsv'
[1.570s] INFO:colcon.colcon_core.shell:Creating package script '/home/papalist/tek_expo_demo_3_ws/install/bumperbot_firmware/share/bumperbot_firmware/package.sh'
[1.571s] INFO:colcon.colcon_core.shell:Creating package script '/home/papalist/tek_expo_demo_3_ws/install/bumperbot_firmware/share/bumperbot_firmware/package.bash'
[1.571s] INFO:colcon.colcon_core.shell:Creating package script '/home/papalist/tek_expo_demo_3_ws/install/bumperbot_firmware/share/bumperbot_firmware/package.zsh'
[1.571s] Level 1:colcon.colcon_core.environment:create_file_with_runtime_dependencies(/home/papalist/tek_expo_demo_3_ws/install/bumperbot_firmware/share/colcon-core/packages/bumperbot_firmware)
[1.601s] Level 1:colcon.colcon_core.environment:create_environment_scripts_only(bumperbot_mapping)
[1.601s] Level 1:colcon.colcon_core.environment:checking '/home/papalist/tek_expo_demo_3_ws/install/bumperbot_mapping' for CMake module files
[1.603s] Level 1:colcon.colcon_core.environment:checking '/home/papalist/tek_expo_demo_3_ws/install/bumperbot_mapping' for CMake config files
[1.604s] DEBUG:colcon.colcon_core.event_handler.log_command:Invoked command in '/home/papalist/tek_expo_demo_3_ws/build/bumperbot_mapping' returned '0': CMAKE_PREFIX_PATH=${CMAKE_PREFIX_PATH}:/opt/ros/jazzy DEBUGINFOD_URLS=https://debuginfod.ubuntu.com /usr/bin/cmake --install /home/papalist/tek_expo_demo_3_ws/build/bumperbot_mapping
[1.605s] Level 1:colcon.colcon_core.shell:create_environment_hook('bumperbot_mapping', 'cmake_prefix_path')
[1.605s] INFO:colcon.colcon_core.shell:Creating environment hook '/home/papalist/tek_expo_demo_3_ws/install/bumperbot_mapping/share/bumperbot_mapping/hook/cmake_prefix_path.ps1'
[1.605s] INFO:colcon.colcon_core.shell:Creating environment descriptor '/home/papalist/tek_expo_demo_3_ws/install/bumperbot_mapping/share/bumperbot_mapping/hook/cmake_prefix_path.dsv'
[1.606s] INFO:colcon.colcon_core.shell:Creating environment hook '/home/papalist/tek_expo_demo_3_ws/install/bumperbot_mapping/share/bumperbot_mapping/hook/cmake_prefix_path.sh'
[1.607s] Level 1:colcon.colcon_core.environment:checking '/home/papalist/tek_expo_demo_3_ws/install/bumperbot_mapping/lib'
[1.607s] Level 1:colcon.colcon_core.environment:checking '/home/papalist/tek_expo_demo_3_ws/install/bumperbot_mapping/bin'
[1.607s] Level 1:colcon.colcon_core.environment:checking '/home/papalist/tek_expo_demo_3_ws/install/bumperbot_mapping/lib/pkgconfig/bumperbot_mapping.pc'
[1.607s] Level 1:colcon.colcon_core.environment:checking '/home/papalist/tek_expo_demo_3_ws/install/bumperbot_mapping/lib/python3.12/site-packages'
[1.607s] Level 1:colcon.colcon_core.shell:create_environment_hook('bumperbot_mapping', 'pythonpath')
[1.607s] INFO:colcon.colcon_core.shell:Creating environment hook '/home/papalist/tek_expo_demo_3_ws/install/bumperbot_mapping/share/bumperbot_mapping/hook/pythonpath.ps1'
[1.608s] INFO:colcon.colcon_core.shell:Creating environment descriptor '/home/papalist/tek_expo_demo_3_ws/install/bumperbot_mapping/share/bumperbot_mapping/hook/pythonpath.dsv'
[1.608s] INFO:colcon.colcon_core.shell:Creating environment hook '/home/papalist/tek_expo_demo_3_ws/install/bumperbot_mapping/share/bumperbot_mapping/hook/pythonpath.sh'
[1.609s] Level 1:colcon.colcon_core.environment:checking '/home/papalist/tek_expo_demo_3_ws/install/bumperbot_mapping/bin'
[1.609s] INFO:colcon.colcon_core.shell:Creating package script '/home/papalist/tek_expo_demo_3_ws/install/bumperbot_mapping/share/bumperbot_mapping/package.ps1'
[1.610s] INFO:colcon.colcon_core.shell:Creating package descriptor '/home/papalist/tek_expo_demo_3_ws/install/bumperbot_mapping/share/bumperbot_mapping/package.dsv'
[1.610s] INFO:colcon.colcon_core.shell:Creating package script '/home/papalist/tek_expo_demo_3_ws/install/bumperbot_mapping/share/bumperbot_mapping/package.sh'
[1.611s] INFO:colcon.colcon_core.shell:Creating package script '/home/papalist/tek_expo_demo_3_ws/install/bumperbot_mapping/share/bumperbot_mapping/package.bash'
[1.611s] INFO:colcon.colcon_core.shell:Creating package script '/home/papalist/tek_expo_demo_3_ws/install/bumperbot_mapping/share/bumperbot_mapping/package.zsh'
[1.612s] Level 1:colcon.colcon_core.environment:create_file_with_runtime_dependencies(/home/papalist/tek_expo_demo_3_ws/install/bumperbot_mapping/share/colcon-core/packages/bumperbot_mapping)
[1.612s] Level 1:colcon.colcon_core.environment:create_environment_scripts_only(bumperbot_mapping)
[1.612s] Level 1:colcon.colcon_core.environment:checking '/home/papalist/tek_expo_demo_3_ws/install/bumperbot_mapping' for CMake module files
[1.613s] Level 1:colcon.colcon_core.environment:checking '/home/papalist/tek_expo_demo_3_ws/install/bumperbot_mapping' for CMake config files
[1.613s] Level 1:colcon.colcon_core.shell:create_environment_hook('bumperbot_mapping', 'cmake_prefix_path')
[1.614s] INFO:colcon.colcon_core.shell:Creating environment hook '/home/papalist/tek_expo_demo_3_ws/install/bumperbot_mapping/share/bumperbot_mapping/hook/cmake_prefix_path.ps1'
[1.614s] INFO:colcon.colcon_core.shell:Creating environment descriptor '/home/papalist/tek_expo_demo_3_ws/install/bumperbot_mapping/share/bumperbot_mapping/hook/cmake_prefix_path.dsv'
[1.615s] INFO:colcon.colcon_core.shell:Creating environment hook '/home/papalist/tek_expo_demo_3_ws/install/bumperbot_mapping/share/bumperbot_mapping/hook/cmake_prefix_path.sh'
[1.616s] Level 1:colcon.colcon_core.environment:checking '/home/papalist/tek_expo_demo_3_ws/install/bumperbot_mapping/lib'
[1.616s] Level 1:colcon.colcon_core.environment:checking '/home/papalist/tek_expo_demo_3_ws/install/bumperbot_mapping/bin'
[1.616s] Level 1:colcon.colcon_core.environment:checking '/home/papalist/tek_expo_demo_3_ws/install/bumperbot_mapping/lib/pkgconfig/bumperbot_mapping.pc'
[1.616s] Level 1:colcon.colcon_core.environment:checking '/home/papalist/tek_expo_demo_3_ws/install/bumperbot_mapping/lib/python3.12/site-packages'
[1.616s] Level 1:colcon.colcon_core.shell:create_environment_hook('bumperbot_mapping', 'pythonpath')
[1.617s] INFO:colcon.colcon_core.shell:Creating environment hook '/home/papalist/tek_expo_demo_3_ws/install/bumperbot_mapping/share/bumperbot_mapping/hook/pythonpath.ps1'
[1.617s] INFO:colcon.colcon_core.shell:Creating environment descriptor '/home/papalist/tek_expo_demo_3_ws/install/bumperbot_mapping/share/bumperbot_mapping/hook/pythonpath.dsv'
[1.618s] INFO:colcon.colcon_core.shell:Creating environment hook '/home/papalist/tek_expo_demo_3_ws/install/bumperbot_mapping/share/bumperbot_mapping/hook/pythonpath.sh'
[1.618s] Level 1:colcon.colcon_core.environment:checking '/home/papalist/tek_expo_demo_3_ws/install/bumperbot_mapping/bin'
[1.619s] INFO:colcon.colcon_core.shell:Creating package script '/home/papalist/tek_expo_demo_3_ws/install/bumperbot_mapping/share/bumperbot_mapping/package.ps1'
[1.619s] INFO:colcon.colcon_core.shell:Creating package descriptor '/home/papalist/tek_expo_demo_3_ws/install/bumperbot_mapping/share/bumperbot_mapping/package.dsv'
[1.620s] INFO:colcon.colcon_core.shell:Creating package script '/home/papalist/tek_expo_demo_3_ws/install/bumperbot_mapping/share/bumperbot_mapping/package.sh'
[1.620s] INFO:colcon.colcon_core.shell:Creating package script '/home/papalist/tek_expo_demo_3_ws/install/bumperbot_mapping/share/bumperbot_mapping/package.bash'
[1.621s] INFO:colcon.colcon_core.shell:Creating package script '/home/papalist/tek_expo_demo_3_ws/install/bumperbot_mapping/share/bumperbot_mapping/package.zsh'
[1.621s] Level 1:colcon.colcon_core.environment:create_file_with_runtime_dependencies(/home/papalist/tek_expo_demo_3_ws/install/bumperbot_mapping/share/colcon-core/packages/bumperbot_mapping)
[7.510s] DEBUG:colcon.colcon_core.event_handler.log_command:Invoked command in '/home/papalist/tek_expo_demo_3_ws/build/bumperbot_controller' returned '2': CMAKE_PREFIX_PATH=${CMAKE_PREFIX_PATH}:/opt/ros/jazzy DEBUGINFOD_URLS=https://debuginfod.ubuntu.com /usr/bin/cmake --build /home/papalist/tek_expo_demo_3_ws/build/bumperbot_controller -- -j8 -l8
[7.510s] Level 1:colcon.colcon_core.environment:create_environment_scripts_only(bumperbot_controller)
[7.511s] Level 1:colcon.colcon_core.environment:checking '/home/papalist/tek_expo_demo_3_ws/install/bumperbot_controller' for CMake module files
[7.511s] Level 1:colcon.colcon_core.environment:checking '/home/papalist/tek_expo_demo_3_ws/install/bumperbot_controller' for CMake config files
[7.512s] Level 1:colcon.colcon_core.shell:create_environment_hook('bumperbot_controller', 'cmake_prefix_path')
[7.512s] INFO:colcon.colcon_core.shell:Creating environment hook '/home/papalist/tek_expo_demo_3_ws/install/bumperbot_controller/share/bumperbot_controller/hook/cmake_prefix_path.ps1'
[7.513s] INFO:colcon.colcon_core.shell:Creating environment descriptor '/home/papalist/tek_expo_demo_3_ws/install/bumperbot_controller/share/bumperbot_controller/hook/cmake_prefix_path.dsv'
[7.513s] INFO:colcon.colcon_core.shell:Creating environment hook '/home/papalist/tek_expo_demo_3_ws/install/bumperbot_controller/share/bumperbot_controller/hook/cmake_prefix_path.sh'
[7.514s] Level 1:colcon.colcon_core.environment:checking '/home/papalist/tek_expo_demo_3_ws/install/bumperbot_controller/lib'
[7.514s] Level 1:colcon.colcon_core.environment:checking '/home/papalist/tek_expo_demo_3_ws/install/bumperbot_controller/bin'
[7.514s] Level 1:colcon.colcon_core.environment:checking '/home/papalist/tek_expo_demo_3_ws/install/bumperbot_controller/lib/pkgconfig/bumperbot_controller.pc'
[7.514s] Level 1:colcon.colcon_core.environment:checking '/home/papalist/tek_expo_demo_3_ws/install/bumperbot_controller/lib/python3.12/site-packages'
[7.514s] Level 1:colcon.colcon_core.shell:create_environment_hook('bumperbot_controller', 'pythonpath')
[7.515s] INFO:colcon.colcon_core.shell:Creating environment hook '/home/papalist/tek_expo_demo_3_ws/install/bumperbot_controller/share/bumperbot_controller/hook/pythonpath.ps1'
[7.515s] INFO:colcon.colcon_core.shell:Creating environment descriptor '/home/papalist/tek_expo_demo_3_ws/install/bumperbot_controller/share/bumperbot_controller/hook/pythonpath.dsv'
[7.515s] INFO:colcon.colcon_core.shell:Creating environment hook '/home/papalist/tek_expo_demo_3_ws/install/bumperbot_controller/share/bumperbot_controller/hook/pythonpath.sh'
[7.516s] Level 1:colcon.colcon_core.environment:checking '/home/papalist/tek_expo_demo_3_ws/install/bumperbot_controller/bin'
[7.516s] INFO:colcon.colcon_core.shell:Creating package script '/home/papalist/tek_expo_demo_3_ws/install/bumperbot_controller/share/bumperbot_controller/package.ps1'
[7.517s] INFO:colcon.colcon_core.shell:Creating package descriptor '/home/papalist/tek_expo_demo_3_ws/install/bumperbot_controller/share/bumperbot_controller/package.dsv'
[7.517s] INFO:colcon.colcon_core.shell:Creating package script '/home/papalist/tek_expo_demo_3_ws/install/bumperbot_controller/share/bumperbot_controller/package.sh'
[7.518s] INFO:colcon.colcon_core.shell:Creating package script '/home/papalist/tek_expo_demo_3_ws/install/bumperbot_controller/share/bumperbot_controller/package.bash'
[7.518s] INFO:colcon.colcon_core.shell:Creating package script '/home/papalist/tek_expo_demo_3_ws/install/bumperbot_controller/share/bumperbot_controller/package.zsh'
[7.519s] Level 1:colcon.colcon_core.environment:create_file_with_runtime_dependencies(/home/papalist/tek_expo_demo_3_ws/install/bumperbot_controller/share/colcon-core/packages/bumperbot_controller)
[7.529s] DEBUG:colcon.colcon_parallel_executor.executor.parallel:closing loop
[7.530s] DEBUG:colcon.colcon_parallel_executor.executor.parallel:loop closed
[7.530s] DEBUG:colcon.colcon_parallel_executor.executor.parallel:run_until_complete finished with '2'
[7.530s] DEBUG:colcon.colcon_core.event_reactor:joining thread
[7.540s] INFO:colcon.colcon_core.plugin_system:Skipping extension 'colcon_notification.desktop_notification.terminal_notifier': Not used on non-Darwin systems
[7.540s] INFO:colcon.colcon_core.plugin_system:Skipping extension 'colcon_notification.desktop_notification.win32': Not used on non-Windows systems
[7.541s] INFO:colcon.colcon_notification.desktop_notification:Sending desktop notification using 'notify2'
[7.568s] DEBUG:colcon.colcon_core.event_reactor:joined thread
[7.568s] INFO:colcon.colcon_core.shell:Creating prefix script '/home/papalist/tek_expo_demo_3_ws/install/local_setup.ps1'
[7.569s] INFO:colcon.colcon_core.shell:Creating prefix util module '/home/papalist/tek_expo_demo_3_ws/install/_local_setup_util_ps1.py'
[7.571s] INFO:colcon.colcon_core.shell:Creating prefix chain script '/home/papalist/tek_expo_demo_3_ws/install/setup.ps1'
[7.572s] INFO:colcon.colcon_core.shell:Creating prefix script '/home/papalist/tek_expo_demo_3_ws/install/local_setup.sh'
[7.573s] INFO:colcon.colcon_core.shell:Creating prefix util module '/home/papalist/tek_expo_demo_3_ws/install/_local_setup_util_sh.py'
[7.573s] INFO:colcon.colcon_core.shell:Creating prefix chain script '/home/papalist/tek_expo_demo_3_ws/install/setup.sh'
[7.575s] INFO:colcon.colcon_core.shell:Creating prefix script '/home/papalist/tek_expo_demo_3_ws/install/local_setup.bash'
[7.575s] INFO:colcon.colcon_core.shell:Creating prefix chain script '/home/papalist/tek_expo_demo_3_ws/install/setup.bash'
[7.577s] INFO:colcon.colcon_core.shell:Creating prefix script '/home/papalist/tek_expo_demo_3_ws/install/local_setup.zsh'
[7.577s] INFO:colcon.colcon_core.shell:Creating prefix chain script '/home/papalist/tek_expo_demo_3_ws/install/setup.zsh'
