[0.043s] Invoking command in '/home/papalist/tek_expo_demo_3_ws/build/bumperbot_msgs': CMAKE_PREFIX_PATH=${CMAKE_PREFIX_PATH}:/opt/ros/jazzy DEBUGINFOD_URLS=https://debuginfod.ubuntu.com /usr/bin/cmake --build /home/papalist/tek_expo_demo_3_ws/build/bumperbot_msgs -- -j8 -l8
[0.161s] [  1%] Built target bumperbot_msgs__rosidl_generator_type_description
[0.204s] [  1%] Built target ament_cmake_python_copy_bumperbot_msgs
[0.220s] [  3%] Built target bumperbot_msgs__cpp
[0.236s] [ 24%] Built target bumperbot_msgs__rosidl_generator_c
[0.347s] [ 33%] Built target bumperbot_msgs__rosidl_typesupport_cpp
[0.351s] [ 42%] Built target bumperbot_msgs__rosidl_typesupport_fastrtps_cpp
[0.354s] [ 51%] Built target bumperbot_msgs__rosidl_typesupport_introspection_cpp
[0.356s] [ 68%] Built target bumperbot_msgs__rosidl_typesupport_fastrtps_c
[0.357s] [ 70%] Built target bumperbot_msgs__rosidl_typesupport_c
[0.358s] [ 79%] Built target bumperbot_msgs__rosidl_typesupport_introspection_c
[0.424s] [ 79%] Built target bumperbot_msgs
[0.504s] [ 81%] Built target bumperbot_msgs__py
[0.588s] [ 88%] Built target bumperbot_msgs__rosidl_generator_py
[0.671s] [ 92%] Built target bumperbot_msgs_s__rosidl_typesupport_fastrtps_c
[0.677s] [ 96%] Built target bumperbot_msgs_s__rosidl_typesupport_c
[0.678s] [100%] Built target bumperbot_msgs_s__rosidl_typesupport_introspection_c
[0.815s] running egg_info
[0.862s] writing bumperbot_msgs.egg-info/PKG-INFO
[0.863s] writing dependency_links to bumperbot_msgs.egg-info/dependency_links.txt
[0.864s] writing top-level names to bumperbot_msgs.egg-info/top_level.txt
[1.028s] reading manifest file 'bumperbot_msgs.egg-info/SOURCES.txt'
[1.028s] writing manifest file 'bumperbot_msgs.egg-info/SOURCES.txt'
[1.085s] [100%] Built target ament_cmake_python_build_bumperbot_msgs_egg
[1.153s] Invoked command in '/home/papalist/tek_expo_demo_3_ws/build/bumperbot_msgs' returned '0': CMAKE_PREFIX_PATH=${CMAKE_PREFIX_PATH}:/opt/ros/jazzy DEBUGINFOD_URLS=https://debuginfod.ubuntu.com /usr/bin/cmake --build /home/papalist/tek_expo_demo_3_ws/build/bumperbot_msgs -- -j8 -l8
[1.155s] Invoking command in '/home/papalist/tek_expo_demo_3_ws/build/bumperbot_msgs': CMAKE_PREFIX_PATH=${CMAKE_PREFIX_PATH}:/opt/ros/jazzy DEBUGINFOD_URLS=https://debuginfod.ubuntu.com /usr/bin/cmake --install /home/papalist/tek_expo_demo_3_ws/build/bumperbot_msgs
[1.172s] -- Install configuration: ""
[1.172s] -- Up-to-date: /home/papalist/tek_expo_demo_3_ws/install/bumperbot_msgs/share/ament_index/resource_index/rosidl_interfaces/bumperbot_msgs
[1.172s] -- Up-to-date: /home/papalist/tek_expo_demo_3_ws/install/bumperbot_msgs/share/bumperbot_msgs/action/Fibonacci.json
[1.173s] -- Up-to-date: /home/papalist/tek_expo_demo_3_ws/install/bumperbot_msgs/share/bumperbot_msgs/srv/AddTwoInts.json
[1.174s] -- Up-to-date: /home/papalist/tek_expo_demo_3_ws/install/bumperbot_msgs/share/bumperbot_msgs/srv/GetTransform.json
[1.174s] -- Up-to-date: /home/papalist/tek_expo_demo_3_ws/install/bumperbot_msgs/include/bumperbot_msgs/bumperbot_msgs
[1.174s] -- Up-to-date: /home/papalist/tek_expo_demo_3_ws/install/bumperbot_msgs/include/bumperbot_msgs/bumperbot_msgs/action
[1.174s] -- Up-to-date: /home/papalist/tek_expo_demo_3_ws/install/bumperbot_msgs/include/bumperbot_msgs/bumperbot_msgs/action/detail
[1.174s] -- Up-to-date: /home/papalist/tek_expo_demo_3_ws/install/bumperbot_msgs/include/bumperbot_msgs/bumperbot_msgs/action/detail/fibonacci__description.c
[1.175s] -- Up-to-date: /home/papalist/tek_expo_demo_3_ws/install/bumperbot_msgs/include/bumperbot_msgs/bumperbot_msgs/action/detail/fibonacci__type_support.h
[1.176s] -- Installing: /home/papalist/tek_expo_demo_3_ws/install/bumperbot_msgs/include/bumperbot_msgs/bumperbot_msgs/action/detail/fibonacci__type_support.c
[1.176s] -- Up-to-date: /home/papalist/tek_expo_demo_3_ws/install/bumperbot_msgs/include/bumperbot_msgs/bumperbot_msgs/action/detail/fibonacci__functions.c
[1.176s] -- Up-to-date: /home/papalist/tek_expo_demo_3_ws/install/bumperbot_msgs/include/bumperbot_msgs/bumperbot_msgs/action/detail/fibonacci__functions.h
[1.176s] -- Up-to-date: /home/papalist/tek_expo_demo_3_ws/install/bumperbot_msgs/include/bumperbot_msgs/bumperbot_msgs/action/detail/fibonacci__struct.h
[1.179s] -- Up-to-date: /home/papalist/tek_expo_demo_3_ws/install/bumperbot_msgs/include/bumperbot_msgs/bumperbot_msgs/action/fibonacci.h
[1.180s] -- Up-to-date: /home/papalist/tek_expo_demo_3_ws/install/bumperbot_msgs/include/bumperbot_msgs/bumperbot_msgs/msg
[1.180s] -- Up-to-date: /home/papalist/tek_expo_demo_3_ws/install/bumperbot_msgs/include/bumperbot_msgs/bumperbot_msgs/msg/rosidl_generator_c__visibility_control.h
[1.181s] -- Up-to-date: /home/papalist/tek_expo_demo_3_ws/install/bumperbot_msgs/include/bumperbot_msgs/bumperbot_msgs/srv
[1.181s] -- Up-to-date: /home/papalist/tek_expo_demo_3_ws/install/bumperbot_msgs/include/bumperbot_msgs/bumperbot_msgs/srv/get_transform.h
[1.182s] -- Up-to-date: /home/papalist/tek_expo_demo_3_ws/install/bumperbot_msgs/include/bumperbot_msgs/bumperbot_msgs/srv/add_two_ints.h
[1.182s] -- Up-to-date: /home/papalist/tek_expo_demo_3_ws/install/bumperbot_msgs/include/bumperbot_msgs/bumperbot_msgs/srv/detail
[1.182s] -- Up-to-date: /home/papalist/tek_expo_demo_3_ws/install/bumperbot_msgs/include/bumperbot_msgs/bumperbot_msgs/srv/detail/add_two_ints__functions.h
[1.183s] -- Up-to-date: /home/papalist/tek_expo_demo_3_ws/install/bumperbot_msgs/include/bumperbot_msgs/bumperbot_msgs/srv/detail/get_transform__struct.h
[1.183s] -- Up-to-date: /home/papalist/tek_expo_demo_3_ws/install/bumperbot_msgs/include/bumperbot_msgs/bumperbot_msgs/srv/detail/add_two_ints__description.c
[1.183s] -- Up-to-date: /home/papalist/tek_expo_demo_3_ws/install/bumperbot_msgs/include/bumperbot_msgs/bumperbot_msgs/srv/detail/add_two_ints__functions.c
[1.183s] -- Up-to-date: /home/papalist/tek_expo_demo_3_ws/install/bumperbot_msgs/include/bumperbot_msgs/bumperbot_msgs/srv/detail/add_two_ints__struct.h
[1.191s] -- Up-to-date: /home/papalist/tek_expo_demo_3_ws/install/bumperbot_msgs/include/bumperbot_msgs/bumperbot_msgs/srv/detail/get_transform__functions.c
[1.191s] -- Up-to-date: /home/papalist/tek_expo_demo_3_ws/install/bumperbot_msgs/include/bumperbot_msgs/bumperbot_msgs/srv/detail/get_transform__functions.h
[1.191s] -- Up-to-date: /home/papalist/tek_expo_demo_3_ws/install/bumperbot_msgs/include/bumperbot_msgs/bumperbot_msgs/srv/detail/add_two_ints__type_support.h
[1.194s] -- Up-to-date: /home/papalist/tek_expo_demo_3_ws/install/bumperbot_msgs/include/bumperbot_msgs/bumperbot_msgs/srv/detail/get_transform__description.c
[1.194s] -- Up-to-date: /home/papalist/tek_expo_demo_3_ws/install/bumperbot_msgs/include/bumperbot_msgs/bumperbot_msgs/srv/detail/get_transform__type_support.h
[1.194s] -- Installing: /home/papalist/tek_expo_demo_3_ws/install/bumperbot_msgs/include/bumperbot_msgs/bumperbot_msgs/srv/detail/add_two_ints__type_support.c
[1.194s] -- Installing: /home/papalist/tek_expo_demo_3_ws/install/bumperbot_msgs/include/bumperbot_msgs/bumperbot_msgs/srv/detail/get_transform__type_support.c
[1.195s] -- Up-to-date: /home/papalist/tek_expo_demo_3_ws/install/bumperbot_msgs/share/bumperbot_msgs/environment/library_path.sh
[1.195s] -- Up-to-date: /home/papalist/tek_expo_demo_3_ws/install/bumperbot_msgs/share/bumperbot_msgs/environment/library_path.dsv
[1.195s] -- Up-to-date: /home/papalist/tek_expo_demo_3_ws/install/bumperbot_msgs/lib/libbumperbot_msgs__rosidl_generator_c.so
[1.195s] -- Up-to-date: /home/papalist/tek_expo_demo_3_ws/install/bumperbot_msgs/include/bumperbot_msgs/bumperbot_msgs
[1.196s] -- Up-to-date: /home/papalist/tek_expo_demo_3_ws/install/bumperbot_msgs/include/bumperbot_msgs/bumperbot_msgs/action
[1.196s] -- Up-to-date: /home/papalist/tek_expo_demo_3_ws/install/bumperbot_msgs/include/bumperbot_msgs/bumperbot_msgs/action/detail
[1.198s] -- Up-to-date: /home/papalist/tek_expo_demo_3_ws/install/bumperbot_msgs/include/bumperbot_msgs/bumperbot_msgs/action/detail/fibonacci__rosidl_typesupport_fastrtps_c.h
[1.199s] -- Up-to-date: /home/papalist/tek_expo_demo_3_ws/install/bumperbot_msgs/include/bumperbot_msgs/bumperbot_msgs/msg
[1.200s] -- Up-to-date: /home/papalist/tek_expo_demo_3_ws/install/bumperbot_msgs/include/bumperbot_msgs/bumperbot_msgs/msg/rosidl_typesupport_fastrtps_c__visibility_control.h
[1.200s] -- Up-to-date: /home/papalist/tek_expo_demo_3_ws/install/bumperbot_msgs/include/bumperbot_msgs/bumperbot_msgs/srv
[1.200s] -- Up-to-date: /home/papalist/tek_expo_demo_3_ws/install/bumperbot_msgs/include/bumperbot_msgs/bumperbot_msgs/srv/detail
[1.201s] -- Up-to-date: /home/papalist/tek_expo_demo_3_ws/install/bumperbot_msgs/include/bumperbot_msgs/bumperbot_msgs/srv/detail/get_transform__rosidl_typesupport_fastrtps_c.h
[1.201s] -- Up-to-date: /home/papalist/tek_expo_demo_3_ws/install/bumperbot_msgs/include/bumperbot_msgs/bumperbot_msgs/srv/detail/add_two_ints__rosidl_typesupport_fastrtps_c.h
[1.202s] -- Up-to-date: /home/papalist/tek_expo_demo_3_ws/install/bumperbot_msgs/lib/libbumperbot_msgs__rosidl_typesupport_fastrtps_c.so
[1.202s] -- Up-to-date: /home/papalist/tek_expo_demo_3_ws/install/bumperbot_msgs/include/bumperbot_msgs/bumperbot_msgs
[1.203s] -- Up-to-date: /home/papalist/tek_expo_demo_3_ws/install/bumperbot_msgs/include/bumperbot_msgs/bumperbot_msgs/action
[1.203s] -- Up-to-date: /home/papalist/tek_expo_demo_3_ws/install/bumperbot_msgs/include/bumperbot_msgs/bumperbot_msgs/action/fibonacci.hpp
[1.203s] -- Up-to-date: /home/papalist/tek_expo_demo_3_ws/install/bumperbot_msgs/include/bumperbot_msgs/bumperbot_msgs/action/detail
[1.204s] -- Up-to-date: /home/papalist/tek_expo_demo_3_ws/install/bumperbot_msgs/include/bumperbot_msgs/bumperbot_msgs/action/detail/fibonacci__type_support.hpp
[1.204s] -- Up-to-date: /home/papalist/tek_expo_demo_3_ws/install/bumperbot_msgs/include/bumperbot_msgs/bumperbot_msgs/action/detail/fibonacci__struct.hpp
[1.205s] -- Up-to-date: /home/papalist/tek_expo_demo_3_ws/install/bumperbot_msgs/include/bumperbot_msgs/bumperbot_msgs/action/detail/fibonacci__builder.hpp
[1.206s] -- Up-to-date: /home/papalist/tek_expo_demo_3_ws/install/bumperbot_msgs/include/bumperbot_msgs/bumperbot_msgs/action/detail/fibonacci__traits.hpp
[1.206s] -- Up-to-date: /home/papalist/tek_expo_demo_3_ws/install/bumperbot_msgs/include/bumperbot_msgs/bumperbot_msgs/msg
[1.208s] -- Up-to-date: /home/papalist/tek_expo_demo_3_ws/install/bumperbot_msgs/include/bumperbot_msgs/bumperbot_msgs/msg/rosidl_generator_cpp__visibility_control.hpp
[1.208s] -- Up-to-date: /home/papalist/tek_expo_demo_3_ws/install/bumperbot_msgs/include/bumperbot_msgs/bumperbot_msgs/srv
[1.208s] -- Up-to-date: /home/papalist/tek_expo_demo_3_ws/install/bumperbot_msgs/include/bumperbot_msgs/bumperbot_msgs/srv/add_two_ints.hpp
[1.209s] -- Up-to-date: /home/papalist/tek_expo_demo_3_ws/install/bumperbot_msgs/include/bumperbot_msgs/bumperbot_msgs/srv/get_transform.hpp
[1.209s] -- Up-to-date: /home/papalist/tek_expo_demo_3_ws/install/bumperbot_msgs/include/bumperbot_msgs/bumperbot_msgs/srv/detail
[1.210s] -- Up-to-date: /home/papalist/tek_expo_demo_3_ws/install/bumperbot_msgs/include/bumperbot_msgs/bumperbot_msgs/srv/detail/add_two_ints__type_support.hpp
[1.210s] -- Up-to-date: /home/papalist/tek_expo_demo_3_ws/install/bumperbot_msgs/include/bumperbot_msgs/bumperbot_msgs/srv/detail/get_transform__struct.hpp
[1.210s] -- Up-to-date: /home/papalist/tek_expo_demo_3_ws/install/bumperbot_msgs/include/bumperbot_msgs/bumperbot_msgs/srv/detail/add_two_ints__builder.hpp
[1.210s] -- Up-to-date: /home/papalist/tek_expo_demo_3_ws/install/bumperbot_msgs/include/bumperbot_msgs/bumperbot_msgs/srv/detail/get_transform__traits.hpp
[1.211s] -- Up-to-date: /home/papalist/tek_expo_demo_3_ws/install/bumperbot_msgs/include/bumperbot_msgs/bumperbot_msgs/srv/detail/add_two_ints__traits.hpp
[1.211s] -- Up-to-date: /home/papalist/tek_expo_demo_3_ws/install/bumperbot_msgs/include/bumperbot_msgs/bumperbot_msgs/srv/detail/get_transform__builder.hpp
[1.211s] -- Up-to-date: /home/papalist/tek_expo_demo_3_ws/install/bumperbot_msgs/include/bumperbot_msgs/bumperbot_msgs/srv/detail/get_transform__type_support.hpp
[1.212s] -- Up-to-date: /home/papalist/tek_expo_demo_3_ws/install/bumperbot_msgs/include/bumperbot_msgs/bumperbot_msgs/srv/detail/add_two_ints__struct.hpp
[1.212s] -- Up-to-date: /home/papalist/tek_expo_demo_3_ws/install/bumperbot_msgs/include/bumperbot_msgs/bumperbot_msgs
[1.212s] -- Up-to-date: /home/papalist/tek_expo_demo_3_ws/install/bumperbot_msgs/include/bumperbot_msgs/bumperbot_msgs/action
[1.212s] -- Up-to-date: /home/papalist/tek_expo_demo_3_ws/install/bumperbot_msgs/include/bumperbot_msgs/bumperbot_msgs/action/detail
[1.213s] -- Up-to-date: /home/papalist/tek_expo_demo_3_ws/install/bumperbot_msgs/include/bumperbot_msgs/bumperbot_msgs/action/detail/dds_fastrtps
[1.213s] -- Up-to-date: /home/papalist/tek_expo_demo_3_ws/install/bumperbot_msgs/include/bumperbot_msgs/bumperbot_msgs/action/detail/fibonacci__rosidl_typesupport_fastrtps_cpp.hpp
[1.213s] -- Up-to-date: /home/papalist/tek_expo_demo_3_ws/install/bumperbot_msgs/include/bumperbot_msgs/bumperbot_msgs/msg
[1.214s] -- Up-to-date: /home/papalist/tek_expo_demo_3_ws/install/bumperbot_msgs/include/bumperbot_msgs/bumperbot_msgs/msg/rosidl_typesupport_fastrtps_cpp__visibility_control.h
[1.214s] -- Up-to-date: /home/papalist/tek_expo_demo_3_ws/install/bumperbot_msgs/include/bumperbot_msgs/bumperbot_msgs/srv
[1.214s] -- Up-to-date: /home/papalist/tek_expo_demo_3_ws/install/bumperbot_msgs/include/bumperbot_msgs/bumperbot_msgs/srv/detail
[1.214s] -- Up-to-date: /home/papalist/tek_expo_demo_3_ws/install/bumperbot_msgs/include/bumperbot_msgs/bumperbot_msgs/srv/detail/dds_fastrtps
[1.215s] -- Up-to-date: /home/papalist/tek_expo_demo_3_ws/install/bumperbot_msgs/include/bumperbot_msgs/bumperbot_msgs/srv/detail/add_two_ints__rosidl_typesupport_fastrtps_cpp.hpp
[1.215s] -- Up-to-date: /home/papalist/tek_expo_demo_3_ws/install/bumperbot_msgs/include/bumperbot_msgs/bumperbot_msgs/srv/detail/get_transform__rosidl_typesupport_fastrtps_cpp.hpp
[1.216s] -- Up-to-date: /home/papalist/tek_expo_demo_3_ws/install/bumperbot_msgs/lib/libbumperbot_msgs__rosidl_typesupport_fastrtps_cpp.so
[1.216s] -- Up-to-date: /home/papalist/tek_expo_demo_3_ws/install/bumperbot_msgs/include/bumperbot_msgs/bumperbot_msgs
[1.216s] -- Up-to-date: /home/papalist/tek_expo_demo_3_ws/install/bumperbot_msgs/include/bumperbot_msgs/bumperbot_msgs/action
[1.217s] -- Up-to-date: /home/papalist/tek_expo_demo_3_ws/install/bumperbot_msgs/include/bumperbot_msgs/bumperbot_msgs/action/detail
[1.217s] -- Installing: /home/papalist/tek_expo_demo_3_ws/install/bumperbot_msgs/include/bumperbot_msgs/bumperbot_msgs/action/detail/fibonacci__type_support.c
[1.217s] -- Up-to-date: /home/papalist/tek_expo_demo_3_ws/install/bumperbot_msgs/include/bumperbot_msgs/bumperbot_msgs/action/detail/fibonacci__rosidl_typesupport_introspection_c.h
[1.217s] -- Up-to-date: /home/papalist/tek_expo_demo_3_ws/install/bumperbot_msgs/include/bumperbot_msgs/bumperbot_msgs/msg
[1.217s] -- Up-to-date: /home/papalist/tek_expo_demo_3_ws/install/bumperbot_msgs/include/bumperbot_msgs/bumperbot_msgs/msg/rosidl_typesupport_introspection_c__visibility_control.h
[1.218s] -- Up-to-date: /home/papalist/tek_expo_demo_3_ws/install/bumperbot_msgs/include/bumperbot_msgs/bumperbot_msgs/srv
[1.219s] -- Up-to-date: /home/papalist/tek_expo_demo_3_ws/install/bumperbot_msgs/include/bumperbot_msgs/bumperbot_msgs/srv/detail
[1.219s] -- Up-to-date: /home/papalist/tek_expo_demo_3_ws/install/bumperbot_msgs/include/bumperbot_msgs/bumperbot_msgs/srv/detail/get_transform__rosidl_typesupport_introspection_c.h
[1.219s] -- Up-to-date: /home/papalist/tek_expo_demo_3_ws/install/bumperbot_msgs/include/bumperbot_msgs/bumperbot_msgs/srv/detail/add_two_ints__rosidl_typesupport_introspection_c.h
[1.219s] -- Installing: /home/papalist/tek_expo_demo_3_ws/install/bumperbot_msgs/include/bumperbot_msgs/bumperbot_msgs/srv/detail/add_two_ints__type_support.c
[1.220s] -- Installing: /home/papalist/tek_expo_demo_3_ws/install/bumperbot_msgs/include/bumperbot_msgs/bumperbot_msgs/srv/detail/get_transform__type_support.c
[1.220s] -- Up-to-date: /home/papalist/tek_expo_demo_3_ws/install/bumperbot_msgs/lib/libbumperbot_msgs__rosidl_typesupport_introspection_c.so
[1.220s] -- Up-to-date: /home/papalist/tek_expo_demo_3_ws/install/bumperbot_msgs/lib/libbumperbot_msgs__rosidl_typesupport_c.so
[1.220s] -- Up-to-date: /home/papalist/tek_expo_demo_3_ws/install/bumperbot_msgs/include/bumperbot_msgs/bumperbot_msgs
[1.220s] -- Up-to-date: /home/papalist/tek_expo_demo_3_ws/install/bumperbot_msgs/include/bumperbot_msgs/bumperbot_msgs/action
[1.220s] -- Up-to-date: /home/papalist/tek_expo_demo_3_ws/install/bumperbot_msgs/include/bumperbot_msgs/bumperbot_msgs/action/detail
[1.221s] -- Up-to-date: /home/papalist/tek_expo_demo_3_ws/install/bumperbot_msgs/include/bumperbot_msgs/bumperbot_msgs/action/detail/fibonacci__type_support.cpp
[1.221s] -- Up-to-date: /home/papalist/tek_expo_demo_3_ws/install/bumperbot_msgs/include/bumperbot_msgs/bumperbot_msgs/action/detail/fibonacci__rosidl_typesupport_introspection_cpp.hpp
[1.221s] -- Up-to-date: /home/papalist/tek_expo_demo_3_ws/install/bumperbot_msgs/include/bumperbot_msgs/bumperbot_msgs/srv
[1.221s] -- Up-to-date: /home/papalist/tek_expo_demo_3_ws/install/bumperbot_msgs/include/bumperbot_msgs/bumperbot_msgs/srv/detail
[1.221s] -- Up-to-date: /home/papalist/tek_expo_demo_3_ws/install/bumperbot_msgs/include/bumperbot_msgs/bumperbot_msgs/srv/detail/add_two_ints__rosidl_typesupport_introspection_cpp.hpp
[1.221s] -- Up-to-date: /home/papalist/tek_expo_demo_3_ws/install/bumperbot_msgs/include/bumperbot_msgs/bumperbot_msgs/srv/detail/get_transform__type_support.cpp
[1.221s] -- Up-to-date: /home/papalist/tek_expo_demo_3_ws/install/bumperbot_msgs/include/bumperbot_msgs/bumperbot_msgs/srv/detail/get_transform__rosidl_typesupport_introspection_cpp.hpp
[1.222s] -- Up-to-date: /home/papalist/tek_expo_demo_3_ws/install/bumperbot_msgs/include/bumperbot_msgs/bumperbot_msgs/srv/detail/add_two_ints__type_support.cpp
[1.222s] -- Up-to-date: /home/papalist/tek_expo_demo_3_ws/install/bumperbot_msgs/lib/libbumperbot_msgs__rosidl_typesupport_introspection_cpp.so
[1.222s] -- Up-to-date: /home/papalist/tek_expo_demo_3_ws/install/bumperbot_msgs/lib/libbumperbot_msgs__rosidl_typesupport_cpp.so
[1.222s] -- Up-to-date: /home/papalist/tek_expo_demo_3_ws/install/bumperbot_msgs/share/bumperbot_msgs/environment/pythonpath.sh
[1.222s] -- Up-to-date: /home/papalist/tek_expo_demo_3_ws/install/bumperbot_msgs/share/bumperbot_msgs/environment/pythonpath.dsv
[1.223s] -- Up-to-date: /home/papalist/tek_expo_demo_3_ws/install/bumperbot_msgs/lib/python3.12/site-packages/bumperbot_msgs-0.0.0-py3.12.egg-info
[1.224s] -- Installing: /home/papalist/tek_expo_demo_3_ws/install/bumperbot_msgs/lib/python3.12/site-packages/bumperbot_msgs-0.0.0-py3.12.egg-info/dependency_links.txt
[1.224s] -- Installing: /home/papalist/tek_expo_demo_3_ws/install/bumperbot_msgs/lib/python3.12/site-packages/bumperbot_msgs-0.0.0-py3.12.egg-info/top_level.txt
[1.225s] -- Installing: /home/papalist/tek_expo_demo_3_ws/install/bumperbot_msgs/lib/python3.12/site-packages/bumperbot_msgs-0.0.0-py3.12.egg-info/SOURCES.txt
[1.226s] -- Installing: /home/papalist/tek_expo_demo_3_ws/install/bumperbot_msgs/lib/python3.12/site-packages/bumperbot_msgs-0.0.0-py3.12.egg-info/PKG-INFO
[1.226s] -- Up-to-date: /home/papalist/tek_expo_demo_3_ws/install/bumperbot_msgs/lib/python3.12/site-packages/bumperbot_msgs
[1.226s] -- Up-to-date: /home/papalist/tek_expo_demo_3_ws/install/bumperbot_msgs/lib/python3.12/site-packages/bumperbot_msgs/bumperbot_msgs_s__rosidl_typesupport_fastrtps_c.so
[1.227s] -- Up-to-date: /home/papalist/tek_expo_demo_3_ws/install/bumperbot_msgs/lib/python3.12/site-packages/bumperbot_msgs/bumperbot_msgs_s__rosidl_typesupport_introspection_c.so
[1.227s] -- Up-to-date: /home/papalist/tek_expo_demo_3_ws/install/bumperbot_msgs/lib/python3.12/site-packages/bumperbot_msgs/__init__.py
[1.227s] -- Up-to-date: /home/papalist/tek_expo_demo_3_ws/install/bumperbot_msgs/lib/python3.12/site-packages/bumperbot_msgs/_bumperbot_msgs_s.ep.rosidl_typesupport_fastrtps_c.c
[1.229s] -- Up-to-date: /home/papalist/tek_expo_demo_3_ws/install/bumperbot_msgs/lib/python3.12/site-packages/bumperbot_msgs/_bumperbot_msgs_s.ep.rosidl_typesupport_c.c
[1.229s] -- Up-to-date: /home/papalist/tek_expo_demo_3_ws/install/bumperbot_msgs/lib/python3.12/site-packages/bumperbot_msgs/action
[1.229s] -- Up-to-date: /home/papalist/tek_expo_demo_3_ws/install/bumperbot_msgs/lib/python3.12/site-packages/bumperbot_msgs/action/__init__.py
[1.229s] -- Up-to-date: /home/papalist/tek_expo_demo_3_ws/install/bumperbot_msgs/lib/python3.12/site-packages/bumperbot_msgs/action/_fibonacci_s.c
[1.230s] -- Up-to-date: /home/papalist/tek_expo_demo_3_ws/install/bumperbot_msgs/lib/python3.12/site-packages/bumperbot_msgs/action/_fibonacci.py
[1.230s] -- Up-to-date: /home/papalist/tek_expo_demo_3_ws/install/bumperbot_msgs/lib/python3.12/site-packages/bumperbot_msgs/bumperbot_msgs_s__rosidl_typesupport_c.so
[1.230s] -- Up-to-date: /home/papalist/tek_expo_demo_3_ws/install/bumperbot_msgs/lib/python3.12/site-packages/bumperbot_msgs/srv
[1.230s] -- Up-to-date: /home/papalist/tek_expo_demo_3_ws/install/bumperbot_msgs/lib/python3.12/site-packages/bumperbot_msgs/srv/__init__.py
[1.230s] -- Up-to-date: /home/papalist/tek_expo_demo_3_ws/install/bumperbot_msgs/lib/python3.12/site-packages/bumperbot_msgs/srv/_get_transform_s.c
[1.231s] -- Up-to-date: /home/papalist/tek_expo_demo_3_ws/install/bumperbot_msgs/lib/python3.12/site-packages/bumperbot_msgs/srv/_get_transform.py
[1.231s] -- Up-to-date: /home/papalist/tek_expo_demo_3_ws/install/bumperbot_msgs/lib/python3.12/site-packages/bumperbot_msgs/srv/_add_two_ints_s.c
[1.231s] -- Up-to-date: /home/papalist/tek_expo_demo_3_ws/install/bumperbot_msgs/lib/python3.12/site-packages/bumperbot_msgs/srv/_add_two_ints.py
[1.231s] -- Up-to-date: /home/papalist/tek_expo_demo_3_ws/install/bumperbot_msgs/lib/python3.12/site-packages/bumperbot_msgs/_bumperbot_msgs_s.ep.rosidl_typesupport_introspection_c.c
[1.255s] Listing '/home/papalist/tek_expo_demo_3_ws/install/bumperbot_msgs/lib/python3.12/site-packages/bumperbot_msgs'...
[1.255s] Listing '/home/papalist/tek_expo_demo_3_ws/install/bumperbot_msgs/lib/python3.12/site-packages/bumperbot_msgs/action'...
[1.255s] Listing '/home/papalist/tek_expo_demo_3_ws/install/bumperbot_msgs/lib/python3.12/site-packages/bumperbot_msgs/srv'...
[1.280s] -- Up-to-date: /home/papalist/tek_expo_demo_3_ws/install/bumperbot_msgs/lib/python3.12/site-packages/bumperbot_msgs/bumperbot_msgs_s__rosidl_typesupport_fastrtps_c.so
[1.281s] -- Up-to-date: /home/papalist/tek_expo_demo_3_ws/install/bumperbot_msgs/lib/python3.12/site-packages/bumperbot_msgs/bumperbot_msgs_s__rosidl_typesupport_introspection_c.so
[1.281s] -- Up-to-date: /home/papalist/tek_expo_demo_3_ws/install/bumperbot_msgs/lib/python3.12/site-packages/bumperbot_msgs/bumperbot_msgs_s__rosidl_typesupport_c.so
[1.281s] -- Up-to-date: /home/papalist/tek_expo_demo_3_ws/install/bumperbot_msgs/lib/libbumperbot_msgs__rosidl_generator_py.so
[1.281s] -- Up-to-date: /home/papalist/tek_expo_demo_3_ws/install/bumperbot_msgs/share/bumperbot_msgs/action/Fibonacci.idl
[1.282s] -- Up-to-date: /home/papalist/tek_expo_demo_3_ws/install/bumperbot_msgs/share/bumperbot_msgs/srv/AddTwoInts.idl
[1.282s] -- Up-to-date: /home/papalist/tek_expo_demo_3_ws/install/bumperbot_msgs/share/bumperbot_msgs/srv/GetTransform.idl
[1.282s] -- Up-to-date: /home/papalist/tek_expo_demo_3_ws/install/bumperbot_msgs/share/bumperbot_msgs/action/Fibonacci.action
[1.282s] -- Up-to-date: /home/papalist/tek_expo_demo_3_ws/install/bumperbot_msgs/share/bumperbot_msgs/srv/AddTwoInts.srv
[1.283s] -- Up-to-date: /home/papalist/tek_expo_demo_3_ws/install/bumperbot_msgs/share/bumperbot_msgs/srv/GetTransform.srv
[1.283s] -- Up-to-date: /home/papalist/tek_expo_demo_3_ws/install/bumperbot_msgs/share/ament_index/resource_index/package_run_dependencies/bumperbot_msgs
[1.283s] -- Up-to-date: /home/papalist/tek_expo_demo_3_ws/install/bumperbot_msgs/share/ament_index/resource_index/parent_prefix_path/bumperbot_msgs
[1.283s] -- Up-to-date: /home/papalist/tek_expo_demo_3_ws/install/bumperbot_msgs/share/bumperbot_msgs/environment/ament_prefix_path.sh
[1.283s] -- Up-to-date: /home/papalist/tek_expo_demo_3_ws/install/bumperbot_msgs/share/bumperbot_msgs/environment/ament_prefix_path.dsv
[1.284s] -- Up-to-date: /home/papalist/tek_expo_demo_3_ws/install/bumperbot_msgs/share/bumperbot_msgs/environment/path.sh
[1.284s] -- Up-to-date: /home/papalist/tek_expo_demo_3_ws/install/bumperbot_msgs/share/bumperbot_msgs/environment/path.dsv
[1.284s] -- Up-to-date: /home/papalist/tek_expo_demo_3_ws/install/bumperbot_msgs/share/bumperbot_msgs/local_setup.bash
[1.284s] -- Up-to-date: /home/papalist/tek_expo_demo_3_ws/install/bumperbot_msgs/share/bumperbot_msgs/local_setup.sh
[1.285s] -- Up-to-date: /home/papalist/tek_expo_demo_3_ws/install/bumperbot_msgs/share/bumperbot_msgs/local_setup.zsh
[1.285s] -- Up-to-date: /home/papalist/tek_expo_demo_3_ws/install/bumperbot_msgs/share/bumperbot_msgs/local_setup.dsv
[1.285s] -- Installing: /home/papalist/tek_expo_demo_3_ws/install/bumperbot_msgs/share/bumperbot_msgs/package.dsv
[1.285s] -- Up-to-date: /home/papalist/tek_expo_demo_3_ws/install/bumperbot_msgs/share/ament_index/resource_index/packages/bumperbot_msgs
[1.285s] -- Up-to-date: /home/papalist/tek_expo_demo_3_ws/install/bumperbot_msgs/share/bumperbot_msgs/cmake/export_bumperbot_msgs__rosidl_generator_cExport.cmake
[1.285s] -- Up-to-date: /home/papalist/tek_expo_demo_3_ws/install/bumperbot_msgs/share/bumperbot_msgs/cmake/export_bumperbot_msgs__rosidl_generator_cExport-noconfig.cmake
[1.286s] -- Up-to-date: /home/papalist/tek_expo_demo_3_ws/install/bumperbot_msgs/share/bumperbot_msgs/cmake/export_bumperbot_msgs__rosidl_typesupport_fastrtps_cExport.cmake
[1.286s] -- Up-to-date: /home/papalist/tek_expo_demo_3_ws/install/bumperbot_msgs/share/bumperbot_msgs/cmake/export_bumperbot_msgs__rosidl_typesupport_fastrtps_cExport-noconfig.cmake
[1.286s] -- Up-to-date: /home/papalist/tek_expo_demo_3_ws/install/bumperbot_msgs/share/bumperbot_msgs/cmake/export_bumperbot_msgs__rosidl_generator_cppExport.cmake
[1.286s] -- Up-to-date: /home/papalist/tek_expo_demo_3_ws/install/bumperbot_msgs/share/bumperbot_msgs/cmake/export_bumperbot_msgs__rosidl_typesupport_fastrtps_cppExport.cmake
[1.286s] -- Up-to-date: /home/papalist/tek_expo_demo_3_ws/install/bumperbot_msgs/share/bumperbot_msgs/cmake/export_bumperbot_msgs__rosidl_typesupport_fastrtps_cppExport-noconfig.cmake
[1.286s] -- Up-to-date: /home/papalist/tek_expo_demo_3_ws/install/bumperbot_msgs/share/bumperbot_msgs/cmake/bumperbot_msgs__rosidl_typesupport_introspection_cExport.cmake
[1.286s] -- Up-to-date: /home/papalist/tek_expo_demo_3_ws/install/bumperbot_msgs/share/bumperbot_msgs/cmake/bumperbot_msgs__rosidl_typesupport_introspection_cExport-noconfig.cmake
[1.287s] -- Up-to-date: /home/papalist/tek_expo_demo_3_ws/install/bumperbot_msgs/share/bumperbot_msgs/cmake/bumperbot_msgs__rosidl_typesupport_cExport.cmake
[1.287s] -- Up-to-date: /home/papalist/tek_expo_demo_3_ws/install/bumperbot_msgs/share/bumperbot_msgs/cmake/bumperbot_msgs__rosidl_typesupport_cExport-noconfig.cmake
[1.287s] -- Up-to-date: /home/papalist/tek_expo_demo_3_ws/install/bumperbot_msgs/share/bumperbot_msgs/cmake/bumperbot_msgs__rosidl_typesupport_introspection_cppExport.cmake
[1.287s] -- Up-to-date: /home/papalist/tek_expo_demo_3_ws/install/bumperbot_msgs/share/bumperbot_msgs/cmake/bumperbot_msgs__rosidl_typesupport_introspection_cppExport-noconfig.cmake
[1.287s] -- Up-to-date: /home/papalist/tek_expo_demo_3_ws/install/bumperbot_msgs/share/bumperbot_msgs/cmake/bumperbot_msgs__rosidl_typesupport_cppExport.cmake
[1.287s] -- Up-to-date: /home/papalist/tek_expo_demo_3_ws/install/bumperbot_msgs/share/bumperbot_msgs/cmake/bumperbot_msgs__rosidl_typesupport_cppExport-noconfig.cmake
[1.287s] -- Up-to-date: /home/papalist/tek_expo_demo_3_ws/install/bumperbot_msgs/share/bumperbot_msgs/cmake/export_bumperbot_msgs__rosidl_generator_pyExport.cmake
[1.287s] -- Up-to-date: /home/papalist/tek_expo_demo_3_ws/install/bumperbot_msgs/share/bumperbot_msgs/cmake/export_bumperbot_msgs__rosidl_generator_pyExport-noconfig.cmake
[1.288s] -- Up-to-date: /home/papalist/tek_expo_demo_3_ws/install/bumperbot_msgs/share/bumperbot_msgs/cmake/rosidl_cmake-extras.cmake
[1.288s] -- Up-to-date: /home/papalist/tek_expo_demo_3_ws/install/bumperbot_msgs/share/bumperbot_msgs/cmake/ament_cmake_export_dependencies-extras.cmake
[1.288s] -- Up-to-date: /home/papalist/tek_expo_demo_3_ws/install/bumperbot_msgs/share/bumperbot_msgs/cmake/ament_cmake_export_include_directories-extras.cmake
[1.288s] -- Up-to-date: /home/papalist/tek_expo_demo_3_ws/install/bumperbot_msgs/share/bumperbot_msgs/cmake/ament_cmake_export_libraries-extras.cmake
[1.288s] -- Up-to-date: /home/papalist/tek_expo_demo_3_ws/install/bumperbot_msgs/share/bumperbot_msgs/cmake/ament_cmake_export_targets-extras.cmake
[1.288s] -- Up-to-date: /home/papalist/tek_expo_demo_3_ws/install/bumperbot_msgs/share/bumperbot_msgs/cmake/rosidl_cmake_export_typesupport_targets-extras.cmake
[1.289s] -- Up-to-date: /home/papalist/tek_expo_demo_3_ws/install/bumperbot_msgs/share/bumperbot_msgs/cmake/rosidl_cmake_export_typesupport_libraries-extras.cmake
[1.289s] -- Up-to-date: /home/papalist/tek_expo_demo_3_ws/install/bumperbot_msgs/share/bumperbot_msgs/cmake/bumperbot_msgsConfig.cmake
[1.289s] -- Up-to-date: /home/papalist/tek_expo_demo_3_ws/install/bumperbot_msgs/share/bumperbot_msgs/cmake/bumperbot_msgsConfig-version.cmake
[1.289s] -- Up-to-date: /home/papalist/tek_expo_demo_3_ws/install/bumperbot_msgs/share/bumperbot_msgs/package.xml
[1.301s] Invoked command in '/home/papalist/tek_expo_demo_3_ws/build/bumperbot_msgs' returned '0': CMAKE_PREFIX_PATH=${CMAKE_PREFIX_PATH}:/opt/ros/jazzy DEBUGINFOD_URLS=https://debuginfod.ubuntu.com /usr/bin/cmake --install /home/papalist/tek_expo_demo_3_ws/build/bumperbot_msgs
