[0.045s] Invoking command in '/home/papalist/tek_expo_demo_3_ws/build/bumperbot_firmware': CMAKE_PREFIX_PATH=${CMAKE_PREFIX_PATH}:/opt/ros/jazzy DEBUGINFOD_URLS=https://debuginfod.ubuntu.com /usr/bin/cmake --build /home/papalist/tek_expo_demo_3_ws/build/bumperbot_firmware -- -j8 -l8
[0.179s] [  0%] Built target ament_cmake_python_copy_bumperbot_firmware
[0.180s] [ 33%] Built target simple_serial_transmitter
[0.192s] [ 66%] Built target simple_serial_receiver
[0.194s] [100%] Built target bumperbot_firmware
[0.640s] running egg_info
[0.687s] writing bumperbot_firmware.egg-info/PKG-INFO
[0.688s] writing dependency_links to bumperbot_firmware.egg-info/dependency_links.txt
[0.688s] writing top-level names to bumperbot_firmware.egg-info/top_level.txt
[0.830s] reading manifest file 'bumperbot_firmware.egg-info/SOURCES.txt'
[0.831s] writing manifest file 'bumperbot_firmware.egg-info/SOURCES.txt'
[0.881s] [100%] Built target ament_cmake_python_build_bumperbot_firmware_egg
[0.940s] Invoked command in '/home/papalist/tek_expo_demo_3_ws/build/bumperbot_firmware' returned '0': CMAKE_PREFIX_PATH=${CMAKE_PREFIX_PATH}:/opt/ros/jazzy DEBUGINFOD_URLS=https://debuginfod.ubuntu.com /usr/bin/cmake --build /home/papalist/tek_expo_demo_3_ws/build/bumperbot_firmware -- -j8 -l8
[0.941s] Invoking command in '/home/papalist/tek_expo_demo_3_ws/build/bumperbot_firmware': CMAKE_PREFIX_PATH=${CMAKE_PREFIX_PATH}:/opt/ros/jazzy DEBUGINFOD_URLS=https://debuginfod.ubuntu.com /usr/bin/cmake --install /home/papalist/tek_expo_demo_3_ws/build/bumperbot_firmware
[0.958s] -- Install configuration: ""
[0.959s] -- Up-to-date: /home/papalist/tek_expo_demo_3_ws/install/bumperbot_firmware/share/bumperbot_firmware/environment/pythonpath.sh
[0.959s] -- Up-to-date: /home/papalist/tek_expo_demo_3_ws/install/bumperbot_firmware/share/bumperbot_firmware/environment/pythonpath.dsv
[0.959s] -- Up-to-date: /home/papalist/tek_expo_demo_3_ws/install/bumperbot_firmware/lib/python3.12/site-packages/bumperbot_firmware-0.0.0-py3.12.egg-info
[0.959s] -- Installing: /home/papalist/tek_expo_demo_3_ws/install/bumperbot_firmware/lib/python3.12/site-packages/bumperbot_firmware-0.0.0-py3.12.egg-info/dependency_links.txt
[0.959s] -- Installing: /home/papalist/tek_expo_demo_3_ws/install/bumperbot_firmware/lib/python3.12/site-packages/bumperbot_firmware-0.0.0-py3.12.egg-info/top_level.txt
[0.960s] -- Installing: /home/papalist/tek_expo_demo_3_ws/install/bumperbot_firmware/lib/python3.12/site-packages/bumperbot_firmware-0.0.0-py3.12.egg-info/SOURCES.txt
[0.960s] -- Installing: /home/papalist/tek_expo_demo_3_ws/install/bumperbot_firmware/lib/python3.12/site-packages/bumperbot_firmware-0.0.0-py3.12.egg-info/PKG-INFO
[0.962s] -- Up-to-date: /home/papalist/tek_expo_demo_3_ws/install/bumperbot_firmware/lib/python3.12/site-packages/bumperbot_firmware
[0.963s] -- Up-to-date: /home/papalist/tek_expo_demo_3_ws/install/bumperbot_firmware/lib/python3.12/site-packages/bumperbot_firmware/__init__.py
[0.964s] -- Up-to-date: /home/papalist/tek_expo_demo_3_ws/install/bumperbot_firmware/lib/python3.12/site-packages/bumperbot_firmware/simple_serial_receiver.py
[0.964s] -- Up-to-date: /home/papalist/tek_expo_demo_3_ws/install/bumperbot_firmware/lib/python3.12/site-packages/bumperbot_firmware/simple_serial_transmitter.py
[1.020s] Listing '/home/papalist/tek_expo_demo_3_ws/install/bumperbot_firmware/lib/python3.12/site-packages/bumperbot_firmware'...
[1.029s] -- Up-to-date: /home/papalist/tek_expo_demo_3_ws/install/bumperbot_firmware/share/bumperbot_firmware/bumperbot_interface.xml
[1.029s] -- Up-to-date: /home/papalist/tek_expo_demo_3_ws/install/bumperbot_firmware/lib/libbumperbot_firmware.so
[1.030s] -- Up-to-date: /home/papalist/tek_expo_demo_3_ws/install/bumperbot_firmware/include/include
[1.030s] -- Up-to-date: /home/papalist/tek_expo_demo_3_ws/install/bumperbot_firmware/include/include/bumperbot_firmware
[1.030s] -- Up-to-date: /home/papalist/tek_expo_demo_3_ws/install/bumperbot_firmware/include/include/bumperbot_firmware/bumperbot_interface.hpp
[1.030s] -- Up-to-date: /home/papalist/tek_expo_demo_3_ws/install/bumperbot_firmware/share/bumperbot_firmware/launch
[1.031s] -- Up-to-date: /home/papalist/tek_expo_demo_3_ws/install/bumperbot_firmware/share/bumperbot_firmware/launch/hardware_interface.launch.py
[1.031s] -- Up-to-date: /home/papalist/tek_expo_demo_3_ws/install/bumperbot_firmware/lib/bumperbot_firmware/simple_serial_transmitter.py
[1.031s] -- Up-to-date: /home/papalist/tek_expo_demo_3_ws/install/bumperbot_firmware/lib/bumperbot_firmware/simple_serial_receiver.py
[1.031s] -- Up-to-date: /home/papalist/tek_expo_demo_3_ws/install/bumperbot_firmware/lib/bumperbot_firmware/simple_serial_receiver
[1.031s] -- Up-to-date: /home/papalist/tek_expo_demo_3_ws/install/bumperbot_firmware/lib/bumperbot_firmware/simple_serial_transmitter
[1.032s] -- Up-to-date: /home/papalist/tek_expo_demo_3_ws/install/bumperbot_firmware/share/bumperbot_firmware/environment/library_path.sh
[1.032s] -- Up-to-date: /home/papalist/tek_expo_demo_3_ws/install/bumperbot_firmware/share/bumperbot_firmware/environment/library_path.dsv
[1.032s] -- Up-to-date: /home/papalist/tek_expo_demo_3_ws/install/bumperbot_firmware/share/ament_index/resource_index/package_run_dependencies/bumperbot_firmware
[1.033s] -- Up-to-date: /home/papalist/tek_expo_demo_3_ws/install/bumperbot_firmware/share/ament_index/resource_index/parent_prefix_path/bumperbot_firmware
[1.033s] -- Up-to-date: /home/papalist/tek_expo_demo_3_ws/install/bumperbot_firmware/share/bumperbot_firmware/environment/ament_prefix_path.sh
[1.033s] -- Up-to-date: /home/papalist/tek_expo_demo_3_ws/install/bumperbot_firmware/share/bumperbot_firmware/environment/ament_prefix_path.dsv
[1.033s] -- Up-to-date: /home/papalist/tek_expo_demo_3_ws/install/bumperbot_firmware/share/bumperbot_firmware/environment/path.sh
[1.033s] -- Up-to-date: /home/papalist/tek_expo_demo_3_ws/install/bumperbot_firmware/share/bumperbot_firmware/environment/path.dsv
[1.033s] -- Up-to-date: /home/papalist/tek_expo_demo_3_ws/install/bumperbot_firmware/share/bumperbot_firmware/local_setup.bash
[1.034s] -- Up-to-date: /home/papalist/tek_expo_demo_3_ws/install/bumperbot_firmware/share/bumperbot_firmware/local_setup.sh
[1.034s] -- Up-to-date: /home/papalist/tek_expo_demo_3_ws/install/bumperbot_firmware/share/bumperbot_firmware/local_setup.zsh
[1.034s] -- Up-to-date: /home/papalist/tek_expo_demo_3_ws/install/bumperbot_firmware/share/bumperbot_firmware/local_setup.dsv
[1.034s] -- Installing: /home/papalist/tek_expo_demo_3_ws/install/bumperbot_firmware/share/bumperbot_firmware/package.dsv
[1.034s] -- Up-to-date: /home/papalist/tek_expo_demo_3_ws/install/bumperbot_firmware/share/ament_index/resource_index/packages/bumperbot_firmware
[1.034s] -- Up-to-date: /home/papalist/tek_expo_demo_3_ws/install/bumperbot_firmware/share/ament_index/resource_index/hardware_interface__pluginlib__plugin/bumperbot_firmware
[1.034s] -- Up-to-date: /home/papalist/tek_expo_demo_3_ws/install/bumperbot_firmware/share/bumperbot_firmware/cmake/ament_cmake_export_include_directories-extras.cmake
[1.034s] -- Up-to-date: /home/papalist/tek_expo_demo_3_ws/install/bumperbot_firmware/share/bumperbot_firmware/cmake/ament_cmake_export_libraries-extras.cmake
[1.034s] -- Up-to-date: /home/papalist/tek_expo_demo_3_ws/install/bumperbot_firmware/share/bumperbot_firmware/cmake/ament_cmake_export_dependencies-extras.cmake
[1.035s] -- Up-to-date: /home/papalist/tek_expo_demo_3_ws/install/bumperbot_firmware/share/bumperbot_firmware/cmake/bumperbot_firmwareConfig.cmake
[1.035s] -- Up-to-date: /home/papalist/tek_expo_demo_3_ws/install/bumperbot_firmware/share/bumperbot_firmware/cmake/bumperbot_firmwareConfig-version.cmake
[1.035s] -- Up-to-date: /home/papalist/tek_expo_demo_3_ws/install/bumperbot_firmware/share/bumperbot_firmware/package.xml
[1.037s] Invoked command in '/home/papalist/tek_expo_demo_3_ws/build/bumperbot_firmware' returned '0': CMAKE_PREFIX_PATH=${CMAKE_PREFIX_PATH}:/opt/ros/jazzy DEBUGINFOD_URLS=https://debuginfod.ubuntu.com /usr/bin/cmake --install /home/papalist/tek_expo_demo_3_ws/build/bumperbot_firmware
