[0.138s] DEBUG:colcon:Command line arguments: ['/usr/bin/colcon', 'build']
[0.138s] DEBUG:colcon:Parsed command line arguments: Namespace(log_base=None, log_level=None, verb_name='build', build_base='build', install_base='install', merge_install=False, symlink_install=False, test_result_base=None, continue_on_error=False, executor='parallel', parallel_workers=8, event_handlers=None, ignore_user_meta=False, metas=['./colcon.meta'], base_paths=['.'], packages_ignore=None, packages_ignore_regex=None, paths=None, packages_up_to=None, packages_up_to_regex=None, packages_above=None, packages_above_and_dependencies=None, packages_above_depth=None, packages_select_by_dep=None, packages_skip_by_dep=None, packages_skip_up_to=None, packages_select_build_failed=False, packages_skip_build_finished=False, packages_select_test_failures=False, packages_skip_test_passed=False, packages_select=None, packages_skip=None, packages_select_regex=None, packages_skip_regex=None, packages_start=None, packages_end=None, allow_overriding=[], cmake_args=None, cmake_target=None, cmake_target_skip_unavailable=False, cmake_clean_cache=False, cmake_clean_first=False, cmake_force_configure=False, ament_cmake_args=None, catkin_cmake_args=None, catkin_skip_building_tests=False, mixin_files=None, mixin=None, verb_parser=<colcon_mixin.mixin.mixin_argument.MixinArgumentDecorator object at 0x7ec0fe698080>, verb_extension=<colcon_core.verb.build.BuildVerb object at 0x7ec0fe66bd40>, main=<bound method BuildVerb.main of <colcon_core.verb.build.BuildVerb object at 0x7ec0fe66bd40>>, mixin_verb=('build',))
[0.186s] Level 1:colcon.colcon_core.package_discovery:discover_packages(colcon_meta) check parameters
[0.186s] Level 1:colcon.colcon_core.package_discovery:discover_packages(recursive) check parameters
[0.186s] Level 1:colcon.colcon_core.package_discovery:discover_packages(ignore) check parameters
[0.186s] Level 1:colcon.colcon_core.package_discovery:discover_packages(path) check parameters
[0.186s] Level 1:colcon.colcon_core.package_discovery:discover_packages(colcon_meta) discover
[0.186s] Level 1:colcon.colcon_core.package_discovery:discover_packages(recursive) discover
[0.186s] INFO:colcon.colcon_core.package_discovery:Crawling recursively for packages in '/home/papalist/tek_expo_demo_3_ws'
[0.186s] Level 1:colcon.colcon_core.package_identification:_identify(.) by extensions ['ignore', 'ignore_ament_install']
[0.186s] Level 1:colcon.colcon_core.package_identification:_identify(.) by extension 'ignore'
[0.186s] Level 1:colcon.colcon_core.package_identification:_identify(.) by extension 'ignore_ament_install'
[0.186s] Level 1:colcon.colcon_core.package_identification:_identify(.) by extensions ['colcon_pkg']
[0.186s] Level 1:colcon.colcon_core.package_identification:_identify(.) by extension 'colcon_pkg'
[0.186s] Level 1:colcon.colcon_core.package_identification:_identify(.) by extensions ['colcon_meta']
[0.187s] Level 1:colcon.colcon_core.package_identification:_identify(.) by extension 'colcon_meta'
[0.187s] Level 1:colcon.colcon_core.package_identification:_identify(.) by extensions ['ros']
[0.187s] Level 1:colcon.colcon_core.package_identification:_identify(.) by extension 'ros'
[0.218s] Level 1:colcon.colcon_core.package_identification:_identify(.) by extensions ['cmake', 'python']
[0.218s] Level 1:colcon.colcon_core.package_identification:_identify(.) by extension 'cmake'
[0.218s] Level 1:colcon.colcon_core.package_identification:_identify(.) by extension 'python'
[0.218s] Level 1:colcon.colcon_core.package_identification:_identify(.) by extensions ['python_setup_py']
[0.218s] Level 1:colcon.colcon_core.package_identification:_identify(.) by extension 'python_setup_py'
[0.218s] Level 1:colcon.colcon_core.package_identification:_identify(build) by extensions ['ignore', 'ignore_ament_install']
[0.218s] Level 1:colcon.colcon_core.package_identification:_identify(build) by extension 'ignore'
[0.218s] Level 1:colcon.colcon_core.package_identification:_identify(build) ignored
[0.218s] Level 1:colcon.colcon_core.package_identification:_identify(install) by extensions ['ignore', 'ignore_ament_install']
[0.218s] Level 1:colcon.colcon_core.package_identification:_identify(install) by extension 'ignore'
[0.219s] Level 1:colcon.colcon_core.package_identification:_identify(install) ignored
[0.219s] Level 1:colcon.colcon_core.package_identification:_identify(log) by extensions ['ignore', 'ignore_ament_install']
[0.219s] Level 1:colcon.colcon_core.package_identification:_identify(log) by extension 'ignore'
[0.219s] Level 1:colcon.colcon_core.package_identification:_identify(log) ignored
[0.219s] Level 1:colcon.colcon_core.package_identification:_identify(src) by extensions ['ignore', 'ignore_ament_install']
[0.219s] Level 1:colcon.colcon_core.package_identification:_identify(src) by extension 'ignore'
[0.219s] Level 1:colcon.colcon_core.package_identification:_identify(src) by extension 'ignore_ament_install'
[0.219s] Level 1:colcon.colcon_core.package_identification:_identify(src) by extensions ['colcon_pkg']
[0.219s] Level 1:colcon.colcon_core.package_identification:_identify(src) by extension 'colcon_pkg'
[0.219s] Level 1:colcon.colcon_core.package_identification:_identify(src) by extensions ['colcon_meta']
[0.219s] Level 1:colcon.colcon_core.package_identification:_identify(src) by extension 'colcon_meta'
[0.219s] Level 1:colcon.colcon_core.package_identification:_identify(src) by extensions ['ros']
[0.219s] Level 1:colcon.colcon_core.package_identification:_identify(src) by extension 'ros'
[0.220s] Level 1:colcon.colcon_core.package_identification:_identify(src) by extensions ['cmake', 'python']
[0.220s] Level 1:colcon.colcon_core.package_identification:_identify(src) by extension 'cmake'
[0.220s] Level 1:colcon.colcon_core.package_identification:_identify(src) by extension 'python'
[0.220s] Level 1:colcon.colcon_core.package_identification:_identify(src) by extensions ['python_setup_py']
[0.220s] Level 1:colcon.colcon_core.package_identification:_identify(src) by extension 'python_setup_py'
[0.220s] Level 1:colcon.colcon_core.package_identification:_identify(src/bumperbot_bringup) by extensions ['ignore', 'ignore_ament_install']
[0.220s] Level 1:colcon.colcon_core.package_identification:_identify(src/bumperbot_bringup) by extension 'ignore'
[0.220s] Level 1:colcon.colcon_core.package_identification:_identify(src/bumperbot_bringup) by extension 'ignore_ament_install'
[0.220s] Level 1:colcon.colcon_core.package_identification:_identify(src/bumperbot_bringup) by extensions ['colcon_pkg']
[0.220s] Level 1:colcon.colcon_core.package_identification:_identify(src/bumperbot_bringup) by extension 'colcon_pkg'
[0.220s] Level 1:colcon.colcon_core.package_identification:_identify(src/bumperbot_bringup) by extensions ['colcon_meta']
[0.220s] Level 1:colcon.colcon_core.package_identification:_identify(src/bumperbot_bringup) by extension 'colcon_meta'
[0.220s] Level 1:colcon.colcon_core.package_identification:_identify(src/bumperbot_bringup) by extensions ['ros']
[0.220s] Level 1:colcon.colcon_core.package_identification:_identify(src/bumperbot_bringup) by extension 'ros'
[0.223s] DEBUG:colcon.colcon_core.package_identification:Package 'src/bumperbot_bringup' with type 'ros.ament_cmake' and name 'bumperbot_bringup'
[0.223s] Level 1:colcon.colcon_core.package_identification:_identify(src/bumperbot_controller) by extensions ['ignore', 'ignore_ament_install']
[0.223s] Level 1:colcon.colcon_core.package_identification:_identify(src/bumperbot_controller) by extension 'ignore'
[0.223s] Level 1:colcon.colcon_core.package_identification:_identify(src/bumperbot_controller) by extension 'ignore_ament_install'
[0.223s] Level 1:colcon.colcon_core.package_identification:_identify(src/bumperbot_controller) by extensions ['colcon_pkg']
[0.223s] Level 1:colcon.colcon_core.package_identification:_identify(src/bumperbot_controller) by extension 'colcon_pkg'
[0.223s] Level 1:colcon.colcon_core.package_identification:_identify(src/bumperbot_controller) by extensions ['colcon_meta']
[0.224s] Level 1:colcon.colcon_core.package_identification:_identify(src/bumperbot_controller) by extension 'colcon_meta'
[0.224s] Level 1:colcon.colcon_core.package_identification:_identify(src/bumperbot_controller) by extensions ['ros']
[0.224s] Level 1:colcon.colcon_core.package_identification:_identify(src/bumperbot_controller) by extension 'ros'
[0.226s] DEBUG:colcon.colcon_core.package_identification:Package 'src/bumperbot_controller' with type 'ros.ament_cmake' and name 'bumperbot_controller'
[0.226s] Level 1:colcon.colcon_core.package_identification:_identify(src/bumperbot_description) by extensions ['ignore', 'ignore_ament_install']
[0.226s] Level 1:colcon.colcon_core.package_identification:_identify(src/bumperbot_description) by extension 'ignore'
[0.226s] Level 1:colcon.colcon_core.package_identification:_identify(src/bumperbot_description) by extension 'ignore_ament_install'
[0.226s] Level 1:colcon.colcon_core.package_identification:_identify(src/bumperbot_description) by extensions ['colcon_pkg']
[0.226s] Level 1:colcon.colcon_core.package_identification:_identify(src/bumperbot_description) by extension 'colcon_pkg'
[0.226s] Level 1:colcon.colcon_core.package_identification:_identify(src/bumperbot_description) by extensions ['colcon_meta']
[0.227s] Level 1:colcon.colcon_core.package_identification:_identify(src/bumperbot_description) by extension 'colcon_meta'
[0.227s] Level 1:colcon.colcon_core.package_identification:_identify(src/bumperbot_description) by extensions ['ros']
[0.227s] Level 1:colcon.colcon_core.package_identification:_identify(src/bumperbot_description) by extension 'ros'
[0.230s] DEBUG:colcon.colcon_core.package_identification:Package 'src/bumperbot_description' with type 'ros.ament_cmake' and name 'bumperbot_description'
[0.230s] Level 1:colcon.colcon_core.package_identification:_identify(src/bumperbot_firmware) by extensions ['ignore', 'ignore_ament_install']
[0.230s] Level 1:colcon.colcon_core.package_identification:_identify(src/bumperbot_firmware) by extension 'ignore'
[0.230s] Level 1:colcon.colcon_core.package_identification:_identify(src/bumperbot_firmware) by extension 'ignore_ament_install'
[0.230s] Level 1:colcon.colcon_core.package_identification:_identify(src/bumperbot_firmware) by extensions ['colcon_pkg']
[0.230s] Level 1:colcon.colcon_core.package_identification:_identify(src/bumperbot_firmware) by extension 'colcon_pkg'
[0.231s] Level 1:colcon.colcon_core.package_identification:_identify(src/bumperbot_firmware) by extensions ['colcon_meta']
[0.231s] Level 1:colcon.colcon_core.package_identification:_identify(src/bumperbot_firmware) by extension 'colcon_meta'
[0.231s] Level 1:colcon.colcon_core.package_identification:_identify(src/bumperbot_firmware) by extensions ['ros']
[0.231s] Level 1:colcon.colcon_core.package_identification:_identify(src/bumperbot_firmware) by extension 'ros'
[0.232s] DEBUG:colcon.colcon_core.package_identification:Package 'src/bumperbot_firmware' with type 'ros.ament_cmake' and name 'bumperbot_firmware'
[0.232s] Level 1:colcon.colcon_core.package_identification:_identify(src/bumperbot_localization) by extensions ['ignore', 'ignore_ament_install']
[0.232s] Level 1:colcon.colcon_core.package_identification:_identify(src/bumperbot_localization) by extension 'ignore'
[0.232s] Level 1:colcon.colcon_core.package_identification:_identify(src/bumperbot_localization) by extension 'ignore_ament_install'
[0.232s] Level 1:colcon.colcon_core.package_identification:_identify(src/bumperbot_localization) by extensions ['colcon_pkg']
[0.232s] Level 1:colcon.colcon_core.package_identification:_identify(src/bumperbot_localization) by extension 'colcon_pkg'
[0.232s] Level 1:colcon.colcon_core.package_identification:_identify(src/bumperbot_localization) by extensions ['colcon_meta']
[0.232s] Level 1:colcon.colcon_core.package_identification:_identify(src/bumperbot_localization) by extension 'colcon_meta'
[0.232s] Level 1:colcon.colcon_core.package_identification:_identify(src/bumperbot_localization) by extensions ['ros']
[0.232s] Level 1:colcon.colcon_core.package_identification:_identify(src/bumperbot_localization) by extension 'ros'
[0.233s] DEBUG:colcon.colcon_core.package_identification:Package 'src/bumperbot_localization' with type 'ros.ament_cmake' and name 'bumperbot_localization'
[0.233s] Level 1:colcon.colcon_core.package_identification:_identify(src/bumperbot_mapping) by extensions ['ignore', 'ignore_ament_install']
[0.233s] Level 1:colcon.colcon_core.package_identification:_identify(src/bumperbot_mapping) by extension 'ignore'
[0.234s] Level 1:colcon.colcon_core.package_identification:_identify(src/bumperbot_mapping) by extension 'ignore_ament_install'
[0.234s] Level 1:colcon.colcon_core.package_identification:_identify(src/bumperbot_mapping) by extensions ['colcon_pkg']
[0.234s] Level 1:colcon.colcon_core.package_identification:_identify(src/bumperbot_mapping) by extension 'colcon_pkg'
[0.234s] Level 1:colcon.colcon_core.package_identification:_identify(src/bumperbot_mapping) by extensions ['colcon_meta']
[0.234s] Level 1:colcon.colcon_core.package_identification:_identify(src/bumperbot_mapping) by extension 'colcon_meta'
[0.234s] Level 1:colcon.colcon_core.package_identification:_identify(src/bumperbot_mapping) by extensions ['ros']
[0.234s] Level 1:colcon.colcon_core.package_identification:_identify(src/bumperbot_mapping) by extension 'ros'
[0.235s] DEBUG:colcon.colcon_core.package_identification:Package 'src/bumperbot_mapping' with type 'ros.ament_cmake' and name 'bumperbot_mapping'
[0.235s] Level 1:colcon.colcon_core.package_identification:_identify(src/bumperbot_utils) by extensions ['ignore', 'ignore_ament_install']
[0.235s] Level 1:colcon.colcon_core.package_identification:_identify(src/bumperbot_utils) by extension 'ignore'
[0.235s] Level 1:colcon.colcon_core.package_identification:_identify(src/bumperbot_utils) by extension 'ignore_ament_install'
[0.235s] Level 1:colcon.colcon_core.package_identification:_identify(src/bumperbot_utils) by extensions ['colcon_pkg']
[0.235s] Level 1:colcon.colcon_core.package_identification:_identify(src/bumperbot_utils) by extension 'colcon_pkg'
[0.235s] Level 1:colcon.colcon_core.package_identification:_identify(src/bumperbot_utils) by extensions ['colcon_meta']
[0.235s] Level 1:colcon.colcon_core.package_identification:_identify(src/bumperbot_utils) by extension 'colcon_meta'
[0.235s] Level 1:colcon.colcon_core.package_identification:_identify(src/bumperbot_utils) by extensions ['ros']
[0.235s] Level 1:colcon.colcon_core.package_identification:_identify(src/bumperbot_utils) by extension 'ros'
[0.236s] DEBUG:colcon.colcon_core.package_identification:Package 'src/bumperbot_utils' with type 'ros.ament_cmake' and name 'bumperbot_utils'
[0.236s] Level 1:colcon.colcon_core.package_identification:_identify(src/rf2o_laser_odometry) by extensions ['ignore', 'ignore_ament_install']
[0.236s] Level 1:colcon.colcon_core.package_identification:_identify(src/rf2o_laser_odometry) by extension 'ignore'
[0.236s] Level 1:colcon.colcon_core.package_identification:_identify(src/rf2o_laser_odometry) by extension 'ignore_ament_install'
[0.236s] Level 1:colcon.colcon_core.package_identification:_identify(src/rf2o_laser_odometry) by extensions ['colcon_pkg']
[0.237s] Level 1:colcon.colcon_core.package_identification:_identify(src/rf2o_laser_odometry) by extension 'colcon_pkg'
[0.237s] Level 1:colcon.colcon_core.package_identification:_identify(src/rf2o_laser_odometry) by extensions ['colcon_meta']
[0.237s] Level 1:colcon.colcon_core.package_identification:_identify(src/rf2o_laser_odometry) by extension 'colcon_meta'
[0.237s] Level 1:colcon.colcon_core.package_identification:_identify(src/rf2o_laser_odometry) by extensions ['ros']
[0.237s] Level 1:colcon.colcon_core.package_identification:_identify(src/rf2o_laser_odometry) by extension 'ros'
[0.238s] DEBUG:colcon.colcon_core.package_identification:Package 'src/rf2o_laser_odometry' with type 'ros.ament_cmake' and name 'rf2o_laser_odometry'
[0.238s] Level 1:colcon.colcon_core.package_identification:_identify(src/sllidar_ros2) by extensions ['ignore', 'ignore_ament_install']
[0.238s] Level 1:colcon.colcon_core.package_identification:_identify(src/sllidar_ros2) by extension 'ignore'
[0.238s] Level 1:colcon.colcon_core.package_identification:_identify(src/sllidar_ros2) by extension 'ignore_ament_install'
[0.238s] Level 1:colcon.colcon_core.package_identification:_identify(src/sllidar_ros2) by extensions ['colcon_pkg']
[0.238s] Level 1:colcon.colcon_core.package_identification:_identify(src/sllidar_ros2) by extension 'colcon_pkg'
[0.238s] Level 1:colcon.colcon_core.package_identification:_identify(src/sllidar_ros2) by extensions ['colcon_meta']
[0.238s] Level 1:colcon.colcon_core.package_identification:_identify(src/sllidar_ros2) by extension 'colcon_meta'
[0.238s] Level 1:colcon.colcon_core.package_identification:_identify(src/sllidar_ros2) by extensions ['ros']
[0.238s] Level 1:colcon.colcon_core.package_identification:_identify(src/sllidar_ros2) by extension 'ros'
[0.239s] DEBUG:colcon.colcon_core.package_identification:Package 'src/sllidar_ros2' with type 'ros.ament_cmake' and name 'sllidar_ros2'
[0.239s] Level 1:colcon.colcon_core.package_discovery:discover_packages(recursive) using defaults
[0.239s] Level 1:colcon.colcon_core.package_discovery:discover_packages(ignore) discover
[0.239s] Level 1:colcon.colcon_core.package_discovery:discover_packages(ignore) using defaults
[0.239s] Level 1:colcon.colcon_core.package_discovery:discover_packages(path) discover
[0.239s] Level 1:colcon.colcon_core.package_discovery:discover_packages(path) using defaults
[0.262s] Level 1:colcon.colcon_core.package_discovery:discover_packages(prefix_path) check parameters
[0.262s] Level 1:colcon.colcon_core.package_discovery:discover_packages(prefix_path) discover
[0.267s] DEBUG:colcon.colcon_installed_package_information.package_discovery:Found 414 installed packages in /opt/ros/jazzy
[0.268s] Level 1:colcon.colcon_core.package_discovery:discover_packages(prefix_path) using defaults
[0.341s] Level 5:colcon.colcon_core.verb:set package 'bumperbot_controller' build argument 'cmake_args' from command line to 'None'
[0.341s] Level 5:colcon.colcon_core.verb:set package 'bumperbot_controller' build argument 'cmake_target' from command line to 'None'
[0.342s] Level 5:colcon.colcon_core.verb:set package 'bumperbot_controller' build argument 'cmake_target_skip_unavailable' from command line to 'False'
[0.342s] Level 5:colcon.colcon_core.verb:set package 'bumperbot_controller' build argument 'cmake_clean_cache' from command line to 'False'
[0.342s] Level 5:colcon.colcon_core.verb:set package 'bumperbot_controller' build argument 'cmake_clean_first' from command line to 'False'
[0.342s] Level 5:colcon.colcon_core.verb:set package 'bumperbot_controller' build argument 'cmake_force_configure' from command line to 'False'
[0.342s] Level 5:colcon.colcon_core.verb:set package 'bumperbot_controller' build argument 'ament_cmake_args' from command line to 'None'
[0.342s] Level 5:colcon.colcon_core.verb:set package 'bumperbot_controller' build argument 'catkin_cmake_args' from command line to 'None'
[0.342s] Level 5:colcon.colcon_core.verb:set package 'bumperbot_controller' build argument 'catkin_skip_building_tests' from command line to 'False'
[0.342s] DEBUG:colcon.colcon_core.verb:Building package 'bumperbot_controller' with the following arguments: {'ament_cmake_args': None, 'build_base': '/home/papalist/tek_expo_demo_3_ws/build/bumperbot_controller', 'catkin_cmake_args': None, 'catkin_skip_building_tests': False, 'cmake_args': None, 'cmake_clean_cache': False, 'cmake_clean_first': False, 'cmake_force_configure': False, 'cmake_target': None, 'cmake_target_skip_unavailable': False, 'install_base': '/home/papalist/tek_expo_demo_3_ws/install/bumperbot_controller', 'merge_install': False, 'path': '/home/papalist/tek_expo_demo_3_ws/src/bumperbot_controller', 'symlink_install': False, 'test_result_base': None}
[0.342s] Level 5:colcon.colcon_core.verb:set package 'bumperbot_description' build argument 'cmake_args' from command line to 'None'
[0.342s] Level 5:colcon.colcon_core.verb:set package 'bumperbot_description' build argument 'cmake_target' from command line to 'None'
[0.342s] Level 5:colcon.colcon_core.verb:set package 'bumperbot_description' build argument 'cmake_target_skip_unavailable' from command line to 'False'
[0.342s] Level 5:colcon.colcon_core.verb:set package 'bumperbot_description' build argument 'cmake_clean_cache' from command line to 'False'
[0.342s] Level 5:colcon.colcon_core.verb:set package 'bumperbot_description' build argument 'cmake_clean_first' from command line to 'False'
[0.342s] Level 5:colcon.colcon_core.verb:set package 'bumperbot_description' build argument 'cmake_force_configure' from command line to 'False'
[0.342s] Level 5:colcon.colcon_core.verb:set package 'bumperbot_description' build argument 'ament_cmake_args' from command line to 'None'
[0.342s] Level 5:colcon.colcon_core.verb:set package 'bumperbot_description' build argument 'catkin_cmake_args' from command line to 'None'
[0.342s] Level 5:colcon.colcon_core.verb:set package 'bumperbot_description' build argument 'catkin_skip_building_tests' from command line to 'False'
[0.342s] DEBUG:colcon.colcon_core.verb:Building package 'bumperbot_description' with the following arguments: {'ament_cmake_args': None, 'build_base': '/home/papalist/tek_expo_demo_3_ws/build/bumperbot_description', 'catkin_cmake_args': None, 'catkin_skip_building_tests': False, 'cmake_args': None, 'cmake_clean_cache': False, 'cmake_clean_first': False, 'cmake_force_configure': False, 'cmake_target': None, 'cmake_target_skip_unavailable': False, 'install_base': '/home/papalist/tek_expo_demo_3_ws/install/bumperbot_description', 'merge_install': False, 'path': '/home/papalist/tek_expo_demo_3_ws/src/bumperbot_description', 'symlink_install': False, 'test_result_base': None}
[0.343s] Level 5:colcon.colcon_core.verb:set package 'bumperbot_firmware' build argument 'cmake_args' from command line to 'None'
[0.343s] Level 5:colcon.colcon_core.verb:set package 'bumperbot_firmware' build argument 'cmake_target' from command line to 'None'
[0.343s] Level 5:colcon.colcon_core.verb:set package 'bumperbot_firmware' build argument 'cmake_target_skip_unavailable' from command line to 'False'
[0.343s] Level 5:colcon.colcon_core.verb:set package 'bumperbot_firmware' build argument 'cmake_clean_cache' from command line to 'False'
[0.343s] Level 5:colcon.colcon_core.verb:set package 'bumperbot_firmware' build argument 'cmake_clean_first' from command line to 'False'
[0.343s] Level 5:colcon.colcon_core.verb:set package 'bumperbot_firmware' build argument 'cmake_force_configure' from command line to 'False'
[0.343s] Level 5:colcon.colcon_core.verb:set package 'bumperbot_firmware' build argument 'ament_cmake_args' from command line to 'None'
[0.343s] Level 5:colcon.colcon_core.verb:set package 'bumperbot_firmware' build argument 'catkin_cmake_args' from command line to 'None'
[0.343s] Level 5:colcon.colcon_core.verb:set package 'bumperbot_firmware' build argument 'catkin_skip_building_tests' from command line to 'False'
[0.343s] DEBUG:colcon.colcon_core.verb:Building package 'bumperbot_firmware' with the following arguments: {'ament_cmake_args': None, 'build_base': '/home/papalist/tek_expo_demo_3_ws/build/bumperbot_firmware', 'catkin_cmake_args': None, 'catkin_skip_building_tests': False, 'cmake_args': None, 'cmake_clean_cache': False, 'cmake_clean_first': False, 'cmake_force_configure': False, 'cmake_target': None, 'cmake_target_skip_unavailable': False, 'install_base': '/home/papalist/tek_expo_demo_3_ws/install/bumperbot_firmware', 'merge_install': False, 'path': '/home/papalist/tek_expo_demo_3_ws/src/bumperbot_firmware', 'symlink_install': False, 'test_result_base': None}
[0.343s] Level 5:colcon.colcon_core.verb:set package 'bumperbot_localization' build argument 'cmake_args' from command line to 'None'
[0.343s] Level 5:colcon.colcon_core.verb:set package 'bumperbot_localization' build argument 'cmake_target' from command line to 'None'
[0.343s] Level 5:colcon.colcon_core.verb:set package 'bumperbot_localization' build argument 'cmake_target_skip_unavailable' from command line to 'False'
[0.343s] Level 5:colcon.colcon_core.verb:set package 'bumperbot_localization' build argument 'cmake_clean_cache' from command line to 'False'
[0.343s] Level 5:colcon.colcon_core.verb:set package 'bumperbot_localization' build argument 'cmake_clean_first' from command line to 'False'
[0.343s] Level 5:colcon.colcon_core.verb:set package 'bumperbot_localization' build argument 'cmake_force_configure' from command line to 'False'
[0.343s] Level 5:colcon.colcon_core.verb:set package 'bumperbot_localization' build argument 'ament_cmake_args' from command line to 'None'
[0.344s] Level 5:colcon.colcon_core.verb:set package 'bumperbot_localization' build argument 'catkin_cmake_args' from command line to 'None'
[0.344s] Level 5:colcon.colcon_core.verb:set package 'bumperbot_localization' build argument 'catkin_skip_building_tests' from command line to 'False'
[0.344s] DEBUG:colcon.colcon_core.verb:Building package 'bumperbot_localization' with the following arguments: {'ament_cmake_args': None, 'build_base': '/home/papalist/tek_expo_demo_3_ws/build/bumperbot_localization', 'catkin_cmake_args': None, 'catkin_skip_building_tests': False, 'cmake_args': None, 'cmake_clean_cache': False, 'cmake_clean_first': False, 'cmake_force_configure': False, 'cmake_target': None, 'cmake_target_skip_unavailable': False, 'install_base': '/home/papalist/tek_expo_demo_3_ws/install/bumperbot_localization', 'merge_install': False, 'path': '/home/papalist/tek_expo_demo_3_ws/src/bumperbot_localization', 'symlink_install': False, 'test_result_base': None}
[0.344s] Level 5:colcon.colcon_core.verb:set package 'bumperbot_mapping' build argument 'cmake_args' from command line to 'None'
[0.344s] Level 5:colcon.colcon_core.verb:set package 'bumperbot_mapping' build argument 'cmake_target' from command line to 'None'
[0.344s] Level 5:colcon.colcon_core.verb:set package 'bumperbot_mapping' build argument 'cmake_target_skip_unavailable' from command line to 'False'
[0.344s] Level 5:colcon.colcon_core.verb:set package 'bumperbot_mapping' build argument 'cmake_clean_cache' from command line to 'False'
[0.344s] Level 5:colcon.colcon_core.verb:set package 'bumperbot_mapping' build argument 'cmake_clean_first' from command line to 'False'
[0.344s] Level 5:colcon.colcon_core.verb:set package 'bumperbot_mapping' build argument 'cmake_force_configure' from command line to 'False'
[0.344s] Level 5:colcon.colcon_core.verb:set package 'bumperbot_mapping' build argument 'ament_cmake_args' from command line to 'None'
[0.344s] Level 5:colcon.colcon_core.verb:set package 'bumperbot_mapping' build argument 'catkin_cmake_args' from command line to 'None'
[0.344s] Level 5:colcon.colcon_core.verb:set package 'bumperbot_mapping' build argument 'catkin_skip_building_tests' from command line to 'False'
[0.344s] DEBUG:colcon.colcon_core.verb:Building package 'bumperbot_mapping' with the following arguments: {'ament_cmake_args': None, 'build_base': '/home/papalist/tek_expo_demo_3_ws/build/bumperbot_mapping', 'catkin_cmake_args': None, 'catkin_skip_building_tests': False, 'cmake_args': None, 'cmake_clean_cache': False, 'cmake_clean_first': False, 'cmake_force_configure': False, 'cmake_target': None, 'cmake_target_skip_unavailable': False, 'install_base': '/home/papalist/tek_expo_demo_3_ws/install/bumperbot_mapping', 'merge_install': False, 'path': '/home/papalist/tek_expo_demo_3_ws/src/bumperbot_mapping', 'symlink_install': False, 'test_result_base': None}
[0.344s] Level 5:colcon.colcon_core.verb:set package 'bumperbot_utils' build argument 'cmake_args' from command line to 'None'
[0.345s] Level 5:colcon.colcon_core.verb:set package 'bumperbot_utils' build argument 'cmake_target' from command line to 'None'
[0.345s] Level 5:colcon.colcon_core.verb:set package 'bumperbot_utils' build argument 'cmake_target_skip_unavailable' from command line to 'False'
[0.345s] Level 5:colcon.colcon_core.verb:set package 'bumperbot_utils' build argument 'cmake_clean_cache' from command line to 'False'
[0.345s] Level 5:colcon.colcon_core.verb:set package 'bumperbot_utils' build argument 'cmake_clean_first' from command line to 'False'
[0.345s] Level 5:colcon.colcon_core.verb:set package 'bumperbot_utils' build argument 'cmake_force_configure' from command line to 'False'
[0.345s] Level 5:colcon.colcon_core.verb:set package 'bumperbot_utils' build argument 'ament_cmake_args' from command line to 'None'
[0.345s] Level 5:colcon.colcon_core.verb:set package 'bumperbot_utils' build argument 'catkin_cmake_args' from command line to 'None'
[0.345s] Level 5:colcon.colcon_core.verb:set package 'bumperbot_utils' build argument 'catkin_skip_building_tests' from command line to 'False'
[0.345s] DEBUG:colcon.colcon_core.verb:Building package 'bumperbot_utils' with the following arguments: {'ament_cmake_args': None, 'build_base': '/home/papalist/tek_expo_demo_3_ws/build/bumperbot_utils', 'catkin_cmake_args': None, 'catkin_skip_building_tests': False, 'cmake_args': None, 'cmake_clean_cache': False, 'cmake_clean_first': False, 'cmake_force_configure': False, 'cmake_target': None, 'cmake_target_skip_unavailable': False, 'install_base': '/home/papalist/tek_expo_demo_3_ws/install/bumperbot_utils', 'merge_install': False, 'path': '/home/papalist/tek_expo_demo_3_ws/src/bumperbot_utils', 'symlink_install': False, 'test_result_base': None}
[0.345s] Level 5:colcon.colcon_core.verb:set package 'rf2o_laser_odometry' build argument 'cmake_args' from command line to 'None'
[0.345s] Level 5:colcon.colcon_core.verb:set package 'rf2o_laser_odometry' build argument 'cmake_target' from command line to 'None'
[0.345s] Level 5:colcon.colcon_core.verb:set package 'rf2o_laser_odometry' build argument 'cmake_target_skip_unavailable' from command line to 'False'
[0.345s] Level 5:colcon.colcon_core.verb:set package 'rf2o_laser_odometry' build argument 'cmake_clean_cache' from command line to 'False'
[0.345s] Level 5:colcon.colcon_core.verb:set package 'rf2o_laser_odometry' build argument 'cmake_clean_first' from command line to 'False'
[0.345s] Level 5:colcon.colcon_core.verb:set package 'rf2o_laser_odometry' build argument 'cmake_force_configure' from command line to 'False'
[0.345s] Level 5:colcon.colcon_core.verb:set package 'rf2o_laser_odometry' build argument 'ament_cmake_args' from command line to 'None'
[0.345s] Level 5:colcon.colcon_core.verb:set package 'rf2o_laser_odometry' build argument 'catkin_cmake_args' from command line to 'None'
[0.345s] Level 5:colcon.colcon_core.verb:set package 'rf2o_laser_odometry' build argument 'catkin_skip_building_tests' from command line to 'False'
[0.345s] DEBUG:colcon.colcon_core.verb:Building package 'rf2o_laser_odometry' with the following arguments: {'ament_cmake_args': None, 'build_base': '/home/papalist/tek_expo_demo_3_ws/build/rf2o_laser_odometry', 'catkin_cmake_args': None, 'catkin_skip_building_tests': False, 'cmake_args': None, 'cmake_clean_cache': False, 'cmake_clean_first': False, 'cmake_force_configure': False, 'cmake_target': None, 'cmake_target_skip_unavailable': False, 'install_base': '/home/papalist/tek_expo_demo_3_ws/install/rf2o_laser_odometry', 'merge_install': False, 'path': '/home/papalist/tek_expo_demo_3_ws/src/rf2o_laser_odometry', 'symlink_install': False, 'test_result_base': None}
[0.346s] Level 5:colcon.colcon_core.verb:set package 'sllidar_ros2' build argument 'cmake_args' from command line to 'None'
[0.346s] Level 5:colcon.colcon_core.verb:set package 'sllidar_ros2' build argument 'cmake_target' from command line to 'None'
[0.346s] Level 5:colcon.colcon_core.verb:set package 'sllidar_ros2' build argument 'cmake_target_skip_unavailable' from command line to 'False'
[0.346s] Level 5:colcon.colcon_core.verb:set package 'sllidar_ros2' build argument 'cmake_clean_cache' from command line to 'False'
[0.346s] Level 5:colcon.colcon_core.verb:set package 'sllidar_ros2' build argument 'cmake_clean_first' from command line to 'False'
[0.346s] Level 5:colcon.colcon_core.verb:set package 'sllidar_ros2' build argument 'cmake_force_configure' from command line to 'False'
[0.346s] Level 5:colcon.colcon_core.verb:set package 'sllidar_ros2' build argument 'ament_cmake_args' from command line to 'None'
[0.346s] Level 5:colcon.colcon_core.verb:set package 'sllidar_ros2' build argument 'catkin_cmake_args' from command line to 'None'
[0.346s] Level 5:colcon.colcon_core.verb:set package 'sllidar_ros2' build argument 'catkin_skip_building_tests' from command line to 'False'
[0.346s] DEBUG:colcon.colcon_core.verb:Building package 'sllidar_ros2' with the following arguments: {'ament_cmake_args': None, 'build_base': '/home/papalist/tek_expo_demo_3_ws/build/sllidar_ros2', 'catkin_cmake_args': None, 'catkin_skip_building_tests': False, 'cmake_args': None, 'cmake_clean_cache': False, 'cmake_clean_first': False, 'cmake_force_configure': False, 'cmake_target': None, 'cmake_target_skip_unavailable': False, 'install_base': '/home/papalist/tek_expo_demo_3_ws/install/sllidar_ros2', 'merge_install': False, 'path': '/home/papalist/tek_expo_demo_3_ws/src/sllidar_ros2', 'symlink_install': False, 'test_result_base': None}
[0.346s] Level 5:colcon.colcon_core.verb:set package 'bumperbot_bringup' build argument 'cmake_args' from command line to 'None'
[0.346s] Level 5:colcon.colcon_core.verb:set package 'bumperbot_bringup' build argument 'cmake_target' from command line to 'None'
[0.346s] Level 5:colcon.colcon_core.verb:set package 'bumperbot_bringup' build argument 'cmake_target_skip_unavailable' from command line to 'False'
[0.346s] Level 5:colcon.colcon_core.verb:set package 'bumperbot_bringup' build argument 'cmake_clean_cache' from command line to 'False'
[0.346s] Level 5:colcon.colcon_core.verb:set package 'bumperbot_bringup' build argument 'cmake_clean_first' from command line to 'False'
[0.346s] Level 5:colcon.colcon_core.verb:set package 'bumperbot_bringup' build argument 'cmake_force_configure' from command line to 'False'
[0.346s] Level 5:colcon.colcon_core.verb:set package 'bumperbot_bringup' build argument 'ament_cmake_args' from command line to 'None'
[0.346s] Level 5:colcon.colcon_core.verb:set package 'bumperbot_bringup' build argument 'catkin_cmake_args' from command line to 'None'
[0.346s] Level 5:colcon.colcon_core.verb:set package 'bumperbot_bringup' build argument 'catkin_skip_building_tests' from command line to 'False'
[0.347s] DEBUG:colcon.colcon_core.verb:Building package 'bumperbot_bringup' with the following arguments: {'ament_cmake_args': None, 'build_base': '/home/papalist/tek_expo_demo_3_ws/build/bumperbot_bringup', 'catkin_cmake_args': None, 'catkin_skip_building_tests': False, 'cmake_args': None, 'cmake_clean_cache': False, 'cmake_clean_first': False, 'cmake_force_configure': False, 'cmake_target': None, 'cmake_target_skip_unavailable': False, 'install_base': '/home/papalist/tek_expo_demo_3_ws/install/bumperbot_bringup', 'merge_install': False, 'path': '/home/papalist/tek_expo_demo_3_ws/src/bumperbot_bringup', 'symlink_install': False, 'test_result_base': None}
[0.347s] INFO:colcon.colcon_core.executor:Executing jobs using 'parallel' executor
[0.348s] DEBUG:colcon.colcon_parallel_executor.executor.parallel:run_until_complete
[0.348s] INFO:colcon.colcon_ros.task.ament_cmake.build:Building ROS package in '/home/papalist/tek_expo_demo_3_ws/src/bumperbot_controller' with build type 'ament_cmake'
[0.348s] INFO:colcon.colcon_cmake.task.cmake.build:Building CMake package in '/home/papalist/tek_expo_demo_3_ws/src/bumperbot_controller'
[0.351s] INFO:colcon.colcon_core.plugin_system:Skipping extension 'colcon_core.shell.bat': Not used on non-Windows systems
[0.351s] INFO:colcon.colcon_core.shell:Skip shell extension 'powershell' for command environment: Not usable outside of PowerShell
[0.352s] DEBUG:colcon.colcon_core.shell:Skip shell extension 'dsv' for command environment
[0.357s] INFO:colcon.colcon_ros.task.ament_cmake.build:Building ROS package in '/home/papalist/tek_expo_demo_3_ws/src/bumperbot_description' with build type 'ament_cmake'
[0.357s] INFO:colcon.colcon_cmake.task.cmake.build:Building CMake package in '/home/papalist/tek_expo_demo_3_ws/src/bumperbot_description'
[0.357s] INFO:colcon.colcon_core.shell:Skip shell extension 'powershell' for command environment: Not usable outside of PowerShell
[0.357s] DEBUG:colcon.colcon_core.shell:Skip shell extension 'dsv' for command environment
[0.361s] INFO:colcon.colcon_ros.task.ament_cmake.build:Building ROS package in '/home/papalist/tek_expo_demo_3_ws/src/bumperbot_firmware' with build type 'ament_cmake'
[0.362s] INFO:colcon.colcon_cmake.task.cmake.build:Building CMake package in '/home/papalist/tek_expo_demo_3_ws/src/bumperbot_firmware'
[0.362s] INFO:colcon.colcon_core.shell:Skip shell extension 'powershell' for command environment: Not usable outside of PowerShell
[0.362s] DEBUG:colcon.colcon_core.shell:Skip shell extension 'dsv' for command environment
[0.368s] INFO:colcon.colcon_ros.task.ament_cmake.build:Building ROS package in '/home/papalist/tek_expo_demo_3_ws/src/bumperbot_localization' with build type 'ament_cmake'
[0.368s] INFO:colcon.colcon_cmake.task.cmake.build:Building CMake package in '/home/papalist/tek_expo_demo_3_ws/src/bumperbot_localization'
[0.368s] INFO:colcon.colcon_core.shell:Skip shell extension 'powershell' for command environment: Not usable outside of PowerShell
[0.368s] DEBUG:colcon.colcon_core.shell:Skip shell extension 'dsv' for command environment
[0.372s] INFO:colcon.colcon_ros.task.ament_cmake.build:Building ROS package in '/home/papalist/tek_expo_demo_3_ws/src/bumperbot_mapping' with build type 'ament_cmake'
[0.373s] INFO:colcon.colcon_cmake.task.cmake.build:Building CMake package in '/home/papalist/tek_expo_demo_3_ws/src/bumperbot_mapping'
[0.373s] INFO:colcon.colcon_core.shell:Skip shell extension 'powershell' for command environment: Not usable outside of PowerShell
[0.373s] DEBUG:colcon.colcon_core.shell:Skip shell extension 'dsv' for command environment
[0.377s] INFO:colcon.colcon_ros.task.ament_cmake.build:Building ROS package in '/home/papalist/tek_expo_demo_3_ws/src/bumperbot_utils' with build type 'ament_cmake'
[0.377s] INFO:colcon.colcon_cmake.task.cmake.build:Building CMake package in '/home/papalist/tek_expo_demo_3_ws/src/bumperbot_utils'
[0.378s] INFO:colcon.colcon_core.shell:Skip shell extension 'powershell' for command environment: Not usable outside of PowerShell
[0.378s] DEBUG:colcon.colcon_core.shell:Skip shell extension 'dsv' for command environment
[0.383s] INFO:colcon.colcon_ros.task.ament_cmake.build:Building ROS package in '/home/papalist/tek_expo_demo_3_ws/src/rf2o_laser_odometry' with build type 'ament_cmake'
[0.383s] INFO:colcon.colcon_cmake.task.cmake.build:Building CMake package in '/home/papalist/tek_expo_demo_3_ws/src/rf2o_laser_odometry'
[0.384s] INFO:colcon.colcon_core.shell:Skip shell extension 'powershell' for command environment: Not usable outside of PowerShell
[0.384s] DEBUG:colcon.colcon_core.shell:Skip shell extension 'dsv' for command environment
[0.388s] INFO:colcon.colcon_ros.task.ament_cmake.build:Building ROS package in '/home/papalist/tek_expo_demo_3_ws/src/sllidar_ros2' with build type 'ament_cmake'
[0.388s] INFO:colcon.colcon_cmake.task.cmake.build:Building CMake package in '/home/papalist/tek_expo_demo_3_ws/src/sllidar_ros2'
[0.389s] INFO:colcon.colcon_core.shell:Skip shell extension 'powershell' for command environment: Not usable outside of PowerShell
[0.389s] DEBUG:colcon.colcon_core.shell:Skip shell extension 'dsv' for command environment
[0.404s] DEBUG:colcon.colcon_core.event_handler.log_command:Invoking command in '/home/papalist/tek_expo_demo_3_ws/build/bumperbot_controller': CMAKE_PREFIX_PATH=${CMAKE_PREFIX_PATH}:/opt/ros/jazzy DEBUGINFOD_URLS=https://debuginfod.ubuntu.com /usr/bin/cmake --build /home/papalist/tek_expo_demo_3_ws/build/bumperbot_controller -- -j8 -l8
[0.409s] DEBUG:colcon.colcon_core.event_handler.log_command:Invoking command in '/home/papalist/tek_expo_demo_3_ws/build/bumperbot_description': CMAKE_PREFIX_PATH=${CMAKE_PREFIX_PATH}:/opt/ros/jazzy DEBUGINFOD_URLS=https://debuginfod.ubuntu.com /usr/bin/cmake --build /home/papalist/tek_expo_demo_3_ws/build/bumperbot_description -- -j8 -l8
[0.414s] DEBUG:colcon.colcon_core.event_handler.log_command:Invoking command in '/home/papalist/tek_expo_demo_3_ws/build/bumperbot_firmware': CMAKE_PREFIX_PATH=${CMAKE_PREFIX_PATH}:/opt/ros/jazzy DEBUGINFOD_URLS=https://debuginfod.ubuntu.com /usr/bin/cmake --build /home/papalist/tek_expo_demo_3_ws/build/bumperbot_firmware -- -j8 -l8
[0.416s] DEBUG:colcon.colcon_core.event_handler.log_command:Invoking command in '/home/papalist/tek_expo_demo_3_ws/build/bumperbot_localization': CMAKE_PREFIX_PATH=${CMAKE_PREFIX_PATH}:/opt/ros/jazzy DEBUGINFOD_URLS=https://debuginfod.ubuntu.com /usr/bin/cmake --build /home/papalist/tek_expo_demo_3_ws/build/bumperbot_localization -- -j8 -l8
[0.423s] DEBUG:colcon.colcon_core.event_handler.log_command:Invoking command in '/home/papalist/tek_expo_demo_3_ws/build/bumperbot_mapping': CMAKE_PREFIX_PATH=${CMAKE_PREFIX_PATH}:/opt/ros/jazzy DEBUGINFOD_URLS=https://debuginfod.ubuntu.com /usr/bin/cmake --build /home/papalist/tek_expo_demo_3_ws/build/bumperbot_mapping -- -j8 -l8
[0.427s] DEBUG:colcon.colcon_core.event_handler.log_command:Invoking command in '/home/papalist/tek_expo_demo_3_ws/build/bumperbot_utils': CMAKE_PREFIX_PATH=${CMAKE_PREFIX_PATH}:/opt/ros/jazzy DEBUGINFOD_URLS=https://debuginfod.ubuntu.com /usr/bin/cmake --build /home/papalist/tek_expo_demo_3_ws/build/bumperbot_utils -- -j8 -l8
[0.432s] DEBUG:colcon.colcon_core.event_handler.log_command:Invoking command in '/home/papalist/tek_expo_demo_3_ws/build/rf2o_laser_odometry': CMAKE_PREFIX_PATH=${CMAKE_PREFIX_PATH}:/opt/ros/jazzy DEBUGINFOD_URLS=https://debuginfod.ubuntu.com /usr/bin/cmake --build /home/papalist/tek_expo_demo_3_ws/build/rf2o_laser_odometry -- -j8 -l8
[0.480s] DEBUG:colcon.colcon_core.event_handler.log_command:Invoking command in '/home/papalist/tek_expo_demo_3_ws/build/sllidar_ros2': CMAKE_PREFIX_PATH=${CMAKE_PREFIX_PATH}:/opt/ros/jazzy DEBUGINFOD_URLS=https://debuginfod.ubuntu.com /usr/bin/cmake --build /home/papalist/tek_expo_demo_3_ws/build/sllidar_ros2 -- -j8 -l8
[0.502s] DEBUG:colcon.colcon_core.event_handler.log_command:Invoked command in '/home/papalist/tek_expo_demo_3_ws/build/bumperbot_description' returned '0': CMAKE_PREFIX_PATH=${CMAKE_PREFIX_PATH}:/opt/ros/jazzy DEBUGINFOD_URLS=https://debuginfod.ubuntu.com /usr/bin/cmake --build /home/papalist/tek_expo_demo_3_ws/build/bumperbot_description -- -j8 -l8
[0.533s] DEBUG:colcon.colcon_core.event_handler.log_command:Invoking command in '/home/papalist/tek_expo_demo_3_ws/build/bumperbot_description': CMAKE_PREFIX_PATH=${CMAKE_PREFIX_PATH}:/opt/ros/jazzy DEBUGINFOD_URLS=https://debuginfod.ubuntu.com /usr/bin/cmake --install /home/papalist/tek_expo_demo_3_ws/build/bumperbot_description
[0.653s] DEBUG:colcon.colcon_core.event_handler.log_command:Invoked command in '/home/papalist/tek_expo_demo_3_ws/build/rf2o_laser_odometry' returned '0': CMAKE_PREFIX_PATH=${CMAKE_PREFIX_PATH}:/opt/ros/jazzy DEBUGINFOD_URLS=https://debuginfod.ubuntu.com /usr/bin/cmake --build /home/papalist/tek_expo_demo_3_ws/build/rf2o_laser_odometry -- -j8 -l8
[0.654s] DEBUG:colcon.colcon_core.event_handler.log_command:Invoking command in '/home/papalist/tek_expo_demo_3_ws/build/rf2o_laser_odometry': CMAKE_PREFIX_PATH=${CMAKE_PREFIX_PATH}:/opt/ros/jazzy DEBUGINFOD_URLS=https://debuginfod.ubuntu.com /usr/bin/cmake --install /home/papalist/tek_expo_demo_3_ws/build/rf2o_laser_odometry
[0.728s] Level 1:colcon.colcon_core.environment:create_environment_scripts_only(rf2o_laser_odometry)
[0.736s] Level 1:colcon.colcon_core.environment:checking '/home/papalist/tek_expo_demo_3_ws/install/rf2o_laser_odometry' for CMake module files
[0.737s] Level 1:colcon.colcon_core.environment:checking '/home/papalist/tek_expo_demo_3_ws/install/rf2o_laser_odometry' for CMake config files
[0.737s] Level 1:colcon.colcon_core.shell:create_environment_hook('rf2o_laser_odometry', 'cmake_prefix_path')
[0.738s] INFO:colcon.colcon_core.shell:Creating environment hook '/home/papalist/tek_expo_demo_3_ws/install/rf2o_laser_odometry/share/rf2o_laser_odometry/hook/cmake_prefix_path.ps1'
[0.739s] INFO:colcon.colcon_core.shell:Creating environment descriptor '/home/papalist/tek_expo_demo_3_ws/install/rf2o_laser_odometry/share/rf2o_laser_odometry/hook/cmake_prefix_path.dsv'
[0.740s] DEBUG:colcon.colcon_core.event_handler.log_command:Invoked command in '/home/papalist/tek_expo_demo_3_ws/build/sllidar_ros2' returned '0': CMAKE_PREFIX_PATH=${CMAKE_PREFIX_PATH}:/opt/ros/jazzy DEBUGINFOD_URLS=https://debuginfod.ubuntu.com /usr/bin/cmake --build /home/papalist/tek_expo_demo_3_ws/build/sllidar_ros2 -- -j8 -l8
[0.740s] DEBUG:colcon.colcon_core.event_handler.log_command:Invoking command in '/home/papalist/tek_expo_demo_3_ws/build/sllidar_ros2': CMAKE_PREFIX_PATH=${CMAKE_PREFIX_PATH}:/opt/ros/jazzy DEBUGINFOD_URLS=https://debuginfod.ubuntu.com /usr/bin/cmake --install /home/papalist/tek_expo_demo_3_ws/build/sllidar_ros2
[0.743s] DEBUG:colcon.colcon_core.event_handler.log_command:Invoked command in '/home/papalist/tek_expo_demo_3_ws/build/rf2o_laser_odometry' returned '0': CMAKE_PREFIX_PATH=${CMAKE_PREFIX_PATH}:/opt/ros/jazzy DEBUGINFOD_URLS=https://debuginfod.ubuntu.com /usr/bin/cmake --install /home/papalist/tek_expo_demo_3_ws/build/rf2o_laser_odometry
[0.745s] INFO:colcon.colcon_core.shell:Creating environment hook '/home/papalist/tek_expo_demo_3_ws/install/rf2o_laser_odometry/share/rf2o_laser_odometry/hook/cmake_prefix_path.sh'
[0.746s] Level 1:colcon.colcon_core.environment:checking '/home/papalist/tek_expo_demo_3_ws/install/rf2o_laser_odometry/lib'
[0.746s] Level 1:colcon.colcon_core.environment:checking '/home/papalist/tek_expo_demo_3_ws/install/rf2o_laser_odometry/bin'
[0.747s] Level 1:colcon.colcon_core.environment:checking '/home/papalist/tek_expo_demo_3_ws/install/rf2o_laser_odometry/lib/pkgconfig/rf2o_laser_odometry.pc'
[0.747s] Level 1:colcon.colcon_core.environment:checking '/home/papalist/tek_expo_demo_3_ws/install/rf2o_laser_odometry/lib/python3.12/site-packages'
[0.747s] Level 1:colcon.colcon_core.environment:checking '/home/papalist/tek_expo_demo_3_ws/install/rf2o_laser_odometry/bin'
[0.748s] INFO:colcon.colcon_core.shell:Creating package script '/home/papalist/tek_expo_demo_3_ws/install/rf2o_laser_odometry/share/rf2o_laser_odometry/package.ps1'
[0.749s] INFO:colcon.colcon_core.shell:Creating package descriptor '/home/papalist/tek_expo_demo_3_ws/install/rf2o_laser_odometry/share/rf2o_laser_odometry/package.dsv'
[0.750s] INFO:colcon.colcon_core.shell:Creating package script '/home/papalist/tek_expo_demo_3_ws/install/rf2o_laser_odometry/share/rf2o_laser_odometry/package.sh'
[0.751s] INFO:colcon.colcon_core.shell:Creating package script '/home/papalist/tek_expo_demo_3_ws/install/rf2o_laser_odometry/share/rf2o_laser_odometry/package.bash'
[0.752s] INFO:colcon.colcon_core.shell:Creating package script '/home/papalist/tek_expo_demo_3_ws/install/rf2o_laser_odometry/share/rf2o_laser_odometry/package.zsh'
[0.753s] Level 1:colcon.colcon_core.environment:create_file_with_runtime_dependencies(/home/papalist/tek_expo_demo_3_ws/install/rf2o_laser_odometry/share/colcon-core/packages/rf2o_laser_odometry)
[0.754s] Level 1:colcon.colcon_core.environment:create_environment_scripts_only(rf2o_laser_odometry)
[0.754s] Level 1:colcon.colcon_core.environment:checking '/home/papalist/tek_expo_demo_3_ws/install/rf2o_laser_odometry' for CMake module files
[0.755s] Level 1:colcon.colcon_core.environment:checking '/home/papalist/tek_expo_demo_3_ws/install/rf2o_laser_odometry' for CMake config files
[0.756s] Level 1:colcon.colcon_core.shell:create_environment_hook('rf2o_laser_odometry', 'cmake_prefix_path')
[0.756s] INFO:colcon.colcon_core.shell:Creating environment hook '/home/papalist/tek_expo_demo_3_ws/install/rf2o_laser_odometry/share/rf2o_laser_odometry/hook/cmake_prefix_path.ps1'
[0.757s] INFO:colcon.colcon_core.shell:Creating environment descriptor '/home/papalist/tek_expo_demo_3_ws/install/rf2o_laser_odometry/share/rf2o_laser_odometry/hook/cmake_prefix_path.dsv'
[0.757s] INFO:colcon.colcon_core.shell:Creating environment hook '/home/papalist/tek_expo_demo_3_ws/install/rf2o_laser_odometry/share/rf2o_laser_odometry/hook/cmake_prefix_path.sh'
[0.763s] Level 1:colcon.colcon_core.environment:checking '/home/papalist/tek_expo_demo_3_ws/install/rf2o_laser_odometry/lib'
[0.763s] Level 1:colcon.colcon_core.environment:checking '/home/papalist/tek_expo_demo_3_ws/install/rf2o_laser_odometry/bin'
[0.763s] Level 1:colcon.colcon_core.environment:checking '/home/papalist/tek_expo_demo_3_ws/install/rf2o_laser_odometry/lib/pkgconfig/rf2o_laser_odometry.pc'
[0.764s] Level 1:colcon.colcon_core.environment:checking '/home/papalist/tek_expo_demo_3_ws/install/rf2o_laser_odometry/lib/python3.12/site-packages'
[0.764s] Level 1:colcon.colcon_core.environment:checking '/home/papalist/tek_expo_demo_3_ws/install/rf2o_laser_odometry/bin'
[0.765s] INFO:colcon.colcon_core.shell:Creating package script '/home/papalist/tek_expo_demo_3_ws/install/rf2o_laser_odometry/share/rf2o_laser_odometry/package.ps1'
[0.768s] INFO:colcon.colcon_core.shell:Creating package descriptor '/home/papalist/tek_expo_demo_3_ws/install/rf2o_laser_odometry/share/rf2o_laser_odometry/package.dsv'
[0.771s] INFO:colcon.colcon_core.shell:Creating package script '/home/papalist/tek_expo_demo_3_ws/install/rf2o_laser_odometry/share/rf2o_laser_odometry/package.sh'
[0.774s] INFO:colcon.colcon_core.shell:Creating package script '/home/papalist/tek_expo_demo_3_ws/install/rf2o_laser_odometry/share/rf2o_laser_odometry/package.bash'
[0.775s] INFO:colcon.colcon_core.shell:Creating package script '/home/papalist/tek_expo_demo_3_ws/install/rf2o_laser_odometry/share/rf2o_laser_odometry/package.zsh'
[0.775s] Level 1:colcon.colcon_core.environment:create_file_with_runtime_dependencies(/home/papalist/tek_expo_demo_3_ws/install/rf2o_laser_odometry/share/colcon-core/packages/rf2o_laser_odometry)
[0.776s] Level 1:colcon.colcon_core.environment:create_environment_scripts_only(bumperbot_description)
[0.776s] Level 1:colcon.colcon_core.environment:checking '/home/papalist/tek_expo_demo_3_ws/install/bumperbot_description' for CMake module files
[0.777s] Level 1:colcon.colcon_core.environment:checking '/home/papalist/tek_expo_demo_3_ws/install/bumperbot_description' for CMake config files
[0.778s] Level 1:colcon.colcon_core.shell:create_environment_hook('bumperbot_description', 'cmake_prefix_path')
[0.778s] INFO:colcon.colcon_core.shell:Creating environment hook '/home/papalist/tek_expo_demo_3_ws/install/bumperbot_description/share/bumperbot_description/hook/cmake_prefix_path.ps1'
[0.779s] INFO:colcon.colcon_core.shell:Creating environment descriptor '/home/papalist/tek_expo_demo_3_ws/install/bumperbot_description/share/bumperbot_description/hook/cmake_prefix_path.dsv'
[0.780s] DEBUG:colcon.colcon_core.event_handler.log_command:Invoked command in '/home/papalist/tek_expo_demo_3_ws/build/bumperbot_description' returned '0': CMAKE_PREFIX_PATH=${CMAKE_PREFIX_PATH}:/opt/ros/jazzy DEBUGINFOD_URLS=https://debuginfod.ubuntu.com /usr/bin/cmake --install /home/papalist/tek_expo_demo_3_ws/build/bumperbot_description
[0.781s] INFO:colcon.colcon_core.shell:Creating environment hook '/home/papalist/tek_expo_demo_3_ws/install/bumperbot_description/share/bumperbot_description/hook/cmake_prefix_path.sh'
[0.782s] Level 1:colcon.colcon_core.environment:checking '/home/papalist/tek_expo_demo_3_ws/install/bumperbot_description/bin'
[0.782s] Level 1:colcon.colcon_core.environment:checking '/home/papalist/tek_expo_demo_3_ws/install/bumperbot_description/lib/pkgconfig/bumperbot_description.pc'
[0.783s] Level 1:colcon.colcon_core.environment:checking '/home/papalist/tek_expo_demo_3_ws/install/bumperbot_description/lib/python3.12/site-packages'
[0.783s] Level 1:colcon.colcon_core.environment:checking '/home/papalist/tek_expo_demo_3_ws/install/bumperbot_description/bin'
[0.783s] INFO:colcon.colcon_core.shell:Creating package script '/home/papalist/tek_expo_demo_3_ws/install/bumperbot_description/share/bumperbot_description/package.ps1'
[0.784s] INFO:colcon.colcon_core.shell:Creating package descriptor '/home/papalist/tek_expo_demo_3_ws/install/bumperbot_description/share/bumperbot_description/package.dsv'
[0.785s] INFO:colcon.colcon_core.shell:Creating package script '/home/papalist/tek_expo_demo_3_ws/install/bumperbot_description/share/bumperbot_description/package.sh'
[0.785s] INFO:colcon.colcon_core.shell:Creating package script '/home/papalist/tek_expo_demo_3_ws/install/bumperbot_description/share/bumperbot_description/package.bash'
[0.786s] INFO:colcon.colcon_core.shell:Creating package script '/home/papalist/tek_expo_demo_3_ws/install/bumperbot_description/share/bumperbot_description/package.zsh'
[0.787s] Level 1:colcon.colcon_core.environment:create_file_with_runtime_dependencies(/home/papalist/tek_expo_demo_3_ws/install/bumperbot_description/share/colcon-core/packages/bumperbot_description)
[0.788s] Level 1:colcon.colcon_core.environment:create_environment_scripts_only(bumperbot_description)
[0.788s] Level 1:colcon.colcon_core.environment:checking '/home/papalist/tek_expo_demo_3_ws/install/bumperbot_description' for CMake module files
[0.789s] Level 1:colcon.colcon_core.environment:checking '/home/papalist/tek_expo_demo_3_ws/install/bumperbot_description' for CMake config files
[0.790s] Level 1:colcon.colcon_core.shell:create_environment_hook('bumperbot_description', 'cmake_prefix_path')
[0.790s] INFO:colcon.colcon_core.shell:Creating environment hook '/home/papalist/tek_expo_demo_3_ws/install/bumperbot_description/share/bumperbot_description/hook/cmake_prefix_path.ps1'
[0.792s] INFO:colcon.colcon_core.shell:Creating environment descriptor '/home/papalist/tek_expo_demo_3_ws/install/bumperbot_description/share/bumperbot_description/hook/cmake_prefix_path.dsv'
[0.792s] INFO:colcon.colcon_core.shell:Creating environment hook '/home/papalist/tek_expo_demo_3_ws/install/bumperbot_description/share/bumperbot_description/hook/cmake_prefix_path.sh'
[0.793s] Level 1:colcon.colcon_core.environment:checking '/home/papalist/tek_expo_demo_3_ws/install/bumperbot_description/bin'
[0.793s] Level 1:colcon.colcon_core.environment:checking '/home/papalist/tek_expo_demo_3_ws/install/bumperbot_description/lib/pkgconfig/bumperbot_description.pc'
[0.794s] Level 1:colcon.colcon_core.environment:checking '/home/papalist/tek_expo_demo_3_ws/install/bumperbot_description/lib/python3.12/site-packages'
[0.794s] Level 1:colcon.colcon_core.environment:checking '/home/papalist/tek_expo_demo_3_ws/install/bumperbot_description/bin'
[0.795s] INFO:colcon.colcon_core.shell:Creating package script '/home/papalist/tek_expo_demo_3_ws/install/bumperbot_description/share/bumperbot_description/package.ps1'
[0.795s] INFO:colcon.colcon_core.shell:Creating package descriptor '/home/papalist/tek_expo_demo_3_ws/install/bumperbot_description/share/bumperbot_description/package.dsv'
[0.796s] INFO:colcon.colcon_core.shell:Creating package script '/home/papalist/tek_expo_demo_3_ws/install/bumperbot_description/share/bumperbot_description/package.sh'
[0.797s] INFO:colcon.colcon_core.shell:Creating package script '/home/papalist/tek_expo_demo_3_ws/install/bumperbot_description/share/bumperbot_description/package.bash'
[0.798s] INFO:colcon.colcon_core.shell:Creating package script '/home/papalist/tek_expo_demo_3_ws/install/bumperbot_description/share/bumperbot_description/package.zsh'
[0.799s] Level 1:colcon.colcon_core.environment:create_file_with_runtime_dependencies(/home/papalist/tek_expo_demo_3_ws/install/bumperbot_description/share/colcon-core/packages/bumperbot_description)
[0.800s] Level 1:colcon.colcon_core.environment:create_environment_scripts_only(sllidar_ros2)
[0.800s] Level 1:colcon.colcon_core.environment:checking '/home/papalist/tek_expo_demo_3_ws/install/sllidar_ros2' for CMake module files
[0.801s] Level 1:colcon.colcon_core.environment:checking '/home/papalist/tek_expo_demo_3_ws/install/sllidar_ros2' for CMake config files
[0.802s] Level 1:colcon.colcon_core.shell:create_environment_hook('sllidar_ros2', 'cmake_prefix_path')
[0.802s] INFO:colcon.colcon_core.shell:Creating environment hook '/home/papalist/tek_expo_demo_3_ws/install/sllidar_ros2/share/sllidar_ros2/hook/cmake_prefix_path.ps1'
[0.803s] INFO:colcon.colcon_core.shell:Creating environment descriptor '/home/papalist/tek_expo_demo_3_ws/install/sllidar_ros2/share/sllidar_ros2/hook/cmake_prefix_path.dsv'
[0.804s] DEBUG:colcon.colcon_core.event_handler.log_command:Invoked command in '/home/papalist/tek_expo_demo_3_ws/build/sllidar_ros2' returned '0': CMAKE_PREFIX_PATH=${CMAKE_PREFIX_PATH}:/opt/ros/jazzy DEBUGINFOD_URLS=https://debuginfod.ubuntu.com /usr/bin/cmake --install /home/papalist/tek_expo_demo_3_ws/build/sllidar_ros2
[0.804s] INFO:colcon.colcon_core.shell:Creating environment hook '/home/papalist/tek_expo_demo_3_ws/install/sllidar_ros2/share/sllidar_ros2/hook/cmake_prefix_path.sh'
[0.806s] Level 1:colcon.colcon_core.environment:checking '/home/papalist/tek_expo_demo_3_ws/install/sllidar_ros2/lib'
[0.806s] Level 1:colcon.colcon_core.environment:checking '/home/papalist/tek_expo_demo_3_ws/install/sllidar_ros2/bin'
[0.806s] Level 1:colcon.colcon_core.environment:checking '/home/papalist/tek_expo_demo_3_ws/install/sllidar_ros2/lib/pkgconfig/sllidar_ros2.pc'
[0.806s] Level 1:colcon.colcon_core.environment:checking '/home/papalist/tek_expo_demo_3_ws/install/sllidar_ros2/lib/python3.12/site-packages'
[0.807s] Level 1:colcon.colcon_core.environment:checking '/home/papalist/tek_expo_demo_3_ws/install/sllidar_ros2/bin'
[0.807s] INFO:colcon.colcon_core.shell:Creating package script '/home/papalist/tek_expo_demo_3_ws/install/sllidar_ros2/share/sllidar_ros2/package.ps1'
[0.808s] INFO:colcon.colcon_core.shell:Creating package descriptor '/home/papalist/tek_expo_demo_3_ws/install/sllidar_ros2/share/sllidar_ros2/package.dsv'
[0.809s] INFO:colcon.colcon_core.shell:Creating package script '/home/papalist/tek_expo_demo_3_ws/install/sllidar_ros2/share/sllidar_ros2/package.sh'
[0.809s] INFO:colcon.colcon_core.shell:Creating package script '/home/papalist/tek_expo_demo_3_ws/install/sllidar_ros2/share/sllidar_ros2/package.bash'
[0.810s] INFO:colcon.colcon_core.shell:Creating package script '/home/papalist/tek_expo_demo_3_ws/install/sllidar_ros2/share/sllidar_ros2/package.zsh'
[0.810s] Level 1:colcon.colcon_core.environment:create_file_with_runtime_dependencies(/home/papalist/tek_expo_demo_3_ws/install/sllidar_ros2/share/colcon-core/packages/sllidar_ros2)
[0.811s] Level 1:colcon.colcon_core.environment:create_environment_scripts_only(sllidar_ros2)
[0.811s] Level 1:colcon.colcon_core.environment:checking '/home/papalist/tek_expo_demo_3_ws/install/sllidar_ros2' for CMake module files
[0.812s] Level 1:colcon.colcon_core.environment:checking '/home/papalist/tek_expo_demo_3_ws/install/sllidar_ros2' for CMake config files
[0.813s] Level 1:colcon.colcon_core.shell:create_environment_hook('sllidar_ros2', 'cmake_prefix_path')
[0.813s] INFO:colcon.colcon_core.shell:Creating environment hook '/home/papalist/tek_expo_demo_3_ws/install/sllidar_ros2/share/sllidar_ros2/hook/cmake_prefix_path.ps1'
[0.814s] INFO:colcon.colcon_core.shell:Creating environment descriptor '/home/papalist/tek_expo_demo_3_ws/install/sllidar_ros2/share/sllidar_ros2/hook/cmake_prefix_path.dsv'
[0.815s] INFO:colcon.colcon_core.shell:Creating environment hook '/home/papalist/tek_expo_demo_3_ws/install/sllidar_ros2/share/sllidar_ros2/hook/cmake_prefix_path.sh'
[0.816s] Level 1:colcon.colcon_core.environment:checking '/home/papalist/tek_expo_demo_3_ws/install/sllidar_ros2/lib'
[0.816s] Level 1:colcon.colcon_core.environment:checking '/home/papalist/tek_expo_demo_3_ws/install/sllidar_ros2/bin'
[0.816s] Level 1:colcon.colcon_core.environment:checking '/home/papalist/tek_expo_demo_3_ws/install/sllidar_ros2/lib/pkgconfig/sllidar_ros2.pc'
[0.817s] Level 1:colcon.colcon_core.environment:checking '/home/papalist/tek_expo_demo_3_ws/install/sllidar_ros2/lib/python3.12/site-packages'
[0.817s] Level 1:colcon.colcon_core.environment:checking '/home/papalist/tek_expo_demo_3_ws/install/sllidar_ros2/bin'
[0.817s] INFO:colcon.colcon_core.shell:Creating package script '/home/papalist/tek_expo_demo_3_ws/install/sllidar_ros2/share/sllidar_ros2/package.ps1'
[0.818s] INFO:colcon.colcon_core.shell:Creating package descriptor '/home/papalist/tek_expo_demo_3_ws/install/sllidar_ros2/share/sllidar_ros2/package.dsv'
[0.820s] INFO:colcon.colcon_core.shell:Creating package script '/home/papalist/tek_expo_demo_3_ws/install/sllidar_ros2/share/sllidar_ros2/package.sh'
[0.821s] INFO:colcon.colcon_core.shell:Creating package script '/home/papalist/tek_expo_demo_3_ws/install/sllidar_ros2/share/sllidar_ros2/package.bash'
[0.821s] INFO:colcon.colcon_core.shell:Creating package script '/home/papalist/tek_expo_demo_3_ws/install/sllidar_ros2/share/sllidar_ros2/package.zsh'
[0.822s] Level 1:colcon.colcon_core.environment:create_file_with_runtime_dependencies(/home/papalist/tek_expo_demo_3_ws/install/sllidar_ros2/share/colcon-core/packages/sllidar_ros2)
[1.262s] DEBUG:colcon.colcon_core.event_handler.log_command:Invoked command in '/home/papalist/tek_expo_demo_3_ws/build/bumperbot_localization' returned '0': CMAKE_PREFIX_PATH=${CMAKE_PREFIX_PATH}:/opt/ros/jazzy DEBUGINFOD_URLS=https://debuginfod.ubuntu.com /usr/bin/cmake --build /home/papalist/tek_expo_demo_3_ws/build/bumperbot_localization -- -j8 -l8
[1.264s] DEBUG:colcon.colcon_core.event_handler.log_command:Invoking command in '/home/papalist/tek_expo_demo_3_ws/build/bumperbot_localization': CMAKE_PREFIX_PATH=${CMAKE_PREFIX_PATH}:/opt/ros/jazzy DEBUGINFOD_URLS=https://debuginfod.ubuntu.com /usr/bin/cmake --install /home/papalist/tek_expo_demo_3_ws/build/bumperbot_localization
[1.368s] Level 1:colcon.colcon_core.environment:create_environment_scripts_only(bumperbot_localization)
[1.369s] DEBUG:colcon.colcon_core.event_handler.log_command:Invoked command in '/home/papalist/tek_expo_demo_3_ws/build/bumperbot_localization' returned '0': CMAKE_PREFIX_PATH=${CMAKE_PREFIX_PATH}:/opt/ros/jazzy DEBUGINFOD_URLS=https://debuginfod.ubuntu.com /usr/bin/cmake --install /home/papalist/tek_expo_demo_3_ws/build/bumperbot_localization
[1.370s] Level 1:colcon.colcon_core.environment:checking '/home/papalist/tek_expo_demo_3_ws/install/bumperbot_localization' for CMake module files
[1.373s] Level 1:colcon.colcon_core.environment:checking '/home/papalist/tek_expo_demo_3_ws/install/bumperbot_localization' for CMake config files
[1.374s] Level 1:colcon.colcon_core.shell:create_environment_hook('bumperbot_localization', 'cmake_prefix_path')
[1.374s] INFO:colcon.colcon_core.shell:Creating environment hook '/home/papalist/tek_expo_demo_3_ws/install/bumperbot_localization/share/bumperbot_localization/hook/cmake_prefix_path.ps1'
[1.375s] INFO:colcon.colcon_core.shell:Creating environment descriptor '/home/papalist/tek_expo_demo_3_ws/install/bumperbot_localization/share/bumperbot_localization/hook/cmake_prefix_path.dsv'
[1.380s] INFO:colcon.colcon_core.shell:Creating environment hook '/home/papalist/tek_expo_demo_3_ws/install/bumperbot_localization/share/bumperbot_localization/hook/cmake_prefix_path.sh'
[1.381s] Level 1:colcon.colcon_core.environment:checking '/home/papalist/tek_expo_demo_3_ws/install/bumperbot_localization/lib'
[1.381s] Level 1:colcon.colcon_core.environment:checking '/home/papalist/tek_expo_demo_3_ws/install/bumperbot_localization/bin'
[1.381s] Level 1:colcon.colcon_core.environment:checking '/home/papalist/tek_expo_demo_3_ws/install/bumperbot_localization/lib/pkgconfig/bumperbot_localization.pc'
[1.382s] Level 1:colcon.colcon_core.environment:checking '/home/papalist/tek_expo_demo_3_ws/install/bumperbot_localization/lib/python3.12/site-packages'
[1.382s] Level 1:colcon.colcon_core.shell:create_environment_hook('bumperbot_localization', 'pythonpath')
[1.382s] INFO:colcon.colcon_core.shell:Creating environment hook '/home/papalist/tek_expo_demo_3_ws/install/bumperbot_localization/share/bumperbot_localization/hook/pythonpath.ps1'
[1.384s] INFO:colcon.colcon_core.shell:Creating environment descriptor '/home/papalist/tek_expo_demo_3_ws/install/bumperbot_localization/share/bumperbot_localization/hook/pythonpath.dsv'
[1.384s] INFO:colcon.colcon_core.shell:Creating environment hook '/home/papalist/tek_expo_demo_3_ws/install/bumperbot_localization/share/bumperbot_localization/hook/pythonpath.sh'
[1.385s] Level 1:colcon.colcon_core.environment:checking '/home/papalist/tek_expo_demo_3_ws/install/bumperbot_localization/bin'
[1.386s] INFO:colcon.colcon_core.shell:Creating package script '/home/papalist/tek_expo_demo_3_ws/install/bumperbot_localization/share/bumperbot_localization/package.ps1'
[1.387s] INFO:colcon.colcon_core.shell:Creating package descriptor '/home/papalist/tek_expo_demo_3_ws/install/bumperbot_localization/share/bumperbot_localization/package.dsv'
[1.388s] INFO:colcon.colcon_core.shell:Creating package script '/home/papalist/tek_expo_demo_3_ws/install/bumperbot_localization/share/bumperbot_localization/package.sh'
[1.389s] INFO:colcon.colcon_core.shell:Creating package script '/home/papalist/tek_expo_demo_3_ws/install/bumperbot_localization/share/bumperbot_localization/package.bash'
[1.390s] INFO:colcon.colcon_core.shell:Creating package script '/home/papalist/tek_expo_demo_3_ws/install/bumperbot_localization/share/bumperbot_localization/package.zsh'
[1.390s] Level 1:colcon.colcon_core.environment:create_file_with_runtime_dependencies(/home/papalist/tek_expo_demo_3_ws/install/bumperbot_localization/share/colcon-core/packages/bumperbot_localization)
[1.391s] Level 1:colcon.colcon_core.environment:create_environment_scripts_only(bumperbot_localization)
[1.392s] Level 1:colcon.colcon_core.environment:checking '/home/papalist/tek_expo_demo_3_ws/install/bumperbot_localization' for CMake module files
[1.393s] Level 1:colcon.colcon_core.environment:checking '/home/papalist/tek_expo_demo_3_ws/install/bumperbot_localization' for CMake config files
[1.393s] Level 1:colcon.colcon_core.shell:create_environment_hook('bumperbot_localization', 'cmake_prefix_path')
[1.394s] INFO:colcon.colcon_core.shell:Creating environment hook '/home/papalist/tek_expo_demo_3_ws/install/bumperbot_localization/share/bumperbot_localization/hook/cmake_prefix_path.ps1'
[1.394s] INFO:colcon.colcon_core.shell:Creating environment descriptor '/home/papalist/tek_expo_demo_3_ws/install/bumperbot_localization/share/bumperbot_localization/hook/cmake_prefix_path.dsv'
[1.395s] INFO:colcon.colcon_core.shell:Creating environment hook '/home/papalist/tek_expo_demo_3_ws/install/bumperbot_localization/share/bumperbot_localization/hook/cmake_prefix_path.sh'
[1.397s] Level 1:colcon.colcon_core.environment:checking '/home/papalist/tek_expo_demo_3_ws/install/bumperbot_localization/lib'
[1.397s] Level 1:colcon.colcon_core.environment:checking '/home/papalist/tek_expo_demo_3_ws/install/bumperbot_localization/bin'
[1.397s] Level 1:colcon.colcon_core.environment:checking '/home/papalist/tek_expo_demo_3_ws/install/bumperbot_localization/lib/pkgconfig/bumperbot_localization.pc'
[1.397s] Level 1:colcon.colcon_core.environment:checking '/home/papalist/tek_expo_demo_3_ws/install/bumperbot_localization/lib/python3.12/site-packages'
[1.398s] Level 1:colcon.colcon_core.shell:create_environment_hook('bumperbot_localization', 'pythonpath')
[1.398s] INFO:colcon.colcon_core.shell:Creating environment hook '/home/papalist/tek_expo_demo_3_ws/install/bumperbot_localization/share/bumperbot_localization/hook/pythonpath.ps1'
[1.399s] INFO:colcon.colcon_core.shell:Creating environment descriptor '/home/papalist/tek_expo_demo_3_ws/install/bumperbot_localization/share/bumperbot_localization/hook/pythonpath.dsv'
[1.400s] INFO:colcon.colcon_core.shell:Creating environment hook '/home/papalist/tek_expo_demo_3_ws/install/bumperbot_localization/share/bumperbot_localization/hook/pythonpath.sh'
[1.401s] Level 1:colcon.colcon_core.environment:checking '/home/papalist/tek_expo_demo_3_ws/install/bumperbot_localization/bin'
[1.402s] INFO:colcon.colcon_core.shell:Creating package script '/home/papalist/tek_expo_demo_3_ws/install/bumperbot_localization/share/bumperbot_localization/package.ps1'
[1.403s] INFO:colcon.colcon_core.shell:Creating package descriptor '/home/papalist/tek_expo_demo_3_ws/install/bumperbot_localization/share/bumperbot_localization/package.dsv'
[1.404s] INFO:colcon.colcon_core.shell:Creating package script '/home/papalist/tek_expo_demo_3_ws/install/bumperbot_localization/share/bumperbot_localization/package.sh'
[1.405s] INFO:colcon.colcon_core.shell:Creating package script '/home/papalist/tek_expo_demo_3_ws/install/bumperbot_localization/share/bumperbot_localization/package.bash'
[1.406s] INFO:colcon.colcon_core.shell:Creating package script '/home/papalist/tek_expo_demo_3_ws/install/bumperbot_localization/share/bumperbot_localization/package.zsh'
[1.407s] Level 1:colcon.colcon_core.environment:create_file_with_runtime_dependencies(/home/papalist/tek_expo_demo_3_ws/install/bumperbot_localization/share/colcon-core/packages/bumperbot_localization)
[1.411s] DEBUG:colcon.colcon_core.event_handler.log_command:Invoked command in '/home/papalist/tek_expo_demo_3_ws/build/bumperbot_firmware' returned '0': CMAKE_PREFIX_PATH=${CMAKE_PREFIX_PATH}:/opt/ros/jazzy DEBUGINFOD_URLS=https://debuginfod.ubuntu.com /usr/bin/cmake --build /home/papalist/tek_expo_demo_3_ws/build/bumperbot_firmware -- -j8 -l8
[1.412s] DEBUG:colcon.colcon_core.event_handler.log_command:Invoking command in '/home/papalist/tek_expo_demo_3_ws/build/bumperbot_firmware': CMAKE_PREFIX_PATH=${CMAKE_PREFIX_PATH}:/opt/ros/jazzy DEBUGINFOD_URLS=https://debuginfod.ubuntu.com /usr/bin/cmake --install /home/papalist/tek_expo_demo_3_ws/build/bumperbot_firmware
[1.414s] DEBUG:colcon.colcon_core.event_handler.log_command:Invoked command in '/home/papalist/tek_expo_demo_3_ws/build/bumperbot_utils' returned '0': CMAKE_PREFIX_PATH=${CMAKE_PREFIX_PATH}:/opt/ros/jazzy DEBUGINFOD_URLS=https://debuginfod.ubuntu.com /usr/bin/cmake --build /home/papalist/tek_expo_demo_3_ws/build/bumperbot_utils -- -j8 -l8
[1.415s] DEBUG:colcon.colcon_core.event_handler.log_command:Invoking command in '/home/papalist/tek_expo_demo_3_ws/build/bumperbot_utils': CMAKE_PREFIX_PATH=${CMAKE_PREFIX_PATH}:/opt/ros/jazzy DEBUGINFOD_URLS=https://debuginfod.ubuntu.com /usr/bin/cmake --install /home/papalist/tek_expo_demo_3_ws/build/bumperbot_utils
[1.444s] DEBUG:colcon.colcon_core.event_handler.log_command:Invoked command in '/home/papalist/tek_expo_demo_3_ws/build/bumperbot_mapping' returned '0': CMAKE_PREFIX_PATH=${CMAKE_PREFIX_PATH}:/opt/ros/jazzy DEBUGINFOD_URLS=https://debuginfod.ubuntu.com /usr/bin/cmake --build /home/papalist/tek_expo_demo_3_ws/build/bumperbot_mapping -- -j8 -l8
[1.446s] DEBUG:colcon.colcon_core.event_handler.log_command:Invoking command in '/home/papalist/tek_expo_demo_3_ws/build/bumperbot_mapping': CMAKE_PREFIX_PATH=${CMAKE_PREFIX_PATH}:/opt/ros/jazzy DEBUGINFOD_URLS=https://debuginfod.ubuntu.com /usr/bin/cmake --install /home/papalist/tek_expo_demo_3_ws/build/bumperbot_mapping
[1.514s] Level 1:colcon.colcon_core.environment:create_environment_scripts_only(bumperbot_utils)
[1.515s] Level 1:colcon.colcon_core.environment:checking '/home/papalist/tek_expo_demo_3_ws/install/bumperbot_utils' for CMake module files
[1.519s] Level 1:colcon.colcon_core.environment:checking '/home/papalist/tek_expo_demo_3_ws/install/bumperbot_utils' for CMake config files
[1.522s] DEBUG:colcon.colcon_core.event_handler.log_command:Invoked command in '/home/papalist/tek_expo_demo_3_ws/build/bumperbot_utils' returned '0': CMAKE_PREFIX_PATH=${CMAKE_PREFIX_PATH}:/opt/ros/jazzy DEBUGINFOD_URLS=https://debuginfod.ubuntu.com /usr/bin/cmake --install /home/papalist/tek_expo_demo_3_ws/build/bumperbot_utils
[1.522s] Level 1:colcon.colcon_core.shell:create_environment_hook('bumperbot_utils', 'cmake_prefix_path')
[1.522s] INFO:colcon.colcon_core.shell:Creating environment hook '/home/papalist/tek_expo_demo_3_ws/install/bumperbot_utils/share/bumperbot_utils/hook/cmake_prefix_path.ps1'
[1.523s] INFO:colcon.colcon_core.shell:Creating environment descriptor '/home/papalist/tek_expo_demo_3_ws/install/bumperbot_utils/share/bumperbot_utils/hook/cmake_prefix_path.dsv'
[1.524s] INFO:colcon.colcon_core.shell:Creating environment hook '/home/papalist/tek_expo_demo_3_ws/install/bumperbot_utils/share/bumperbot_utils/hook/cmake_prefix_path.sh'
[1.525s] Level 1:colcon.colcon_core.environment:checking '/home/papalist/tek_expo_demo_3_ws/install/bumperbot_utils/lib'
[1.525s] Level 1:colcon.colcon_core.environment:checking '/home/papalist/tek_expo_demo_3_ws/install/bumperbot_utils/bin'
[1.525s] Level 1:colcon.colcon_core.environment:checking '/home/papalist/tek_expo_demo_3_ws/install/bumperbot_utils/lib/pkgconfig/bumperbot_utils.pc'
[1.526s] Level 1:colcon.colcon_core.environment:checking '/home/papalist/tek_expo_demo_3_ws/install/bumperbot_utils/lib/python3.12/site-packages'
[1.526s] Level 1:colcon.colcon_core.shell:create_environment_hook('bumperbot_utils', 'pythonpath')
[1.526s] INFO:colcon.colcon_core.shell:Creating environment hook '/home/papalist/tek_expo_demo_3_ws/install/bumperbot_utils/share/bumperbot_utils/hook/pythonpath.ps1'
[1.527s] INFO:colcon.colcon_core.shell:Creating environment descriptor '/home/papalist/tek_expo_demo_3_ws/install/bumperbot_utils/share/bumperbot_utils/hook/pythonpath.dsv'
[1.528s] INFO:colcon.colcon_core.shell:Creating environment hook '/home/papalist/tek_expo_demo_3_ws/install/bumperbot_utils/share/bumperbot_utils/hook/pythonpath.sh'
[1.529s] Level 1:colcon.colcon_core.environment:checking '/home/papalist/tek_expo_demo_3_ws/install/bumperbot_utils/bin'
[1.529s] INFO:colcon.colcon_core.shell:Creating package script '/home/papalist/tek_expo_demo_3_ws/install/bumperbot_utils/share/bumperbot_utils/package.ps1'
[1.530s] INFO:colcon.colcon_core.shell:Creating package descriptor '/home/papalist/tek_expo_demo_3_ws/install/bumperbot_utils/share/bumperbot_utils/package.dsv'
[1.531s] INFO:colcon.colcon_core.shell:Creating package script '/home/papalist/tek_expo_demo_3_ws/install/bumperbot_utils/share/bumperbot_utils/package.sh'
[1.532s] INFO:colcon.colcon_core.shell:Creating package script '/home/papalist/tek_expo_demo_3_ws/install/bumperbot_utils/share/bumperbot_utils/package.bash'
[1.532s] INFO:colcon.colcon_core.shell:Creating package script '/home/papalist/tek_expo_demo_3_ws/install/bumperbot_utils/share/bumperbot_utils/package.zsh'
[1.533s] Level 1:colcon.colcon_core.environment:create_file_with_runtime_dependencies(/home/papalist/tek_expo_demo_3_ws/install/bumperbot_utils/share/colcon-core/packages/bumperbot_utils)
[1.534s] Level 1:colcon.colcon_core.environment:create_environment_scripts_only(bumperbot_utils)
[1.534s] Level 1:colcon.colcon_core.environment:checking '/home/papalist/tek_expo_demo_3_ws/install/bumperbot_utils' for CMake module files
[1.536s] Level 1:colcon.colcon_core.environment:checking '/home/papalist/tek_expo_demo_3_ws/install/bumperbot_utils' for CMake config files
[1.536s] Level 1:colcon.colcon_core.shell:create_environment_hook('bumperbot_utils', 'cmake_prefix_path')
[1.536s] INFO:colcon.colcon_core.shell:Creating environment hook '/home/papalist/tek_expo_demo_3_ws/install/bumperbot_utils/share/bumperbot_utils/hook/cmake_prefix_path.ps1'
[1.537s] INFO:colcon.colcon_core.shell:Creating environment descriptor '/home/papalist/tek_expo_demo_3_ws/install/bumperbot_utils/share/bumperbot_utils/hook/cmake_prefix_path.dsv'
[1.538s] INFO:colcon.colcon_core.shell:Creating environment hook '/home/papalist/tek_expo_demo_3_ws/install/bumperbot_utils/share/bumperbot_utils/hook/cmake_prefix_path.sh'
[1.539s] Level 1:colcon.colcon_core.environment:checking '/home/papalist/tek_expo_demo_3_ws/install/bumperbot_utils/lib'
[1.539s] Level 1:colcon.colcon_core.environment:checking '/home/papalist/tek_expo_demo_3_ws/install/bumperbot_utils/bin'
[1.539s] Level 1:colcon.colcon_core.environment:checking '/home/papalist/tek_expo_demo_3_ws/install/bumperbot_utils/lib/pkgconfig/bumperbot_utils.pc'
[1.540s] Level 1:colcon.colcon_core.environment:checking '/home/papalist/tek_expo_demo_3_ws/install/bumperbot_utils/lib/python3.12/site-packages'
[1.540s] Level 1:colcon.colcon_core.shell:create_environment_hook('bumperbot_utils', 'pythonpath')
[1.540s] INFO:colcon.colcon_core.shell:Creating environment hook '/home/papalist/tek_expo_demo_3_ws/install/bumperbot_utils/share/bumperbot_utils/hook/pythonpath.ps1'
[1.541s] INFO:colcon.colcon_core.shell:Creating environment descriptor '/home/papalist/tek_expo_demo_3_ws/install/bumperbot_utils/share/bumperbot_utils/hook/pythonpath.dsv'
[1.542s] INFO:colcon.colcon_core.shell:Creating environment hook '/home/papalist/tek_expo_demo_3_ws/install/bumperbot_utils/share/bumperbot_utils/hook/pythonpath.sh'
[1.543s] Level 1:colcon.colcon_core.environment:checking '/home/papalist/tek_expo_demo_3_ws/install/bumperbot_utils/bin'
[1.543s] INFO:colcon.colcon_core.shell:Creating package script '/home/papalist/tek_expo_demo_3_ws/install/bumperbot_utils/share/bumperbot_utils/package.ps1'
[1.544s] INFO:colcon.colcon_core.shell:Creating package descriptor '/home/papalist/tek_expo_demo_3_ws/install/bumperbot_utils/share/bumperbot_utils/package.dsv'
[1.546s] INFO:colcon.colcon_core.shell:Creating package script '/home/papalist/tek_expo_demo_3_ws/install/bumperbot_utils/share/bumperbot_utils/package.sh'
[1.549s] INFO:colcon.colcon_core.shell:Creating package script '/home/papalist/tek_expo_demo_3_ws/install/bumperbot_utils/share/bumperbot_utils/package.bash'
[1.550s] INFO:colcon.colcon_core.shell:Creating package script '/home/papalist/tek_expo_demo_3_ws/install/bumperbot_utils/share/bumperbot_utils/package.zsh'
[1.551s] Level 1:colcon.colcon_core.environment:create_file_with_runtime_dependencies(/home/papalist/tek_expo_demo_3_ws/install/bumperbot_utils/share/colcon-core/packages/bumperbot_utils)
[1.552s] Level 1:colcon.colcon_core.environment:create_environment_scripts_only(bumperbot_firmware)
[1.552s] Level 1:colcon.colcon_core.environment:checking '/home/papalist/tek_expo_demo_3_ws/install/bumperbot_firmware' for CMake module files
[1.554s] DEBUG:colcon.colcon_core.event_handler.log_command:Invoked command in '/home/papalist/tek_expo_demo_3_ws/build/bumperbot_firmware' returned '0': CMAKE_PREFIX_PATH=${CMAKE_PREFIX_PATH}:/opt/ros/jazzy DEBUGINFOD_URLS=https://debuginfod.ubuntu.com /usr/bin/cmake --install /home/papalist/tek_expo_demo_3_ws/build/bumperbot_firmware
[1.555s] Level 1:colcon.colcon_core.environment:checking '/home/papalist/tek_expo_demo_3_ws/install/bumperbot_firmware' for CMake config files
[1.555s] Level 1:colcon.colcon_core.shell:create_environment_hook('bumperbot_firmware', 'cmake_prefix_path')
[1.556s] INFO:colcon.colcon_core.shell:Creating environment hook '/home/papalist/tek_expo_demo_3_ws/install/bumperbot_firmware/share/bumperbot_firmware/hook/cmake_prefix_path.ps1'
[1.557s] INFO:colcon.colcon_core.shell:Creating environment descriptor '/home/papalist/tek_expo_demo_3_ws/install/bumperbot_firmware/share/bumperbot_firmware/hook/cmake_prefix_path.dsv'
[1.557s] INFO:colcon.colcon_core.shell:Creating environment hook '/home/papalist/tek_expo_demo_3_ws/install/bumperbot_firmware/share/bumperbot_firmware/hook/cmake_prefix_path.sh'
[1.558s] Level 1:colcon.colcon_core.environment:checking '/home/papalist/tek_expo_demo_3_ws/install/bumperbot_firmware/lib'
[1.558s] Level 1:colcon.colcon_core.shell:create_environment_hook('bumperbot_firmware', 'ld_library_path_lib')
[1.559s] INFO:colcon.colcon_core.shell:Creating environment hook '/home/papalist/tek_expo_demo_3_ws/install/bumperbot_firmware/share/bumperbot_firmware/hook/ld_library_path_lib.ps1'
[1.559s] INFO:colcon.colcon_core.shell:Creating environment descriptor '/home/papalist/tek_expo_demo_3_ws/install/bumperbot_firmware/share/bumperbot_firmware/hook/ld_library_path_lib.dsv'
[1.560s] INFO:colcon.colcon_core.shell:Creating environment hook '/home/papalist/tek_expo_demo_3_ws/install/bumperbot_firmware/share/bumperbot_firmware/hook/ld_library_path_lib.sh'
[1.561s] Level 1:colcon.colcon_core.environment:checking '/home/papalist/tek_expo_demo_3_ws/install/bumperbot_firmware/bin'
[1.561s] Level 1:colcon.colcon_core.environment:checking '/home/papalist/tek_expo_demo_3_ws/install/bumperbot_firmware/lib/pkgconfig/bumperbot_firmware.pc'
[1.561s] Level 1:colcon.colcon_core.environment:checking '/home/papalist/tek_expo_demo_3_ws/install/bumperbot_firmware/lib/python3.12/site-packages'
[1.561s] Level 1:colcon.colcon_core.shell:create_environment_hook('bumperbot_firmware', 'pythonpath')
[1.562s] INFO:colcon.colcon_core.shell:Creating environment hook '/home/papalist/tek_expo_demo_3_ws/install/bumperbot_firmware/share/bumperbot_firmware/hook/pythonpath.ps1'
[1.563s] INFO:colcon.colcon_core.shell:Creating environment descriptor '/home/papalist/tek_expo_demo_3_ws/install/bumperbot_firmware/share/bumperbot_firmware/hook/pythonpath.dsv'
[1.563s] INFO:colcon.colcon_core.shell:Creating environment hook '/home/papalist/tek_expo_demo_3_ws/install/bumperbot_firmware/share/bumperbot_firmware/hook/pythonpath.sh'
[1.564s] Level 1:colcon.colcon_core.environment:checking '/home/papalist/tek_expo_demo_3_ws/install/bumperbot_firmware/bin'
[1.565s] INFO:colcon.colcon_core.shell:Creating package script '/home/papalist/tek_expo_demo_3_ws/install/bumperbot_firmware/share/bumperbot_firmware/package.ps1'
[1.566s] INFO:colcon.colcon_core.shell:Creating package descriptor '/home/papalist/tek_expo_demo_3_ws/install/bumperbot_firmware/share/bumperbot_firmware/package.dsv'
[1.567s] INFO:colcon.colcon_core.shell:Creating package script '/home/papalist/tek_expo_demo_3_ws/install/bumperbot_firmware/share/bumperbot_firmware/package.sh'
[1.568s] INFO:colcon.colcon_core.shell:Creating package script '/home/papalist/tek_expo_demo_3_ws/install/bumperbot_firmware/share/bumperbot_firmware/package.bash'
[1.569s] INFO:colcon.colcon_core.shell:Creating package script '/home/papalist/tek_expo_demo_3_ws/install/bumperbot_firmware/share/bumperbot_firmware/package.zsh'
[1.569s] Level 1:colcon.colcon_core.environment:create_file_with_runtime_dependencies(/home/papalist/tek_expo_demo_3_ws/install/bumperbot_firmware/share/colcon-core/packages/bumperbot_firmware)
[1.570s] Level 1:colcon.colcon_core.environment:create_environment_scripts_only(bumperbot_firmware)
[1.571s] Level 1:colcon.colcon_core.environment:checking '/home/papalist/tek_expo_demo_3_ws/install/bumperbot_firmware' for CMake module files
[1.572s] Level 1:colcon.colcon_core.environment:checking '/home/papalist/tek_expo_demo_3_ws/install/bumperbot_firmware' for CMake config files
[1.573s] Level 1:colcon.colcon_core.shell:create_environment_hook('bumperbot_firmware', 'cmake_prefix_path')
[1.573s] INFO:colcon.colcon_core.shell:Creating environment hook '/home/papalist/tek_expo_demo_3_ws/install/bumperbot_firmware/share/bumperbot_firmware/hook/cmake_prefix_path.ps1'
[1.574s] INFO:colcon.colcon_core.shell:Creating environment descriptor '/home/papalist/tek_expo_demo_3_ws/install/bumperbot_firmware/share/bumperbot_firmware/hook/cmake_prefix_path.dsv'
[1.574s] INFO:colcon.colcon_core.shell:Creating environment hook '/home/papalist/tek_expo_demo_3_ws/install/bumperbot_firmware/share/bumperbot_firmware/hook/cmake_prefix_path.sh'
[1.575s] Level 1:colcon.colcon_core.environment:checking '/home/papalist/tek_expo_demo_3_ws/install/bumperbot_firmware/lib'
[1.575s] Level 1:colcon.colcon_core.shell:create_environment_hook('bumperbot_firmware', 'ld_library_path_lib')
[1.576s] INFO:colcon.colcon_core.shell:Creating environment hook '/home/papalist/tek_expo_demo_3_ws/install/bumperbot_firmware/share/bumperbot_firmware/hook/ld_library_path_lib.ps1'
[1.576s] INFO:colcon.colcon_core.shell:Creating environment descriptor '/home/papalist/tek_expo_demo_3_ws/install/bumperbot_firmware/share/bumperbot_firmware/hook/ld_library_path_lib.dsv'
[1.577s] INFO:colcon.colcon_core.shell:Creating environment hook '/home/papalist/tek_expo_demo_3_ws/install/bumperbot_firmware/share/bumperbot_firmware/hook/ld_library_path_lib.sh'
[1.578s] Level 1:colcon.colcon_core.environment:checking '/home/papalist/tek_expo_demo_3_ws/install/bumperbot_firmware/bin'
[1.578s] Level 1:colcon.colcon_core.environment:checking '/home/papalist/tek_expo_demo_3_ws/install/bumperbot_firmware/lib/pkgconfig/bumperbot_firmware.pc'
[1.578s] Level 1:colcon.colcon_core.environment:checking '/home/papalist/tek_expo_demo_3_ws/install/bumperbot_firmware/lib/python3.12/site-packages'
[1.579s] Level 1:colcon.colcon_core.shell:create_environment_hook('bumperbot_firmware', 'pythonpath')
[1.579s] INFO:colcon.colcon_core.shell:Creating environment hook '/home/papalist/tek_expo_demo_3_ws/install/bumperbot_firmware/share/bumperbot_firmware/hook/pythonpath.ps1'
[1.580s] INFO:colcon.colcon_core.shell:Creating environment descriptor '/home/papalist/tek_expo_demo_3_ws/install/bumperbot_firmware/share/bumperbot_firmware/hook/pythonpath.dsv'
[1.580s] INFO:colcon.colcon_core.shell:Creating environment hook '/home/papalist/tek_expo_demo_3_ws/install/bumperbot_firmware/share/bumperbot_firmware/hook/pythonpath.sh'
[1.581s] Level 1:colcon.colcon_core.environment:checking '/home/papalist/tek_expo_demo_3_ws/install/bumperbot_firmware/bin'
[1.582s] INFO:colcon.colcon_core.shell:Creating package script '/home/papalist/tek_expo_demo_3_ws/install/bumperbot_firmware/share/bumperbot_firmware/package.ps1'
[1.583s] INFO:colcon.colcon_core.shell:Creating package descriptor '/home/papalist/tek_expo_demo_3_ws/install/bumperbot_firmware/share/bumperbot_firmware/package.dsv'
[1.584s] INFO:colcon.colcon_core.shell:Creating package script '/home/papalist/tek_expo_demo_3_ws/install/bumperbot_firmware/share/bumperbot_firmware/package.sh'
[1.585s] INFO:colcon.colcon_core.shell:Creating package script '/home/papalist/tek_expo_demo_3_ws/install/bumperbot_firmware/share/bumperbot_firmware/package.bash'
[1.586s] INFO:colcon.colcon_core.shell:Creating package script '/home/papalist/tek_expo_demo_3_ws/install/bumperbot_firmware/share/bumperbot_firmware/package.zsh'
[1.586s] Level 1:colcon.colcon_core.environment:create_file_with_runtime_dependencies(/home/papalist/tek_expo_demo_3_ws/install/bumperbot_firmware/share/colcon-core/packages/bumperbot_firmware)
[1.588s] Level 1:colcon.colcon_core.environment:create_environment_scripts_only(bumperbot_mapping)
[1.588s] Level 1:colcon.colcon_core.environment:checking '/home/papalist/tek_expo_demo_3_ws/install/bumperbot_mapping' for CMake module files
[1.589s] DEBUG:colcon.colcon_core.event_handler.log_command:Invoked command in '/home/papalist/tek_expo_demo_3_ws/build/bumperbot_mapping' returned '0': CMAKE_PREFIX_PATH=${CMAKE_PREFIX_PATH}:/opt/ros/jazzy DEBUGINFOD_URLS=https://debuginfod.ubuntu.com /usr/bin/cmake --install /home/papalist/tek_expo_demo_3_ws/build/bumperbot_mapping
[1.590s] Level 1:colcon.colcon_core.environment:checking '/home/papalist/tek_expo_demo_3_ws/install/bumperbot_mapping' for CMake config files
[1.590s] Level 1:colcon.colcon_core.shell:create_environment_hook('bumperbot_mapping', 'cmake_prefix_path')
[1.591s] INFO:colcon.colcon_core.shell:Creating environment hook '/home/papalist/tek_expo_demo_3_ws/install/bumperbot_mapping/share/bumperbot_mapping/hook/cmake_prefix_path.ps1'
[1.591s] INFO:colcon.colcon_core.shell:Creating environment descriptor '/home/papalist/tek_expo_demo_3_ws/install/bumperbot_mapping/share/bumperbot_mapping/hook/cmake_prefix_path.dsv'
[1.592s] INFO:colcon.colcon_core.shell:Creating environment hook '/home/papalist/tek_expo_demo_3_ws/install/bumperbot_mapping/share/bumperbot_mapping/hook/cmake_prefix_path.sh'
[1.593s] Level 1:colcon.colcon_core.environment:checking '/home/papalist/tek_expo_demo_3_ws/install/bumperbot_mapping/lib'
[1.593s] Level 1:colcon.colcon_core.environment:checking '/home/papalist/tek_expo_demo_3_ws/install/bumperbot_mapping/bin'
[1.593s] Level 1:colcon.colcon_core.environment:checking '/home/papalist/tek_expo_demo_3_ws/install/bumperbot_mapping/lib/pkgconfig/bumperbot_mapping.pc'
[1.594s] Level 1:colcon.colcon_core.environment:checking '/home/papalist/tek_expo_demo_3_ws/install/bumperbot_mapping/lib/python3.12/site-packages'
[1.594s] Level 1:colcon.colcon_core.shell:create_environment_hook('bumperbot_mapping', 'pythonpath')
[1.594s] INFO:colcon.colcon_core.shell:Creating environment hook '/home/papalist/tek_expo_demo_3_ws/install/bumperbot_mapping/share/bumperbot_mapping/hook/pythonpath.ps1'
[1.595s] INFO:colcon.colcon_core.shell:Creating environment descriptor '/home/papalist/tek_expo_demo_3_ws/install/bumperbot_mapping/share/bumperbot_mapping/hook/pythonpath.dsv'
[1.596s] INFO:colcon.colcon_core.shell:Creating environment hook '/home/papalist/tek_expo_demo_3_ws/install/bumperbot_mapping/share/bumperbot_mapping/hook/pythonpath.sh'
[1.597s] Level 1:colcon.colcon_core.environment:checking '/home/papalist/tek_expo_demo_3_ws/install/bumperbot_mapping/bin'
[1.597s] INFO:colcon.colcon_core.shell:Creating package script '/home/papalist/tek_expo_demo_3_ws/install/bumperbot_mapping/share/bumperbot_mapping/package.ps1'
[1.598s] INFO:colcon.colcon_core.shell:Creating package descriptor '/home/papalist/tek_expo_demo_3_ws/install/bumperbot_mapping/share/bumperbot_mapping/package.dsv'
[1.599s] INFO:colcon.colcon_core.shell:Creating package script '/home/papalist/tek_expo_demo_3_ws/install/bumperbot_mapping/share/bumperbot_mapping/package.sh'
[1.600s] INFO:colcon.colcon_core.shell:Creating package script '/home/papalist/tek_expo_demo_3_ws/install/bumperbot_mapping/share/bumperbot_mapping/package.bash'
[1.601s] INFO:colcon.colcon_core.shell:Creating package script '/home/papalist/tek_expo_demo_3_ws/install/bumperbot_mapping/share/bumperbot_mapping/package.zsh'
[1.601s] Level 1:colcon.colcon_core.environment:create_file_with_runtime_dependencies(/home/papalist/tek_expo_demo_3_ws/install/bumperbot_mapping/share/colcon-core/packages/bumperbot_mapping)
[1.602s] Level 1:colcon.colcon_core.environment:create_environment_scripts_only(bumperbot_mapping)
[1.603s] Level 1:colcon.colcon_core.environment:checking '/home/papalist/tek_expo_demo_3_ws/install/bumperbot_mapping' for CMake module files
[1.604s] Level 1:colcon.colcon_core.environment:checking '/home/papalist/tek_expo_demo_3_ws/install/bumperbot_mapping' for CMake config files
[1.604s] Level 1:colcon.colcon_core.shell:create_environment_hook('bumperbot_mapping', 'cmake_prefix_path')
[1.605s] INFO:colcon.colcon_core.shell:Creating environment hook '/home/papalist/tek_expo_demo_3_ws/install/bumperbot_mapping/share/bumperbot_mapping/hook/cmake_prefix_path.ps1'
[1.605s] INFO:colcon.colcon_core.shell:Creating environment descriptor '/home/papalist/tek_expo_demo_3_ws/install/bumperbot_mapping/share/bumperbot_mapping/hook/cmake_prefix_path.dsv'
[1.606s] INFO:colcon.colcon_core.shell:Creating environment hook '/home/papalist/tek_expo_demo_3_ws/install/bumperbot_mapping/share/bumperbot_mapping/hook/cmake_prefix_path.sh'
[1.607s] Level 1:colcon.colcon_core.environment:checking '/home/papalist/tek_expo_demo_3_ws/install/bumperbot_mapping/lib'
[1.607s] Level 1:colcon.colcon_core.environment:checking '/home/papalist/tek_expo_demo_3_ws/install/bumperbot_mapping/bin'
[1.607s] Level 1:colcon.colcon_core.environment:checking '/home/papalist/tek_expo_demo_3_ws/install/bumperbot_mapping/lib/pkgconfig/bumperbot_mapping.pc'
[1.608s] Level 1:colcon.colcon_core.environment:checking '/home/papalist/tek_expo_demo_3_ws/install/bumperbot_mapping/lib/python3.12/site-packages'
[1.608s] Level 1:colcon.colcon_core.shell:create_environment_hook('bumperbot_mapping', 'pythonpath')
[1.608s] INFO:colcon.colcon_core.shell:Creating environment hook '/home/papalist/tek_expo_demo_3_ws/install/bumperbot_mapping/share/bumperbot_mapping/hook/pythonpath.ps1'
[1.609s] INFO:colcon.colcon_core.shell:Creating environment descriptor '/home/papalist/tek_expo_demo_3_ws/install/bumperbot_mapping/share/bumperbot_mapping/hook/pythonpath.dsv'
[1.610s] INFO:colcon.colcon_core.shell:Creating environment hook '/home/papalist/tek_expo_demo_3_ws/install/bumperbot_mapping/share/bumperbot_mapping/hook/pythonpath.sh'
[1.611s] Level 1:colcon.colcon_core.environment:checking '/home/papalist/tek_expo_demo_3_ws/install/bumperbot_mapping/bin'
[1.611s] INFO:colcon.colcon_core.shell:Creating package script '/home/papalist/tek_expo_demo_3_ws/install/bumperbot_mapping/share/bumperbot_mapping/package.ps1'
[1.612s] INFO:colcon.colcon_core.shell:Creating package descriptor '/home/papalist/tek_expo_demo_3_ws/install/bumperbot_mapping/share/bumperbot_mapping/package.dsv'
[1.613s] INFO:colcon.colcon_core.shell:Creating package script '/home/papalist/tek_expo_demo_3_ws/install/bumperbot_mapping/share/bumperbot_mapping/package.sh'
[1.614s] INFO:colcon.colcon_core.shell:Creating package script '/home/papalist/tek_expo_demo_3_ws/install/bumperbot_mapping/share/bumperbot_mapping/package.bash'
[1.615s] INFO:colcon.colcon_core.shell:Creating package script '/home/papalist/tek_expo_demo_3_ws/install/bumperbot_mapping/share/bumperbot_mapping/package.zsh'
[1.616s] Level 1:colcon.colcon_core.environment:create_file_with_runtime_dependencies(/home/papalist/tek_expo_demo_3_ws/install/bumperbot_mapping/share/colcon-core/packages/bumperbot_mapping)
[9.212s] DEBUG:colcon.colcon_core.event_handler.log_command:Invoked command in '/home/papalist/tek_expo_demo_3_ws/build/bumperbot_controller' returned '2': CMAKE_PREFIX_PATH=${CMAKE_PREFIX_PATH}:/opt/ros/jazzy DEBUGINFOD_URLS=https://debuginfod.ubuntu.com /usr/bin/cmake --build /home/papalist/tek_expo_demo_3_ws/build/bumperbot_controller -- -j8 -l8
[9.213s] Level 1:colcon.colcon_core.environment:create_environment_scripts_only(bumperbot_controller)
[9.213s] Level 1:colcon.colcon_core.environment:checking '/home/papalist/tek_expo_demo_3_ws/install/bumperbot_controller' for CMake module files
[9.213s] Level 1:colcon.colcon_core.environment:checking '/home/papalist/tek_expo_demo_3_ws/install/bumperbot_controller' for CMake config files
[9.214s] Level 1:colcon.colcon_core.shell:create_environment_hook('bumperbot_controller', 'cmake_prefix_path')
[9.214s] INFO:colcon.colcon_core.shell:Creating environment hook '/home/papalist/tek_expo_demo_3_ws/install/bumperbot_controller/share/bumperbot_controller/hook/cmake_prefix_path.ps1'
[9.215s] INFO:colcon.colcon_core.shell:Creating environment descriptor '/home/papalist/tek_expo_demo_3_ws/install/bumperbot_controller/share/bumperbot_controller/hook/cmake_prefix_path.dsv'
[9.215s] INFO:colcon.colcon_core.shell:Creating environment hook '/home/papalist/tek_expo_demo_3_ws/install/bumperbot_controller/share/bumperbot_controller/hook/cmake_prefix_path.sh'
[9.216s] Level 1:colcon.colcon_core.environment:checking '/home/papalist/tek_expo_demo_3_ws/install/bumperbot_controller/lib'
[9.216s] Level 1:colcon.colcon_core.environment:checking '/home/papalist/tek_expo_demo_3_ws/install/bumperbot_controller/bin'
[9.216s] Level 1:colcon.colcon_core.environment:checking '/home/papalist/tek_expo_demo_3_ws/install/bumperbot_controller/lib/pkgconfig/bumperbot_controller.pc'
[9.216s] Level 1:colcon.colcon_core.environment:checking '/home/papalist/tek_expo_demo_3_ws/install/bumperbot_controller/lib/python3.12/site-packages'
[9.216s] Level 1:colcon.colcon_core.shell:create_environment_hook('bumperbot_controller', 'pythonpath')
[9.216s] INFO:colcon.colcon_core.shell:Creating environment hook '/home/papalist/tek_expo_demo_3_ws/install/bumperbot_controller/share/bumperbot_controller/hook/pythonpath.ps1'
[9.217s] INFO:colcon.colcon_core.shell:Creating environment descriptor '/home/papalist/tek_expo_demo_3_ws/install/bumperbot_controller/share/bumperbot_controller/hook/pythonpath.dsv'
[9.217s] INFO:colcon.colcon_core.shell:Creating environment hook '/home/papalist/tek_expo_demo_3_ws/install/bumperbot_controller/share/bumperbot_controller/hook/pythonpath.sh'
[9.218s] Level 1:colcon.colcon_core.environment:checking '/home/papalist/tek_expo_demo_3_ws/install/bumperbot_controller/bin'
[9.218s] INFO:colcon.colcon_core.shell:Creating package script '/home/papalist/tek_expo_demo_3_ws/install/bumperbot_controller/share/bumperbot_controller/package.ps1'
[9.219s] INFO:colcon.colcon_core.shell:Creating package descriptor '/home/papalist/tek_expo_demo_3_ws/install/bumperbot_controller/share/bumperbot_controller/package.dsv'
[9.219s] INFO:colcon.colcon_core.shell:Creating package script '/home/papalist/tek_expo_demo_3_ws/install/bumperbot_controller/share/bumperbot_controller/package.sh'
[9.220s] INFO:colcon.colcon_core.shell:Creating package script '/home/papalist/tek_expo_demo_3_ws/install/bumperbot_controller/share/bumperbot_controller/package.bash'
[9.220s] INFO:colcon.colcon_core.shell:Creating package script '/home/papalist/tek_expo_demo_3_ws/install/bumperbot_controller/share/bumperbot_controller/package.zsh'
[9.221s] Level 1:colcon.colcon_core.environment:create_file_with_runtime_dependencies(/home/papalist/tek_expo_demo_3_ws/install/bumperbot_controller/share/colcon-core/packages/bumperbot_controller)
[9.231s] DEBUG:colcon.colcon_parallel_executor.executor.parallel:closing loop
[9.232s] DEBUG:colcon.colcon_parallel_executor.executor.parallel:loop closed
[9.232s] DEBUG:colcon.colcon_parallel_executor.executor.parallel:run_until_complete finished with '2'
[9.232s] DEBUG:colcon.colcon_core.event_reactor:joining thread
[9.240s] INFO:colcon.colcon_core.plugin_system:Skipping extension 'colcon_notification.desktop_notification.terminal_notifier': Not used on non-Darwin systems
[9.240s] INFO:colcon.colcon_core.plugin_system:Skipping extension 'colcon_notification.desktop_notification.win32': Not used on non-Windows systems
[9.240s] INFO:colcon.colcon_notification.desktop_notification:Sending desktop notification using 'notify2'
[9.270s] DEBUG:colcon.colcon_core.event_reactor:joined thread
[9.270s] INFO:colcon.colcon_core.shell:Creating prefix script '/home/papalist/tek_expo_demo_3_ws/install/local_setup.ps1'
[9.271s] INFO:colcon.colcon_core.shell:Creating prefix util module '/home/papalist/tek_expo_demo_3_ws/install/_local_setup_util_ps1.py'
[9.273s] INFO:colcon.colcon_core.shell:Creating prefix chain script '/home/papalist/tek_expo_demo_3_ws/install/setup.ps1'
[9.274s] INFO:colcon.colcon_core.shell:Creating prefix script '/home/papalist/tek_expo_demo_3_ws/install/local_setup.sh'
[9.275s] INFO:colcon.colcon_core.shell:Creating prefix util module '/home/papalist/tek_expo_demo_3_ws/install/_local_setup_util_sh.py'
[9.276s] INFO:colcon.colcon_core.shell:Creating prefix chain script '/home/papalist/tek_expo_demo_3_ws/install/setup.sh'
[9.277s] INFO:colcon.colcon_core.shell:Creating prefix script '/home/papalist/tek_expo_demo_3_ws/install/local_setup.bash'
[9.277s] INFO:colcon.colcon_core.shell:Creating prefix chain script '/home/papalist/tek_expo_demo_3_ws/install/setup.bash'
[9.278s] INFO:colcon.colcon_core.shell:Creating prefix script '/home/papalist/tek_expo_demo_3_ws/install/local_setup.zsh'
[9.279s] INFO:colcon.colcon_core.shell:Creating prefix chain script '/home/papalist/tek_expo_demo_3_ws/install/setup.zsh'
