[0.046s] Invoking command in '/home/papalist/tek_expo_demo_3_ws/build/bumperbot_description': CMAKE_PREFIX_PATH=${CMAKE_PREFIX_PATH}:/opt/ros/jazzy DEBUGINFOD_URLS=https://debuginfod.ubuntu.com /usr/bin/cmake --build /home/papalist/tek_expo_demo_3_ws/build/bumperbot_description -- -j8 -l8
[0.127s] Invoked command in '/home/papalist/tek_expo_demo_3_ws/build/bumperbot_description' returned '0': CMAKE_PREFIX_PATH=${CMAKE_PREFIX_PATH}:/opt/ros/jazzy DEBUGINFOD_URLS=https://debuginfod.ubuntu.com /usr/bin/cmake --build /home/papalist/tek_expo_demo_3_ws/build/bumperbot_description -- -j8 -l8
[0.154s] Invoking command in '/home/papalist/tek_expo_demo_3_ws/build/bumperbot_description': CMAKE_PREFIX_PATH=${CMAKE_PREFIX_PATH}:/opt/ros/jazzy DEBUGINFOD_URLS=https://debuginfod.ubuntu.com /usr/bin/cmake --install /home/papalist/tek_expo_demo_3_ws/build/bumperbot_description
[0.340s] -- Install configuration: ""
[0.340s] -- Up-to-date: /home/papalist/tek_expo_demo_3_ws/install/bumperbot_description/share/bumperbot_description/launch
[0.341s] -- Up-to-date: /home/papalist/tek_expo_demo_3_ws/install/bumperbot_description/share/bumperbot_description/launch/gazebo.launch.py
[0.341s] -- Up-to-date: /home/papalist/tek_expo_demo_3_ws/install/bumperbot_description/share/bumperbot_description/launch/display.launch.py
[0.341s] -- Up-to-date: /home/papalist/tek_expo_demo_3_ws/install/bumperbot_description/share/bumperbot_description/meshes
[0.341s] -- Up-to-date: /home/papalist/tek_expo_demo_3_ws/install/bumperbot_description/share/bumperbot_description/meshes/base_link_for_demo.stl
[0.345s] -- Up-to-date: /home/papalist/tek_expo_demo_3_ws/install/bumperbot_description/share/bumperbot_description/meshes/wheel_right_link.STL
[0.346s] -- Up-to-date: /home/papalist/tek_expo_demo_3_ws/install/bumperbot_description/share/bumperbot_description/meshes/wheel_left_link.STL
[0.346s] -- Up-to-date: /home/papalist/tek_expo_demo_3_ws/install/bumperbot_description/share/bumperbot_description/meshes/laser_link.STL
[0.346s] -- Up-to-date: /home/papalist/tek_expo_demo_3_ws/install/bumperbot_description/share/bumperbot_description/meshes/caster_rear_link.STL
[0.346s] -- Up-to-date: /home/papalist/tek_expo_demo_3_ws/install/bumperbot_description/share/bumperbot_description/meshes/imu_link.STL
[0.346s] -- Up-to-date: /home/papalist/tek_expo_demo_3_ws/install/bumperbot_description/share/bumperbot_description/meshes/base_link.STL
[0.347s] -- Up-to-date: /home/papalist/tek_expo_demo_3_ws/install/bumperbot_description/share/bumperbot_description/meshes/caster_front_link.STL
[0.347s] -- Up-to-date: /home/papalist/tek_expo_demo_3_ws/install/bumperbot_description/share/bumperbot_description/urdf
[0.347s] -- Up-to-date: /home/papalist/tek_expo_demo_3_ws/install/bumperbot_description/share/bumperbot_description/urdf/bumperbot.urdf.xacro
[0.347s] -- Up-to-date: /home/papalist/tek_expo_demo_3_ws/install/bumperbot_description/share/bumperbot_description/urdf/bumperbot_gazebo.xacro
[0.347s] -- Up-to-date: /home/papalist/tek_expo_demo_3_ws/install/bumperbot_description/share/bumperbot_description/urdf/bumperbot_ros2_control.xacro
[0.347s] -- Up-to-date: /home/papalist/tek_expo_demo_3_ws/install/bumperbot_description/share/bumperbot_description/worlds
[0.347s] -- Up-to-date: /home/papalist/tek_expo_demo_3_ws/install/bumperbot_description/share/bumperbot_description/worlds/empty.world
[0.348s] -- Up-to-date: /home/papalist/tek_expo_demo_3_ws/install/bumperbot_description/share/bumperbot_description/models
[0.348s] -- Up-to-date: /home/papalist/tek_expo_demo_3_ws/install/bumperbot_description/share/bumperbot_description/models/Floor_room
[0.348s] -- Up-to-date: /home/papalist/tek_expo_demo_3_ws/install/bumperbot_description/share/bumperbot_description/models/Floor_room/model.config
[0.348s] -- Up-to-date: /home/papalist/tek_expo_demo_3_ws/install/bumperbot_description/share/bumperbot_description/models/Floor_room/model.sdf
[0.348s] -- Up-to-date: /home/papalist/tek_expo_demo_3_ws/install/bumperbot_description/share/bumperbot_description/models/Floor_room/materials
[0.348s] -- Up-to-date: /home/papalist/tek_expo_demo_3_ws/install/bumperbot_description/share/bumperbot_description/models/Floor_room/materials/textures
[0.349s] -- Up-to-date: /home/papalist/tek_expo_demo_3_ws/install/bumperbot_description/share/bumperbot_description/models/Floor_room/materials/textures/cl5.jpg
[0.349s] -- Up-to-date: /home/papalist/tek_expo_demo_3_ws/install/bumperbot_description/share/bumperbot_description/models/Floor_room/materials/textures/cl1.jpg
[0.349s] -- Up-to-date: /home/papalist/tek_expo_demo_3_ws/install/bumperbot_description/share/bumperbot_description/models/Floor_room/materials/textures/cp7.jpg
[0.349s] -- Up-to-date: /home/papalist/tek_expo_demo_3_ws/install/bumperbot_description/share/bumperbot_description/models/Floor_room/materials/textures/hd1.jpg
[0.352s] -- Up-to-date: /home/papalist/tek_expo_demo_3_ws/install/bumperbot_description/share/bumperbot_description/models/Floor_room/materials/textures/cl6.jpg
[0.353s] -- Up-to-date: /home/papalist/tek_expo_demo_3_ws/install/bumperbot_description/share/bumperbot_description/models/Floor_room/materials/textures/hd2.gif
[0.353s] -- Up-to-date: /home/papalist/tek_expo_demo_3_ws/install/bumperbot_description/share/bumperbot_description/models/Floor_room/materials/textures/cp3.jpg
[0.354s] -- Up-to-date: /home/papalist/tek_expo_demo_3_ws/install/bumperbot_description/share/bumperbot_description/models/Floor_room/materials/textures/cp2.jpg
[0.354s] -- Up-to-date: /home/papalist/tek_expo_demo_3_ws/install/bumperbot_description/share/bumperbot_description/models/Floor_room/materials/textures/carpet_2.jpg
[0.354s] -- Up-to-date: /home/papalist/tek_expo_demo_3_ws/install/bumperbot_description/share/bumperbot_description/models/Floor_room/materials/textures/hd5.jpg
[0.355s] -- Up-to-date: /home/papalist/tek_expo_demo_3_ws/install/bumperbot_description/share/bumperbot_description/models/Floor_room/materials/textures/hd7.jpg
[0.355s] -- Up-to-date: /home/papalist/tek_expo_demo_3_ws/install/bumperbot_description/share/bumperbot_description/models/Floor_room/materials/textures/cl4.jpg
[0.355s] -- Up-to-date: /home/papalist/tek_expo_demo_3_ws/install/bumperbot_description/share/bumperbot_description/models/Floor_room/materials/textures/cp4.jpg
[0.359s] -- Up-to-date: /home/papalist/tek_expo_demo_3_ws/install/bumperbot_description/share/bumperbot_description/models/Floor_room/materials/textures/hd3.jpg
[0.359s] -- Up-to-date: /home/papalist/tek_expo_demo_3_ws/install/bumperbot_description/share/bumperbot_description/models/Floor_room/materials/textures/carpet_4.jpg
[0.359s] -- Up-to-date: /home/papalist/tek_expo_demo_3_ws/install/bumperbot_description/share/bumperbot_description/models/Floor_room/materials/textures/hd6.png
[0.359s] -- Up-to-date: /home/papalist/tek_expo_demo_3_ws/install/bumperbot_description/share/bumperbot_description/models/Floor_room/materials/textures/cp6.jpg
[0.359s] -- Up-to-date: /home/papalist/tek_expo_demo_3_ws/install/bumperbot_description/share/bumperbot_description/models/Floor_room/materials/textures/hd4.jpg
[0.359s] -- Up-to-date: /home/papalist/tek_expo_demo_3_ws/install/bumperbot_description/share/bumperbot_description/models/Floor_room/materials/textures/cl3.jpg
[0.360s] -- Up-to-date: /home/papalist/tek_expo_demo_3_ws/install/bumperbot_description/share/bumperbot_description/models/Floor_room/materials/textures/carpet_1.jpg
[0.360s] -- Up-to-date: /home/papalist/tek_expo_demo_3_ws/install/bumperbot_description/share/bumperbot_description/models/Floor_room/materials/textures/cp5.png
[0.360s] -- Up-to-date: /home/papalist/tek_expo_demo_3_ws/install/bumperbot_description/share/bumperbot_description/models/Floor_room/materials/textures/hd8.jpg
[0.360s] -- Up-to-date: /home/papalist/tek_expo_demo_3_ws/install/bumperbot_description/share/bumperbot_description/models/Floor_room/materials/textures/cp1.jpg
[0.360s] -- Up-to-date: /home/papalist/tek_expo_demo_3_ws/install/bumperbot_description/share/bumperbot_description/models/Floor_room/materials/textures/cp8.jpg
[0.360s] -- Up-to-date: /home/papalist/tek_expo_demo_3_ws/install/bumperbot_description/share/bumperbot_description/models/Floor_room/materials/textures/cl2.jpg
[0.361s] -- Up-to-date: /home/papalist/tek_expo_demo_3_ws/install/bumperbot_description/share/bumperbot_description/models/Floor_room/materials/textures/carpet_3.jpg
[0.361s] -- Up-to-date: /home/papalist/tek_expo_demo_3_ws/install/bumperbot_description/share/bumperbot_description/models/Floor_room/materials/scripts
[0.361s] -- Up-to-date: /home/papalist/tek_expo_demo_3_ws/install/bumperbot_description/share/bumperbot_description/models/Floor_room/materials/scripts/Floor.material
[0.361s] -- Up-to-date: /home/papalist/tek_expo_demo_3_ws/install/bumperbot_description/share/bumperbot_description/models/Floor_room/materials/scripts/Floor_room.material
[0.371s] -- Up-to-date: /home/papalist/tek_expo_demo_3_ws/install/bumperbot_description/share/ament_index/resource_index/package_run_dependencies/bumperbot_description
[0.371s] -- Up-to-date: /home/papalist/tek_expo_demo_3_ws/install/bumperbot_description/share/ament_index/resource_index/parent_prefix_path/bumperbot_description
[0.372s] -- Up-to-date: /home/papalist/tek_expo_demo_3_ws/install/bumperbot_description/share/bumperbot_description/environment/ament_prefix_path.sh
[0.372s] -- Up-to-date: /home/papalist/tek_expo_demo_3_ws/install/bumperbot_description/share/bumperbot_description/environment/ament_prefix_path.dsv
[0.373s] -- Up-to-date: /home/papalist/tek_expo_demo_3_ws/install/bumperbot_description/share/bumperbot_description/environment/path.sh
[0.373s] -- Up-to-date: /home/papalist/tek_expo_demo_3_ws/install/bumperbot_description/share/bumperbot_description/environment/path.dsv
[0.373s] -- Up-to-date: /home/papalist/tek_expo_demo_3_ws/install/bumperbot_description/share/bumperbot_description/local_setup.bash
[0.373s] -- Up-to-date: /home/papalist/tek_expo_demo_3_ws/install/bumperbot_description/share/bumperbot_description/local_setup.sh
[0.374s] -- Up-to-date: /home/papalist/tek_expo_demo_3_ws/install/bumperbot_description/share/bumperbot_description/local_setup.zsh
[0.374s] -- Up-to-date: /home/papalist/tek_expo_demo_3_ws/install/bumperbot_description/share/bumperbot_description/local_setup.dsv
[0.374s] -- Installing: /home/papalist/tek_expo_demo_3_ws/install/bumperbot_description/share/bumperbot_description/package.dsv
[0.374s] -- Up-to-date: /home/papalist/tek_expo_demo_3_ws/install/bumperbot_description/share/ament_index/resource_index/packages/bumperbot_description
[0.374s] -- Up-to-date: /home/papalist/tek_expo_demo_3_ws/install/bumperbot_description/share/bumperbot_description/cmake/bumperbot_descriptionConfig.cmake
[0.374s] -- Up-to-date: /home/papalist/tek_expo_demo_3_ws/install/bumperbot_description/share/bumperbot_description/cmake/bumperbot_descriptionConfig-version.cmake
[0.375s] -- Up-to-date: /home/papalist/tek_expo_demo_3_ws/install/bumperbot_description/share/bumperbot_description/package.xml
[0.389s] Invoked command in '/home/papalist/tek_expo_demo_3_ws/build/bumperbot_description' returned '0': CMAKE_PREFIX_PATH=${CMAKE_PREFIX_PATH}:/opt/ros/jazzy DEBUGINFOD_URLS=https://debuginfod.ubuntu.com /usr/bin/cmake --install /home/papalist/tek_expo_demo_3_ws/build/bumperbot_description
