[0.042s] Invoking command in '/home/papalist/tek_expo_demo_3_ws/build/bumperbot_description': CMAKE_PREFIX_PATH=${CMAKE_PREFIX_PATH}:/opt/ros/jazzy DEBUGINFOD_URLS=https://debuginfod.ubuntu.com /usr/bin/cmake /home/papalist/tek_expo_demo_3_ws/src/bumperbot_description -DCMAKE_INSTALL_PREFIX=/home/papalist/tek_expo_demo_3_ws/install/bumperbot_description
[0.218s] -- The C compiler identification is GNU 13.3.0
[0.407s] -- The CXX compiler identification is GNU 13.3.0
[0.445s] -- Detecting C compiler ABI info
[0.666s] -- Detecting C compiler ABI info - done
[0.680s] -- Check for working C compiler: /usr/bin/cc - skipped
[0.683s] -- Detecting C compile features
[0.684s] -- Detecting C compile features - done
[0.703s] -- Detecting CXX compiler ABI info
[0.923s] -- Detecting CXX compiler ABI info - done
[0.956s] -- Check for working CXX compiler: /usr/bin/c++ - skipped
[0.957s] -- Detecting CXX compile features
[0.958s] -- Detecting CXX compile features - done
[0.973s] -- Found ament_cmake: 2.5.2 (/opt/ros/jazzy/share/ament_cmake/cmake)
[1.331s] -- Found Python3: /usr/bin/python3 (found version "3.12.3") found components: Interpreter 
[1.611s] -- Found urdf: 2.10.0 (/opt/ros/jazzy/share/urdf/cmake)
[1.731s] -- Found TinyXML2 via Config file: /usr/lib/x86_64-linux-gnu/cmake/tinyxml2
[1.779s] -- Found ament_lint_auto: 0.17.1 (/opt/ros/jazzy/share/ament_lint_auto/cmake)
[2.052s] -- Added test 'copyright' to check source files copyright and LICENSE
[2.059s] -- Added test 'flake8' to check Python code syntax and style conventions
[2.059s] -- Configured 'flake8' exclude dirs and/or files: 
[2.061s] -- Added test 'lint_cmake' to check CMake code style
[2.063s] -- Added test 'pep257' to check Python code against some of the docstring style conventions in PEP 257
[2.069s] -- Added test 'xmllint' to check XML markup files
[2.076s] -- Configuring done (2.0s)
[2.081s] -- Generating done (0.0s)
[2.086s] -- Build files have been written to: /home/papalist/tek_expo_demo_3_ws/build/bumperbot_description
[2.101s] Invoked command in '/home/papalist/tek_expo_demo_3_ws/build/bumperbot_description' returned '0': CMAKE_PREFIX_PATH=${CMAKE_PREFIX_PATH}:/opt/ros/jazzy DEBUGINFOD_URLS=https://debuginfod.ubuntu.com /usr/bin/cmake /home/papalist/tek_expo_demo_3_ws/src/bumperbot_description -DCMAKE_INSTALL_PREFIX=/home/papalist/tek_expo_demo_3_ws/install/bumperbot_description
[2.101s] Invoking command in '/home/papalist/tek_expo_demo_3_ws/build/bumperbot_description': CMAKE_PREFIX_PATH=${CMAKE_PREFIX_PATH}:/opt/ros/jazzy DEBUGINFOD_URLS=https://debuginfod.ubuntu.com /usr/bin/cmake --build /home/papalist/tek_expo_demo_3_ws/build/bumperbot_description -- -j8 -l8
[3.375s] Invoked command in '/home/papalist/tek_expo_demo_3_ws/build/bumperbot_description' returned '0': CMAKE_PREFIX_PATH=${CMAKE_PREFIX_PATH}:/opt/ros/jazzy DEBUGINFOD_URLS=https://debuginfod.ubuntu.com /usr/bin/cmake --build /home/papalist/tek_expo_demo_3_ws/build/bumperbot_description -- -j8 -l8
[3.394s] Invoking command in '/home/papalist/tek_expo_demo_3_ws/build/bumperbot_description': CMAKE_PREFIX_PATH=${CMAKE_PREFIX_PATH}:/opt/ros/jazzy DEBUGINFOD_URLS=https://debuginfod.ubuntu.com /usr/bin/cmake --install /home/papalist/tek_expo_demo_3_ws/build/bumperbot_description
[3.504s] -- Install configuration: ""
[3.504s] -- Installing: /home/papalist/tek_expo_demo_3_ws/install/bumperbot_description/share/bumperbot_description/launch
[3.504s] -- Installing: /home/papalist/tek_expo_demo_3_ws/install/bumperbot_description/share/bumperbot_description/launch/gazebo.launch.py
[3.505s] -- Installing: /home/papalist/tek_expo_demo_3_ws/install/bumperbot_description/share/bumperbot_description/launch/display.launch.py
[3.505s] -- Installing: /home/papalist/tek_expo_demo_3_ws/install/bumperbot_description/share/bumperbot_description/meshes
[3.505s] -- Installing: /home/papalist/tek_expo_demo_3_ws/install/bumperbot_description/share/bumperbot_description/meshes/wheel_right_link.STL
[3.505s] -- Installing: /home/papalist/tek_expo_demo_3_ws/install/bumperbot_description/share/bumperbot_description/meshes/wheel_left_link.STL
[3.505s] -- Installing: /home/papalist/tek_expo_demo_3_ws/install/bumperbot_description/share/bumperbot_description/meshes/laser_link.STL
[3.505s] -- Installing: /home/papalist/tek_expo_demo_3_ws/install/bumperbot_description/share/bumperbot_description/meshes/caster_rear_link.STL
[3.505s] -- Installing: /home/papalist/tek_expo_demo_3_ws/install/bumperbot_description/share/bumperbot_description/meshes/imu_link.STL
[3.506s] -- Installing: /home/papalist/tek_expo_demo_3_ws/install/bumperbot_description/share/bumperbot_description/meshes/base_link.STL
[3.506s] -- Installing: /home/papalist/tek_expo_demo_3_ws/install/bumperbot_description/share/bumperbot_description/meshes/caster_front_link.STL
[3.506s] -- Installing: /home/papalist/tek_expo_demo_3_ws/install/bumperbot_description/share/bumperbot_description/urdf
[3.506s] -- Installing: /home/papalist/tek_expo_demo_3_ws/install/bumperbot_description/share/bumperbot_description/urdf/bumperbot.urdf.xacro
[3.506s] -- Installing: /home/papalist/tek_expo_demo_3_ws/install/bumperbot_description/share/bumperbot_description/urdf/bumperbot_gazebo.xacro
[3.506s] -- Installing: /home/papalist/tek_expo_demo_3_ws/install/bumperbot_description/share/bumperbot_description/urdf/bumperbot_ros2_control.xacro
[3.507s] -- Installing: /home/papalist/tek_expo_demo_3_ws/install/bumperbot_description/share/ament_index/resource_index/package_run_dependencies/bumperbot_description
[3.507s] -- Installing: /home/papalist/tek_expo_demo_3_ws/install/bumperbot_description/share/ament_index/resource_index/parent_prefix_path/bumperbot_description
[3.507s] -- Installing: /home/papalist/tek_expo_demo_3_ws/install/bumperbot_description/share/bumperbot_description/environment/ament_prefix_path.sh
[3.507s] -- Installing: /home/papalist/tek_expo_demo_3_ws/install/bumperbot_description/share/bumperbot_description/environment/ament_prefix_path.dsv
[3.513s] -- Installing: /home/papalist/tek_expo_demo_3_ws/install/bumperbot_description/share/bumperbot_description/environment/path.sh
[3.515s] -- Installing: /home/papalist/tek_expo_demo_3_ws/install/bumperbot_description/share/bumperbot_description/environment/path.dsv
[3.516s] -- Installing: /home/papalist/tek_expo_demo_3_ws/install/bumperbot_description/share/bumperbot_description/local_setup.bash
[3.516s] -- Installing: /home/papalist/tek_expo_demo_3_ws/install/bumperbot_description/share/bumperbot_description/local_setup.sh
[3.516s] -- Installing: /home/papalist/tek_expo_demo_3_ws/install/bumperbot_description/share/bumperbot_description/local_setup.zsh
[3.516s] -- Installing: /home/papalist/tek_expo_demo_3_ws/install/bumperbot_description/share/bumperbot_description/local_setup.dsv
[3.516s] -- Installing: /home/papalist/tek_expo_demo_3_ws/install/bumperbot_description/share/bumperbot_description/package.dsv
[3.517s] -- Installing: /home/papalist/tek_expo_demo_3_ws/install/bumperbot_description/share/ament_index/resource_index/packages/bumperbot_description
[3.517s] -- Installing: /home/papalist/tek_expo_demo_3_ws/install/bumperbot_description/share/bumperbot_description/cmake/bumperbot_descriptionConfig.cmake
[3.517s] -- Installing: /home/papalist/tek_expo_demo_3_ws/install/bumperbot_description/share/bumperbot_description/cmake/bumperbot_descriptionConfig-version.cmake
[3.517s] -- Installing: /home/papalist/tek_expo_demo_3_ws/install/bumperbot_description/share/bumperbot_description/package.xml
[3.517s] Invoked command in '/home/papalist/tek_expo_demo_3_ws/build/bumperbot_description' returned '0': CMAKE_PREFIX_PATH=${CMAKE_PREFIX_PATH}:/opt/ros/jazzy DEBUGINFOD_URLS=https://debuginfod.ubuntu.com /usr/bin/cmake --install /home/papalist/tek_expo_demo_3_ws/build/bumperbot_description
