[0.048s] Invoking command in '/home/papalist/tek_expo_demo_3_ws/build/bumperbot_mapping': CMAKE_PREFIX_PATH=${CMAKE_PREFIX_PATH}:/opt/ros/jazzy DEBUGINFOD_URLS=https://debuginfod.ubuntu.com /usr/bin/cmake --build /home/papalist/tek_expo_demo_3_ws/build/bumperbot_mapping -- -j8 -l8
[0.206s] Built target ament_cmake_python_copy_bumperbot_mapping
[0.680s] running egg_info
[0.728s] writing bumperbot_mapping.egg-info/PKG-INFO
[0.730s] writing dependency_links to bumperbot_mapping.egg-info/dependency_links.txt
[0.730s] writing top-level names to bumperbot_mapping.egg-info/top_level.txt
[0.870s] reading manifest file 'bumperbot_mapping.egg-info/SOURCES.txt'
[0.871s] writing manifest file 'bumperbot_mapping.egg-info/SOURCES.txt'
[0.933s] Built target ament_cmake_python_build_bumperbot_mapping_egg
[0.977s] Invoked command in '/home/papalist/tek_expo_demo_3_ws/build/bumperbot_mapping' returned '0': CMAKE_PREFIX_PATH=${CMAKE_PREFIX_PATH}:/opt/ros/jazzy DEBUGINFOD_URLS=https://debuginfod.ubuntu.com /usr/bin/cmake --build /home/papalist/tek_expo_demo_3_ws/build/bumperbot_mapping -- -j8 -l8
[0.978s] Invoking command in '/home/papalist/tek_expo_demo_3_ws/build/bumperbot_mapping': CMAKE_PREFIX_PATH=${CMAKE_PREFIX_PATH}:/opt/ros/jazzy DEBUGINFOD_URLS=https://debuginfod.ubuntu.com /usr/bin/cmake --install /home/papalist/tek_expo_demo_3_ws/build/bumperbot_mapping
[0.994s] -- Install configuration: ""
[0.994s] -- Up-to-date: /home/papalist/tek_expo_demo_3_ws/install/bumperbot_mapping/share/bumperbot_mapping/environment/pythonpath.sh
[0.995s] -- Up-to-date: /home/papalist/tek_expo_demo_3_ws/install/bumperbot_mapping/share/bumperbot_mapping/environment/pythonpath.dsv
[0.995s] -- Up-to-date: /home/papalist/tek_expo_demo_3_ws/install/bumperbot_mapping/lib/python3.12/site-packages/bumperbot_mapping-0.0.0-py3.12.egg-info
[0.995s] -- Installing: /home/papalist/tek_expo_demo_3_ws/install/bumperbot_mapping/lib/python3.12/site-packages/bumperbot_mapping-0.0.0-py3.12.egg-info/dependency_links.txt
[0.995s] -- Installing: /home/papalist/tek_expo_demo_3_ws/install/bumperbot_mapping/lib/python3.12/site-packages/bumperbot_mapping-0.0.0-py3.12.egg-info/top_level.txt
[0.995s] -- Installing: /home/papalist/tek_expo_demo_3_ws/install/bumperbot_mapping/lib/python3.12/site-packages/bumperbot_mapping-0.0.0-py3.12.egg-info/SOURCES.txt
[0.995s] -- Installing: /home/papalist/tek_expo_demo_3_ws/install/bumperbot_mapping/lib/python3.12/site-packages/bumperbot_mapping-0.0.0-py3.12.egg-info/PKG-INFO
[0.995s] -- Up-to-date: /home/papalist/tek_expo_demo_3_ws/install/bumperbot_mapping/lib/python3.12/site-packages/bumperbot_mapping
[0.995s] -- Up-to-date: /home/papalist/tek_expo_demo_3_ws/install/bumperbot_mapping/lib/python3.12/site-packages/bumperbot_mapping/__init__.py
[1.057s] Listing '/home/papalist/tek_expo_demo_3_ws/install/bumperbot_mapping/lib/python3.12/site-packages/bumperbot_mapping'...
[1.064s] -- Up-to-date: /home/papalist/tek_expo_demo_3_ws/install/bumperbot_mapping/share/bumperbot_mapping/config
[1.064s] -- Up-to-date: /home/papalist/tek_expo_demo_3_ws/install/bumperbot_mapping/share/bumperbot_mapping/config/slam_toolbox.yaml
[1.064s] -- Up-to-date: /home/papalist/tek_expo_demo_3_ws/install/bumperbot_mapping/share/bumperbot_mapping/launch
[1.065s] -- Up-to-date: /home/papalist/tek_expo_demo_3_ws/install/bumperbot_mapping/share/bumperbot_mapping/launch/slam.launch.py
[1.065s] -- Up-to-date: /home/papalist/tek_expo_demo_3_ws/install/bumperbot_mapping/share/bumperbot_mapping/maps
[1.065s] -- Up-to-date: /home/papalist/tek_expo_demo_3_ws/install/bumperbot_mapping/share/bumperbot_mapping/maps/small_house
[1.065s] -- Up-to-date: /home/papalist/tek_expo_demo_3_ws/install/bumperbot_mapping/share/bumperbot_mapping/maps/small_house/map.yaml
[1.065s] -- Up-to-date: /home/papalist/tek_expo_demo_3_ws/install/bumperbot_mapping/share/bumperbot_mapping/maps/small_house/map.pgm
[1.066s] -- Up-to-date: /home/papalist/tek_expo_demo_3_ws/install/bumperbot_mapping/share/ament_index/resource_index/package_run_dependencies/bumperbot_mapping
[1.066s] -- Up-to-date: /home/papalist/tek_expo_demo_3_ws/install/bumperbot_mapping/share/ament_index/resource_index/parent_prefix_path/bumperbot_mapping
[1.067s] -- Up-to-date: /home/papalist/tek_expo_demo_3_ws/install/bumperbot_mapping/share/bumperbot_mapping/environment/ament_prefix_path.sh
[1.067s] -- Up-to-date: /home/papalist/tek_expo_demo_3_ws/install/bumperbot_mapping/share/bumperbot_mapping/environment/ament_prefix_path.dsv
[1.067s] -- Up-to-date: /home/papalist/tek_expo_demo_3_ws/install/bumperbot_mapping/share/bumperbot_mapping/environment/path.sh
[1.067s] -- Up-to-date: /home/papalist/tek_expo_demo_3_ws/install/bumperbot_mapping/share/bumperbot_mapping/environment/path.dsv
[1.068s] -- Up-to-date: /home/papalist/tek_expo_demo_3_ws/install/bumperbot_mapping/share/bumperbot_mapping/local_setup.bash
[1.068s] -- Up-to-date: /home/papalist/tek_expo_demo_3_ws/install/bumperbot_mapping/share/bumperbot_mapping/local_setup.sh
[1.068s] -- Up-to-date: /home/papalist/tek_expo_demo_3_ws/install/bumperbot_mapping/share/bumperbot_mapping/local_setup.zsh
[1.068s] -- Up-to-date: /home/papalist/tek_expo_demo_3_ws/install/bumperbot_mapping/share/bumperbot_mapping/local_setup.dsv
[1.069s] -- Installing: /home/papalist/tek_expo_demo_3_ws/install/bumperbot_mapping/share/bumperbot_mapping/package.dsv
[1.069s] -- Up-to-date: /home/papalist/tek_expo_demo_3_ws/install/bumperbot_mapping/share/ament_index/resource_index/packages/bumperbot_mapping
[1.069s] -- Up-to-date: /home/papalist/tek_expo_demo_3_ws/install/bumperbot_mapping/share/bumperbot_mapping/cmake/bumperbot_mappingConfig.cmake
[1.069s] -- Up-to-date: /home/papalist/tek_expo_demo_3_ws/install/bumperbot_mapping/share/bumperbot_mapping/cmake/bumperbot_mappingConfig-version.cmake
[1.069s] -- Up-to-date: /home/papalist/tek_expo_demo_3_ws/install/bumperbot_mapping/share/bumperbot_mapping/package.xml
[1.079s] Invoked command in '/home/papalist/tek_expo_demo_3_ws/build/bumperbot_mapping' returned '0': CMAKE_PREFIX_PATH=${CMAKE_PREFIX_PATH}:/opt/ros/jazzy DEBUGINFOD_URLS=https://debuginfod.ubuntu.com /usr/bin/cmake --install /home/papalist/tek_expo_demo_3_ws/build/bumperbot_mapping
