[0.127s] DEBUG:colcon:Command line arguments: ['/usr/bin/colcon', 'build']
[0.127s] DEBUG:colcon:Parsed command line arguments: Namespace(log_base=None, log_level=None, verb_name='build', build_base='build', install_base='install', merge_install=False, symlink_install=False, test_result_base=None, continue_on_error=False, executor='parallel', parallel_workers=8, event_handlers=None, ignore_user_meta=False, metas=['./colcon.meta'], base_paths=['.'], packages_ignore=None, packages_ignore_regex=None, paths=None, packages_up_to=None, packages_up_to_regex=None, packages_above=None, packages_above_and_dependencies=None, packages_above_depth=None, packages_select_by_dep=None, packages_skip_by_dep=None, packages_skip_up_to=None, packages_select_build_failed=False, packages_skip_build_finished=False, packages_select_test_failures=False, packages_skip_test_passed=False, packages_select=None, packages_skip=None, packages_select_regex=None, packages_skip_regex=None, packages_start=None, packages_end=None, allow_overriding=[], cmake_args=None, cmake_target=None, cmake_target_skip_unavailable=False, cmake_clean_cache=False, cmake_clean_first=False, cmake_force_configure=False, ament_cmake_args=None, catkin_cmake_args=None, catkin_skip_building_tests=False, mixin_files=None, mixin=None, verb_parser=<colcon_mixin.mixin.mixin_argument.MixinArgumentDecorator object at 0x7efb679b1fa0>, verb_extension=<colcon_core.verb.build.BuildVerb object at 0x7efb6788b740>, main=<bound method BuildVerb.main of <colcon_core.verb.build.BuildVerb object at 0x7efb6788b740>>, mixin_verb=('build',))
[0.173s] Level 1:colcon.colcon_core.package_discovery:discover_packages(colcon_meta) check parameters
[0.173s] Level 1:colcon.colcon_core.package_discovery:discover_packages(recursive) check parameters
[0.173s] Level 1:colcon.colcon_core.package_discovery:discover_packages(ignore) check parameters
[0.173s] Level 1:colcon.colcon_core.package_discovery:discover_packages(path) check parameters
[0.173s] Level 1:colcon.colcon_core.package_discovery:discover_packages(colcon_meta) discover
[0.173s] Level 1:colcon.colcon_core.package_discovery:discover_packages(recursive) discover
[0.174s] INFO:colcon.colcon_core.package_discovery:Crawling recursively for packages in '/home/papalist/tek_expo_demo_3_ws'
[0.174s] Level 1:colcon.colcon_core.package_identification:_identify(.) by extensions ['ignore', 'ignore_ament_install']
[0.174s] Level 1:colcon.colcon_core.package_identification:_identify(.) by extension 'ignore'
[0.174s] Level 1:colcon.colcon_core.package_identification:_identify(.) by extension 'ignore_ament_install'
[0.174s] Level 1:colcon.colcon_core.package_identification:_identify(.) by extensions ['colcon_pkg']
[0.174s] Level 1:colcon.colcon_core.package_identification:_identify(.) by extension 'colcon_pkg'
[0.174s] Level 1:colcon.colcon_core.package_identification:_identify(.) by extensions ['colcon_meta']
[0.174s] Level 1:colcon.colcon_core.package_identification:_identify(.) by extension 'colcon_meta'
[0.174s] Level 1:colcon.colcon_core.package_identification:_identify(.) by extensions ['ros']
[0.174s] Level 1:colcon.colcon_core.package_identification:_identify(.) by extension 'ros'
[0.204s] Level 1:colcon.colcon_core.package_identification:_identify(.) by extensions ['cmake', 'python']
[0.204s] Level 1:colcon.colcon_core.package_identification:_identify(.) by extension 'cmake'
[0.204s] Level 1:colcon.colcon_core.package_identification:_identify(.) by extension 'python'
[0.204s] Level 1:colcon.colcon_core.package_identification:_identify(.) by extensions ['python_setup_py']
[0.204s] Level 1:colcon.colcon_core.package_identification:_identify(.) by extension 'python_setup_py'
[0.204s] Level 1:colcon.colcon_core.package_identification:_identify(build) by extensions ['ignore', 'ignore_ament_install']
[0.205s] Level 1:colcon.colcon_core.package_identification:_identify(build) by extension 'ignore'
[0.205s] Level 1:colcon.colcon_core.package_identification:_identify(build) ignored
[0.205s] Level 1:colcon.colcon_core.package_identification:_identify(install) by extensions ['ignore', 'ignore_ament_install']
[0.205s] Level 1:colcon.colcon_core.package_identification:_identify(install) by extension 'ignore'
[0.205s] Level 1:colcon.colcon_core.package_identification:_identify(install) ignored
[0.205s] Level 1:colcon.colcon_core.package_identification:_identify(log) by extensions ['ignore', 'ignore_ament_install']
[0.205s] Level 1:colcon.colcon_core.package_identification:_identify(log) by extension 'ignore'
[0.206s] Level 1:colcon.colcon_core.package_identification:_identify(log) ignored
[0.206s] Level 1:colcon.colcon_core.package_identification:_identify(src) by extensions ['ignore', 'ignore_ament_install']
[0.206s] Level 1:colcon.colcon_core.package_identification:_identify(src) by extension 'ignore'
[0.206s] Level 1:colcon.colcon_core.package_identification:_identify(src) by extension 'ignore_ament_install'
[0.206s] Level 1:colcon.colcon_core.package_identification:_identify(src) by extensions ['colcon_pkg']
[0.206s] Level 1:colcon.colcon_core.package_identification:_identify(src) by extension 'colcon_pkg'
[0.206s] Level 1:colcon.colcon_core.package_identification:_identify(src) by extensions ['colcon_meta']
[0.206s] Level 1:colcon.colcon_core.package_identification:_identify(src) by extension 'colcon_meta'
[0.206s] Level 1:colcon.colcon_core.package_identification:_identify(src) by extensions ['ros']
[0.206s] Level 1:colcon.colcon_core.package_identification:_identify(src) by extension 'ros'
[0.206s] Level 1:colcon.colcon_core.package_identification:_identify(src) by extensions ['cmake', 'python']
[0.206s] Level 1:colcon.colcon_core.package_identification:_identify(src) by extension 'cmake'
[0.206s] Level 1:colcon.colcon_core.package_identification:_identify(src) by extension 'python'
[0.206s] Level 1:colcon.colcon_core.package_identification:_identify(src) by extensions ['python_setup_py']
[0.206s] Level 1:colcon.colcon_core.package_identification:_identify(src) by extension 'python_setup_py'
[0.207s] Level 1:colcon.colcon_core.package_identification:_identify(src/bumperbot_bringup) by extensions ['ignore', 'ignore_ament_install']
[0.207s] Level 1:colcon.colcon_core.package_identification:_identify(src/bumperbot_bringup) by extension 'ignore'
[0.207s] Level 1:colcon.colcon_core.package_identification:_identify(src/bumperbot_bringup) by extension 'ignore_ament_install'
[0.207s] Level 1:colcon.colcon_core.package_identification:_identify(src/bumperbot_bringup) by extensions ['colcon_pkg']
[0.207s] Level 1:colcon.colcon_core.package_identification:_identify(src/bumperbot_bringup) by extension 'colcon_pkg'
[0.207s] Level 1:colcon.colcon_core.package_identification:_identify(src/bumperbot_bringup) by extensions ['colcon_meta']
[0.207s] Level 1:colcon.colcon_core.package_identification:_identify(src/bumperbot_bringup) by extension 'colcon_meta'
[0.207s] Level 1:colcon.colcon_core.package_identification:_identify(src/bumperbot_bringup) by extensions ['ros']
[0.207s] Level 1:colcon.colcon_core.package_identification:_identify(src/bumperbot_bringup) by extension 'ros'
[0.210s] DEBUG:colcon.colcon_core.package_identification:Package 'src/bumperbot_bringup' with type 'ros.ament_cmake' and name 'bumperbot_bringup'
[0.210s] Level 1:colcon.colcon_core.package_identification:_identify(src/bumperbot_controller) by extensions ['ignore', 'ignore_ament_install']
[0.210s] Level 1:colcon.colcon_core.package_identification:_identify(src/bumperbot_controller) by extension 'ignore'
[0.210s] Level 1:colcon.colcon_core.package_identification:_identify(src/bumperbot_controller) by extension 'ignore_ament_install'
[0.210s] Level 1:colcon.colcon_core.package_identification:_identify(src/bumperbot_controller) by extensions ['colcon_pkg']
[0.211s] Level 1:colcon.colcon_core.package_identification:_identify(src/bumperbot_controller) by extension 'colcon_pkg'
[0.211s] Level 1:colcon.colcon_core.package_identification:_identify(src/bumperbot_controller) by extensions ['colcon_meta']
[0.211s] Level 1:colcon.colcon_core.package_identification:_identify(src/bumperbot_controller) by extension 'colcon_meta'
[0.211s] Level 1:colcon.colcon_core.package_identification:_identify(src/bumperbot_controller) by extensions ['ros']
[0.211s] Level 1:colcon.colcon_core.package_identification:_identify(src/bumperbot_controller) by extension 'ros'
[0.213s] DEBUG:colcon.colcon_core.package_identification:Package 'src/bumperbot_controller' with type 'ros.ament_cmake' and name 'bumperbot_controller'
[0.213s] Level 1:colcon.colcon_core.package_identification:_identify(src/bumperbot_description) by extensions ['ignore', 'ignore_ament_install']
[0.213s] Level 1:colcon.colcon_core.package_identification:_identify(src/bumperbot_description) by extension 'ignore'
[0.214s] Level 1:colcon.colcon_core.package_identification:_identify(src/bumperbot_description) by extension 'ignore_ament_install'
[0.214s] Level 1:colcon.colcon_core.package_identification:_identify(src/bumperbot_description) by extensions ['colcon_pkg']
[0.214s] Level 1:colcon.colcon_core.package_identification:_identify(src/bumperbot_description) by extension 'colcon_pkg'
[0.214s] Level 1:colcon.colcon_core.package_identification:_identify(src/bumperbot_description) by extensions ['colcon_meta']
[0.214s] Level 1:colcon.colcon_core.package_identification:_identify(src/bumperbot_description) by extension 'colcon_meta'
[0.214s] Level 1:colcon.colcon_core.package_identification:_identify(src/bumperbot_description) by extensions ['ros']
[0.214s] Level 1:colcon.colcon_core.package_identification:_identify(src/bumperbot_description) by extension 'ros'
[0.217s] DEBUG:colcon.colcon_core.package_identification:Package 'src/bumperbot_description' with type 'ros.ament_cmake' and name 'bumperbot_description'
[0.217s] Level 1:colcon.colcon_core.package_identification:_identify(src/bumperbot_firmware) by extensions ['ignore', 'ignore_ament_install']
[0.217s] Level 1:colcon.colcon_core.package_identification:_identify(src/bumperbot_firmware) by extension 'ignore'
[0.217s] Level 1:colcon.colcon_core.package_identification:_identify(src/bumperbot_firmware) by extension 'ignore_ament_install'
[0.217s] Level 1:colcon.colcon_core.package_identification:_identify(src/bumperbot_firmware) by extensions ['colcon_pkg']
[0.218s] Level 1:colcon.colcon_core.package_identification:_identify(src/bumperbot_firmware) by extension 'colcon_pkg'
[0.218s] Level 1:colcon.colcon_core.package_identification:_identify(src/bumperbot_firmware) by extensions ['colcon_meta']
[0.218s] Level 1:colcon.colcon_core.package_identification:_identify(src/bumperbot_firmware) by extension 'colcon_meta'
[0.218s] Level 1:colcon.colcon_core.package_identification:_identify(src/bumperbot_firmware) by extensions ['ros']
[0.218s] Level 1:colcon.colcon_core.package_identification:_identify(src/bumperbot_firmware) by extension 'ros'
[0.219s] DEBUG:colcon.colcon_core.package_identification:Package 'src/bumperbot_firmware' with type 'ros.ament_cmake' and name 'bumperbot_firmware'
[0.219s] Level 1:colcon.colcon_core.package_identification:_identify(src/bumperbot_localization) by extensions ['ignore', 'ignore_ament_install']
[0.219s] Level 1:colcon.colcon_core.package_identification:_identify(src/bumperbot_localization) by extension 'ignore'
[0.219s] Level 1:colcon.colcon_core.package_identification:_identify(src/bumperbot_localization) by extension 'ignore_ament_install'
[0.219s] Level 1:colcon.colcon_core.package_identification:_identify(src/bumperbot_localization) by extensions ['colcon_pkg']
[0.219s] Level 1:colcon.colcon_core.package_identification:_identify(src/bumperbot_localization) by extension 'colcon_pkg'
[0.219s] Level 1:colcon.colcon_core.package_identification:_identify(src/bumperbot_localization) by extensions ['colcon_meta']
[0.219s] Level 1:colcon.colcon_core.package_identification:_identify(src/bumperbot_localization) by extension 'colcon_meta'
[0.219s] Level 1:colcon.colcon_core.package_identification:_identify(src/bumperbot_localization) by extensions ['ros']
[0.219s] Level 1:colcon.colcon_core.package_identification:_identify(src/bumperbot_localization) by extension 'ros'
[0.220s] DEBUG:colcon.colcon_core.package_identification:Package 'src/bumperbot_localization' with type 'ros.ament_cmake' and name 'bumperbot_localization'
[0.220s] Level 1:colcon.colcon_core.package_identification:_identify(src/bumperbot_mapping) by extensions ['ignore', 'ignore_ament_install']
[0.221s] Level 1:colcon.colcon_core.package_identification:_identify(src/bumperbot_mapping) by extension 'ignore'
[0.221s] Level 1:colcon.colcon_core.package_identification:_identify(src/bumperbot_mapping) by extension 'ignore_ament_install'
[0.221s] Level 1:colcon.colcon_core.package_identification:_identify(src/bumperbot_mapping) by extensions ['colcon_pkg']
[0.221s] Level 1:colcon.colcon_core.package_identification:_identify(src/bumperbot_mapping) by extension 'colcon_pkg'
[0.221s] Level 1:colcon.colcon_core.package_identification:_identify(src/bumperbot_mapping) by extensions ['colcon_meta']
[0.221s] Level 1:colcon.colcon_core.package_identification:_identify(src/bumperbot_mapping) by extension 'colcon_meta'
[0.221s] Level 1:colcon.colcon_core.package_identification:_identify(src/bumperbot_mapping) by extensions ['ros']
[0.221s] Level 1:colcon.colcon_core.package_identification:_identify(src/bumperbot_mapping) by extension 'ros'
[0.222s] DEBUG:colcon.colcon_core.package_identification:Package 'src/bumperbot_mapping' with type 'ros.ament_cmake' and name 'bumperbot_mapping'
[0.222s] Level 1:colcon.colcon_core.package_identification:_identify(src/bumperbot_utils) by extensions ['ignore', 'ignore_ament_install']
[0.222s] Level 1:colcon.colcon_core.package_identification:_identify(src/bumperbot_utils) by extension 'ignore'
[0.222s] Level 1:colcon.colcon_core.package_identification:_identify(src/bumperbot_utils) by extension 'ignore_ament_install'
[0.222s] Level 1:colcon.colcon_core.package_identification:_identify(src/bumperbot_utils) by extensions ['colcon_pkg']
[0.222s] Level 1:colcon.colcon_core.package_identification:_identify(src/bumperbot_utils) by extension 'colcon_pkg'
[0.222s] Level 1:colcon.colcon_core.package_identification:_identify(src/bumperbot_utils) by extensions ['colcon_meta']
[0.222s] Level 1:colcon.colcon_core.package_identification:_identify(src/bumperbot_utils) by extension 'colcon_meta'
[0.222s] Level 1:colcon.colcon_core.package_identification:_identify(src/bumperbot_utils) by extensions ['ros']
[0.222s] Level 1:colcon.colcon_core.package_identification:_identify(src/bumperbot_utils) by extension 'ros'
[0.223s] DEBUG:colcon.colcon_core.package_identification:Package 'src/bumperbot_utils' with type 'ros.ament_cmake' and name 'bumperbot_utils'
[0.223s] Level 1:colcon.colcon_core.package_identification:_identify(src/rf2o_laser_odometry) by extensions ['ignore', 'ignore_ament_install']
[0.223s] Level 1:colcon.colcon_core.package_identification:_identify(src/rf2o_laser_odometry) by extension 'ignore'
[0.224s] Level 1:colcon.colcon_core.package_identification:_identify(src/rf2o_laser_odometry) by extension 'ignore_ament_install'
[0.224s] Level 1:colcon.colcon_core.package_identification:_identify(src/rf2o_laser_odometry) by extensions ['colcon_pkg']
[0.224s] Level 1:colcon.colcon_core.package_identification:_identify(src/rf2o_laser_odometry) by extension 'colcon_pkg'
[0.224s] Level 1:colcon.colcon_core.package_identification:_identify(src/rf2o_laser_odometry) by extensions ['colcon_meta']
[0.224s] Level 1:colcon.colcon_core.package_identification:_identify(src/rf2o_laser_odometry) by extension 'colcon_meta'
[0.224s] Level 1:colcon.colcon_core.package_identification:_identify(src/rf2o_laser_odometry) by extensions ['ros']
[0.224s] Level 1:colcon.colcon_core.package_identification:_identify(src/rf2o_laser_odometry) by extension 'ros'
[0.225s] DEBUG:colcon.colcon_core.package_identification:Package 'src/rf2o_laser_odometry' with type 'ros.ament_cmake' and name 'rf2o_laser_odometry'
[0.225s] Level 1:colcon.colcon_core.package_identification:_identify(src/sllidar_ros2) by extensions ['ignore', 'ignore_ament_install']
[0.225s] Level 1:colcon.colcon_core.package_identification:_identify(src/sllidar_ros2) by extension 'ignore'
[0.225s] Level 1:colcon.colcon_core.package_identification:_identify(src/sllidar_ros2) by extension 'ignore_ament_install'
[0.225s] Level 1:colcon.colcon_core.package_identification:_identify(src/sllidar_ros2) by extensions ['colcon_pkg']
[0.225s] Level 1:colcon.colcon_core.package_identification:_identify(src/sllidar_ros2) by extension 'colcon_pkg'
[0.225s] Level 1:colcon.colcon_core.package_identification:_identify(src/sllidar_ros2) by extensions ['colcon_meta']
[0.225s] Level 1:colcon.colcon_core.package_identification:_identify(src/sllidar_ros2) by extension 'colcon_meta'
[0.226s] Level 1:colcon.colcon_core.package_identification:_identify(src/sllidar_ros2) by extensions ['ros']
[0.226s] Level 1:colcon.colcon_core.package_identification:_identify(src/sllidar_ros2) by extension 'ros'
[0.226s] DEBUG:colcon.colcon_core.package_identification:Package 'src/sllidar_ros2' with type 'ros.ament_cmake' and name 'sllidar_ros2'
[0.226s] Level 1:colcon.colcon_core.package_discovery:discover_packages(recursive) using defaults
[0.226s] Level 1:colcon.colcon_core.package_discovery:discover_packages(ignore) discover
[0.226s] Level 1:colcon.colcon_core.package_discovery:discover_packages(ignore) using defaults
[0.227s] Level 1:colcon.colcon_core.package_discovery:discover_packages(path) discover
[0.227s] Level 1:colcon.colcon_core.package_discovery:discover_packages(path) using defaults
[0.248s] Level 1:colcon.colcon_core.package_discovery:discover_packages(prefix_path) check parameters
[0.249s] Level 1:colcon.colcon_core.package_discovery:discover_packages(prefix_path) discover
[0.252s] DEBUG:colcon.colcon_installed_package_information.package_discovery:Found 414 installed packages in /opt/ros/jazzy
[0.254s] Level 1:colcon.colcon_core.package_discovery:discover_packages(prefix_path) using defaults
[0.321s] Level 5:colcon.colcon_core.verb:set package 'bumperbot_controller' build argument 'cmake_args' from command line to 'None'
[0.322s] Level 5:colcon.colcon_core.verb:set package 'bumperbot_controller' build argument 'cmake_target' from command line to 'None'
[0.322s] Level 5:colcon.colcon_core.verb:set package 'bumperbot_controller' build argument 'cmake_target_skip_unavailable' from command line to 'False'
[0.322s] Level 5:colcon.colcon_core.verb:set package 'bumperbot_controller' build argument 'cmake_clean_cache' from command line to 'False'
[0.322s] Level 5:colcon.colcon_core.verb:set package 'bumperbot_controller' build argument 'cmake_clean_first' from command line to 'False'
[0.322s] Level 5:colcon.colcon_core.verb:set package 'bumperbot_controller' build argument 'cmake_force_configure' from command line to 'False'
[0.322s] Level 5:colcon.colcon_core.verb:set package 'bumperbot_controller' build argument 'ament_cmake_args' from command line to 'None'
[0.322s] Level 5:colcon.colcon_core.verb:set package 'bumperbot_controller' build argument 'catkin_cmake_args' from command line to 'None'
[0.322s] Level 5:colcon.colcon_core.verb:set package 'bumperbot_controller' build argument 'catkin_skip_building_tests' from command line to 'False'
[0.322s] DEBUG:colcon.colcon_core.verb:Building package 'bumperbot_controller' with the following arguments: {'ament_cmake_args': None, 'build_base': '/home/papalist/tek_expo_demo_3_ws/build/bumperbot_controller', 'catkin_cmake_args': None, 'catkin_skip_building_tests': False, 'cmake_args': None, 'cmake_clean_cache': False, 'cmake_clean_first': False, 'cmake_force_configure': False, 'cmake_target': None, 'cmake_target_skip_unavailable': False, 'install_base': '/home/papalist/tek_expo_demo_3_ws/install/bumperbot_controller', 'merge_install': False, 'path': '/home/papalist/tek_expo_demo_3_ws/src/bumperbot_controller', 'symlink_install': False, 'test_result_base': None}
[0.322s] Level 5:colcon.colcon_core.verb:set package 'bumperbot_description' build argument 'cmake_args' from command line to 'None'
[0.322s] Level 5:colcon.colcon_core.verb:set package 'bumperbot_description' build argument 'cmake_target' from command line to 'None'
[0.322s] Level 5:colcon.colcon_core.verb:set package 'bumperbot_description' build argument 'cmake_target_skip_unavailable' from command line to 'False'
[0.322s] Level 5:colcon.colcon_core.verb:set package 'bumperbot_description' build argument 'cmake_clean_cache' from command line to 'False'
[0.322s] Level 5:colcon.colcon_core.verb:set package 'bumperbot_description' build argument 'cmake_clean_first' from command line to 'False'
[0.322s] Level 5:colcon.colcon_core.verb:set package 'bumperbot_description' build argument 'cmake_force_configure' from command line to 'False'
[0.322s] Level 5:colcon.colcon_core.verb:set package 'bumperbot_description' build argument 'ament_cmake_args' from command line to 'None'
[0.322s] Level 5:colcon.colcon_core.verb:set package 'bumperbot_description' build argument 'catkin_cmake_args' from command line to 'None'
[0.322s] Level 5:colcon.colcon_core.verb:set package 'bumperbot_description' build argument 'catkin_skip_building_tests' from command line to 'False'
[0.323s] DEBUG:colcon.colcon_core.verb:Building package 'bumperbot_description' with the following arguments: {'ament_cmake_args': None, 'build_base': '/home/papalist/tek_expo_demo_3_ws/build/bumperbot_description', 'catkin_cmake_args': None, 'catkin_skip_building_tests': False, 'cmake_args': None, 'cmake_clean_cache': False, 'cmake_clean_first': False, 'cmake_force_configure': False, 'cmake_target': None, 'cmake_target_skip_unavailable': False, 'install_base': '/home/papalist/tek_expo_demo_3_ws/install/bumperbot_description', 'merge_install': False, 'path': '/home/papalist/tek_expo_demo_3_ws/src/bumperbot_description', 'symlink_install': False, 'test_result_base': None}
[0.323s] Level 5:colcon.colcon_core.verb:set package 'bumperbot_firmware' build argument 'cmake_args' from command line to 'None'
[0.323s] Level 5:colcon.colcon_core.verb:set package 'bumperbot_firmware' build argument 'cmake_target' from command line to 'None'
[0.323s] Level 5:colcon.colcon_core.verb:set package 'bumperbot_firmware' build argument 'cmake_target_skip_unavailable' from command line to 'False'
[0.323s] Level 5:colcon.colcon_core.verb:set package 'bumperbot_firmware' build argument 'cmake_clean_cache' from command line to 'False'
[0.323s] Level 5:colcon.colcon_core.verb:set package 'bumperbot_firmware' build argument 'cmake_clean_first' from command line to 'False'
[0.323s] Level 5:colcon.colcon_core.verb:set package 'bumperbot_firmware' build argument 'cmake_force_configure' from command line to 'False'
[0.323s] Level 5:colcon.colcon_core.verb:set package 'bumperbot_firmware' build argument 'ament_cmake_args' from command line to 'None'
[0.323s] Level 5:colcon.colcon_core.verb:set package 'bumperbot_firmware' build argument 'catkin_cmake_args' from command line to 'None'
[0.323s] Level 5:colcon.colcon_core.verb:set package 'bumperbot_firmware' build argument 'catkin_skip_building_tests' from command line to 'False'
[0.323s] DEBUG:colcon.colcon_core.verb:Building package 'bumperbot_firmware' with the following arguments: {'ament_cmake_args': None, 'build_base': '/home/papalist/tek_expo_demo_3_ws/build/bumperbot_firmware', 'catkin_cmake_args': None, 'catkin_skip_building_tests': False, 'cmake_args': None, 'cmake_clean_cache': False, 'cmake_clean_first': False, 'cmake_force_configure': False, 'cmake_target': None, 'cmake_target_skip_unavailable': False, 'install_base': '/home/papalist/tek_expo_demo_3_ws/install/bumperbot_firmware', 'merge_install': False, 'path': '/home/papalist/tek_expo_demo_3_ws/src/bumperbot_firmware', 'symlink_install': False, 'test_result_base': None}
[0.323s] Level 5:colcon.colcon_core.verb:set package 'bumperbot_localization' build argument 'cmake_args' from command line to 'None'
[0.323s] Level 5:colcon.colcon_core.verb:set package 'bumperbot_localization' build argument 'cmake_target' from command line to 'None'
[0.324s] Level 5:colcon.colcon_core.verb:set package 'bumperbot_localization' build argument 'cmake_target_skip_unavailable' from command line to 'False'
[0.324s] Level 5:colcon.colcon_core.verb:set package 'bumperbot_localization' build argument 'cmake_clean_cache' from command line to 'False'
[0.324s] Level 5:colcon.colcon_core.verb:set package 'bumperbot_localization' build argument 'cmake_clean_first' from command line to 'False'
[0.324s] Level 5:colcon.colcon_core.verb:set package 'bumperbot_localization' build argument 'cmake_force_configure' from command line to 'False'
[0.324s] Level 5:colcon.colcon_core.verb:set package 'bumperbot_localization' build argument 'ament_cmake_args' from command line to 'None'
[0.324s] Level 5:colcon.colcon_core.verb:set package 'bumperbot_localization' build argument 'catkin_cmake_args' from command line to 'None'
[0.324s] Level 5:colcon.colcon_core.verb:set package 'bumperbot_localization' build argument 'catkin_skip_building_tests' from command line to 'False'
[0.324s] DEBUG:colcon.colcon_core.verb:Building package 'bumperbot_localization' with the following arguments: {'ament_cmake_args': None, 'build_base': '/home/papalist/tek_expo_demo_3_ws/build/bumperbot_localization', 'catkin_cmake_args': None, 'catkin_skip_building_tests': False, 'cmake_args': None, 'cmake_clean_cache': False, 'cmake_clean_first': False, 'cmake_force_configure': False, 'cmake_target': None, 'cmake_target_skip_unavailable': False, 'install_base': '/home/papalist/tek_expo_demo_3_ws/install/bumperbot_localization', 'merge_install': False, 'path': '/home/papalist/tek_expo_demo_3_ws/src/bumperbot_localization', 'symlink_install': False, 'test_result_base': None}
[0.324s] Level 5:colcon.colcon_core.verb:set package 'bumperbot_mapping' build argument 'cmake_args' from command line to 'None'
[0.324s] Level 5:colcon.colcon_core.verb:set package 'bumperbot_mapping' build argument 'cmake_target' from command line to 'None'
[0.324s] Level 5:colcon.colcon_core.verb:set package 'bumperbot_mapping' build argument 'cmake_target_skip_unavailable' from command line to 'False'
[0.324s] Level 5:colcon.colcon_core.verb:set package 'bumperbot_mapping' build argument 'cmake_clean_cache' from command line to 'False'
[0.324s] Level 5:colcon.colcon_core.verb:set package 'bumperbot_mapping' build argument 'cmake_clean_first' from command line to 'False'
[0.324s] Level 5:colcon.colcon_core.verb:set package 'bumperbot_mapping' build argument 'cmake_force_configure' from command line to 'False'
[0.324s] Level 5:colcon.colcon_core.verb:set package 'bumperbot_mapping' build argument 'ament_cmake_args' from command line to 'None'
[0.324s] Level 5:colcon.colcon_core.verb:set package 'bumperbot_mapping' build argument 'catkin_cmake_args' from command line to 'None'
[0.324s] Level 5:colcon.colcon_core.verb:set package 'bumperbot_mapping' build argument 'catkin_skip_building_tests' from command line to 'False'
[0.324s] DEBUG:colcon.colcon_core.verb:Building package 'bumperbot_mapping' with the following arguments: {'ament_cmake_args': None, 'build_base': '/home/papalist/tek_expo_demo_3_ws/build/bumperbot_mapping', 'catkin_cmake_args': None, 'catkin_skip_building_tests': False, 'cmake_args': None, 'cmake_clean_cache': False, 'cmake_clean_first': False, 'cmake_force_configure': False, 'cmake_target': None, 'cmake_target_skip_unavailable': False, 'install_base': '/home/papalist/tek_expo_demo_3_ws/install/bumperbot_mapping', 'merge_install': False, 'path': '/home/papalist/tek_expo_demo_3_ws/src/bumperbot_mapping', 'symlink_install': False, 'test_result_base': None}
[0.325s] Level 5:colcon.colcon_core.verb:set package 'bumperbot_utils' build argument 'cmake_args' from command line to 'None'
[0.325s] Level 5:colcon.colcon_core.verb:set package 'bumperbot_utils' build argument 'cmake_target' from command line to 'None'
[0.325s] Level 5:colcon.colcon_core.verb:set package 'bumperbot_utils' build argument 'cmake_target_skip_unavailable' from command line to 'False'
[0.325s] Level 5:colcon.colcon_core.verb:set package 'bumperbot_utils' build argument 'cmake_clean_cache' from command line to 'False'
[0.325s] Level 5:colcon.colcon_core.verb:set package 'bumperbot_utils' build argument 'cmake_clean_first' from command line to 'False'
[0.325s] Level 5:colcon.colcon_core.verb:set package 'bumperbot_utils' build argument 'cmake_force_configure' from command line to 'False'
[0.325s] Level 5:colcon.colcon_core.verb:set package 'bumperbot_utils' build argument 'ament_cmake_args' from command line to 'None'
[0.325s] Level 5:colcon.colcon_core.verb:set package 'bumperbot_utils' build argument 'catkin_cmake_args' from command line to 'None'
[0.325s] Level 5:colcon.colcon_core.verb:set package 'bumperbot_utils' build argument 'catkin_skip_building_tests' from command line to 'False'
[0.325s] DEBUG:colcon.colcon_core.verb:Building package 'bumperbot_utils' with the following arguments: {'ament_cmake_args': None, 'build_base': '/home/papalist/tek_expo_demo_3_ws/build/bumperbot_utils', 'catkin_cmake_args': None, 'catkin_skip_building_tests': False, 'cmake_args': None, 'cmake_clean_cache': False, 'cmake_clean_first': False, 'cmake_force_configure': False, 'cmake_target': None, 'cmake_target_skip_unavailable': False, 'install_base': '/home/papalist/tek_expo_demo_3_ws/install/bumperbot_utils', 'merge_install': False, 'path': '/home/papalist/tek_expo_demo_3_ws/src/bumperbot_utils', 'symlink_install': False, 'test_result_base': None}
[0.325s] Level 5:colcon.colcon_core.verb:set package 'rf2o_laser_odometry' build argument 'cmake_args' from command line to 'None'
[0.325s] Level 5:colcon.colcon_core.verb:set package 'rf2o_laser_odometry' build argument 'cmake_target' from command line to 'None'
[0.325s] Level 5:colcon.colcon_core.verb:set package 'rf2o_laser_odometry' build argument 'cmake_target_skip_unavailable' from command line to 'False'
[0.325s] Level 5:colcon.colcon_core.verb:set package 'rf2o_laser_odometry' build argument 'cmake_clean_cache' from command line to 'False'
[0.325s] Level 5:colcon.colcon_core.verb:set package 'rf2o_laser_odometry' build argument 'cmake_clean_first' from command line to 'False'
[0.326s] Level 5:colcon.colcon_core.verb:set package 'rf2o_laser_odometry' build argument 'cmake_force_configure' from command line to 'False'
[0.326s] Level 5:colcon.colcon_core.verb:set package 'rf2o_laser_odometry' build argument 'ament_cmake_args' from command line to 'None'
[0.326s] Level 5:colcon.colcon_core.verb:set package 'rf2o_laser_odometry' build argument 'catkin_cmake_args' from command line to 'None'
[0.326s] Level 5:colcon.colcon_core.verb:set package 'rf2o_laser_odometry' build argument 'catkin_skip_building_tests' from command line to 'False'
[0.326s] DEBUG:colcon.colcon_core.verb:Building package 'rf2o_laser_odometry' with the following arguments: {'ament_cmake_args': None, 'build_base': '/home/papalist/tek_expo_demo_3_ws/build/rf2o_laser_odometry', 'catkin_cmake_args': None, 'catkin_skip_building_tests': False, 'cmake_args': None, 'cmake_clean_cache': False, 'cmake_clean_first': False, 'cmake_force_configure': False, 'cmake_target': None, 'cmake_target_skip_unavailable': False, 'install_base': '/home/papalist/tek_expo_demo_3_ws/install/rf2o_laser_odometry', 'merge_install': False, 'path': '/home/papalist/tek_expo_demo_3_ws/src/rf2o_laser_odometry', 'symlink_install': False, 'test_result_base': None}
[0.326s] Level 5:colcon.colcon_core.verb:set package 'sllidar_ros2' build argument 'cmake_args' from command line to 'None'
[0.326s] Level 5:colcon.colcon_core.verb:set package 'sllidar_ros2' build argument 'cmake_target' from command line to 'None'
[0.326s] Level 5:colcon.colcon_core.verb:set package 'sllidar_ros2' build argument 'cmake_target_skip_unavailable' from command line to 'False'
[0.326s] Level 5:colcon.colcon_core.verb:set package 'sllidar_ros2' build argument 'cmake_clean_cache' from command line to 'False'
[0.326s] Level 5:colcon.colcon_core.verb:set package 'sllidar_ros2' build argument 'cmake_clean_first' from command line to 'False'
[0.326s] Level 5:colcon.colcon_core.verb:set package 'sllidar_ros2' build argument 'cmake_force_configure' from command line to 'False'
[0.326s] Level 5:colcon.colcon_core.verb:set package 'sllidar_ros2' build argument 'ament_cmake_args' from command line to 'None'
[0.326s] Level 5:colcon.colcon_core.verb:set package 'sllidar_ros2' build argument 'catkin_cmake_args' from command line to 'None'
[0.326s] Level 5:colcon.colcon_core.verb:set package 'sllidar_ros2' build argument 'catkin_skip_building_tests' from command line to 'False'
[0.326s] DEBUG:colcon.colcon_core.verb:Building package 'sllidar_ros2' with the following arguments: {'ament_cmake_args': None, 'build_base': '/home/papalist/tek_expo_demo_3_ws/build/sllidar_ros2', 'catkin_cmake_args': None, 'catkin_skip_building_tests': False, 'cmake_args': None, 'cmake_clean_cache': False, 'cmake_clean_first': False, 'cmake_force_configure': False, 'cmake_target': None, 'cmake_target_skip_unavailable': False, 'install_base': '/home/papalist/tek_expo_demo_3_ws/install/sllidar_ros2', 'merge_install': False, 'path': '/home/papalist/tek_expo_demo_3_ws/src/sllidar_ros2', 'symlink_install': False, 'test_result_base': None}
[0.327s] Level 5:colcon.colcon_core.verb:set package 'bumperbot_bringup' build argument 'cmake_args' from command line to 'None'
[0.327s] Level 5:colcon.colcon_core.verb:set package 'bumperbot_bringup' build argument 'cmake_target' from command line to 'None'
[0.327s] Level 5:colcon.colcon_core.verb:set package 'bumperbot_bringup' build argument 'cmake_target_skip_unavailable' from command line to 'False'
[0.327s] Level 5:colcon.colcon_core.verb:set package 'bumperbot_bringup' build argument 'cmake_clean_cache' from command line to 'False'
[0.327s] Level 5:colcon.colcon_core.verb:set package 'bumperbot_bringup' build argument 'cmake_clean_first' from command line to 'False'
[0.327s] Level 5:colcon.colcon_core.verb:set package 'bumperbot_bringup' build argument 'cmake_force_configure' from command line to 'False'
[0.327s] Level 5:colcon.colcon_core.verb:set package 'bumperbot_bringup' build argument 'ament_cmake_args' from command line to 'None'
[0.327s] Level 5:colcon.colcon_core.verb:set package 'bumperbot_bringup' build argument 'catkin_cmake_args' from command line to 'None'
[0.327s] Level 5:colcon.colcon_core.verb:set package 'bumperbot_bringup' build argument 'catkin_skip_building_tests' from command line to 'False'
[0.327s] DEBUG:colcon.colcon_core.verb:Building package 'bumperbot_bringup' with the following arguments: {'ament_cmake_args': None, 'build_base': '/home/papalist/tek_expo_demo_3_ws/build/bumperbot_bringup', 'catkin_cmake_args': None, 'catkin_skip_building_tests': False, 'cmake_args': None, 'cmake_clean_cache': False, 'cmake_clean_first': False, 'cmake_force_configure': False, 'cmake_target': None, 'cmake_target_skip_unavailable': False, 'install_base': '/home/papalist/tek_expo_demo_3_ws/install/bumperbot_bringup', 'merge_install': False, 'path': '/home/papalist/tek_expo_demo_3_ws/src/bumperbot_bringup', 'symlink_install': False, 'test_result_base': None}
[0.327s] INFO:colcon.colcon_core.executor:Executing jobs using 'parallel' executor
[0.328s] DEBUG:colcon.colcon_parallel_executor.executor.parallel:run_until_complete
[0.328s] INFO:colcon.colcon_ros.task.ament_cmake.build:Building ROS package in '/home/papalist/tek_expo_demo_3_ws/src/bumperbot_controller' with build type 'ament_cmake'
[0.329s] INFO:colcon.colcon_cmake.task.cmake.build:Building CMake package in '/home/papalist/tek_expo_demo_3_ws/src/bumperbot_controller'
[0.332s] INFO:colcon.colcon_core.plugin_system:Skipping extension 'colcon_core.shell.bat': Not used on non-Windows systems
[0.332s] INFO:colcon.colcon_core.shell:Skip shell extension 'powershell' for command environment: Not usable outside of PowerShell
[0.332s] DEBUG:colcon.colcon_core.shell:Skip shell extension 'dsv' for command environment
[0.337s] INFO:colcon.colcon_ros.task.ament_cmake.build:Building ROS package in '/home/papalist/tek_expo_demo_3_ws/src/bumperbot_description' with build type 'ament_cmake'
[0.337s] INFO:colcon.colcon_cmake.task.cmake.build:Building CMake package in '/home/papalist/tek_expo_demo_3_ws/src/bumperbot_description'
[0.337s] INFO:colcon.colcon_core.shell:Skip shell extension 'powershell' for command environment: Not usable outside of PowerShell
[0.337s] DEBUG:colcon.colcon_core.shell:Skip shell extension 'dsv' for command environment
[0.342s] INFO:colcon.colcon_ros.task.ament_cmake.build:Building ROS package in '/home/papalist/tek_expo_demo_3_ws/src/bumperbot_firmware' with build type 'ament_cmake'
[0.342s] INFO:colcon.colcon_cmake.task.cmake.build:Building CMake package in '/home/papalist/tek_expo_demo_3_ws/src/bumperbot_firmware'
[0.342s] INFO:colcon.colcon_core.shell:Skip shell extension 'powershell' for command environment: Not usable outside of PowerShell
[0.342s] DEBUG:colcon.colcon_core.shell:Skip shell extension 'dsv' for command environment
[0.348s] INFO:colcon.colcon_ros.task.ament_cmake.build:Building ROS package in '/home/papalist/tek_expo_demo_3_ws/src/bumperbot_localization' with build type 'ament_cmake'
[0.348s] INFO:colcon.colcon_cmake.task.cmake.build:Building CMake package in '/home/papalist/tek_expo_demo_3_ws/src/bumperbot_localization'
[0.348s] INFO:colcon.colcon_core.shell:Skip shell extension 'powershell' for command environment: Not usable outside of PowerShell
[0.348s] DEBUG:colcon.colcon_core.shell:Skip shell extension 'dsv' for command environment
[0.352s] INFO:colcon.colcon_ros.task.ament_cmake.build:Building ROS package in '/home/papalist/tek_expo_demo_3_ws/src/bumperbot_mapping' with build type 'ament_cmake'
[0.353s] INFO:colcon.colcon_cmake.task.cmake.build:Building CMake package in '/home/papalist/tek_expo_demo_3_ws/src/bumperbot_mapping'
[0.353s] INFO:colcon.colcon_core.shell:Skip shell extension 'powershell' for command environment: Not usable outside of PowerShell
[0.353s] DEBUG:colcon.colcon_core.shell:Skip shell extension 'dsv' for command environment
[0.357s] INFO:colcon.colcon_ros.task.ament_cmake.build:Building ROS package in '/home/papalist/tek_expo_demo_3_ws/src/bumperbot_utils' with build type 'ament_cmake'
[0.358s] INFO:colcon.colcon_cmake.task.cmake.build:Building CMake package in '/home/papalist/tek_expo_demo_3_ws/src/bumperbot_utils'
[0.358s] INFO:colcon.colcon_core.shell:Skip shell extension 'powershell' for command environment: Not usable outside of PowerShell
[0.358s] DEBUG:colcon.colcon_core.shell:Skip shell extension 'dsv' for command environment
[0.363s] INFO:colcon.colcon_ros.task.ament_cmake.build:Building ROS package in '/home/papalist/tek_expo_demo_3_ws/src/rf2o_laser_odometry' with build type 'ament_cmake'
[0.363s] INFO:colcon.colcon_cmake.task.cmake.build:Building CMake package in '/home/papalist/tek_expo_demo_3_ws/src/rf2o_laser_odometry'
[0.363s] INFO:colcon.colcon_core.shell:Skip shell extension 'powershell' for command environment: Not usable outside of PowerShell
[0.363s] DEBUG:colcon.colcon_core.shell:Skip shell extension 'dsv' for command environment
[0.367s] INFO:colcon.colcon_ros.task.ament_cmake.build:Building ROS package in '/home/papalist/tek_expo_demo_3_ws/src/sllidar_ros2' with build type 'ament_cmake'
[0.367s] INFO:colcon.colcon_cmake.task.cmake.build:Building CMake package in '/home/papalist/tek_expo_demo_3_ws/src/sllidar_ros2'
[0.368s] INFO:colcon.colcon_core.shell:Skip shell extension 'powershell' for command environment: Not usable outside of PowerShell
[0.368s] DEBUG:colcon.colcon_core.shell:Skip shell extension 'dsv' for command environment
[0.379s] DEBUG:colcon.colcon_core.event_handler.log_command:Invoking command in '/home/papalist/tek_expo_demo_3_ws/build/bumperbot_controller': CMAKE_PREFIX_PATH=${CMAKE_PREFIX_PATH}:/opt/ros/jazzy DEBUGINFOD_URLS=https://debuginfod.ubuntu.com /usr/bin/cmake --build /home/papalist/tek_expo_demo_3_ws/build/bumperbot_controller -- -j8 -l8
[0.384s] DEBUG:colcon.colcon_core.event_handler.log_command:Invoking command in '/home/papalist/tek_expo_demo_3_ws/build/bumperbot_description': CMAKE_PREFIX_PATH=${CMAKE_PREFIX_PATH}:/opt/ros/jazzy DEBUGINFOD_URLS=https://debuginfod.ubuntu.com /usr/bin/cmake --build /home/papalist/tek_expo_demo_3_ws/build/bumperbot_description -- -j8 -l8
[0.388s] DEBUG:colcon.colcon_core.event_handler.log_command:Invoking command in '/home/papalist/tek_expo_demo_3_ws/build/bumperbot_firmware': CMAKE_PREFIX_PATH=${CMAKE_PREFIX_PATH}:/opt/ros/jazzy DEBUGINFOD_URLS=https://debuginfod.ubuntu.com /usr/bin/cmake --build /home/papalist/tek_expo_demo_3_ws/build/bumperbot_firmware -- -j8 -l8
[0.393s] DEBUG:colcon.colcon_core.event_handler.log_command:Invoking command in '/home/papalist/tek_expo_demo_3_ws/build/bumperbot_localization': CMAKE_PREFIX_PATH=${CMAKE_PREFIX_PATH}:/opt/ros/jazzy DEBUGINFOD_URLS=https://debuginfod.ubuntu.com /usr/bin/cmake --build /home/papalist/tek_expo_demo_3_ws/build/bumperbot_localization -- -j8 -l8
[0.397s] DEBUG:colcon.colcon_core.event_handler.log_command:Invoking command in '/home/papalist/tek_expo_demo_3_ws/build/bumperbot_mapping': CMAKE_PREFIX_PATH=${CMAKE_PREFIX_PATH}:/opt/ros/jazzy DEBUGINFOD_URLS=https://debuginfod.ubuntu.com /usr/bin/cmake --build /home/papalist/tek_expo_demo_3_ws/build/bumperbot_mapping -- -j8 -l8
[0.401s] DEBUG:colcon.colcon_core.event_handler.log_command:Invoking command in '/home/papalist/tek_expo_demo_3_ws/build/bumperbot_utils': CMAKE_PREFIX_PATH=${CMAKE_PREFIX_PATH}:/opt/ros/jazzy DEBUGINFOD_URLS=https://debuginfod.ubuntu.com /usr/bin/cmake --build /home/papalist/tek_expo_demo_3_ws/build/bumperbot_utils -- -j8 -l8
[0.406s] DEBUG:colcon.colcon_core.event_handler.log_command:Invoking command in '/home/papalist/tek_expo_demo_3_ws/build/rf2o_laser_odometry': CMAKE_PREFIX_PATH=${CMAKE_PREFIX_PATH}:/opt/ros/jazzy DEBUGINFOD_URLS=https://debuginfod.ubuntu.com /usr/bin/cmake --build /home/papalist/tek_expo_demo_3_ws/build/rf2o_laser_odometry -- -j8 -l8
[0.442s] DEBUG:colcon.colcon_core.event_handler.log_command:Invoking command in '/home/papalist/tek_expo_demo_3_ws/build/sllidar_ros2': CMAKE_PREFIX_PATH=${CMAKE_PREFIX_PATH}:/opt/ros/jazzy DEBUGINFOD_URLS=https://debuginfod.ubuntu.com /usr/bin/cmake --build /home/papalist/tek_expo_demo_3_ws/build/sllidar_ros2 -- -j8 -l8
[0.465s] DEBUG:colcon.colcon_core.event_handler.log_command:Invoked command in '/home/papalist/tek_expo_demo_3_ws/build/bumperbot_description' returned '0': CMAKE_PREFIX_PATH=${CMAKE_PREFIX_PATH}:/opt/ros/jazzy DEBUGINFOD_URLS=https://debuginfod.ubuntu.com /usr/bin/cmake --build /home/papalist/tek_expo_demo_3_ws/build/bumperbot_description -- -j8 -l8
[0.501s] DEBUG:colcon.colcon_core.event_handler.log_command:Invoking command in '/home/papalist/tek_expo_demo_3_ws/build/bumperbot_description': CMAKE_PREFIX_PATH=${CMAKE_PREFIX_PATH}:/opt/ros/jazzy DEBUGINFOD_URLS=https://debuginfod.ubuntu.com /usr/bin/cmake --install /home/papalist/tek_expo_demo_3_ws/build/bumperbot_description
[0.603s] DEBUG:colcon.colcon_core.event_handler.log_command:Invoked command in '/home/papalist/tek_expo_demo_3_ws/build/rf2o_laser_odometry' returned '0': CMAKE_PREFIX_PATH=${CMAKE_PREFIX_PATH}:/opt/ros/jazzy DEBUGINFOD_URLS=https://debuginfod.ubuntu.com /usr/bin/cmake --build /home/papalist/tek_expo_demo_3_ws/build/rf2o_laser_odometry -- -j8 -l8
[0.605s] DEBUG:colcon.colcon_core.event_handler.log_command:Invoking command in '/home/papalist/tek_expo_demo_3_ws/build/rf2o_laser_odometry': CMAKE_PREFIX_PATH=${CMAKE_PREFIX_PATH}:/opt/ros/jazzy DEBUGINFOD_URLS=https://debuginfod.ubuntu.com /usr/bin/cmake --install /home/papalist/tek_expo_demo_3_ws/build/rf2o_laser_odometry
[0.636s] Level 1:colcon.colcon_core.environment:create_environment_scripts_only(bumperbot_description)
[0.643s] Level 1:colcon.colcon_core.environment:checking '/home/papalist/tek_expo_demo_3_ws/install/bumperbot_description' for CMake module files
[0.648s] Level 1:colcon.colcon_core.environment:checking '/home/papalist/tek_expo_demo_3_ws/install/bumperbot_description' for CMake config files
[0.649s] Level 1:colcon.colcon_core.shell:create_environment_hook('bumperbot_description', 'cmake_prefix_path')
[0.649s] INFO:colcon.colcon_core.shell:Creating environment hook '/home/papalist/tek_expo_demo_3_ws/install/bumperbot_description/share/bumperbot_description/hook/cmake_prefix_path.ps1'
[0.650s] INFO:colcon.colcon_core.shell:Creating environment descriptor '/home/papalist/tek_expo_demo_3_ws/install/bumperbot_description/share/bumperbot_description/hook/cmake_prefix_path.dsv'
[0.655s] INFO:colcon.colcon_core.shell:Creating environment hook '/home/papalist/tek_expo_demo_3_ws/install/bumperbot_description/share/bumperbot_description/hook/cmake_prefix_path.sh'
[0.658s] DEBUG:colcon.colcon_core.event_handler.log_command:Invoked command in '/home/papalist/tek_expo_demo_3_ws/build/bumperbot_description' returned '0': CMAKE_PREFIX_PATH=${CMAKE_PREFIX_PATH}:/opt/ros/jazzy DEBUGINFOD_URLS=https://debuginfod.ubuntu.com /usr/bin/cmake --install /home/papalist/tek_expo_demo_3_ws/build/bumperbot_description
[0.660s] Level 1:colcon.colcon_core.environment:checking '/home/papalist/tek_expo_demo_3_ws/install/bumperbot_description/bin'
[0.660s] Level 1:colcon.colcon_core.environment:checking '/home/papalist/tek_expo_demo_3_ws/install/bumperbot_description/lib/pkgconfig/bumperbot_description.pc'
[0.660s] Level 1:colcon.colcon_core.environment:checking '/home/papalist/tek_expo_demo_3_ws/install/bumperbot_description/lib/python3.12/site-packages'
[0.661s] Level 1:colcon.colcon_core.environment:checking '/home/papalist/tek_expo_demo_3_ws/install/bumperbot_description/bin'
[0.661s] INFO:colcon.colcon_core.shell:Creating package script '/home/papalist/tek_expo_demo_3_ws/install/bumperbot_description/share/bumperbot_description/package.ps1'
[0.663s] INFO:colcon.colcon_core.shell:Creating package descriptor '/home/papalist/tek_expo_demo_3_ws/install/bumperbot_description/share/bumperbot_description/package.dsv'
[0.664s] INFO:colcon.colcon_core.shell:Creating package script '/home/papalist/tek_expo_demo_3_ws/install/bumperbot_description/share/bumperbot_description/package.sh'
[0.665s] INFO:colcon.colcon_core.shell:Creating package script '/home/papalist/tek_expo_demo_3_ws/install/bumperbot_description/share/bumperbot_description/package.bash'
[0.668s] INFO:colcon.colcon_core.shell:Creating package script '/home/papalist/tek_expo_demo_3_ws/install/bumperbot_description/share/bumperbot_description/package.zsh'
[0.669s] Level 1:colcon.colcon_core.environment:create_file_with_runtime_dependencies(/home/papalist/tek_expo_demo_3_ws/install/bumperbot_description/share/colcon-core/packages/bumperbot_description)
[0.670s] Level 1:colcon.colcon_core.environment:create_environment_scripts_only(bumperbot_description)
[0.670s] Level 1:colcon.colcon_core.environment:checking '/home/papalist/tek_expo_demo_3_ws/install/bumperbot_description' for CMake module files
[0.671s] Level 1:colcon.colcon_core.environment:checking '/home/papalist/tek_expo_demo_3_ws/install/bumperbot_description' for CMake config files
[0.672s] Level 1:colcon.colcon_core.shell:create_environment_hook('bumperbot_description', 'cmake_prefix_path')
[0.672s] INFO:colcon.colcon_core.shell:Creating environment hook '/home/papalist/tek_expo_demo_3_ws/install/bumperbot_description/share/bumperbot_description/hook/cmake_prefix_path.ps1'
[0.673s] INFO:colcon.colcon_core.shell:Creating environment descriptor '/home/papalist/tek_expo_demo_3_ws/install/bumperbot_description/share/bumperbot_description/hook/cmake_prefix_path.dsv'
[0.674s] INFO:colcon.colcon_core.shell:Creating environment hook '/home/papalist/tek_expo_demo_3_ws/install/bumperbot_description/share/bumperbot_description/hook/cmake_prefix_path.sh'
[0.675s] Level 1:colcon.colcon_core.environment:checking '/home/papalist/tek_expo_demo_3_ws/install/bumperbot_description/bin'
[0.675s] Level 1:colcon.colcon_core.environment:checking '/home/papalist/tek_expo_demo_3_ws/install/bumperbot_description/lib/pkgconfig/bumperbot_description.pc'
[0.675s] Level 1:colcon.colcon_core.environment:checking '/home/papalist/tek_expo_demo_3_ws/install/bumperbot_description/lib/python3.12/site-packages'
[0.676s] Level 1:colcon.colcon_core.environment:checking '/home/papalist/tek_expo_demo_3_ws/install/bumperbot_description/bin'
[0.676s] INFO:colcon.colcon_core.shell:Creating package script '/home/papalist/tek_expo_demo_3_ws/install/bumperbot_description/share/bumperbot_description/package.ps1'
[0.677s] INFO:colcon.colcon_core.shell:Creating package descriptor '/home/papalist/tek_expo_demo_3_ws/install/bumperbot_description/share/bumperbot_description/package.dsv'
[0.678s] INFO:colcon.colcon_core.shell:Creating package script '/home/papalist/tek_expo_demo_3_ws/install/bumperbot_description/share/bumperbot_description/package.sh'
[0.679s] INFO:colcon.colcon_core.shell:Creating package script '/home/papalist/tek_expo_demo_3_ws/install/bumperbot_description/share/bumperbot_description/package.bash'
[0.680s] INFO:colcon.colcon_core.shell:Creating package script '/home/papalist/tek_expo_demo_3_ws/install/bumperbot_description/share/bumperbot_description/package.zsh'
[0.681s] Level 1:colcon.colcon_core.environment:create_file_with_runtime_dependencies(/home/papalist/tek_expo_demo_3_ws/install/bumperbot_description/share/colcon-core/packages/bumperbot_description)
[0.684s] DEBUG:colcon.colcon_core.event_handler.log_command:Invoked command in '/home/papalist/tek_expo_demo_3_ws/build/sllidar_ros2' returned '0': CMAKE_PREFIX_PATH=${CMAKE_PREFIX_PATH}:/opt/ros/jazzy DEBUGINFOD_URLS=https://debuginfod.ubuntu.com /usr/bin/cmake --build /home/papalist/tek_expo_demo_3_ws/build/sllidar_ros2 -- -j8 -l8
[0.685s] Level 1:colcon.colcon_core.environment:create_environment_scripts_only(rf2o_laser_odometry)
[0.686s] Level 1:colcon.colcon_core.environment:checking '/home/papalist/tek_expo_demo_3_ws/install/rf2o_laser_odometry' for CMake module files
[0.689s] DEBUG:colcon.colcon_core.event_handler.log_command:Invoking command in '/home/papalist/tek_expo_demo_3_ws/build/sllidar_ros2': CMAKE_PREFIX_PATH=${CMAKE_PREFIX_PATH}:/opt/ros/jazzy DEBUGINFOD_URLS=https://debuginfod.ubuntu.com /usr/bin/cmake --install /home/papalist/tek_expo_demo_3_ws/build/sllidar_ros2
[0.689s] DEBUG:colcon.colcon_core.event_handler.log_command:Invoked command in '/home/papalist/tek_expo_demo_3_ws/build/rf2o_laser_odometry' returned '0': CMAKE_PREFIX_PATH=${CMAKE_PREFIX_PATH}:/opt/ros/jazzy DEBUGINFOD_URLS=https://debuginfod.ubuntu.com /usr/bin/cmake --install /home/papalist/tek_expo_demo_3_ws/build/rf2o_laser_odometry
[0.690s] Level 1:colcon.colcon_core.environment:checking '/home/papalist/tek_expo_demo_3_ws/install/rf2o_laser_odometry' for CMake config files
[0.690s] Level 1:colcon.colcon_core.shell:create_environment_hook('rf2o_laser_odometry', 'cmake_prefix_path')
[0.690s] INFO:colcon.colcon_core.shell:Creating environment hook '/home/papalist/tek_expo_demo_3_ws/install/rf2o_laser_odometry/share/rf2o_laser_odometry/hook/cmake_prefix_path.ps1'
[0.691s] INFO:colcon.colcon_core.shell:Creating environment descriptor '/home/papalist/tek_expo_demo_3_ws/install/rf2o_laser_odometry/share/rf2o_laser_odometry/hook/cmake_prefix_path.dsv'
[0.692s] INFO:colcon.colcon_core.shell:Creating environment hook '/home/papalist/tek_expo_demo_3_ws/install/rf2o_laser_odometry/share/rf2o_laser_odometry/hook/cmake_prefix_path.sh'
[0.693s] Level 1:colcon.colcon_core.environment:checking '/home/papalist/tek_expo_demo_3_ws/install/rf2o_laser_odometry/lib'
[0.693s] Level 1:colcon.colcon_core.environment:checking '/home/papalist/tek_expo_demo_3_ws/install/rf2o_laser_odometry/bin'
[0.693s] Level 1:colcon.colcon_core.environment:checking '/home/papalist/tek_expo_demo_3_ws/install/rf2o_laser_odometry/lib/pkgconfig/rf2o_laser_odometry.pc'
[0.694s] Level 1:colcon.colcon_core.environment:checking '/home/papalist/tek_expo_demo_3_ws/install/rf2o_laser_odometry/lib/python3.12/site-packages'
[0.694s] Level 1:colcon.colcon_core.environment:checking '/home/papalist/tek_expo_demo_3_ws/install/rf2o_laser_odometry/bin'
[0.695s] INFO:colcon.colcon_core.shell:Creating package script '/home/papalist/tek_expo_demo_3_ws/install/rf2o_laser_odometry/share/rf2o_laser_odometry/package.ps1'
[0.695s] INFO:colcon.colcon_core.shell:Creating package descriptor '/home/papalist/tek_expo_demo_3_ws/install/rf2o_laser_odometry/share/rf2o_laser_odometry/package.dsv'
[0.696s] INFO:colcon.colcon_core.shell:Creating package script '/home/papalist/tek_expo_demo_3_ws/install/rf2o_laser_odometry/share/rf2o_laser_odometry/package.sh'
[0.697s] INFO:colcon.colcon_core.shell:Creating package script '/home/papalist/tek_expo_demo_3_ws/install/rf2o_laser_odometry/share/rf2o_laser_odometry/package.bash'
[0.697s] INFO:colcon.colcon_core.shell:Creating package script '/home/papalist/tek_expo_demo_3_ws/install/rf2o_laser_odometry/share/rf2o_laser_odometry/package.zsh'
[0.698s] Level 1:colcon.colcon_core.environment:create_file_with_runtime_dependencies(/home/papalist/tek_expo_demo_3_ws/install/rf2o_laser_odometry/share/colcon-core/packages/rf2o_laser_odometry)
[0.699s] Level 1:colcon.colcon_core.environment:create_environment_scripts_only(rf2o_laser_odometry)
[0.699s] Level 1:colcon.colcon_core.environment:checking '/home/papalist/tek_expo_demo_3_ws/install/rf2o_laser_odometry' for CMake module files
[0.700s] Level 1:colcon.colcon_core.environment:checking '/home/papalist/tek_expo_demo_3_ws/install/rf2o_laser_odometry' for CMake config files
[0.701s] Level 1:colcon.colcon_core.shell:create_environment_hook('rf2o_laser_odometry', 'cmake_prefix_path')
[0.701s] INFO:colcon.colcon_core.shell:Creating environment hook '/home/papalist/tek_expo_demo_3_ws/install/rf2o_laser_odometry/share/rf2o_laser_odometry/hook/cmake_prefix_path.ps1'
[0.702s] INFO:colcon.colcon_core.shell:Creating environment descriptor '/home/papalist/tek_expo_demo_3_ws/install/rf2o_laser_odometry/share/rf2o_laser_odometry/hook/cmake_prefix_path.dsv'
[0.702s] INFO:colcon.colcon_core.shell:Creating environment hook '/home/papalist/tek_expo_demo_3_ws/install/rf2o_laser_odometry/share/rf2o_laser_odometry/hook/cmake_prefix_path.sh'
[0.703s] Level 1:colcon.colcon_core.environment:checking '/home/papalist/tek_expo_demo_3_ws/install/rf2o_laser_odometry/lib'
[0.703s] Level 1:colcon.colcon_core.environment:checking '/home/papalist/tek_expo_demo_3_ws/install/rf2o_laser_odometry/bin'
[0.704s] Level 1:colcon.colcon_core.environment:checking '/home/papalist/tek_expo_demo_3_ws/install/rf2o_laser_odometry/lib/pkgconfig/rf2o_laser_odometry.pc'
[0.704s] Level 1:colcon.colcon_core.environment:checking '/home/papalist/tek_expo_demo_3_ws/install/rf2o_laser_odometry/lib/python3.12/site-packages'
[0.704s] Level 1:colcon.colcon_core.environment:checking '/home/papalist/tek_expo_demo_3_ws/install/rf2o_laser_odometry/bin'
[0.705s] INFO:colcon.colcon_core.shell:Creating package script '/home/papalist/tek_expo_demo_3_ws/install/rf2o_laser_odometry/share/rf2o_laser_odometry/package.ps1'
[0.706s] INFO:colcon.colcon_core.shell:Creating package descriptor '/home/papalist/tek_expo_demo_3_ws/install/rf2o_laser_odometry/share/rf2o_laser_odometry/package.dsv'
[0.707s] INFO:colcon.colcon_core.shell:Creating package script '/home/papalist/tek_expo_demo_3_ws/install/rf2o_laser_odometry/share/rf2o_laser_odometry/package.sh'
[0.708s] INFO:colcon.colcon_core.shell:Creating package script '/home/papalist/tek_expo_demo_3_ws/install/rf2o_laser_odometry/share/rf2o_laser_odometry/package.bash'
[0.708s] INFO:colcon.colcon_core.shell:Creating package script '/home/papalist/tek_expo_demo_3_ws/install/rf2o_laser_odometry/share/rf2o_laser_odometry/package.zsh'
[0.710s] Level 1:colcon.colcon_core.environment:create_file_with_runtime_dependencies(/home/papalist/tek_expo_demo_3_ws/install/rf2o_laser_odometry/share/colcon-core/packages/rf2o_laser_odometry)
[0.727s] Level 1:colcon.colcon_core.environment:create_environment_scripts_only(sllidar_ros2)
[0.727s] Level 1:colcon.colcon_core.environment:checking '/home/papalist/tek_expo_demo_3_ws/install/sllidar_ros2' for CMake module files
[0.733s] DEBUG:colcon.colcon_core.event_handler.log_command:Invoked command in '/home/papalist/tek_expo_demo_3_ws/build/sllidar_ros2' returned '0': CMAKE_PREFIX_PATH=${CMAKE_PREFIX_PATH}:/opt/ros/jazzy DEBUGINFOD_URLS=https://debuginfod.ubuntu.com /usr/bin/cmake --install /home/papalist/tek_expo_demo_3_ws/build/sllidar_ros2
[0.734s] Level 1:colcon.colcon_core.environment:checking '/home/papalist/tek_expo_demo_3_ws/install/sllidar_ros2' for CMake config files
[0.735s] Level 1:colcon.colcon_core.shell:create_environment_hook('sllidar_ros2', 'cmake_prefix_path')
[0.735s] INFO:colcon.colcon_core.shell:Creating environment hook '/home/papalist/tek_expo_demo_3_ws/install/sllidar_ros2/share/sllidar_ros2/hook/cmake_prefix_path.ps1'
[0.736s] INFO:colcon.colcon_core.shell:Creating environment descriptor '/home/papalist/tek_expo_demo_3_ws/install/sllidar_ros2/share/sllidar_ros2/hook/cmake_prefix_path.dsv'
[0.737s] INFO:colcon.colcon_core.shell:Creating environment hook '/home/papalist/tek_expo_demo_3_ws/install/sllidar_ros2/share/sllidar_ros2/hook/cmake_prefix_path.sh'
[0.738s] Level 1:colcon.colcon_core.environment:checking '/home/papalist/tek_expo_demo_3_ws/install/sllidar_ros2/lib'
[0.738s] Level 1:colcon.colcon_core.environment:checking '/home/papalist/tek_expo_demo_3_ws/install/sllidar_ros2/bin'
[0.738s] Level 1:colcon.colcon_core.environment:checking '/home/papalist/tek_expo_demo_3_ws/install/sllidar_ros2/lib/pkgconfig/sllidar_ros2.pc'
[0.738s] Level 1:colcon.colcon_core.environment:checking '/home/papalist/tek_expo_demo_3_ws/install/sllidar_ros2/lib/python3.12/site-packages'
[0.739s] Level 1:colcon.colcon_core.environment:checking '/home/papalist/tek_expo_demo_3_ws/install/sllidar_ros2/bin'
[0.739s] INFO:colcon.colcon_core.shell:Creating package script '/home/papalist/tek_expo_demo_3_ws/install/sllidar_ros2/share/sllidar_ros2/package.ps1'
[0.740s] INFO:colcon.colcon_core.shell:Creating package descriptor '/home/papalist/tek_expo_demo_3_ws/install/sllidar_ros2/share/sllidar_ros2/package.dsv'
[0.741s] INFO:colcon.colcon_core.shell:Creating package script '/home/papalist/tek_expo_demo_3_ws/install/sllidar_ros2/share/sllidar_ros2/package.sh'
[0.742s] INFO:colcon.colcon_core.shell:Creating package script '/home/papalist/tek_expo_demo_3_ws/install/sllidar_ros2/share/sllidar_ros2/package.bash'
[0.742s] INFO:colcon.colcon_core.shell:Creating package script '/home/papalist/tek_expo_demo_3_ws/install/sllidar_ros2/share/sllidar_ros2/package.zsh'
[0.743s] Level 1:colcon.colcon_core.environment:create_file_with_runtime_dependencies(/home/papalist/tek_expo_demo_3_ws/install/sllidar_ros2/share/colcon-core/packages/sllidar_ros2)
[0.744s] Level 1:colcon.colcon_core.environment:create_environment_scripts_only(sllidar_ros2)
[0.744s] Level 1:colcon.colcon_core.environment:checking '/home/papalist/tek_expo_demo_3_ws/install/sllidar_ros2' for CMake module files
[0.745s] Level 1:colcon.colcon_core.environment:checking '/home/papalist/tek_expo_demo_3_ws/install/sllidar_ros2' for CMake config files
[0.746s] Level 1:colcon.colcon_core.shell:create_environment_hook('sllidar_ros2', 'cmake_prefix_path')
[0.746s] INFO:colcon.colcon_core.shell:Creating environment hook '/home/papalist/tek_expo_demo_3_ws/install/sllidar_ros2/share/sllidar_ros2/hook/cmake_prefix_path.ps1'
[0.747s] INFO:colcon.colcon_core.shell:Creating environment descriptor '/home/papalist/tek_expo_demo_3_ws/install/sllidar_ros2/share/sllidar_ros2/hook/cmake_prefix_path.dsv'
[0.747s] INFO:colcon.colcon_core.shell:Creating environment hook '/home/papalist/tek_expo_demo_3_ws/install/sllidar_ros2/share/sllidar_ros2/hook/cmake_prefix_path.sh'
[0.748s] Level 1:colcon.colcon_core.environment:checking '/home/papalist/tek_expo_demo_3_ws/install/sllidar_ros2/lib'
[0.748s] Level 1:colcon.colcon_core.environment:checking '/home/papalist/tek_expo_demo_3_ws/install/sllidar_ros2/bin'
[0.748s] Level 1:colcon.colcon_core.environment:checking '/home/papalist/tek_expo_demo_3_ws/install/sllidar_ros2/lib/pkgconfig/sllidar_ros2.pc'
[0.749s] Level 1:colcon.colcon_core.environment:checking '/home/papalist/tek_expo_demo_3_ws/install/sllidar_ros2/lib/python3.12/site-packages'
[0.749s] Level 1:colcon.colcon_core.environment:checking '/home/papalist/tek_expo_demo_3_ws/install/sllidar_ros2/bin'
[0.750s] INFO:colcon.colcon_core.shell:Creating package script '/home/papalist/tek_expo_demo_3_ws/install/sllidar_ros2/share/sllidar_ros2/package.ps1'
[0.750s] INFO:colcon.colcon_core.shell:Creating package descriptor '/home/papalist/tek_expo_demo_3_ws/install/sllidar_ros2/share/sllidar_ros2/package.dsv'
[0.751s] INFO:colcon.colcon_core.shell:Creating package script '/home/papalist/tek_expo_demo_3_ws/install/sllidar_ros2/share/sllidar_ros2/package.sh'
[0.752s] INFO:colcon.colcon_core.shell:Creating package script '/home/papalist/tek_expo_demo_3_ws/install/sllidar_ros2/share/sllidar_ros2/package.bash'
[0.753s] INFO:colcon.colcon_core.shell:Creating package script '/home/papalist/tek_expo_demo_3_ws/install/sllidar_ros2/share/sllidar_ros2/package.zsh'
[0.753s] Level 1:colcon.colcon_core.environment:create_file_with_runtime_dependencies(/home/papalist/tek_expo_demo_3_ws/install/sllidar_ros2/share/colcon-core/packages/sllidar_ros2)
[1.164s] DEBUG:colcon.colcon_core.event_handler.log_command:Invoked command in '/home/papalist/tek_expo_demo_3_ws/build/bumperbot_utils' returned '0': CMAKE_PREFIX_PATH=${CMAKE_PREFIX_PATH}:/opt/ros/jazzy DEBUGINFOD_URLS=https://debuginfod.ubuntu.com /usr/bin/cmake --build /home/papalist/tek_expo_demo_3_ws/build/bumperbot_utils -- -j8 -l8
[1.166s] DEBUG:colcon.colcon_core.event_handler.log_command:Invoking command in '/home/papalist/tek_expo_demo_3_ws/build/bumperbot_utils': CMAKE_PREFIX_PATH=${CMAKE_PREFIX_PATH}:/opt/ros/jazzy DEBUGINFOD_URLS=https://debuginfod.ubuntu.com /usr/bin/cmake --install /home/papalist/tek_expo_demo_3_ws/build/bumperbot_utils
[1.215s] DEBUG:colcon.colcon_core.event_handler.log_command:Invoked command in '/home/papalist/tek_expo_demo_3_ws/build/bumperbot_mapping' returned '0': CMAKE_PREFIX_PATH=${CMAKE_PREFIX_PATH}:/opt/ros/jazzy DEBUGINFOD_URLS=https://debuginfod.ubuntu.com /usr/bin/cmake --build /home/papalist/tek_expo_demo_3_ws/build/bumperbot_mapping -- -j8 -l8
[1.216s] DEBUG:colcon.colcon_core.event_handler.log_command:Invoking command in '/home/papalist/tek_expo_demo_3_ws/build/bumperbot_mapping': CMAKE_PREFIX_PATH=${CMAKE_PREFIX_PATH}:/opt/ros/jazzy DEBUGINFOD_URLS=https://debuginfod.ubuntu.com /usr/bin/cmake --install /home/papalist/tek_expo_demo_3_ws/build/bumperbot_mapping
[1.219s] DEBUG:colcon.colcon_core.event_handler.log_command:Invoked command in '/home/papalist/tek_expo_demo_3_ws/build/bumperbot_localization' returned '0': CMAKE_PREFIX_PATH=${CMAKE_PREFIX_PATH}:/opt/ros/jazzy DEBUGINFOD_URLS=https://debuginfod.ubuntu.com /usr/bin/cmake --build /home/papalist/tek_expo_demo_3_ws/build/bumperbot_localization -- -j8 -l8
[1.220s] DEBUG:colcon.colcon_core.event_handler.log_command:Invoking command in '/home/papalist/tek_expo_demo_3_ws/build/bumperbot_localization': CMAKE_PREFIX_PATH=${CMAKE_PREFIX_PATH}:/opt/ros/jazzy DEBUGINFOD_URLS=https://debuginfod.ubuntu.com /usr/bin/cmake --install /home/papalist/tek_expo_demo_3_ws/build/bumperbot_localization
[1.263s] Level 1:colcon.colcon_core.environment:create_environment_scripts_only(bumperbot_utils)
[1.264s] Level 1:colcon.colcon_core.environment:checking '/home/papalist/tek_expo_demo_3_ws/install/bumperbot_utils' for CMake module files
[1.265s] Level 1:colcon.colcon_core.environment:checking '/home/papalist/tek_expo_demo_3_ws/install/bumperbot_utils' for CMake config files
[1.265s] Level 1:colcon.colcon_core.shell:create_environment_hook('bumperbot_utils', 'cmake_prefix_path')
[1.265s] INFO:colcon.colcon_core.shell:Creating environment hook '/home/papalist/tek_expo_demo_3_ws/install/bumperbot_utils/share/bumperbot_utils/hook/cmake_prefix_path.ps1'
[1.266s] INFO:colcon.colcon_core.shell:Creating environment descriptor '/home/papalist/tek_expo_demo_3_ws/install/bumperbot_utils/share/bumperbot_utils/hook/cmake_prefix_path.dsv'
[1.267s] DEBUG:colcon.colcon_core.event_handler.log_command:Invoked command in '/home/papalist/tek_expo_demo_3_ws/build/bumperbot_utils' returned '0': CMAKE_PREFIX_PATH=${CMAKE_PREFIX_PATH}:/opt/ros/jazzy DEBUGINFOD_URLS=https://debuginfod.ubuntu.com /usr/bin/cmake --install /home/papalist/tek_expo_demo_3_ws/build/bumperbot_utils
[1.267s] INFO:colcon.colcon_core.shell:Creating environment hook '/home/papalist/tek_expo_demo_3_ws/install/bumperbot_utils/share/bumperbot_utils/hook/cmake_prefix_path.sh'
[1.268s] Level 1:colcon.colcon_core.environment:checking '/home/papalist/tek_expo_demo_3_ws/install/bumperbot_utils/lib'
[1.268s] Level 1:colcon.colcon_core.environment:checking '/home/papalist/tek_expo_demo_3_ws/install/bumperbot_utils/bin'
[1.269s] Level 1:colcon.colcon_core.environment:checking '/home/papalist/tek_expo_demo_3_ws/install/bumperbot_utils/lib/pkgconfig/bumperbot_utils.pc'
[1.269s] Level 1:colcon.colcon_core.environment:checking '/home/papalist/tek_expo_demo_3_ws/install/bumperbot_utils/lib/python3.12/site-packages'
[1.269s] Level 1:colcon.colcon_core.shell:create_environment_hook('bumperbot_utils', 'pythonpath')
[1.270s] INFO:colcon.colcon_core.shell:Creating environment hook '/home/papalist/tek_expo_demo_3_ws/install/bumperbot_utils/share/bumperbot_utils/hook/pythonpath.ps1'
[1.270s] INFO:colcon.colcon_core.shell:Creating environment descriptor '/home/papalist/tek_expo_demo_3_ws/install/bumperbot_utils/share/bumperbot_utils/hook/pythonpath.dsv'
[1.271s] INFO:colcon.colcon_core.shell:Creating environment hook '/home/papalist/tek_expo_demo_3_ws/install/bumperbot_utils/share/bumperbot_utils/hook/pythonpath.sh'
[1.272s] Level 1:colcon.colcon_core.environment:checking '/home/papalist/tek_expo_demo_3_ws/install/bumperbot_utils/bin'
[1.273s] INFO:colcon.colcon_core.shell:Creating package script '/home/papalist/tek_expo_demo_3_ws/install/bumperbot_utils/share/bumperbot_utils/package.ps1'
[1.274s] INFO:colcon.colcon_core.shell:Creating package descriptor '/home/papalist/tek_expo_demo_3_ws/install/bumperbot_utils/share/bumperbot_utils/package.dsv'
[1.274s] INFO:colcon.colcon_core.shell:Creating package script '/home/papalist/tek_expo_demo_3_ws/install/bumperbot_utils/share/bumperbot_utils/package.sh'
[1.275s] INFO:colcon.colcon_core.shell:Creating package script '/home/papalist/tek_expo_demo_3_ws/install/bumperbot_utils/share/bumperbot_utils/package.bash'
[1.276s] INFO:colcon.colcon_core.shell:Creating package script '/home/papalist/tek_expo_demo_3_ws/install/bumperbot_utils/share/bumperbot_utils/package.zsh'
[1.277s] Level 1:colcon.colcon_core.environment:create_file_with_runtime_dependencies(/home/papalist/tek_expo_demo_3_ws/install/bumperbot_utils/share/colcon-core/packages/bumperbot_utils)
[1.277s] Level 1:colcon.colcon_core.environment:create_environment_scripts_only(bumperbot_utils)
[1.278s] Level 1:colcon.colcon_core.environment:checking '/home/papalist/tek_expo_demo_3_ws/install/bumperbot_utils' for CMake module files
[1.279s] Level 1:colcon.colcon_core.environment:checking '/home/papalist/tek_expo_demo_3_ws/install/bumperbot_utils' for CMake config files
[1.280s] Level 1:colcon.colcon_core.shell:create_environment_hook('bumperbot_utils', 'cmake_prefix_path')
[1.280s] INFO:colcon.colcon_core.shell:Creating environment hook '/home/papalist/tek_expo_demo_3_ws/install/bumperbot_utils/share/bumperbot_utils/hook/cmake_prefix_path.ps1'
[1.281s] INFO:colcon.colcon_core.shell:Creating environment descriptor '/home/papalist/tek_expo_demo_3_ws/install/bumperbot_utils/share/bumperbot_utils/hook/cmake_prefix_path.dsv'
[1.281s] INFO:colcon.colcon_core.shell:Creating environment hook '/home/papalist/tek_expo_demo_3_ws/install/bumperbot_utils/share/bumperbot_utils/hook/cmake_prefix_path.sh'
[1.282s] Level 1:colcon.colcon_core.environment:checking '/home/papalist/tek_expo_demo_3_ws/install/bumperbot_utils/lib'
[1.283s] Level 1:colcon.colcon_core.environment:checking '/home/papalist/tek_expo_demo_3_ws/install/bumperbot_utils/bin'
[1.283s] Level 1:colcon.colcon_core.environment:checking '/home/papalist/tek_expo_demo_3_ws/install/bumperbot_utils/lib/pkgconfig/bumperbot_utils.pc'
[1.283s] Level 1:colcon.colcon_core.environment:checking '/home/papalist/tek_expo_demo_3_ws/install/bumperbot_utils/lib/python3.12/site-packages'
[1.283s] Level 1:colcon.colcon_core.shell:create_environment_hook('bumperbot_utils', 'pythonpath')
[1.284s] INFO:colcon.colcon_core.shell:Creating environment hook '/home/papalist/tek_expo_demo_3_ws/install/bumperbot_utils/share/bumperbot_utils/hook/pythonpath.ps1'
[1.285s] INFO:colcon.colcon_core.shell:Creating environment descriptor '/home/papalist/tek_expo_demo_3_ws/install/bumperbot_utils/share/bumperbot_utils/hook/pythonpath.dsv'
[1.285s] INFO:colcon.colcon_core.shell:Creating environment hook '/home/papalist/tek_expo_demo_3_ws/install/bumperbot_utils/share/bumperbot_utils/hook/pythonpath.sh'
[1.286s] Level 1:colcon.colcon_core.environment:checking '/home/papalist/tek_expo_demo_3_ws/install/bumperbot_utils/bin'
[1.287s] INFO:colcon.colcon_core.shell:Creating package script '/home/papalist/tek_expo_demo_3_ws/install/bumperbot_utils/share/bumperbot_utils/package.ps1'
[1.288s] INFO:colcon.colcon_core.shell:Creating package descriptor '/home/papalist/tek_expo_demo_3_ws/install/bumperbot_utils/share/bumperbot_utils/package.dsv'
[1.289s] INFO:colcon.colcon_core.shell:Creating package script '/home/papalist/tek_expo_demo_3_ws/install/bumperbot_utils/share/bumperbot_utils/package.sh'
[1.290s] INFO:colcon.colcon_core.shell:Creating package script '/home/papalist/tek_expo_demo_3_ws/install/bumperbot_utils/share/bumperbot_utils/package.bash'
[1.291s] INFO:colcon.colcon_core.shell:Creating package script '/home/papalist/tek_expo_demo_3_ws/install/bumperbot_utils/share/bumperbot_utils/package.zsh'
[1.292s] Level 1:colcon.colcon_core.environment:create_file_with_runtime_dependencies(/home/papalist/tek_expo_demo_3_ws/install/bumperbot_utils/share/colcon-core/packages/bumperbot_utils)
[1.306s] Level 1:colcon.colcon_core.environment:create_environment_scripts_only(bumperbot_mapping)
[1.306s] Level 1:colcon.colcon_core.environment:checking '/home/papalist/tek_expo_demo_3_ws/install/bumperbot_mapping' for CMake module files
[1.307s] DEBUG:colcon.colcon_core.event_handler.log_command:Invoked command in '/home/papalist/tek_expo_demo_3_ws/build/bumperbot_mapping' returned '0': CMAKE_PREFIX_PATH=${CMAKE_PREFIX_PATH}:/opt/ros/jazzy DEBUGINFOD_URLS=https://debuginfod.ubuntu.com /usr/bin/cmake --install /home/papalist/tek_expo_demo_3_ws/build/bumperbot_mapping
[1.308s] Level 1:colcon.colcon_core.environment:checking '/home/papalist/tek_expo_demo_3_ws/install/bumperbot_mapping' for CMake config files
[1.309s] Level 1:colcon.colcon_core.shell:create_environment_hook('bumperbot_mapping', 'cmake_prefix_path')
[1.309s] INFO:colcon.colcon_core.shell:Creating environment hook '/home/papalist/tek_expo_demo_3_ws/install/bumperbot_mapping/share/bumperbot_mapping/hook/cmake_prefix_path.ps1'
[1.310s] INFO:colcon.colcon_core.shell:Creating environment descriptor '/home/papalist/tek_expo_demo_3_ws/install/bumperbot_mapping/share/bumperbot_mapping/hook/cmake_prefix_path.dsv'
[1.311s] INFO:colcon.colcon_core.shell:Creating environment hook '/home/papalist/tek_expo_demo_3_ws/install/bumperbot_mapping/share/bumperbot_mapping/hook/cmake_prefix_path.sh'
[1.312s] Level 1:colcon.colcon_core.environment:checking '/home/papalist/tek_expo_demo_3_ws/install/bumperbot_mapping/lib'
[1.313s] Level 1:colcon.colcon_core.environment:checking '/home/papalist/tek_expo_demo_3_ws/install/bumperbot_mapping/bin'
[1.313s] Level 1:colcon.colcon_core.environment:checking '/home/papalist/tek_expo_demo_3_ws/install/bumperbot_mapping/lib/pkgconfig/bumperbot_mapping.pc'
[1.313s] Level 1:colcon.colcon_core.environment:checking '/home/papalist/tek_expo_demo_3_ws/install/bumperbot_mapping/lib/python3.12/site-packages'
[1.313s] Level 1:colcon.colcon_core.shell:create_environment_hook('bumperbot_mapping', 'pythonpath')
[1.313s] INFO:colcon.colcon_core.shell:Creating environment hook '/home/papalist/tek_expo_demo_3_ws/install/bumperbot_mapping/share/bumperbot_mapping/hook/pythonpath.ps1'
[1.314s] INFO:colcon.colcon_core.shell:Creating environment descriptor '/home/papalist/tek_expo_demo_3_ws/install/bumperbot_mapping/share/bumperbot_mapping/hook/pythonpath.dsv'
[1.314s] INFO:colcon.colcon_core.shell:Creating environment hook '/home/papalist/tek_expo_demo_3_ws/install/bumperbot_mapping/share/bumperbot_mapping/hook/pythonpath.sh'
[1.315s] Level 1:colcon.colcon_core.environment:checking '/home/papalist/tek_expo_demo_3_ws/install/bumperbot_mapping/bin'
[1.315s] INFO:colcon.colcon_core.shell:Creating package script '/home/papalist/tek_expo_demo_3_ws/install/bumperbot_mapping/share/bumperbot_mapping/package.ps1'
[1.316s] INFO:colcon.colcon_core.shell:Creating package descriptor '/home/papalist/tek_expo_demo_3_ws/install/bumperbot_mapping/share/bumperbot_mapping/package.dsv'
[1.317s] INFO:colcon.colcon_core.shell:Creating package script '/home/papalist/tek_expo_demo_3_ws/install/bumperbot_mapping/share/bumperbot_mapping/package.sh'
[1.318s] INFO:colcon.colcon_core.shell:Creating package script '/home/papalist/tek_expo_demo_3_ws/install/bumperbot_mapping/share/bumperbot_mapping/package.bash'
[1.319s] INFO:colcon.colcon_core.shell:Creating package script '/home/papalist/tek_expo_demo_3_ws/install/bumperbot_mapping/share/bumperbot_mapping/package.zsh'
[1.319s] Level 1:colcon.colcon_core.environment:create_file_with_runtime_dependencies(/home/papalist/tek_expo_demo_3_ws/install/bumperbot_mapping/share/colcon-core/packages/bumperbot_mapping)
[1.320s] Level 1:colcon.colcon_core.environment:create_environment_scripts_only(bumperbot_mapping)
[1.320s] Level 1:colcon.colcon_core.environment:checking '/home/papalist/tek_expo_demo_3_ws/install/bumperbot_mapping' for CMake module files
[1.321s] Level 1:colcon.colcon_core.environment:checking '/home/papalist/tek_expo_demo_3_ws/install/bumperbot_mapping' for CMake config files
[1.325s] Level 1:colcon.colcon_core.shell:create_environment_hook('bumperbot_mapping', 'cmake_prefix_path')
[1.326s] INFO:colcon.colcon_core.shell:Creating environment hook '/home/papalist/tek_expo_demo_3_ws/install/bumperbot_mapping/share/bumperbot_mapping/hook/cmake_prefix_path.ps1'
[1.327s] INFO:colcon.colcon_core.shell:Creating environment descriptor '/home/papalist/tek_expo_demo_3_ws/install/bumperbot_mapping/share/bumperbot_mapping/hook/cmake_prefix_path.dsv'
[1.328s] INFO:colcon.colcon_core.shell:Creating environment hook '/home/papalist/tek_expo_demo_3_ws/install/bumperbot_mapping/share/bumperbot_mapping/hook/cmake_prefix_path.sh'
[1.329s] Level 1:colcon.colcon_core.environment:checking '/home/papalist/tek_expo_demo_3_ws/install/bumperbot_mapping/lib'
[1.329s] Level 1:colcon.colcon_core.environment:checking '/home/papalist/tek_expo_demo_3_ws/install/bumperbot_mapping/bin'
[1.329s] Level 1:colcon.colcon_core.environment:checking '/home/papalist/tek_expo_demo_3_ws/install/bumperbot_mapping/lib/pkgconfig/bumperbot_mapping.pc'
[1.330s] Level 1:colcon.colcon_core.environment:checking '/home/papalist/tek_expo_demo_3_ws/install/bumperbot_mapping/lib/python3.12/site-packages'
[1.330s] Level 1:colcon.colcon_core.shell:create_environment_hook('bumperbot_mapping', 'pythonpath')
[1.330s] INFO:colcon.colcon_core.shell:Creating environment hook '/home/papalist/tek_expo_demo_3_ws/install/bumperbot_mapping/share/bumperbot_mapping/hook/pythonpath.ps1'
[1.331s] INFO:colcon.colcon_core.shell:Creating environment descriptor '/home/papalist/tek_expo_demo_3_ws/install/bumperbot_mapping/share/bumperbot_mapping/hook/pythonpath.dsv'
[1.332s] INFO:colcon.colcon_core.shell:Creating environment hook '/home/papalist/tek_expo_demo_3_ws/install/bumperbot_mapping/share/bumperbot_mapping/hook/pythonpath.sh'
[1.333s] Level 1:colcon.colcon_core.environment:checking '/home/papalist/tek_expo_demo_3_ws/install/bumperbot_mapping/bin'
[1.333s] INFO:colcon.colcon_core.shell:Creating package script '/home/papalist/tek_expo_demo_3_ws/install/bumperbot_mapping/share/bumperbot_mapping/package.ps1'
[1.335s] INFO:colcon.colcon_core.shell:Creating package descriptor '/home/papalist/tek_expo_demo_3_ws/install/bumperbot_mapping/share/bumperbot_mapping/package.dsv'
[1.336s] INFO:colcon.colcon_core.shell:Creating package script '/home/papalist/tek_expo_demo_3_ws/install/bumperbot_mapping/share/bumperbot_mapping/package.sh'
[1.337s] INFO:colcon.colcon_core.shell:Creating package script '/home/papalist/tek_expo_demo_3_ws/install/bumperbot_mapping/share/bumperbot_mapping/package.bash'
[1.337s] INFO:colcon.colcon_core.shell:Creating package script '/home/papalist/tek_expo_demo_3_ws/install/bumperbot_mapping/share/bumperbot_mapping/package.zsh'
[1.337s] Level 1:colcon.colcon_core.environment:create_file_with_runtime_dependencies(/home/papalist/tek_expo_demo_3_ws/install/bumperbot_mapping/share/colcon-core/packages/bumperbot_mapping)
[1.339s] Level 1:colcon.colcon_core.environment:create_environment_scripts_only(bumperbot_localization)
[1.340s] Level 1:colcon.colcon_core.environment:checking '/home/papalist/tek_expo_demo_3_ws/install/bumperbot_localization' for CMake module files
[1.341s] DEBUG:colcon.colcon_core.event_handler.log_command:Invoked command in '/home/papalist/tek_expo_demo_3_ws/build/bumperbot_localization' returned '0': CMAKE_PREFIX_PATH=${CMAKE_PREFIX_PATH}:/opt/ros/jazzy DEBUGINFOD_URLS=https://debuginfod.ubuntu.com /usr/bin/cmake --install /home/papalist/tek_expo_demo_3_ws/build/bumperbot_localization
[1.341s] Level 1:colcon.colcon_core.environment:checking '/home/papalist/tek_expo_demo_3_ws/install/bumperbot_localization' for CMake config files
[1.342s] Level 1:colcon.colcon_core.shell:create_environment_hook('bumperbot_localization', 'cmake_prefix_path')
[1.342s] INFO:colcon.colcon_core.shell:Creating environment hook '/home/papalist/tek_expo_demo_3_ws/install/bumperbot_localization/share/bumperbot_localization/hook/cmake_prefix_path.ps1'
[1.343s] INFO:colcon.colcon_core.shell:Creating environment descriptor '/home/papalist/tek_expo_demo_3_ws/install/bumperbot_localization/share/bumperbot_localization/hook/cmake_prefix_path.dsv'
[1.343s] INFO:colcon.colcon_core.shell:Creating environment hook '/home/papalist/tek_expo_demo_3_ws/install/bumperbot_localization/share/bumperbot_localization/hook/cmake_prefix_path.sh'
[1.344s] Level 1:colcon.colcon_core.environment:checking '/home/papalist/tek_expo_demo_3_ws/install/bumperbot_localization/lib'
[1.344s] Level 1:colcon.colcon_core.environment:checking '/home/papalist/tek_expo_demo_3_ws/install/bumperbot_localization/bin'
[1.344s] Level 1:colcon.colcon_core.environment:checking '/home/papalist/tek_expo_demo_3_ws/install/bumperbot_localization/lib/pkgconfig/bumperbot_localization.pc'
[1.345s] Level 1:colcon.colcon_core.environment:checking '/home/papalist/tek_expo_demo_3_ws/install/bumperbot_localization/lib/python3.12/site-packages'
[1.345s] Level 1:colcon.colcon_core.shell:create_environment_hook('bumperbot_localization', 'pythonpath')
[1.345s] INFO:colcon.colcon_core.shell:Creating environment hook '/home/papalist/tek_expo_demo_3_ws/install/bumperbot_localization/share/bumperbot_localization/hook/pythonpath.ps1'
[1.346s] INFO:colcon.colcon_core.shell:Creating environment descriptor '/home/papalist/tek_expo_demo_3_ws/install/bumperbot_localization/share/bumperbot_localization/hook/pythonpath.dsv'
[1.347s] INFO:colcon.colcon_core.shell:Creating environment hook '/home/papalist/tek_expo_demo_3_ws/install/bumperbot_localization/share/bumperbot_localization/hook/pythonpath.sh'
[1.348s] Level 1:colcon.colcon_core.environment:checking '/home/papalist/tek_expo_demo_3_ws/install/bumperbot_localization/bin'
[1.348s] INFO:colcon.colcon_core.shell:Creating package script '/home/papalist/tek_expo_demo_3_ws/install/bumperbot_localization/share/bumperbot_localization/package.ps1'
[1.349s] INFO:colcon.colcon_core.shell:Creating package descriptor '/home/papalist/tek_expo_demo_3_ws/install/bumperbot_localization/share/bumperbot_localization/package.dsv'
[1.349s] INFO:colcon.colcon_core.shell:Creating package script '/home/papalist/tek_expo_demo_3_ws/install/bumperbot_localization/share/bumperbot_localization/package.sh'
[1.350s] INFO:colcon.colcon_core.shell:Creating package script '/home/papalist/tek_expo_demo_3_ws/install/bumperbot_localization/share/bumperbot_localization/package.bash'
[1.351s] INFO:colcon.colcon_core.shell:Creating package script '/home/papalist/tek_expo_demo_3_ws/install/bumperbot_localization/share/bumperbot_localization/package.zsh'
[1.351s] Level 1:colcon.colcon_core.environment:create_file_with_runtime_dependencies(/home/papalist/tek_expo_demo_3_ws/install/bumperbot_localization/share/colcon-core/packages/bumperbot_localization)
[1.352s] Level 1:colcon.colcon_core.environment:create_environment_scripts_only(bumperbot_localization)
[1.352s] Level 1:colcon.colcon_core.environment:checking '/home/papalist/tek_expo_demo_3_ws/install/bumperbot_localization' for CMake module files
[1.353s] Level 1:colcon.colcon_core.environment:checking '/home/papalist/tek_expo_demo_3_ws/install/bumperbot_localization' for CMake config files
[1.354s] Level 1:colcon.colcon_core.shell:create_environment_hook('bumperbot_localization', 'cmake_prefix_path')
[1.354s] INFO:colcon.colcon_core.shell:Creating environment hook '/home/papalist/tek_expo_demo_3_ws/install/bumperbot_localization/share/bumperbot_localization/hook/cmake_prefix_path.ps1'
[1.355s] INFO:colcon.colcon_core.shell:Creating environment descriptor '/home/papalist/tek_expo_demo_3_ws/install/bumperbot_localization/share/bumperbot_localization/hook/cmake_prefix_path.dsv'
[1.356s] INFO:colcon.colcon_core.shell:Creating environment hook '/home/papalist/tek_expo_demo_3_ws/install/bumperbot_localization/share/bumperbot_localization/hook/cmake_prefix_path.sh'
[1.356s] Level 1:colcon.colcon_core.environment:checking '/home/papalist/tek_expo_demo_3_ws/install/bumperbot_localization/lib'
[1.357s] Level 1:colcon.colcon_core.environment:checking '/home/papalist/tek_expo_demo_3_ws/install/bumperbot_localization/bin'
[1.357s] Level 1:colcon.colcon_core.environment:checking '/home/papalist/tek_expo_demo_3_ws/install/bumperbot_localization/lib/pkgconfig/bumperbot_localization.pc'
[1.357s] Level 1:colcon.colcon_core.environment:checking '/home/papalist/tek_expo_demo_3_ws/install/bumperbot_localization/lib/python3.12/site-packages'
[1.357s] Level 1:colcon.colcon_core.shell:create_environment_hook('bumperbot_localization', 'pythonpath')
[1.358s] INFO:colcon.colcon_core.shell:Creating environment hook '/home/papalist/tek_expo_demo_3_ws/install/bumperbot_localization/share/bumperbot_localization/hook/pythonpath.ps1'
[1.358s] INFO:colcon.colcon_core.shell:Creating environment descriptor '/home/papalist/tek_expo_demo_3_ws/install/bumperbot_localization/share/bumperbot_localization/hook/pythonpath.dsv'
[1.359s] INFO:colcon.colcon_core.shell:Creating environment hook '/home/papalist/tek_expo_demo_3_ws/install/bumperbot_localization/share/bumperbot_localization/hook/pythonpath.sh'
[1.360s] Level 1:colcon.colcon_core.environment:checking '/home/papalist/tek_expo_demo_3_ws/install/bumperbot_localization/bin'
[1.360s] INFO:colcon.colcon_core.shell:Creating package script '/home/papalist/tek_expo_demo_3_ws/install/bumperbot_localization/share/bumperbot_localization/package.ps1'
[1.361s] INFO:colcon.colcon_core.shell:Creating package descriptor '/home/papalist/tek_expo_demo_3_ws/install/bumperbot_localization/share/bumperbot_localization/package.dsv'
[1.362s] INFO:colcon.colcon_core.shell:Creating package script '/home/papalist/tek_expo_demo_3_ws/install/bumperbot_localization/share/bumperbot_localization/package.sh'
[1.363s] INFO:colcon.colcon_core.shell:Creating package script '/home/papalist/tek_expo_demo_3_ws/install/bumperbot_localization/share/bumperbot_localization/package.bash'
[1.363s] INFO:colcon.colcon_core.shell:Creating package script '/home/papalist/tek_expo_demo_3_ws/install/bumperbot_localization/share/bumperbot_localization/package.zsh'
[1.364s] Level 1:colcon.colcon_core.environment:create_file_with_runtime_dependencies(/home/papalist/tek_expo_demo_3_ws/install/bumperbot_localization/share/colcon-core/packages/bumperbot_localization)
[1.366s] DEBUG:colcon.colcon_core.event_handler.log_command:Invoked command in '/home/papalist/tek_expo_demo_3_ws/build/bumperbot_firmware' returned '0': CMAKE_PREFIX_PATH=${CMAKE_PREFIX_PATH}:/opt/ros/jazzy DEBUGINFOD_URLS=https://debuginfod.ubuntu.com /usr/bin/cmake --build /home/papalist/tek_expo_demo_3_ws/build/bumperbot_firmware -- -j8 -l8
[1.367s] DEBUG:colcon.colcon_core.event_handler.log_command:Invoking command in '/home/papalist/tek_expo_demo_3_ws/build/bumperbot_firmware': CMAKE_PREFIX_PATH=${CMAKE_PREFIX_PATH}:/opt/ros/jazzy DEBUGINFOD_URLS=https://debuginfod.ubuntu.com /usr/bin/cmake --install /home/papalist/tek_expo_demo_3_ws/build/bumperbot_firmware
[1.437s] Level 1:colcon.colcon_core.environment:create_environment_scripts_only(bumperbot_firmware)
[1.437s] Level 1:colcon.colcon_core.environment:checking '/home/papalist/tek_expo_demo_3_ws/install/bumperbot_firmware' for CMake module files
[1.438s] DEBUG:colcon.colcon_core.event_handler.log_command:Invoked command in '/home/papalist/tek_expo_demo_3_ws/build/bumperbot_firmware' returned '0': CMAKE_PREFIX_PATH=${CMAKE_PREFIX_PATH}:/opt/ros/jazzy DEBUGINFOD_URLS=https://debuginfod.ubuntu.com /usr/bin/cmake --install /home/papalist/tek_expo_demo_3_ws/build/bumperbot_firmware
[1.439s] Level 1:colcon.colcon_core.environment:checking '/home/papalist/tek_expo_demo_3_ws/install/bumperbot_firmware' for CMake config files
[1.439s] Level 1:colcon.colcon_core.shell:create_environment_hook('bumperbot_firmware', 'cmake_prefix_path')
[1.440s] INFO:colcon.colcon_core.shell:Creating environment hook '/home/papalist/tek_expo_demo_3_ws/install/bumperbot_firmware/share/bumperbot_firmware/hook/cmake_prefix_path.ps1'
[1.440s] INFO:colcon.colcon_core.shell:Creating environment descriptor '/home/papalist/tek_expo_demo_3_ws/install/bumperbot_firmware/share/bumperbot_firmware/hook/cmake_prefix_path.dsv'
[1.441s] INFO:colcon.colcon_core.shell:Creating environment hook '/home/papalist/tek_expo_demo_3_ws/install/bumperbot_firmware/share/bumperbot_firmware/hook/cmake_prefix_path.sh'
[1.442s] Level 1:colcon.colcon_core.environment:checking '/home/papalist/tek_expo_demo_3_ws/install/bumperbot_firmware/lib'
[1.442s] Level 1:colcon.colcon_core.shell:create_environment_hook('bumperbot_firmware', 'ld_library_path_lib')
[1.442s] INFO:colcon.colcon_core.shell:Creating environment hook '/home/papalist/tek_expo_demo_3_ws/install/bumperbot_firmware/share/bumperbot_firmware/hook/ld_library_path_lib.ps1'
[1.443s] INFO:colcon.colcon_core.shell:Creating environment descriptor '/home/papalist/tek_expo_demo_3_ws/install/bumperbot_firmware/share/bumperbot_firmware/hook/ld_library_path_lib.dsv'
[1.443s] INFO:colcon.colcon_core.shell:Creating environment hook '/home/papalist/tek_expo_demo_3_ws/install/bumperbot_firmware/share/bumperbot_firmware/hook/ld_library_path_lib.sh'
[1.444s] Level 1:colcon.colcon_core.environment:checking '/home/papalist/tek_expo_demo_3_ws/install/bumperbot_firmware/bin'
[1.444s] Level 1:colcon.colcon_core.environment:checking '/home/papalist/tek_expo_demo_3_ws/install/bumperbot_firmware/lib/pkgconfig/bumperbot_firmware.pc'
[1.444s] Level 1:colcon.colcon_core.environment:checking '/home/papalist/tek_expo_demo_3_ws/install/bumperbot_firmware/lib/python3.12/site-packages'
[1.445s] Level 1:colcon.colcon_core.shell:create_environment_hook('bumperbot_firmware', 'pythonpath')
[1.445s] INFO:colcon.colcon_core.shell:Creating environment hook '/home/papalist/tek_expo_demo_3_ws/install/bumperbot_firmware/share/bumperbot_firmware/hook/pythonpath.ps1'
[1.446s] INFO:colcon.colcon_core.shell:Creating environment descriptor '/home/papalist/tek_expo_demo_3_ws/install/bumperbot_firmware/share/bumperbot_firmware/hook/pythonpath.dsv'
[1.446s] INFO:colcon.colcon_core.shell:Creating environment hook '/home/papalist/tek_expo_demo_3_ws/install/bumperbot_firmware/share/bumperbot_firmware/hook/pythonpath.sh'
[1.447s] Level 1:colcon.colcon_core.environment:checking '/home/papalist/tek_expo_demo_3_ws/install/bumperbot_firmware/bin'
[1.447s] INFO:colcon.colcon_core.shell:Creating package script '/home/papalist/tek_expo_demo_3_ws/install/bumperbot_firmware/share/bumperbot_firmware/package.ps1'
[1.448s] INFO:colcon.colcon_core.shell:Creating package descriptor '/home/papalist/tek_expo_demo_3_ws/install/bumperbot_firmware/share/bumperbot_firmware/package.dsv'
[1.449s] INFO:colcon.colcon_core.shell:Creating package script '/home/papalist/tek_expo_demo_3_ws/install/bumperbot_firmware/share/bumperbot_firmware/package.sh'
[1.450s] INFO:colcon.colcon_core.shell:Creating package script '/home/papalist/tek_expo_demo_3_ws/install/bumperbot_firmware/share/bumperbot_firmware/package.bash'
[1.450s] INFO:colcon.colcon_core.shell:Creating package script '/home/papalist/tek_expo_demo_3_ws/install/bumperbot_firmware/share/bumperbot_firmware/package.zsh'
[1.451s] Level 1:colcon.colcon_core.environment:create_file_with_runtime_dependencies(/home/papalist/tek_expo_demo_3_ws/install/bumperbot_firmware/share/colcon-core/packages/bumperbot_firmware)
[1.452s] Level 1:colcon.colcon_core.environment:create_environment_scripts_only(bumperbot_firmware)
[1.452s] Level 1:colcon.colcon_core.environment:checking '/home/papalist/tek_expo_demo_3_ws/install/bumperbot_firmware' for CMake module files
[1.453s] Level 1:colcon.colcon_core.environment:checking '/home/papalist/tek_expo_demo_3_ws/install/bumperbot_firmware' for CMake config files
[1.454s] Level 1:colcon.colcon_core.shell:create_environment_hook('bumperbot_firmware', 'cmake_prefix_path')
[1.454s] INFO:colcon.colcon_core.shell:Creating environment hook '/home/papalist/tek_expo_demo_3_ws/install/bumperbot_firmware/share/bumperbot_firmware/hook/cmake_prefix_path.ps1'
[1.455s] INFO:colcon.colcon_core.shell:Creating environment descriptor '/home/papalist/tek_expo_demo_3_ws/install/bumperbot_firmware/share/bumperbot_firmware/hook/cmake_prefix_path.dsv'
[1.455s] INFO:colcon.colcon_core.shell:Creating environment hook '/home/papalist/tek_expo_demo_3_ws/install/bumperbot_firmware/share/bumperbot_firmware/hook/cmake_prefix_path.sh'
[1.456s] Level 1:colcon.colcon_core.environment:checking '/home/papalist/tek_expo_demo_3_ws/install/bumperbot_firmware/lib'
[1.456s] Level 1:colcon.colcon_core.shell:create_environment_hook('bumperbot_firmware', 'ld_library_path_lib')
[1.457s] INFO:colcon.colcon_core.shell:Creating environment hook '/home/papalist/tek_expo_demo_3_ws/install/bumperbot_firmware/share/bumperbot_firmware/hook/ld_library_path_lib.ps1'
[1.457s] INFO:colcon.colcon_core.shell:Creating environment descriptor '/home/papalist/tek_expo_demo_3_ws/install/bumperbot_firmware/share/bumperbot_firmware/hook/ld_library_path_lib.dsv'
[1.458s] INFO:colcon.colcon_core.shell:Creating environment hook '/home/papalist/tek_expo_demo_3_ws/install/bumperbot_firmware/share/bumperbot_firmware/hook/ld_library_path_lib.sh'
[1.459s] Level 1:colcon.colcon_core.environment:checking '/home/papalist/tek_expo_demo_3_ws/install/bumperbot_firmware/bin'
[1.459s] Level 1:colcon.colcon_core.environment:checking '/home/papalist/tek_expo_demo_3_ws/install/bumperbot_firmware/lib/pkgconfig/bumperbot_firmware.pc'
[1.459s] Level 1:colcon.colcon_core.environment:checking '/home/papalist/tek_expo_demo_3_ws/install/bumperbot_firmware/lib/python3.12/site-packages'
[1.460s] Level 1:colcon.colcon_core.shell:create_environment_hook('bumperbot_firmware', 'pythonpath')
[1.460s] INFO:colcon.colcon_core.shell:Creating environment hook '/home/papalist/tek_expo_demo_3_ws/install/bumperbot_firmware/share/bumperbot_firmware/hook/pythonpath.ps1'
[1.461s] INFO:colcon.colcon_core.shell:Creating environment descriptor '/home/papalist/tek_expo_demo_3_ws/install/bumperbot_firmware/share/bumperbot_firmware/hook/pythonpath.dsv'
[1.461s] INFO:colcon.colcon_core.shell:Creating environment hook '/home/papalist/tek_expo_demo_3_ws/install/bumperbot_firmware/share/bumperbot_firmware/hook/pythonpath.sh'
[1.462s] Level 1:colcon.colcon_core.environment:checking '/home/papalist/tek_expo_demo_3_ws/install/bumperbot_firmware/bin'
[1.463s] INFO:colcon.colcon_core.shell:Creating package script '/home/papalist/tek_expo_demo_3_ws/install/bumperbot_firmware/share/bumperbot_firmware/package.ps1'
[1.464s] INFO:colcon.colcon_core.shell:Creating package descriptor '/home/papalist/tek_expo_demo_3_ws/install/bumperbot_firmware/share/bumperbot_firmware/package.dsv'
[1.465s] INFO:colcon.colcon_core.shell:Creating package script '/home/papalist/tek_expo_demo_3_ws/install/bumperbot_firmware/share/bumperbot_firmware/package.sh'
[1.466s] INFO:colcon.colcon_core.shell:Creating package script '/home/papalist/tek_expo_demo_3_ws/install/bumperbot_firmware/share/bumperbot_firmware/package.bash'
[1.467s] INFO:colcon.colcon_core.shell:Creating package script '/home/papalist/tek_expo_demo_3_ws/install/bumperbot_firmware/share/bumperbot_firmware/package.zsh'
[1.468s] Level 1:colcon.colcon_core.environment:create_file_with_runtime_dependencies(/home/papalist/tek_expo_demo_3_ws/install/bumperbot_firmware/share/colcon-core/packages/bumperbot_firmware)
[3.265s] DEBUG:colcon.colcon_core.event_handler.log_command:Invoked command in '/home/papalist/tek_expo_demo_3_ws/build/bumperbot_controller' returned '2': CMAKE_PREFIX_PATH=${CMAKE_PREFIX_PATH}:/opt/ros/jazzy DEBUGINFOD_URLS=https://debuginfod.ubuntu.com /usr/bin/cmake --build /home/papalist/tek_expo_demo_3_ws/build/bumperbot_controller -- -j8 -l8
[3.266s] Level 1:colcon.colcon_core.environment:create_environment_scripts_only(bumperbot_controller)
[3.266s] Level 1:colcon.colcon_core.environment:checking '/home/papalist/tek_expo_demo_3_ws/install/bumperbot_controller' for CMake module files
[3.267s] Level 1:colcon.colcon_core.environment:checking '/home/papalist/tek_expo_demo_3_ws/install/bumperbot_controller' for CMake config files
[3.268s] Level 1:colcon.colcon_core.shell:create_environment_hook('bumperbot_controller', 'cmake_prefix_path')
[3.268s] INFO:colcon.colcon_core.shell:Creating environment hook '/home/papalist/tek_expo_demo_3_ws/install/bumperbot_controller/share/bumperbot_controller/hook/cmake_prefix_path.ps1'
[3.269s] INFO:colcon.colcon_core.shell:Creating environment descriptor '/home/papalist/tek_expo_demo_3_ws/install/bumperbot_controller/share/bumperbot_controller/hook/cmake_prefix_path.dsv'
[3.269s] INFO:colcon.colcon_core.shell:Creating environment hook '/home/papalist/tek_expo_demo_3_ws/install/bumperbot_controller/share/bumperbot_controller/hook/cmake_prefix_path.sh'
[3.271s] Level 1:colcon.colcon_core.environment:checking '/home/papalist/tek_expo_demo_3_ws/install/bumperbot_controller/lib'
[3.271s] Level 1:colcon.colcon_core.environment:checking '/home/papalist/tek_expo_demo_3_ws/install/bumperbot_controller/bin'
[3.271s] Level 1:colcon.colcon_core.environment:checking '/home/papalist/tek_expo_demo_3_ws/install/bumperbot_controller/lib/pkgconfig/bumperbot_controller.pc'
[3.271s] Level 1:colcon.colcon_core.environment:checking '/home/papalist/tek_expo_demo_3_ws/install/bumperbot_controller/lib/python3.12/site-packages'
[3.272s] Level 1:colcon.colcon_core.shell:create_environment_hook('bumperbot_controller', 'pythonpath')
[3.272s] INFO:colcon.colcon_core.shell:Creating environment hook '/home/papalist/tek_expo_demo_3_ws/install/bumperbot_controller/share/bumperbot_controller/hook/pythonpath.ps1'
[3.273s] INFO:colcon.colcon_core.shell:Creating environment descriptor '/home/papalist/tek_expo_demo_3_ws/install/bumperbot_controller/share/bumperbot_controller/hook/pythonpath.dsv'
[3.273s] INFO:colcon.colcon_core.shell:Creating environment hook '/home/papalist/tek_expo_demo_3_ws/install/bumperbot_controller/share/bumperbot_controller/hook/pythonpath.sh'
[3.274s] Level 1:colcon.colcon_core.environment:checking '/home/papalist/tek_expo_demo_3_ws/install/bumperbot_controller/bin'
[3.275s] INFO:colcon.colcon_core.shell:Creating package script '/home/papalist/tek_expo_demo_3_ws/install/bumperbot_controller/share/bumperbot_controller/package.ps1'
[3.276s] INFO:colcon.colcon_core.shell:Creating package descriptor '/home/papalist/tek_expo_demo_3_ws/install/bumperbot_controller/share/bumperbot_controller/package.dsv'
[3.277s] INFO:colcon.colcon_core.shell:Creating package script '/home/papalist/tek_expo_demo_3_ws/install/bumperbot_controller/share/bumperbot_controller/package.sh'
[3.278s] INFO:colcon.colcon_core.shell:Creating package script '/home/papalist/tek_expo_demo_3_ws/install/bumperbot_controller/share/bumperbot_controller/package.bash'
[3.278s] INFO:colcon.colcon_core.shell:Creating package script '/home/papalist/tek_expo_demo_3_ws/install/bumperbot_controller/share/bumperbot_controller/package.zsh'
[3.279s] Level 1:colcon.colcon_core.environment:create_file_with_runtime_dependencies(/home/papalist/tek_expo_demo_3_ws/install/bumperbot_controller/share/colcon-core/packages/bumperbot_controller)
[3.290s] DEBUG:colcon.colcon_parallel_executor.executor.parallel:closing loop
[3.290s] DEBUG:colcon.colcon_parallel_executor.executor.parallel:loop closed
[3.290s] DEBUG:colcon.colcon_parallel_executor.executor.parallel:run_until_complete finished with '2'
[3.290s] DEBUG:colcon.colcon_core.event_reactor:joining thread
[3.299s] INFO:colcon.colcon_core.plugin_system:Skipping extension 'colcon_notification.desktop_notification.terminal_notifier': Not used on non-Darwin systems
[3.299s] INFO:colcon.colcon_core.plugin_system:Skipping extension 'colcon_notification.desktop_notification.win32': Not used on non-Windows systems
[3.299s] INFO:colcon.colcon_notification.desktop_notification:Sending desktop notification using 'notify2'
[3.325s] DEBUG:colcon.colcon_core.event_reactor:joined thread
[3.326s] INFO:colcon.colcon_core.shell:Creating prefix script '/home/papalist/tek_expo_demo_3_ws/install/local_setup.ps1'
[3.327s] INFO:colcon.colcon_core.shell:Creating prefix util module '/home/papalist/tek_expo_demo_3_ws/install/_local_setup_util_ps1.py'
[3.328s] INFO:colcon.colcon_core.shell:Creating prefix chain script '/home/papalist/tek_expo_demo_3_ws/install/setup.ps1'
[3.330s] INFO:colcon.colcon_core.shell:Creating prefix script '/home/papalist/tek_expo_demo_3_ws/install/local_setup.sh'
[3.331s] INFO:colcon.colcon_core.shell:Creating prefix util module '/home/papalist/tek_expo_demo_3_ws/install/_local_setup_util_sh.py'
[3.332s] INFO:colcon.colcon_core.shell:Creating prefix chain script '/home/papalist/tek_expo_demo_3_ws/install/setup.sh'
[3.334s] INFO:colcon.colcon_core.shell:Creating prefix script '/home/papalist/tek_expo_demo_3_ws/install/local_setup.bash'
[3.335s] INFO:colcon.colcon_core.shell:Creating prefix chain script '/home/papalist/tek_expo_demo_3_ws/install/setup.bash'
[3.336s] INFO:colcon.colcon_core.shell:Creating prefix script '/home/papalist/tek_expo_demo_3_ws/install/local_setup.zsh'
[3.337s] INFO:colcon.colcon_core.shell:Creating prefix chain script '/home/papalist/tek_expo_demo_3_ws/install/setup.zsh'
