-- Found ament_cmake: 2.5.2 (/opt/ros/jazzy/share/ament_cmake/cmake)
-- Found rclcpp: 28.1.5 (/opt/ros/jazzy/share/rclcpp/cmake)
-- Found rosidl_generator_c: 4.6.4 (/opt/ros/jazzy/share/rosidl_generator_c/cmake)
-- Found rosidl_generator_cpp: 4.6.4 (/opt/ros/jazzy/share/rosidl_generator_cpp/cmake)
-- Using all available rosidl_typesupport_c: rosidl_typesupport_fastrtps_c;rosidl_typesupport_introspection_c
-- Using all available rosidl_typesupport_cpp: rosidl_typesupport_fastrtps_cpp;rosidl_typesupport_introspection_cpp
-- Found rmw_implementation_cmake: 7.3.1 (/opt/ros/jazzy/share/rmw_implementation_cmake/cmake)
-- Found rmw_fastrtps_cpp: 8.4.1 (/opt/ros/jazzy/share/rmw_fastrtps_cpp/cmake)
-- Using RMW implementation 'rmw_fastrtps_cpp' as default
-- Found rclpy: 7.1.2 (/opt/ros/jazzy/share/rclpy/cmake)
-- Found geometry_msgs: 5.3.5 (/opt/ros/jazzy/share/geometry_msgs/cmake)
-- Found sensor_msgs: 5.3.5 (/opt/ros/jazzy/share/sensor_msgs/cmake)
-- Found nav_msgs: 5.3.5 (/opt/ros/jazzy/share/nav_msgs/cmake)
-- Found tf2_ros: 0.36.4 (/opt/ros/jazzy/share/tf2_ros/cmake)
-- Found realtime_tools: 2.8.1 (/opt/ros/jazzy/share/realtime_tools/cmake)
-- Found controller_interface: 4.20.0 (/opt/ros/jazzy/share/controller_interface/cmake)
-- Found generate_parameter_library: 0.3.9 (/opt/ros/jazzy/share/generate_parameter_library/cmake)
-- Found parameter_traits: 0.3.9 (/opt/ros/jazzy/share/parameter_traits/cmake)
-- Found std_srvs: 5.3.5 (/opt/ros/jazzy/share/std_srvs/cmake)
-- Found tf2_geometry_msgs: 0.36.4 (/opt/ros/jazzy/share/tf2_geometry_msgs/cmake)
-- Found eigen3_cmake_module: 0.3.0 (/opt/ros/jazzy/share/eigen3_cmake_module/cmake)
-- Ensuring Eigen3 include directory is part of orocos-kdl CMake target
-- Found ament_cmake_gmock: 2.5.2 (/opt/ros/jazzy/share/ament_cmake_gmock/cmake)
-- Found controller_manager: 4.20.0 (/opt/ros/jazzy/share/controller_manager/cmake)
-- Found ros2_control_test_assets: 4.20.0 (/opt/ros/jazzy/share/ros2_control_test_assets/cmake)
-- Found gmock sources under '/opt/ros/jazzy/src/gmock_vendor': C++ tests using 'Google Mock' will be built
-- Found ament_cmake_gtest: 2.5.2 (/opt/ros/jazzy/share/ament_cmake_gtest/cmake)
-- Found gtest sources under '/opt/ros/jazzy/src/gtest_vendor': C++ tests using 'Google Test' will be built
-- Configuring done (2.0s)
-- Generating done (0.1s)
-- Build files have been written to: /home/papalist/tek_expo_demo_3_ws/build/bumperbot_controller
[  6%] Built target mecanum_drive_controller_parameters
[ 40%] Built target gmock
[ 33%] Built target gmock_main
[ 40%] Built target ament_cmake_python_copy_bumperbot_controller
[ 46%] [32mBuilding CXX object CMakeFiles/mecanum_drive_controller.dir/src/mecanum_drive_controller.cpp.o[0m
[ 53%] [32mBuilding CXX object CMakeFiles/mecanum_drive_controller.dir/src/odometry.cpp.o[0m
[ 66%] Built target test_load_mecanum_drive_controller
running egg_info
writing bumperbot_controller.egg-info/PKG-INFO
writing dependency_links to bumperbot_controller.egg-info/dependency_links.txt
writing top-level names to bumperbot_controller.egg-info/top_level.txt
reading manifest file 'bumperbot_controller.egg-info/SOURCES.txt'
writing manifest file 'bumperbot_controller.egg-info/SOURCES.txt'
[ 66%] Built target ament_cmake_python_build_bumperbot_controller_egg
