[0.158s] DEBUG:colcon:Command line arguments: ['/usr/bin/colcon', 'build']
[0.158s] DEBUG:colcon:Parsed command line arguments: Namespace(log_base=None, log_level=None, verb_name='build', build_base='build', install_base='install', merge_install=False, symlink_install=False, test_result_base=None, continue_on_error=False, executor='parallel', parallel_workers=8, event_handlers=None, ignore_user_meta=False, metas=['./colcon.meta'], base_paths=['.'], packages_ignore=None, packages_ignore_regex=None, paths=None, packages_up_to=None, packages_up_to_regex=None, packages_above=None, packages_above_and_dependencies=None, packages_above_depth=None, packages_select_by_dep=None, packages_skip_by_dep=None, packages_skip_up_to=None, packages_select_build_failed=False, packages_skip_build_finished=False, packages_select_test_failures=False, packages_skip_test_passed=False, packages_select=None, packages_skip=None, packages_select_regex=None, packages_skip_regex=None, packages_start=None, packages_end=None, allow_overriding=[], cmake_args=None, cmake_target=None, cmake_target_skip_unavailable=False, cmake_clean_cache=False, cmake_clean_first=False, cmake_force_configure=False, ament_cmake_args=None, catkin_cmake_args=None, catkin_skip_building_tests=False, mixin_files=None, mixin=None, verb_parser=<colcon_mixin.mixin.mixin_argument.MixinArgumentDecorator object at 0x7f36cb677e00>, verb_extension=<colcon_core.verb.build.BuildVerb object at 0x7f36cb677b60>, main=<bound method BuildVerb.main of <colcon_core.verb.build.BuildVerb object at 0x7f36cb677b60>>, mixin_verb=('build',))
[0.203s] Level 1:colcon.colcon_core.package_discovery:discover_packages(colcon_meta) check parameters
[0.203s] Level 1:colcon.colcon_core.package_discovery:discover_packages(recursive) check parameters
[0.203s] Level 1:colcon.colcon_core.package_discovery:discover_packages(ignore) check parameters
[0.203s] Level 1:colcon.colcon_core.package_discovery:discover_packages(path) check parameters
[0.204s] Level 1:colcon.colcon_core.package_discovery:discover_packages(colcon_meta) discover
[0.204s] Level 1:colcon.colcon_core.package_discovery:discover_packages(recursive) discover
[0.204s] INFO:colcon.colcon_core.package_discovery:Crawling recursively for packages in '/home/papalist/tek_expo_demo_3_ws'
[0.204s] Level 1:colcon.colcon_core.package_identification:_identify(.) by extensions ['ignore', 'ignore_ament_install']
[0.204s] Level 1:colcon.colcon_core.package_identification:_identify(.) by extension 'ignore'
[0.204s] Level 1:colcon.colcon_core.package_identification:_identify(.) by extension 'ignore_ament_install'
[0.204s] Level 1:colcon.colcon_core.package_identification:_identify(.) by extensions ['colcon_pkg']
[0.204s] Level 1:colcon.colcon_core.package_identification:_identify(.) by extension 'colcon_pkg'
[0.204s] Level 1:colcon.colcon_core.package_identification:_identify(.) by extensions ['colcon_meta']
[0.204s] Level 1:colcon.colcon_core.package_identification:_identify(.) by extension 'colcon_meta'
[0.204s] Level 1:colcon.colcon_core.package_identification:_identify(.) by extensions ['ros']
[0.204s] Level 1:colcon.colcon_core.package_identification:_identify(.) by extension 'ros'
[0.232s] Level 1:colcon.colcon_core.package_identification:_identify(.) by extensions ['cmake', 'python']
[0.232s] Level 1:colcon.colcon_core.package_identification:_identify(.) by extension 'cmake'
[0.232s] Level 1:colcon.colcon_core.package_identification:_identify(.) by extension 'python'
[0.232s] Level 1:colcon.colcon_core.package_identification:_identify(.) by extensions ['python_setup_py']
[0.232s] Level 1:colcon.colcon_core.package_identification:_identify(.) by extension 'python_setup_py'
[0.233s] Level 1:colcon.colcon_core.package_identification:_identify(build) by extensions ['ignore', 'ignore_ament_install']
[0.233s] Level 1:colcon.colcon_core.package_identification:_identify(build) by extension 'ignore'
[0.233s] Level 1:colcon.colcon_core.package_identification:_identify(build) ignored
[0.233s] Level 1:colcon.colcon_core.package_identification:_identify(install) by extensions ['ignore', 'ignore_ament_install']
[0.233s] Level 1:colcon.colcon_core.package_identification:_identify(install) by extension 'ignore'
[0.234s] Level 1:colcon.colcon_core.package_identification:_identify(install) ignored
[0.234s] Level 1:colcon.colcon_core.package_identification:_identify(log) by extensions ['ignore', 'ignore_ament_install']
[0.234s] Level 1:colcon.colcon_core.package_identification:_identify(log) by extension 'ignore'
[0.234s] Level 1:colcon.colcon_core.package_identification:_identify(log) ignored
[0.234s] Level 1:colcon.colcon_core.package_identification:_identify(src) by extensions ['ignore', 'ignore_ament_install']
[0.234s] Level 1:colcon.colcon_core.package_identification:_identify(src) by extension 'ignore'
[0.234s] Level 1:colcon.colcon_core.package_identification:_identify(src) by extension 'ignore_ament_install'
[0.234s] Level 1:colcon.colcon_core.package_identification:_identify(src) by extensions ['colcon_pkg']
[0.234s] Level 1:colcon.colcon_core.package_identification:_identify(src) by extension 'colcon_pkg'
[0.235s] Level 1:colcon.colcon_core.package_identification:_identify(src) by extensions ['colcon_meta']
[0.235s] Level 1:colcon.colcon_core.package_identification:_identify(src) by extension 'colcon_meta'
[0.235s] Level 1:colcon.colcon_core.package_identification:_identify(src) by extensions ['ros']
[0.235s] Level 1:colcon.colcon_core.package_identification:_identify(src) by extension 'ros'
[0.235s] Level 1:colcon.colcon_core.package_identification:_identify(src) by extensions ['cmake', 'python']
[0.235s] Level 1:colcon.colcon_core.package_identification:_identify(src) by extension 'cmake'
[0.235s] Level 1:colcon.colcon_core.package_identification:_identify(src) by extension 'python'
[0.235s] Level 1:colcon.colcon_core.package_identification:_identify(src) by extensions ['python_setup_py']
[0.235s] Level 1:colcon.colcon_core.package_identification:_identify(src) by extension 'python_setup_py'
[0.235s] Level 1:colcon.colcon_core.package_identification:_identify(src/bumperbot_bringup) by extensions ['ignore', 'ignore_ament_install']
[0.235s] Level 1:colcon.colcon_core.package_identification:_identify(src/bumperbot_bringup) by extension 'ignore'
[0.235s] Level 1:colcon.colcon_core.package_identification:_identify(src/bumperbot_bringup) by extension 'ignore_ament_install'
[0.235s] Level 1:colcon.colcon_core.package_identification:_identify(src/bumperbot_bringup) by extensions ['colcon_pkg']
[0.236s] Level 1:colcon.colcon_core.package_identification:_identify(src/bumperbot_bringup) by extension 'colcon_pkg'
[0.236s] Level 1:colcon.colcon_core.package_identification:_identify(src/bumperbot_bringup) by extensions ['colcon_meta']
[0.236s] Level 1:colcon.colcon_core.package_identification:_identify(src/bumperbot_bringup) by extension 'colcon_meta'
[0.236s] Level 1:colcon.colcon_core.package_identification:_identify(src/bumperbot_bringup) by extensions ['ros']
[0.236s] Level 1:colcon.colcon_core.package_identification:_identify(src/bumperbot_bringup) by extension 'ros'
[0.238s] DEBUG:colcon.colcon_core.package_identification:Package 'src/bumperbot_bringup' with type 'ros.ament_cmake' and name 'bumperbot_bringup'
[0.238s] Level 1:colcon.colcon_core.package_identification:_identify(src/bumperbot_controller) by extensions ['ignore', 'ignore_ament_install']
[0.239s] Level 1:colcon.colcon_core.package_identification:_identify(src/bumperbot_controller) by extension 'ignore'
[0.239s] Level 1:colcon.colcon_core.package_identification:_identify(src/bumperbot_controller) by extension 'ignore_ament_install'
[0.239s] Level 1:colcon.colcon_core.package_identification:_identify(src/bumperbot_controller) by extensions ['colcon_pkg']
[0.239s] Level 1:colcon.colcon_core.package_identification:_identify(src/bumperbot_controller) by extension 'colcon_pkg'
[0.239s] Level 1:colcon.colcon_core.package_identification:_identify(src/bumperbot_controller) by extensions ['colcon_meta']
[0.239s] Level 1:colcon.colcon_core.package_identification:_identify(src/bumperbot_controller) by extension 'colcon_meta'
[0.239s] Level 1:colcon.colcon_core.package_identification:_identify(src/bumperbot_controller) by extensions ['ros']
[0.239s] Level 1:colcon.colcon_core.package_identification:_identify(src/bumperbot_controller) by extension 'ros'
[0.241s] DEBUG:colcon.colcon_core.package_identification:Package 'src/bumperbot_controller' with type 'ros.ament_cmake' and name 'bumperbot_controller'
[0.241s] Level 1:colcon.colcon_core.package_identification:_identify(src/bumperbot_description) by extensions ['ignore', 'ignore_ament_install']
[0.242s] Level 1:colcon.colcon_core.package_identification:_identify(src/bumperbot_description) by extension 'ignore'
[0.242s] Level 1:colcon.colcon_core.package_identification:_identify(src/bumperbot_description) by extension 'ignore_ament_install'
[0.242s] Level 1:colcon.colcon_core.package_identification:_identify(src/bumperbot_description) by extensions ['colcon_pkg']
[0.242s] Level 1:colcon.colcon_core.package_identification:_identify(src/bumperbot_description) by extension 'colcon_pkg'
[0.242s] Level 1:colcon.colcon_core.package_identification:_identify(src/bumperbot_description) by extensions ['colcon_meta']
[0.242s] Level 1:colcon.colcon_core.package_identification:_identify(src/bumperbot_description) by extension 'colcon_meta'
[0.242s] Level 1:colcon.colcon_core.package_identification:_identify(src/bumperbot_description) by extensions ['ros']
[0.242s] Level 1:colcon.colcon_core.package_identification:_identify(src/bumperbot_description) by extension 'ros'
[0.245s] DEBUG:colcon.colcon_core.package_identification:Package 'src/bumperbot_description' with type 'ros.ament_cmake' and name 'bumperbot_description'
[0.245s] Level 1:colcon.colcon_core.package_identification:_identify(src/bumperbot_firmware) by extensions ['ignore', 'ignore_ament_install']
[0.246s] Level 1:colcon.colcon_core.package_identification:_identify(src/bumperbot_firmware) by extension 'ignore'
[0.246s] Level 1:colcon.colcon_core.package_identification:_identify(src/bumperbot_firmware) by extension 'ignore_ament_install'
[0.246s] Level 1:colcon.colcon_core.package_identification:_identify(src/bumperbot_firmware) by extensions ['colcon_pkg']
[0.246s] Level 1:colcon.colcon_core.package_identification:_identify(src/bumperbot_firmware) by extension 'colcon_pkg'
[0.246s] Level 1:colcon.colcon_core.package_identification:_identify(src/bumperbot_firmware) by extensions ['colcon_meta']
[0.246s] Level 1:colcon.colcon_core.package_identification:_identify(src/bumperbot_firmware) by extension 'colcon_meta'
[0.246s] Level 1:colcon.colcon_core.package_identification:_identify(src/bumperbot_firmware) by extensions ['ros']
[0.246s] Level 1:colcon.colcon_core.package_identification:_identify(src/bumperbot_firmware) by extension 'ros'
[0.247s] DEBUG:colcon.colcon_core.package_identification:Package 'src/bumperbot_firmware' with type 'ros.ament_cmake' and name 'bumperbot_firmware'
[0.247s] Level 1:colcon.colcon_core.package_identification:_identify(src/bumperbot_localization) by extensions ['ignore', 'ignore_ament_install']
[0.248s] Level 1:colcon.colcon_core.package_identification:_identify(src/bumperbot_localization) by extension 'ignore'
[0.248s] Level 1:colcon.colcon_core.package_identification:_identify(src/bumperbot_localization) by extension 'ignore_ament_install'
[0.248s] Level 1:colcon.colcon_core.package_identification:_identify(src/bumperbot_localization) by extensions ['colcon_pkg']
[0.248s] Level 1:colcon.colcon_core.package_identification:_identify(src/bumperbot_localization) by extension 'colcon_pkg'
[0.248s] Level 1:colcon.colcon_core.package_identification:_identify(src/bumperbot_localization) by extensions ['colcon_meta']
[0.248s] Level 1:colcon.colcon_core.package_identification:_identify(src/bumperbot_localization) by extension 'colcon_meta'
[0.248s] Level 1:colcon.colcon_core.package_identification:_identify(src/bumperbot_localization) by extensions ['ros']
[0.248s] Level 1:colcon.colcon_core.package_identification:_identify(src/bumperbot_localization) by extension 'ros'
[0.249s] DEBUG:colcon.colcon_core.package_identification:Package 'src/bumperbot_localization' with type 'ros.ament_cmake' and name 'bumperbot_localization'
[0.249s] Level 1:colcon.colcon_core.package_identification:_identify(src/bumperbot_mapping) by extensions ['ignore', 'ignore_ament_install']
[0.249s] Level 1:colcon.colcon_core.package_identification:_identify(src/bumperbot_mapping) by extension 'ignore'
[0.250s] Level 1:colcon.colcon_core.package_identification:_identify(src/bumperbot_mapping) by extension 'ignore_ament_install'
[0.250s] Level 1:colcon.colcon_core.package_identification:_identify(src/bumperbot_mapping) by extensions ['colcon_pkg']
[0.250s] Level 1:colcon.colcon_core.package_identification:_identify(src/bumperbot_mapping) by extension 'colcon_pkg'
[0.250s] Level 1:colcon.colcon_core.package_identification:_identify(src/bumperbot_mapping) by extensions ['colcon_meta']
[0.250s] Level 1:colcon.colcon_core.package_identification:_identify(src/bumperbot_mapping) by extension 'colcon_meta'
[0.250s] Level 1:colcon.colcon_core.package_identification:_identify(src/bumperbot_mapping) by extensions ['ros']
[0.250s] Level 1:colcon.colcon_core.package_identification:_identify(src/bumperbot_mapping) by extension 'ros'
[0.251s] DEBUG:colcon.colcon_core.package_identification:Package 'src/bumperbot_mapping' with type 'ros.ament_cmake' and name 'bumperbot_mapping'
[0.251s] Level 1:colcon.colcon_core.package_identification:_identify(src/bumperbot_utils) by extensions ['ignore', 'ignore_ament_install']
[0.251s] Level 1:colcon.colcon_core.package_identification:_identify(src/bumperbot_utils) by extension 'ignore'
[0.251s] Level 1:colcon.colcon_core.package_identification:_identify(src/bumperbot_utils) by extension 'ignore_ament_install'
[0.251s] Level 1:colcon.colcon_core.package_identification:_identify(src/bumperbot_utils) by extensions ['colcon_pkg']
[0.251s] Level 1:colcon.colcon_core.package_identification:_identify(src/bumperbot_utils) by extension 'colcon_pkg'
[0.251s] Level 1:colcon.colcon_core.package_identification:_identify(src/bumperbot_utils) by extensions ['colcon_meta']
[0.251s] Level 1:colcon.colcon_core.package_identification:_identify(src/bumperbot_utils) by extension 'colcon_meta'
[0.252s] Level 1:colcon.colcon_core.package_identification:_identify(src/bumperbot_utils) by extensions ['ros']
[0.252s] Level 1:colcon.colcon_core.package_identification:_identify(src/bumperbot_utils) by extension 'ros'
[0.252s] DEBUG:colcon.colcon_core.package_identification:Package 'src/bumperbot_utils' with type 'ros.ament_cmake' and name 'bumperbot_utils'
[0.252s] Level 1:colcon.colcon_core.package_identification:_identify(src/rf2o_laser_odometry) by extensions ['ignore', 'ignore_ament_install']
[0.253s] Level 1:colcon.colcon_core.package_identification:_identify(src/rf2o_laser_odometry) by extension 'ignore'
[0.253s] Level 1:colcon.colcon_core.package_identification:_identify(src/rf2o_laser_odometry) by extension 'ignore_ament_install'
[0.253s] Level 1:colcon.colcon_core.package_identification:_identify(src/rf2o_laser_odometry) by extensions ['colcon_pkg']
[0.253s] Level 1:colcon.colcon_core.package_identification:_identify(src/rf2o_laser_odometry) by extension 'colcon_pkg'
[0.253s] Level 1:colcon.colcon_core.package_identification:_identify(src/rf2o_laser_odometry) by extensions ['colcon_meta']
[0.253s] Level 1:colcon.colcon_core.package_identification:_identify(src/rf2o_laser_odometry) by extension 'colcon_meta'
[0.253s] Level 1:colcon.colcon_core.package_identification:_identify(src/rf2o_laser_odometry) by extensions ['ros']
[0.253s] Level 1:colcon.colcon_core.package_identification:_identify(src/rf2o_laser_odometry) by extension 'ros'
[0.254s] DEBUG:colcon.colcon_core.package_identification:Package 'src/rf2o_laser_odometry' with type 'ros.ament_cmake' and name 'rf2o_laser_odometry'
[0.254s] Level 1:colcon.colcon_core.package_identification:_identify(src/sllidar_ros2) by extensions ['ignore', 'ignore_ament_install']
[0.254s] Level 1:colcon.colcon_core.package_identification:_identify(src/sllidar_ros2) by extension 'ignore'
[0.254s] Level 1:colcon.colcon_core.package_identification:_identify(src/sllidar_ros2) by extension 'ignore_ament_install'
[0.255s] Level 1:colcon.colcon_core.package_identification:_identify(src/sllidar_ros2) by extensions ['colcon_pkg']
[0.255s] Level 1:colcon.colcon_core.package_identification:_identify(src/sllidar_ros2) by extension 'colcon_pkg'
[0.255s] Level 1:colcon.colcon_core.package_identification:_identify(src/sllidar_ros2) by extensions ['colcon_meta']
[0.255s] Level 1:colcon.colcon_core.package_identification:_identify(src/sllidar_ros2) by extension 'colcon_meta'
[0.255s] Level 1:colcon.colcon_core.package_identification:_identify(src/sllidar_ros2) by extensions ['ros']
[0.255s] Level 1:colcon.colcon_core.package_identification:_identify(src/sllidar_ros2) by extension 'ros'
[0.255s] DEBUG:colcon.colcon_core.package_identification:Package 'src/sllidar_ros2' with type 'ros.ament_cmake' and name 'sllidar_ros2'
[0.256s] Level 1:colcon.colcon_core.package_discovery:discover_packages(recursive) using defaults
[0.256s] Level 1:colcon.colcon_core.package_discovery:discover_packages(ignore) discover
[0.256s] Level 1:colcon.colcon_core.package_discovery:discover_packages(ignore) using defaults
[0.256s] Level 1:colcon.colcon_core.package_discovery:discover_packages(path) discover
[0.256s] Level 1:colcon.colcon_core.package_discovery:discover_packages(path) using defaults
[0.278s] Level 1:colcon.colcon_core.package_discovery:discover_packages(prefix_path) check parameters
[0.278s] Level 1:colcon.colcon_core.package_discovery:discover_packages(prefix_path) discover
[0.282s] DEBUG:colcon.colcon_installed_package_information.package_discovery:Found 414 installed packages in /opt/ros/jazzy
[0.283s] Level 1:colcon.colcon_core.package_discovery:discover_packages(prefix_path) using defaults
[0.352s] Level 5:colcon.colcon_core.verb:set package 'bumperbot_controller' build argument 'cmake_args' from command line to 'None'
[0.352s] Level 5:colcon.colcon_core.verb:set package 'bumperbot_controller' build argument 'cmake_target' from command line to 'None'
[0.352s] Level 5:colcon.colcon_core.verb:set package 'bumperbot_controller' build argument 'cmake_target_skip_unavailable' from command line to 'False'
[0.352s] Level 5:colcon.colcon_core.verb:set package 'bumperbot_controller' build argument 'cmake_clean_cache' from command line to 'False'
[0.352s] Level 5:colcon.colcon_core.verb:set package 'bumperbot_controller' build argument 'cmake_clean_first' from command line to 'False'
[0.352s] Level 5:colcon.colcon_core.verb:set package 'bumperbot_controller' build argument 'cmake_force_configure' from command line to 'False'
[0.352s] Level 5:colcon.colcon_core.verb:set package 'bumperbot_controller' build argument 'ament_cmake_args' from command line to 'None'
[0.352s] Level 5:colcon.colcon_core.verb:set package 'bumperbot_controller' build argument 'catkin_cmake_args' from command line to 'None'
[0.352s] Level 5:colcon.colcon_core.verb:set package 'bumperbot_controller' build argument 'catkin_skip_building_tests' from command line to 'False'
[0.353s] DEBUG:colcon.colcon_core.verb:Building package 'bumperbot_controller' with the following arguments: {'ament_cmake_args': None, 'build_base': '/home/papalist/tek_expo_demo_3_ws/build/bumperbot_controller', 'catkin_cmake_args': None, 'catkin_skip_building_tests': False, 'cmake_args': None, 'cmake_clean_cache': False, 'cmake_clean_first': False, 'cmake_force_configure': False, 'cmake_target': None, 'cmake_target_skip_unavailable': False, 'install_base': '/home/papalist/tek_expo_demo_3_ws/install/bumperbot_controller', 'merge_install': False, 'path': '/home/papalist/tek_expo_demo_3_ws/src/bumperbot_controller', 'symlink_install': False, 'test_result_base': None}
[0.353s] Level 5:colcon.colcon_core.verb:set package 'bumperbot_description' build argument 'cmake_args' from command line to 'None'
[0.353s] Level 5:colcon.colcon_core.verb:set package 'bumperbot_description' build argument 'cmake_target' from command line to 'None'
[0.353s] Level 5:colcon.colcon_core.verb:set package 'bumperbot_description' build argument 'cmake_target_skip_unavailable' from command line to 'False'
[0.353s] Level 5:colcon.colcon_core.verb:set package 'bumperbot_description' build argument 'cmake_clean_cache' from command line to 'False'
[0.353s] Level 5:colcon.colcon_core.verb:set package 'bumperbot_description' build argument 'cmake_clean_first' from command line to 'False'
[0.353s] Level 5:colcon.colcon_core.verb:set package 'bumperbot_description' build argument 'cmake_force_configure' from command line to 'False'
[0.353s] Level 5:colcon.colcon_core.verb:set package 'bumperbot_description' build argument 'ament_cmake_args' from command line to 'None'
[0.353s] Level 5:colcon.colcon_core.verb:set package 'bumperbot_description' build argument 'catkin_cmake_args' from command line to 'None'
[0.353s] Level 5:colcon.colcon_core.verb:set package 'bumperbot_description' build argument 'catkin_skip_building_tests' from command line to 'False'
[0.353s] DEBUG:colcon.colcon_core.verb:Building package 'bumperbot_description' with the following arguments: {'ament_cmake_args': None, 'build_base': '/home/papalist/tek_expo_demo_3_ws/build/bumperbot_description', 'catkin_cmake_args': None, 'catkin_skip_building_tests': False, 'cmake_args': None, 'cmake_clean_cache': False, 'cmake_clean_first': False, 'cmake_force_configure': False, 'cmake_target': None, 'cmake_target_skip_unavailable': False, 'install_base': '/home/papalist/tek_expo_demo_3_ws/install/bumperbot_description', 'merge_install': False, 'path': '/home/papalist/tek_expo_demo_3_ws/src/bumperbot_description', 'symlink_install': False, 'test_result_base': None}
[0.354s] Level 5:colcon.colcon_core.verb:set package 'bumperbot_firmware' build argument 'cmake_args' from command line to 'None'
[0.354s] Level 5:colcon.colcon_core.verb:set package 'bumperbot_firmware' build argument 'cmake_target' from command line to 'None'
[0.354s] Level 5:colcon.colcon_core.verb:set package 'bumperbot_firmware' build argument 'cmake_target_skip_unavailable' from command line to 'False'
[0.354s] Level 5:colcon.colcon_core.verb:set package 'bumperbot_firmware' build argument 'cmake_clean_cache' from command line to 'False'
[0.354s] Level 5:colcon.colcon_core.verb:set package 'bumperbot_firmware' build argument 'cmake_clean_first' from command line to 'False'
[0.354s] Level 5:colcon.colcon_core.verb:set package 'bumperbot_firmware' build argument 'cmake_force_configure' from command line to 'False'
[0.354s] Level 5:colcon.colcon_core.verb:set package 'bumperbot_firmware' build argument 'ament_cmake_args' from command line to 'None'
[0.354s] Level 5:colcon.colcon_core.verb:set package 'bumperbot_firmware' build argument 'catkin_cmake_args' from command line to 'None'
[0.354s] Level 5:colcon.colcon_core.verb:set package 'bumperbot_firmware' build argument 'catkin_skip_building_tests' from command line to 'False'
[0.354s] DEBUG:colcon.colcon_core.verb:Building package 'bumperbot_firmware' with the following arguments: {'ament_cmake_args': None, 'build_base': '/home/papalist/tek_expo_demo_3_ws/build/bumperbot_firmware', 'catkin_cmake_args': None, 'catkin_skip_building_tests': False, 'cmake_args': None, 'cmake_clean_cache': False, 'cmake_clean_first': False, 'cmake_force_configure': False, 'cmake_target': None, 'cmake_target_skip_unavailable': False, 'install_base': '/home/papalist/tek_expo_demo_3_ws/install/bumperbot_firmware', 'merge_install': False, 'path': '/home/papalist/tek_expo_demo_3_ws/src/bumperbot_firmware', 'symlink_install': False, 'test_result_base': None}
[0.354s] Level 5:colcon.colcon_core.verb:set package 'bumperbot_localization' build argument 'cmake_args' from command line to 'None'
[0.354s] Level 5:colcon.colcon_core.verb:set package 'bumperbot_localization' build argument 'cmake_target' from command line to 'None'
[0.354s] Level 5:colcon.colcon_core.verb:set package 'bumperbot_localization' build argument 'cmake_target_skip_unavailable' from command line to 'False'
[0.354s] Level 5:colcon.colcon_core.verb:set package 'bumperbot_localization' build argument 'cmake_clean_cache' from command line to 'False'
[0.354s] Level 5:colcon.colcon_core.verb:set package 'bumperbot_localization' build argument 'cmake_clean_first' from command line to 'False'
[0.354s] Level 5:colcon.colcon_core.verb:set package 'bumperbot_localization' build argument 'cmake_force_configure' from command line to 'False'
[0.354s] Level 5:colcon.colcon_core.verb:set package 'bumperbot_localization' build argument 'ament_cmake_args' from command line to 'None'
[0.355s] Level 5:colcon.colcon_core.verb:set package 'bumperbot_localization' build argument 'catkin_cmake_args' from command line to 'None'
[0.355s] Level 5:colcon.colcon_core.verb:set package 'bumperbot_localization' build argument 'catkin_skip_building_tests' from command line to 'False'
[0.355s] DEBUG:colcon.colcon_core.verb:Building package 'bumperbot_localization' with the following arguments: {'ament_cmake_args': None, 'build_base': '/home/papalist/tek_expo_demo_3_ws/build/bumperbot_localization', 'catkin_cmake_args': None, 'catkin_skip_building_tests': False, 'cmake_args': None, 'cmake_clean_cache': False, 'cmake_clean_first': False, 'cmake_force_configure': False, 'cmake_target': None, 'cmake_target_skip_unavailable': False, 'install_base': '/home/papalist/tek_expo_demo_3_ws/install/bumperbot_localization', 'merge_install': False, 'path': '/home/papalist/tek_expo_demo_3_ws/src/bumperbot_localization', 'symlink_install': False, 'test_result_base': None}
[0.355s] Level 5:colcon.colcon_core.verb:set package 'bumperbot_mapping' build argument 'cmake_args' from command line to 'None'
[0.355s] Level 5:colcon.colcon_core.verb:set package 'bumperbot_mapping' build argument 'cmake_target' from command line to 'None'
[0.355s] Level 5:colcon.colcon_core.verb:set package 'bumperbot_mapping' build argument 'cmake_target_skip_unavailable' from command line to 'False'
[0.355s] Level 5:colcon.colcon_core.verb:set package 'bumperbot_mapping' build argument 'cmake_clean_cache' from command line to 'False'
[0.355s] Level 5:colcon.colcon_core.verb:set package 'bumperbot_mapping' build argument 'cmake_clean_first' from command line to 'False'
[0.355s] Level 5:colcon.colcon_core.verb:set package 'bumperbot_mapping' build argument 'cmake_force_configure' from command line to 'False'
[0.355s] Level 5:colcon.colcon_core.verb:set package 'bumperbot_mapping' build argument 'ament_cmake_args' from command line to 'None'
[0.355s] Level 5:colcon.colcon_core.verb:set package 'bumperbot_mapping' build argument 'catkin_cmake_args' from command line to 'None'
[0.355s] Level 5:colcon.colcon_core.verb:set package 'bumperbot_mapping' build argument 'catkin_skip_building_tests' from command line to 'False'
[0.355s] DEBUG:colcon.colcon_core.verb:Building package 'bumperbot_mapping' with the following arguments: {'ament_cmake_args': None, 'build_base': '/home/papalist/tek_expo_demo_3_ws/build/bumperbot_mapping', 'catkin_cmake_args': None, 'catkin_skip_building_tests': False, 'cmake_args': None, 'cmake_clean_cache': False, 'cmake_clean_first': False, 'cmake_force_configure': False, 'cmake_target': None, 'cmake_target_skip_unavailable': False, 'install_base': '/home/papalist/tek_expo_demo_3_ws/install/bumperbot_mapping', 'merge_install': False, 'path': '/home/papalist/tek_expo_demo_3_ws/src/bumperbot_mapping', 'symlink_install': False, 'test_result_base': None}
[0.355s] Level 5:colcon.colcon_core.verb:set package 'bumperbot_utils' build argument 'cmake_args' from command line to 'None'
[0.356s] Level 5:colcon.colcon_core.verb:set package 'bumperbot_utils' build argument 'cmake_target' from command line to 'None'
[0.356s] Level 5:colcon.colcon_core.verb:set package 'bumperbot_utils' build argument 'cmake_target_skip_unavailable' from command line to 'False'
[0.356s] Level 5:colcon.colcon_core.verb:set package 'bumperbot_utils' build argument 'cmake_clean_cache' from command line to 'False'
[0.356s] Level 5:colcon.colcon_core.verb:set package 'bumperbot_utils' build argument 'cmake_clean_first' from command line to 'False'
[0.356s] Level 5:colcon.colcon_core.verb:set package 'bumperbot_utils' build argument 'cmake_force_configure' from command line to 'False'
[0.356s] Level 5:colcon.colcon_core.verb:set package 'bumperbot_utils' build argument 'ament_cmake_args' from command line to 'None'
[0.356s] Level 5:colcon.colcon_core.verb:set package 'bumperbot_utils' build argument 'catkin_cmake_args' from command line to 'None'
[0.356s] Level 5:colcon.colcon_core.verb:set package 'bumperbot_utils' build argument 'catkin_skip_building_tests' from command line to 'False'
[0.356s] DEBUG:colcon.colcon_core.verb:Building package 'bumperbot_utils' with the following arguments: {'ament_cmake_args': None, 'build_base': '/home/papalist/tek_expo_demo_3_ws/build/bumperbot_utils', 'catkin_cmake_args': None, 'catkin_skip_building_tests': False, 'cmake_args': None, 'cmake_clean_cache': False, 'cmake_clean_first': False, 'cmake_force_configure': False, 'cmake_target': None, 'cmake_target_skip_unavailable': False, 'install_base': '/home/papalist/tek_expo_demo_3_ws/install/bumperbot_utils', 'merge_install': False, 'path': '/home/papalist/tek_expo_demo_3_ws/src/bumperbot_utils', 'symlink_install': False, 'test_result_base': None}
[0.356s] Level 5:colcon.colcon_core.verb:set package 'rf2o_laser_odometry' build argument 'cmake_args' from command line to 'None'
[0.356s] Level 5:colcon.colcon_core.verb:set package 'rf2o_laser_odometry' build argument 'cmake_target' from command line to 'None'
[0.356s] Level 5:colcon.colcon_core.verb:set package 'rf2o_laser_odometry' build argument 'cmake_target_skip_unavailable' from command line to 'False'
[0.356s] Level 5:colcon.colcon_core.verb:set package 'rf2o_laser_odometry' build argument 'cmake_clean_cache' from command line to 'False'
[0.356s] Level 5:colcon.colcon_core.verb:set package 'rf2o_laser_odometry' build argument 'cmake_clean_first' from command line to 'False'
[0.356s] Level 5:colcon.colcon_core.verb:set package 'rf2o_laser_odometry' build argument 'cmake_force_configure' from command line to 'False'
[0.356s] Level 5:colcon.colcon_core.verb:set package 'rf2o_laser_odometry' build argument 'ament_cmake_args' from command line to 'None'
[0.356s] Level 5:colcon.colcon_core.verb:set package 'rf2o_laser_odometry' build argument 'catkin_cmake_args' from command line to 'None'
[0.356s] Level 5:colcon.colcon_core.verb:set package 'rf2o_laser_odometry' build argument 'catkin_skip_building_tests' from command line to 'False'
[0.356s] DEBUG:colcon.colcon_core.verb:Building package 'rf2o_laser_odometry' with the following arguments: {'ament_cmake_args': None, 'build_base': '/home/papalist/tek_expo_demo_3_ws/build/rf2o_laser_odometry', 'catkin_cmake_args': None, 'catkin_skip_building_tests': False, 'cmake_args': None, 'cmake_clean_cache': False, 'cmake_clean_first': False, 'cmake_force_configure': False, 'cmake_target': None, 'cmake_target_skip_unavailable': False, 'install_base': '/home/papalist/tek_expo_demo_3_ws/install/rf2o_laser_odometry', 'merge_install': False, 'path': '/home/papalist/tek_expo_demo_3_ws/src/rf2o_laser_odometry', 'symlink_install': False, 'test_result_base': None}
[0.357s] Level 5:colcon.colcon_core.verb:set package 'sllidar_ros2' build argument 'cmake_args' from command line to 'None'
[0.357s] Level 5:colcon.colcon_core.verb:set package 'sllidar_ros2' build argument 'cmake_target' from command line to 'None'
[0.357s] Level 5:colcon.colcon_core.verb:set package 'sllidar_ros2' build argument 'cmake_target_skip_unavailable' from command line to 'False'
[0.357s] Level 5:colcon.colcon_core.verb:set package 'sllidar_ros2' build argument 'cmake_clean_cache' from command line to 'False'
[0.357s] Level 5:colcon.colcon_core.verb:set package 'sllidar_ros2' build argument 'cmake_clean_first' from command line to 'False'
[0.357s] Level 5:colcon.colcon_core.verb:set package 'sllidar_ros2' build argument 'cmake_force_configure' from command line to 'False'
[0.357s] Level 5:colcon.colcon_core.verb:set package 'sllidar_ros2' build argument 'ament_cmake_args' from command line to 'None'
[0.357s] Level 5:colcon.colcon_core.verb:set package 'sllidar_ros2' build argument 'catkin_cmake_args' from command line to 'None'
[0.357s] Level 5:colcon.colcon_core.verb:set package 'sllidar_ros2' build argument 'catkin_skip_building_tests' from command line to 'False'
[0.357s] DEBUG:colcon.colcon_core.verb:Building package 'sllidar_ros2' with the following arguments: {'ament_cmake_args': None, 'build_base': '/home/papalist/tek_expo_demo_3_ws/build/sllidar_ros2', 'catkin_cmake_args': None, 'catkin_skip_building_tests': False, 'cmake_args': None, 'cmake_clean_cache': False, 'cmake_clean_first': False, 'cmake_force_configure': False, 'cmake_target': None, 'cmake_target_skip_unavailable': False, 'install_base': '/home/papalist/tek_expo_demo_3_ws/install/sllidar_ros2', 'merge_install': False, 'path': '/home/papalist/tek_expo_demo_3_ws/src/sllidar_ros2', 'symlink_install': False, 'test_result_base': None}
[0.357s] Level 5:colcon.colcon_core.verb:set package 'bumperbot_bringup' build argument 'cmake_args' from command line to 'None'
[0.357s] Level 5:colcon.colcon_core.verb:set package 'bumperbot_bringup' build argument 'cmake_target' from command line to 'None'
[0.357s] Level 5:colcon.colcon_core.verb:set package 'bumperbot_bringup' build argument 'cmake_target_skip_unavailable' from command line to 'False'
[0.357s] Level 5:colcon.colcon_core.verb:set package 'bumperbot_bringup' build argument 'cmake_clean_cache' from command line to 'False'
[0.357s] Level 5:colcon.colcon_core.verb:set package 'bumperbot_bringup' build argument 'cmake_clean_first' from command line to 'False'
[0.357s] Level 5:colcon.colcon_core.verb:set package 'bumperbot_bringup' build argument 'cmake_force_configure' from command line to 'False'
[0.358s] Level 5:colcon.colcon_core.verb:set package 'bumperbot_bringup' build argument 'ament_cmake_args' from command line to 'None'
[0.358s] Level 5:colcon.colcon_core.verb:set package 'bumperbot_bringup' build argument 'catkin_cmake_args' from command line to 'None'
[0.358s] Level 5:colcon.colcon_core.verb:set package 'bumperbot_bringup' build argument 'catkin_skip_building_tests' from command line to 'False'
[0.358s] DEBUG:colcon.colcon_core.verb:Building package 'bumperbot_bringup' with the following arguments: {'ament_cmake_args': None, 'build_base': '/home/papalist/tek_expo_demo_3_ws/build/bumperbot_bringup', 'catkin_cmake_args': None, 'catkin_skip_building_tests': False, 'cmake_args': None, 'cmake_clean_cache': False, 'cmake_clean_first': False, 'cmake_force_configure': False, 'cmake_target': None, 'cmake_target_skip_unavailable': False, 'install_base': '/home/papalist/tek_expo_demo_3_ws/install/bumperbot_bringup', 'merge_install': False, 'path': '/home/papalist/tek_expo_demo_3_ws/src/bumperbot_bringup', 'symlink_install': False, 'test_result_base': None}
[0.358s] INFO:colcon.colcon_core.executor:Executing jobs using 'parallel' executor
[0.359s] DEBUG:colcon.colcon_parallel_executor.executor.parallel:run_until_complete
[0.359s] INFO:colcon.colcon_ros.task.ament_cmake.build:Building ROS package in '/home/papalist/tek_expo_demo_3_ws/src/bumperbot_controller' with build type 'ament_cmake'
[0.359s] INFO:colcon.colcon_cmake.task.cmake.build:Building CMake package in '/home/papalist/tek_expo_demo_3_ws/src/bumperbot_controller'
[0.363s] INFO:colcon.colcon_core.plugin_system:Skipping extension 'colcon_core.shell.bat': Not used on non-Windows systems
[0.363s] INFO:colcon.colcon_core.shell:Skip shell extension 'powershell' for command environment: Not usable outside of PowerShell
[0.363s] DEBUG:colcon.colcon_core.shell:Skip shell extension 'dsv' for command environment
[0.368s] INFO:colcon.colcon_ros.task.ament_cmake.build:Building ROS package in '/home/papalist/tek_expo_demo_3_ws/src/bumperbot_description' with build type 'ament_cmake'
[0.368s] INFO:colcon.colcon_cmake.task.cmake.build:Building CMake package in '/home/papalist/tek_expo_demo_3_ws/src/bumperbot_description'
[0.368s] INFO:colcon.colcon_core.shell:Skip shell extension 'powershell' for command environment: Not usable outside of PowerShell
[0.368s] DEBUG:colcon.colcon_core.shell:Skip shell extension 'dsv' for command environment
[0.372s] INFO:colcon.colcon_ros.task.ament_cmake.build:Building ROS package in '/home/papalist/tek_expo_demo_3_ws/src/bumperbot_firmware' with build type 'ament_cmake'
[0.373s] INFO:colcon.colcon_cmake.task.cmake.build:Building CMake package in '/home/papalist/tek_expo_demo_3_ws/src/bumperbot_firmware'
[0.373s] INFO:colcon.colcon_core.shell:Skip shell extension 'powershell' for command environment: Not usable outside of PowerShell
[0.374s] DEBUG:colcon.colcon_core.shell:Skip shell extension 'dsv' for command environment
[0.379s] INFO:colcon.colcon_ros.task.ament_cmake.build:Building ROS package in '/home/papalist/tek_expo_demo_3_ws/src/bumperbot_localization' with build type 'ament_cmake'
[0.379s] INFO:colcon.colcon_cmake.task.cmake.build:Building CMake package in '/home/papalist/tek_expo_demo_3_ws/src/bumperbot_localization'
[0.380s] INFO:colcon.colcon_core.shell:Skip shell extension 'powershell' for command environment: Not usable outside of PowerShell
[0.380s] DEBUG:colcon.colcon_core.shell:Skip shell extension 'dsv' for command environment
[0.384s] INFO:colcon.colcon_ros.task.ament_cmake.build:Building ROS package in '/home/papalist/tek_expo_demo_3_ws/src/bumperbot_mapping' with build type 'ament_cmake'
[0.384s] INFO:colcon.colcon_cmake.task.cmake.build:Building CMake package in '/home/papalist/tek_expo_demo_3_ws/src/bumperbot_mapping'
[0.384s] INFO:colcon.colcon_core.shell:Skip shell extension 'powershell' for command environment: Not usable outside of PowerShell
[0.384s] DEBUG:colcon.colcon_core.shell:Skip shell extension 'dsv' for command environment
[0.391s] INFO:colcon.colcon_ros.task.ament_cmake.build:Building ROS package in '/home/papalist/tek_expo_demo_3_ws/src/bumperbot_utils' with build type 'ament_cmake'
[0.391s] INFO:colcon.colcon_cmake.task.cmake.build:Building CMake package in '/home/papalist/tek_expo_demo_3_ws/src/bumperbot_utils'
[0.391s] INFO:colcon.colcon_core.shell:Skip shell extension 'powershell' for command environment: Not usable outside of PowerShell
[0.391s] DEBUG:colcon.colcon_core.shell:Skip shell extension 'dsv' for command environment
[0.399s] INFO:colcon.colcon_ros.task.ament_cmake.build:Building ROS package in '/home/papalist/tek_expo_demo_3_ws/src/rf2o_laser_odometry' with build type 'ament_cmake'
[0.400s] INFO:colcon.colcon_cmake.task.cmake.build:Building CMake package in '/home/papalist/tek_expo_demo_3_ws/src/rf2o_laser_odometry'
[0.400s] INFO:colcon.colcon_core.shell:Skip shell extension 'powershell' for command environment: Not usable outside of PowerShell
[0.400s] DEBUG:colcon.colcon_core.shell:Skip shell extension 'dsv' for command environment
[0.405s] INFO:colcon.colcon_ros.task.ament_cmake.build:Building ROS package in '/home/papalist/tek_expo_demo_3_ws/src/sllidar_ros2' with build type 'ament_cmake'
[0.405s] INFO:colcon.colcon_cmake.task.cmake.build:Building CMake package in '/home/papalist/tek_expo_demo_3_ws/src/sllidar_ros2'
[0.405s] INFO:colcon.colcon_core.shell:Skip shell extension 'powershell' for command environment: Not usable outside of PowerShell
[0.405s] DEBUG:colcon.colcon_core.shell:Skip shell extension 'dsv' for command environment
[0.419s] DEBUG:colcon.colcon_core.event_handler.log_command:Invoking command in '/home/papalist/tek_expo_demo_3_ws/build/bumperbot_controller': CMAKE_PREFIX_PATH=${CMAKE_PREFIX_PATH}:/opt/ros/jazzy DEBUGINFOD_URLS=https://debuginfod.ubuntu.com /usr/bin/cmake --build /home/papalist/tek_expo_demo_3_ws/build/bumperbot_controller -- -j8 -l8
[0.425s] DEBUG:colcon.colcon_core.event_handler.log_command:Invoking command in '/home/papalist/tek_expo_demo_3_ws/build/bumperbot_description': CMAKE_PREFIX_PATH=${CMAKE_PREFIX_PATH}:/opt/ros/jazzy DEBUGINFOD_URLS=https://debuginfod.ubuntu.com /usr/bin/cmake --build /home/papalist/tek_expo_demo_3_ws/build/bumperbot_description -- -j8 -l8
[0.429s] DEBUG:colcon.colcon_core.event_handler.log_command:Invoking command in '/home/papalist/tek_expo_demo_3_ws/build/bumperbot_firmware': CMAKE_PREFIX_PATH=${CMAKE_PREFIX_PATH}:/opt/ros/jazzy DEBUGINFOD_URLS=https://debuginfod.ubuntu.com /usr/bin/cmake --build /home/papalist/tek_expo_demo_3_ws/build/bumperbot_firmware -- -j8 -l8
[0.433s] DEBUG:colcon.colcon_core.event_handler.log_command:Invoking command in '/home/papalist/tek_expo_demo_3_ws/build/bumperbot_localization': CMAKE_PREFIX_PATH=${CMAKE_PREFIX_PATH}:/opt/ros/jazzy DEBUGINFOD_URLS=https://debuginfod.ubuntu.com /usr/bin/cmake --build /home/papalist/tek_expo_demo_3_ws/build/bumperbot_localization -- -j8 -l8
[0.439s] DEBUG:colcon.colcon_core.event_handler.log_command:Invoking command in '/home/papalist/tek_expo_demo_3_ws/build/bumperbot_mapping': CMAKE_PREFIX_PATH=${CMAKE_PREFIX_PATH}:/opt/ros/jazzy DEBUGINFOD_URLS=https://debuginfod.ubuntu.com /usr/bin/cmake --build /home/papalist/tek_expo_demo_3_ws/build/bumperbot_mapping -- -j8 -l8
[0.443s] DEBUG:colcon.colcon_core.event_handler.log_command:Invoking command in '/home/papalist/tek_expo_demo_3_ws/build/bumperbot_utils': CMAKE_PREFIX_PATH=${CMAKE_PREFIX_PATH}:/opt/ros/jazzy DEBUGINFOD_URLS=https://debuginfod.ubuntu.com /usr/bin/cmake --build /home/papalist/tek_expo_demo_3_ws/build/bumperbot_utils -- -j8 -l8
[0.472s] DEBUG:colcon.colcon_core.event_handler.log_command:Invoking command in '/home/papalist/tek_expo_demo_3_ws/build/rf2o_laser_odometry': CMAKE_PREFIX_PATH=${CMAKE_PREFIX_PATH}:/opt/ros/jazzy DEBUGINFOD_URLS=https://debuginfod.ubuntu.com /usr/bin/cmake --build /home/papalist/tek_expo_demo_3_ws/build/rf2o_laser_odometry -- -j8 -l8
[0.487s] DEBUG:colcon.colcon_core.event_handler.log_command:Invoking command in '/home/papalist/tek_expo_demo_3_ws/build/sllidar_ros2': CMAKE_PREFIX_PATH=${CMAKE_PREFIX_PATH}:/opt/ros/jazzy DEBUGINFOD_URLS=https://debuginfod.ubuntu.com /usr/bin/cmake --build /home/papalist/tek_expo_demo_3_ws/build/sllidar_ros2 -- -j8 -l8
[0.504s] DEBUG:colcon.colcon_core.event_handler.log_command:Invoked command in '/home/papalist/tek_expo_demo_3_ws/build/bumperbot_description' returned '0': CMAKE_PREFIX_PATH=${CMAKE_PREFIX_PATH}:/opt/ros/jazzy DEBUGINFOD_URLS=https://debuginfod.ubuntu.com /usr/bin/cmake --build /home/papalist/tek_expo_demo_3_ws/build/bumperbot_description -- -j8 -l8
[0.540s] DEBUG:colcon.colcon_core.event_handler.log_command:Invoking command in '/home/papalist/tek_expo_demo_3_ws/build/bumperbot_description': CMAKE_PREFIX_PATH=${CMAKE_PREFIX_PATH}:/opt/ros/jazzy DEBUGINFOD_URLS=https://debuginfod.ubuntu.com /usr/bin/cmake --install /home/papalist/tek_expo_demo_3_ws/build/bumperbot_description
[0.686s] DEBUG:colcon.colcon_core.event_handler.log_command:Invoked command in '/home/papalist/tek_expo_demo_3_ws/build/rf2o_laser_odometry' returned '0': CMAKE_PREFIX_PATH=${CMAKE_PREFIX_PATH}:/opt/ros/jazzy DEBUGINFOD_URLS=https://debuginfod.ubuntu.com /usr/bin/cmake --build /home/papalist/tek_expo_demo_3_ws/build/rf2o_laser_odometry -- -j8 -l8
[0.686s] DEBUG:colcon.colcon_core.event_handler.log_command:Invoking command in '/home/papalist/tek_expo_demo_3_ws/build/rf2o_laser_odometry': CMAKE_PREFIX_PATH=${CMAKE_PREFIX_PATH}:/opt/ros/jazzy DEBUGINFOD_URLS=https://debuginfod.ubuntu.com /usr/bin/cmake --install /home/papalist/tek_expo_demo_3_ws/build/rf2o_laser_odometry
[0.769s] Level 1:colcon.colcon_core.environment:create_environment_scripts_only(bumperbot_description)
[0.777s] Level 1:colcon.colcon_core.environment:checking '/home/papalist/tek_expo_demo_3_ws/install/bumperbot_description' for CMake module files
[0.778s] Level 1:colcon.colcon_core.environment:checking '/home/papalist/tek_expo_demo_3_ws/install/bumperbot_description' for CMake config files
[0.784s] Level 1:colcon.colcon_core.shell:create_environment_hook('bumperbot_description', 'cmake_prefix_path')
[0.784s] INFO:colcon.colcon_core.shell:Creating environment hook '/home/papalist/tek_expo_demo_3_ws/install/bumperbot_description/share/bumperbot_description/hook/cmake_prefix_path.ps1'
[0.785s] INFO:colcon.colcon_core.shell:Creating environment descriptor '/home/papalist/tek_expo_demo_3_ws/install/bumperbot_description/share/bumperbot_description/hook/cmake_prefix_path.dsv'
[0.786s] INFO:colcon.colcon_core.shell:Creating environment hook '/home/papalist/tek_expo_demo_3_ws/install/bumperbot_description/share/bumperbot_description/hook/cmake_prefix_path.sh'
[0.789s] Level 1:colcon.colcon_core.environment:checking '/home/papalist/tek_expo_demo_3_ws/install/bumperbot_description/bin'
[0.789s] Level 1:colcon.colcon_core.environment:checking '/home/papalist/tek_expo_demo_3_ws/install/bumperbot_description/lib/pkgconfig/bumperbot_description.pc'
[0.789s] Level 1:colcon.colcon_core.environment:checking '/home/papalist/tek_expo_demo_3_ws/install/bumperbot_description/lib/python3.12/site-packages'
[0.790s] Level 1:colcon.colcon_core.environment:checking '/home/papalist/tek_expo_demo_3_ws/install/bumperbot_description/bin'
[0.790s] INFO:colcon.colcon_core.shell:Creating package script '/home/papalist/tek_expo_demo_3_ws/install/bumperbot_description/share/bumperbot_description/package.ps1'
[0.791s] INFO:colcon.colcon_core.shell:Creating package descriptor '/home/papalist/tek_expo_demo_3_ws/install/bumperbot_description/share/bumperbot_description/package.dsv'
[0.792s] DEBUG:colcon.colcon_core.event_handler.log_command:Invoked command in '/home/papalist/tek_expo_demo_3_ws/build/sllidar_ros2' returned '0': CMAKE_PREFIX_PATH=${CMAKE_PREFIX_PATH}:/opt/ros/jazzy DEBUGINFOD_URLS=https://debuginfod.ubuntu.com /usr/bin/cmake --build /home/papalist/tek_expo_demo_3_ws/build/sllidar_ros2 -- -j8 -l8
[0.793s] DEBUG:colcon.colcon_core.event_handler.log_command:Invoking command in '/home/papalist/tek_expo_demo_3_ws/build/sllidar_ros2': CMAKE_PREFIX_PATH=${CMAKE_PREFIX_PATH}:/opt/ros/jazzy DEBUGINFOD_URLS=https://debuginfod.ubuntu.com /usr/bin/cmake --install /home/papalist/tek_expo_demo_3_ws/build/sllidar_ros2
[0.793s] DEBUG:colcon.colcon_core.event_handler.log_command:Invoked command in '/home/papalist/tek_expo_demo_3_ws/build/bumperbot_description' returned '0': CMAKE_PREFIX_PATH=${CMAKE_PREFIX_PATH}:/opt/ros/jazzy DEBUGINFOD_URLS=https://debuginfod.ubuntu.com /usr/bin/cmake --install /home/papalist/tek_expo_demo_3_ws/build/bumperbot_description
[0.794s] INFO:colcon.colcon_core.shell:Creating package script '/home/papalist/tek_expo_demo_3_ws/install/bumperbot_description/share/bumperbot_description/package.sh'
[0.796s] INFO:colcon.colcon_core.shell:Creating package script '/home/papalist/tek_expo_demo_3_ws/install/bumperbot_description/share/bumperbot_description/package.bash'
[0.797s] INFO:colcon.colcon_core.shell:Creating package script '/home/papalist/tek_expo_demo_3_ws/install/bumperbot_description/share/bumperbot_description/package.zsh'
[0.798s] Level 1:colcon.colcon_core.environment:create_file_with_runtime_dependencies(/home/papalist/tek_expo_demo_3_ws/install/bumperbot_description/share/colcon-core/packages/bumperbot_description)
[0.799s] Level 1:colcon.colcon_core.environment:create_environment_scripts_only(bumperbot_description)
[0.799s] Level 1:colcon.colcon_core.environment:checking '/home/papalist/tek_expo_demo_3_ws/install/bumperbot_description' for CMake module files
[0.800s] Level 1:colcon.colcon_core.environment:checking '/home/papalist/tek_expo_demo_3_ws/install/bumperbot_description' for CMake config files
[0.801s] Level 1:colcon.colcon_core.shell:create_environment_hook('bumperbot_description', 'cmake_prefix_path')
[0.801s] INFO:colcon.colcon_core.shell:Creating environment hook '/home/papalist/tek_expo_demo_3_ws/install/bumperbot_description/share/bumperbot_description/hook/cmake_prefix_path.ps1'
[0.802s] INFO:colcon.colcon_core.shell:Creating environment descriptor '/home/papalist/tek_expo_demo_3_ws/install/bumperbot_description/share/bumperbot_description/hook/cmake_prefix_path.dsv'
[0.803s] INFO:colcon.colcon_core.shell:Creating environment hook '/home/papalist/tek_expo_demo_3_ws/install/bumperbot_description/share/bumperbot_description/hook/cmake_prefix_path.sh'
[0.804s] Level 1:colcon.colcon_core.environment:checking '/home/papalist/tek_expo_demo_3_ws/install/bumperbot_description/bin'
[0.804s] Level 1:colcon.colcon_core.environment:checking '/home/papalist/tek_expo_demo_3_ws/install/bumperbot_description/lib/pkgconfig/bumperbot_description.pc'
[0.804s] Level 1:colcon.colcon_core.environment:checking '/home/papalist/tek_expo_demo_3_ws/install/bumperbot_description/lib/python3.12/site-packages'
[0.805s] Level 1:colcon.colcon_core.environment:checking '/home/papalist/tek_expo_demo_3_ws/install/bumperbot_description/bin'
[0.805s] INFO:colcon.colcon_core.shell:Creating package script '/home/papalist/tek_expo_demo_3_ws/install/bumperbot_description/share/bumperbot_description/package.ps1'
[0.806s] INFO:colcon.colcon_core.shell:Creating package descriptor '/home/papalist/tek_expo_demo_3_ws/install/bumperbot_description/share/bumperbot_description/package.dsv'
[0.810s] INFO:colcon.colcon_core.shell:Creating package script '/home/papalist/tek_expo_demo_3_ws/install/bumperbot_description/share/bumperbot_description/package.sh'
[0.811s] INFO:colcon.colcon_core.shell:Creating package script '/home/papalist/tek_expo_demo_3_ws/install/bumperbot_description/share/bumperbot_description/package.bash'
[0.812s] INFO:colcon.colcon_core.shell:Creating package script '/home/papalist/tek_expo_demo_3_ws/install/bumperbot_description/share/bumperbot_description/package.zsh'
[0.813s] Level 1:colcon.colcon_core.environment:create_file_with_runtime_dependencies(/home/papalist/tek_expo_demo_3_ws/install/bumperbot_description/share/colcon-core/packages/bumperbot_description)
[0.816s] Level 1:colcon.colcon_core.environment:create_environment_scripts_only(rf2o_laser_odometry)
[0.817s] Level 1:colcon.colcon_core.environment:checking '/home/papalist/tek_expo_demo_3_ws/install/rf2o_laser_odometry' for CMake module files
[0.818s] Level 1:colcon.colcon_core.environment:checking '/home/papalist/tek_expo_demo_3_ws/install/rf2o_laser_odometry' for CMake config files
[0.819s] DEBUG:colcon.colcon_core.event_handler.log_command:Invoked command in '/home/papalist/tek_expo_demo_3_ws/build/rf2o_laser_odometry' returned '0': CMAKE_PREFIX_PATH=${CMAKE_PREFIX_PATH}:/opt/ros/jazzy DEBUGINFOD_URLS=https://debuginfod.ubuntu.com /usr/bin/cmake --install /home/papalist/tek_expo_demo_3_ws/build/rf2o_laser_odometry
[0.820s] Level 1:colcon.colcon_core.shell:create_environment_hook('rf2o_laser_odometry', 'cmake_prefix_path')
[0.820s] INFO:colcon.colcon_core.shell:Creating environment hook '/home/papalist/tek_expo_demo_3_ws/install/rf2o_laser_odometry/share/rf2o_laser_odometry/hook/cmake_prefix_path.ps1'
[0.821s] INFO:colcon.colcon_core.shell:Creating environment descriptor '/home/papalist/tek_expo_demo_3_ws/install/rf2o_laser_odometry/share/rf2o_laser_odometry/hook/cmake_prefix_path.dsv'
[0.821s] INFO:colcon.colcon_core.shell:Creating environment hook '/home/papalist/tek_expo_demo_3_ws/install/rf2o_laser_odometry/share/rf2o_laser_odometry/hook/cmake_prefix_path.sh'
[0.822s] Level 1:colcon.colcon_core.environment:checking '/home/papalist/tek_expo_demo_3_ws/install/rf2o_laser_odometry/lib'
[0.822s] Level 1:colcon.colcon_core.environment:checking '/home/papalist/tek_expo_demo_3_ws/install/rf2o_laser_odometry/bin'
[0.823s] Level 1:colcon.colcon_core.environment:checking '/home/papalist/tek_expo_demo_3_ws/install/rf2o_laser_odometry/lib/pkgconfig/rf2o_laser_odometry.pc'
[0.823s] Level 1:colcon.colcon_core.environment:checking '/home/papalist/tek_expo_demo_3_ws/install/rf2o_laser_odometry/lib/python3.12/site-packages'
[0.830s] Level 1:colcon.colcon_core.environment:checking '/home/papalist/tek_expo_demo_3_ws/install/rf2o_laser_odometry/bin'
[0.831s] INFO:colcon.colcon_core.shell:Creating package script '/home/papalist/tek_expo_demo_3_ws/install/rf2o_laser_odometry/share/rf2o_laser_odometry/package.ps1'
[0.832s] INFO:colcon.colcon_core.shell:Creating package descriptor '/home/papalist/tek_expo_demo_3_ws/install/rf2o_laser_odometry/share/rf2o_laser_odometry/package.dsv'
[0.833s] INFO:colcon.colcon_core.shell:Creating package script '/home/papalist/tek_expo_demo_3_ws/install/rf2o_laser_odometry/share/rf2o_laser_odometry/package.sh'
[0.834s] INFO:colcon.colcon_core.shell:Creating package script '/home/papalist/tek_expo_demo_3_ws/install/rf2o_laser_odometry/share/rf2o_laser_odometry/package.bash'
[0.834s] INFO:colcon.colcon_core.shell:Creating package script '/home/papalist/tek_expo_demo_3_ws/install/rf2o_laser_odometry/share/rf2o_laser_odometry/package.zsh'
[0.835s] Level 1:colcon.colcon_core.environment:create_file_with_runtime_dependencies(/home/papalist/tek_expo_demo_3_ws/install/rf2o_laser_odometry/share/colcon-core/packages/rf2o_laser_odometry)
[0.836s] Level 1:colcon.colcon_core.environment:create_environment_scripts_only(rf2o_laser_odometry)
[0.836s] Level 1:colcon.colcon_core.environment:checking '/home/papalist/tek_expo_demo_3_ws/install/rf2o_laser_odometry' for CMake module files
[0.837s] Level 1:colcon.colcon_core.environment:checking '/home/papalist/tek_expo_demo_3_ws/install/rf2o_laser_odometry' for CMake config files
[0.842s] Level 1:colcon.colcon_core.shell:create_environment_hook('rf2o_laser_odometry', 'cmake_prefix_path')
[0.842s] INFO:colcon.colcon_core.shell:Creating environment hook '/home/papalist/tek_expo_demo_3_ws/install/rf2o_laser_odometry/share/rf2o_laser_odometry/hook/cmake_prefix_path.ps1'
[0.843s] INFO:colcon.colcon_core.shell:Creating environment descriptor '/home/papalist/tek_expo_demo_3_ws/install/rf2o_laser_odometry/share/rf2o_laser_odometry/hook/cmake_prefix_path.dsv'
[0.843s] INFO:colcon.colcon_core.shell:Creating environment hook '/home/papalist/tek_expo_demo_3_ws/install/rf2o_laser_odometry/share/rf2o_laser_odometry/hook/cmake_prefix_path.sh'
[0.844s] Level 1:colcon.colcon_core.environment:checking '/home/papalist/tek_expo_demo_3_ws/install/rf2o_laser_odometry/lib'
[0.844s] Level 1:colcon.colcon_core.environment:checking '/home/papalist/tek_expo_demo_3_ws/install/rf2o_laser_odometry/bin'
[0.844s] Level 1:colcon.colcon_core.environment:checking '/home/papalist/tek_expo_demo_3_ws/install/rf2o_laser_odometry/lib/pkgconfig/rf2o_laser_odometry.pc'
[0.845s] Level 1:colcon.colcon_core.environment:checking '/home/papalist/tek_expo_demo_3_ws/install/rf2o_laser_odometry/lib/python3.12/site-packages'
[0.845s] Level 1:colcon.colcon_core.environment:checking '/home/papalist/tek_expo_demo_3_ws/install/rf2o_laser_odometry/bin'
[0.853s] INFO:colcon.colcon_core.shell:Creating package script '/home/papalist/tek_expo_demo_3_ws/install/rf2o_laser_odometry/share/rf2o_laser_odometry/package.ps1'
[0.854s] INFO:colcon.colcon_core.shell:Creating package descriptor '/home/papalist/tek_expo_demo_3_ws/install/rf2o_laser_odometry/share/rf2o_laser_odometry/package.dsv'
[0.855s] INFO:colcon.colcon_core.shell:Creating package script '/home/papalist/tek_expo_demo_3_ws/install/rf2o_laser_odometry/share/rf2o_laser_odometry/package.sh'
[0.855s] INFO:colcon.colcon_core.shell:Creating package script '/home/papalist/tek_expo_demo_3_ws/install/rf2o_laser_odometry/share/rf2o_laser_odometry/package.bash'
[0.856s] INFO:colcon.colcon_core.shell:Creating package script '/home/papalist/tek_expo_demo_3_ws/install/rf2o_laser_odometry/share/rf2o_laser_odometry/package.zsh'
[0.860s] Level 1:colcon.colcon_core.environment:create_file_with_runtime_dependencies(/home/papalist/tek_expo_demo_3_ws/install/rf2o_laser_odometry/share/colcon-core/packages/rf2o_laser_odometry)
[0.861s] Level 1:colcon.colcon_core.environment:create_environment_scripts_only(sllidar_ros2)
[0.862s] Level 1:colcon.colcon_core.environment:checking '/home/papalist/tek_expo_demo_3_ws/install/sllidar_ros2' for CMake module files
[0.863s] Level 1:colcon.colcon_core.environment:checking '/home/papalist/tek_expo_demo_3_ws/install/sllidar_ros2' for CMake config files
[0.864s] Level 1:colcon.colcon_core.shell:create_environment_hook('sllidar_ros2', 'cmake_prefix_path')
[0.864s] INFO:colcon.colcon_core.shell:Creating environment hook '/home/papalist/tek_expo_demo_3_ws/install/sllidar_ros2/share/sllidar_ros2/hook/cmake_prefix_path.ps1'
[0.869s] INFO:colcon.colcon_core.shell:Creating environment descriptor '/home/papalist/tek_expo_demo_3_ws/install/sllidar_ros2/share/sllidar_ros2/hook/cmake_prefix_path.dsv'
[0.870s] INFO:colcon.colcon_core.shell:Creating environment hook '/home/papalist/tek_expo_demo_3_ws/install/sllidar_ros2/share/sllidar_ros2/hook/cmake_prefix_path.sh'
[0.871s] Level 1:colcon.colcon_core.environment:checking '/home/papalist/tek_expo_demo_3_ws/install/sllidar_ros2/lib'
[0.871s] Level 1:colcon.colcon_core.environment:checking '/home/papalist/tek_expo_demo_3_ws/install/sllidar_ros2/bin'
[0.871s] Level 1:colcon.colcon_core.environment:checking '/home/papalist/tek_expo_demo_3_ws/install/sllidar_ros2/lib/pkgconfig/sllidar_ros2.pc'
[0.871s] Level 1:colcon.colcon_core.environment:checking '/home/papalist/tek_expo_demo_3_ws/install/sllidar_ros2/lib/python3.12/site-packages'
[0.876s] Level 1:colcon.colcon_core.environment:checking '/home/papalist/tek_expo_demo_3_ws/install/sllidar_ros2/bin'
[0.876s] INFO:colcon.colcon_core.shell:Creating package script '/home/papalist/tek_expo_demo_3_ws/install/sllidar_ros2/share/sllidar_ros2/package.ps1'
[0.877s] INFO:colcon.colcon_core.shell:Creating package descriptor '/home/papalist/tek_expo_demo_3_ws/install/sllidar_ros2/share/sllidar_ros2/package.dsv'
[0.878s] INFO:colcon.colcon_core.shell:Creating package script '/home/papalist/tek_expo_demo_3_ws/install/sllidar_ros2/share/sllidar_ros2/package.sh'
[0.878s] INFO:colcon.colcon_core.shell:Creating package script '/home/papalist/tek_expo_demo_3_ws/install/sllidar_ros2/share/sllidar_ros2/package.bash'
[0.879s] INFO:colcon.colcon_core.shell:Creating package script '/home/papalist/tek_expo_demo_3_ws/install/sllidar_ros2/share/sllidar_ros2/package.zsh'
[0.897s] DEBUG:colcon.colcon_core.event_handler.log_command:Invoked command in '/home/papalist/tek_expo_demo_3_ws/build/sllidar_ros2' returned '0': CMAKE_PREFIX_PATH=${CMAKE_PREFIX_PATH}:/opt/ros/jazzy DEBUGINFOD_URLS=https://debuginfod.ubuntu.com /usr/bin/cmake --install /home/papalist/tek_expo_demo_3_ws/build/sllidar_ros2
[0.897s] Level 1:colcon.colcon_core.environment:create_file_with_runtime_dependencies(/home/papalist/tek_expo_demo_3_ws/install/sllidar_ros2/share/colcon-core/packages/sllidar_ros2)
[0.898s] Level 1:colcon.colcon_core.environment:create_environment_scripts_only(sllidar_ros2)
[0.899s] Level 1:colcon.colcon_core.environment:checking '/home/papalist/tek_expo_demo_3_ws/install/sllidar_ros2' for CMake module files
[0.900s] Level 1:colcon.colcon_core.environment:checking '/home/papalist/tek_expo_demo_3_ws/install/sllidar_ros2' for CMake config files
[0.901s] Level 1:colcon.colcon_core.shell:create_environment_hook('sllidar_ros2', 'cmake_prefix_path')
[0.901s] INFO:colcon.colcon_core.shell:Creating environment hook '/home/papalist/tek_expo_demo_3_ws/install/sllidar_ros2/share/sllidar_ros2/hook/cmake_prefix_path.ps1'
[0.905s] INFO:colcon.colcon_core.shell:Creating environment descriptor '/home/papalist/tek_expo_demo_3_ws/install/sllidar_ros2/share/sllidar_ros2/hook/cmake_prefix_path.dsv'
[0.906s] INFO:colcon.colcon_core.shell:Creating environment hook '/home/papalist/tek_expo_demo_3_ws/install/sllidar_ros2/share/sllidar_ros2/hook/cmake_prefix_path.sh'
[0.908s] Level 1:colcon.colcon_core.environment:checking '/home/papalist/tek_expo_demo_3_ws/install/sllidar_ros2/lib'
[0.908s] Level 1:colcon.colcon_core.environment:checking '/home/papalist/tek_expo_demo_3_ws/install/sllidar_ros2/bin'
[0.908s] Level 1:colcon.colcon_core.environment:checking '/home/papalist/tek_expo_demo_3_ws/install/sllidar_ros2/lib/pkgconfig/sllidar_ros2.pc'
[0.908s] Level 1:colcon.colcon_core.environment:checking '/home/papalist/tek_expo_demo_3_ws/install/sllidar_ros2/lib/python3.12/site-packages'
[0.909s] Level 1:colcon.colcon_core.environment:checking '/home/papalist/tek_expo_demo_3_ws/install/sllidar_ros2/bin'
[0.909s] INFO:colcon.colcon_core.shell:Creating package script '/home/papalist/tek_expo_demo_3_ws/install/sllidar_ros2/share/sllidar_ros2/package.ps1'
[0.913s] INFO:colcon.colcon_core.shell:Creating package descriptor '/home/papalist/tek_expo_demo_3_ws/install/sllidar_ros2/share/sllidar_ros2/package.dsv'
[0.914s] INFO:colcon.colcon_core.shell:Creating package script '/home/papalist/tek_expo_demo_3_ws/install/sllidar_ros2/share/sllidar_ros2/package.sh'
[0.918s] INFO:colcon.colcon_core.shell:Creating package script '/home/papalist/tek_expo_demo_3_ws/install/sllidar_ros2/share/sllidar_ros2/package.bash'
[0.919s] INFO:colcon.colcon_core.shell:Creating package script '/home/papalist/tek_expo_demo_3_ws/install/sllidar_ros2/share/sllidar_ros2/package.zsh'
[0.920s] Level 1:colcon.colcon_core.environment:create_file_with_runtime_dependencies(/home/papalist/tek_expo_demo_3_ws/install/sllidar_ros2/share/colcon-core/packages/sllidar_ros2)
[1.549s] DEBUG:colcon.colcon_core.event_handler.log_command:Invoked command in '/home/papalist/tek_expo_demo_3_ws/build/bumperbot_mapping' returned '0': CMAKE_PREFIX_PATH=${CMAKE_PREFIX_PATH}:/opt/ros/jazzy DEBUGINFOD_URLS=https://debuginfod.ubuntu.com /usr/bin/cmake --build /home/papalist/tek_expo_demo_3_ws/build/bumperbot_mapping -- -j8 -l8
[1.550s] DEBUG:colcon.colcon_core.event_handler.log_command:Invoking command in '/home/papalist/tek_expo_demo_3_ws/build/bumperbot_mapping': CMAKE_PREFIX_PATH=${CMAKE_PREFIX_PATH}:/opt/ros/jazzy DEBUGINFOD_URLS=https://debuginfod.ubuntu.com /usr/bin/cmake --install /home/papalist/tek_expo_demo_3_ws/build/bumperbot_mapping
[1.571s] DEBUG:colcon.colcon_core.event_handler.log_command:Invoked command in '/home/papalist/tek_expo_demo_3_ws/build/bumperbot_firmware' returned '0': CMAKE_PREFIX_PATH=${CMAKE_PREFIX_PATH}:/opt/ros/jazzy DEBUGINFOD_URLS=https://debuginfod.ubuntu.com /usr/bin/cmake --build /home/papalist/tek_expo_demo_3_ws/build/bumperbot_firmware -- -j8 -l8
[1.574s] DEBUG:colcon.colcon_core.event_handler.log_command:Invoking command in '/home/papalist/tek_expo_demo_3_ws/build/bumperbot_firmware': CMAKE_PREFIX_PATH=${CMAKE_PREFIX_PATH}:/opt/ros/jazzy DEBUGINFOD_URLS=https://debuginfod.ubuntu.com /usr/bin/cmake --install /home/papalist/tek_expo_demo_3_ws/build/bumperbot_firmware
[1.679s] Level 1:colcon.colcon_core.environment:create_environment_scripts_only(bumperbot_mapping)
[1.680s] Level 1:colcon.colcon_core.environment:checking '/home/papalist/tek_expo_demo_3_ws/install/bumperbot_mapping' for CMake module files
[1.681s] DEBUG:colcon.colcon_core.event_handler.log_command:Invoked command in '/home/papalist/tek_expo_demo_3_ws/build/bumperbot_mapping' returned '0': CMAKE_PREFIX_PATH=${CMAKE_PREFIX_PATH}:/opt/ros/jazzy DEBUGINFOD_URLS=https://debuginfod.ubuntu.com /usr/bin/cmake --install /home/papalist/tek_expo_demo_3_ws/build/bumperbot_mapping
[1.682s] Level 1:colcon.colcon_core.environment:checking '/home/papalist/tek_expo_demo_3_ws/install/bumperbot_mapping' for CMake config files
[1.682s] Level 1:colcon.colcon_core.shell:create_environment_hook('bumperbot_mapping', 'cmake_prefix_path')
[1.683s] INFO:colcon.colcon_core.shell:Creating environment hook '/home/papalist/tek_expo_demo_3_ws/install/bumperbot_mapping/share/bumperbot_mapping/hook/cmake_prefix_path.ps1'
[1.683s] INFO:colcon.colcon_core.shell:Creating environment descriptor '/home/papalist/tek_expo_demo_3_ws/install/bumperbot_mapping/share/bumperbot_mapping/hook/cmake_prefix_path.dsv'
[1.684s] INFO:colcon.colcon_core.shell:Creating environment hook '/home/papalist/tek_expo_demo_3_ws/install/bumperbot_mapping/share/bumperbot_mapping/hook/cmake_prefix_path.sh'
[1.685s] Level 1:colcon.colcon_core.environment:checking '/home/papalist/tek_expo_demo_3_ws/install/bumperbot_mapping/lib'
[1.686s] Level 1:colcon.colcon_core.environment:checking '/home/papalist/tek_expo_demo_3_ws/install/bumperbot_mapping/bin'
[1.686s] Level 1:colcon.colcon_core.environment:checking '/home/papalist/tek_expo_demo_3_ws/install/bumperbot_mapping/lib/pkgconfig/bumperbot_mapping.pc'
[1.686s] Level 1:colcon.colcon_core.environment:checking '/home/papalist/tek_expo_demo_3_ws/install/bumperbot_mapping/lib/python3.12/site-packages'
[1.686s] Level 1:colcon.colcon_core.shell:create_environment_hook('bumperbot_mapping', 'pythonpath')
[1.687s] INFO:colcon.colcon_core.shell:Creating environment hook '/home/papalist/tek_expo_demo_3_ws/install/bumperbot_mapping/share/bumperbot_mapping/hook/pythonpath.ps1'
[1.688s] INFO:colcon.colcon_core.shell:Creating environment descriptor '/home/papalist/tek_expo_demo_3_ws/install/bumperbot_mapping/share/bumperbot_mapping/hook/pythonpath.dsv'
[1.689s] INFO:colcon.colcon_core.shell:Creating environment hook '/home/papalist/tek_expo_demo_3_ws/install/bumperbot_mapping/share/bumperbot_mapping/hook/pythonpath.sh'
[1.690s] Level 1:colcon.colcon_core.environment:checking '/home/papalist/tek_expo_demo_3_ws/install/bumperbot_mapping/bin'
[1.691s] INFO:colcon.colcon_core.shell:Creating package script '/home/papalist/tek_expo_demo_3_ws/install/bumperbot_mapping/share/bumperbot_mapping/package.ps1'
[1.692s] INFO:colcon.colcon_core.shell:Creating package descriptor '/home/papalist/tek_expo_demo_3_ws/install/bumperbot_mapping/share/bumperbot_mapping/package.dsv'
[1.693s] INFO:colcon.colcon_core.shell:Creating package script '/home/papalist/tek_expo_demo_3_ws/install/bumperbot_mapping/share/bumperbot_mapping/package.sh'
[1.694s] INFO:colcon.colcon_core.shell:Creating package script '/home/papalist/tek_expo_demo_3_ws/install/bumperbot_mapping/share/bumperbot_mapping/package.bash'
[1.694s] INFO:colcon.colcon_core.shell:Creating package script '/home/papalist/tek_expo_demo_3_ws/install/bumperbot_mapping/share/bumperbot_mapping/package.zsh'
[1.695s] Level 1:colcon.colcon_core.environment:create_file_with_runtime_dependencies(/home/papalist/tek_expo_demo_3_ws/install/bumperbot_mapping/share/colcon-core/packages/bumperbot_mapping)
[1.696s] Level 1:colcon.colcon_core.environment:create_environment_scripts_only(bumperbot_mapping)
[1.696s] Level 1:colcon.colcon_core.environment:checking '/home/papalist/tek_expo_demo_3_ws/install/bumperbot_mapping' for CMake module files
[1.698s] Level 1:colcon.colcon_core.environment:checking '/home/papalist/tek_expo_demo_3_ws/install/bumperbot_mapping' for CMake config files
[1.698s] Level 1:colcon.colcon_core.shell:create_environment_hook('bumperbot_mapping', 'cmake_prefix_path')
[1.698s] INFO:colcon.colcon_core.shell:Creating environment hook '/home/papalist/tek_expo_demo_3_ws/install/bumperbot_mapping/share/bumperbot_mapping/hook/cmake_prefix_path.ps1'
[1.701s] INFO:colcon.colcon_core.shell:Creating environment descriptor '/home/papalist/tek_expo_demo_3_ws/install/bumperbot_mapping/share/bumperbot_mapping/hook/cmake_prefix_path.dsv'
[1.702s] INFO:colcon.colcon_core.shell:Creating environment hook '/home/papalist/tek_expo_demo_3_ws/install/bumperbot_mapping/share/bumperbot_mapping/hook/cmake_prefix_path.sh'
[1.703s] Level 1:colcon.colcon_core.environment:checking '/home/papalist/tek_expo_demo_3_ws/install/bumperbot_mapping/lib'
[1.703s] Level 1:colcon.colcon_core.environment:checking '/home/papalist/tek_expo_demo_3_ws/install/bumperbot_mapping/bin'
[1.703s] Level 1:colcon.colcon_core.environment:checking '/home/papalist/tek_expo_demo_3_ws/install/bumperbot_mapping/lib/pkgconfig/bumperbot_mapping.pc'
[1.704s] Level 1:colcon.colcon_core.environment:checking '/home/papalist/tek_expo_demo_3_ws/install/bumperbot_mapping/lib/python3.12/site-packages'
[1.704s] Level 1:colcon.colcon_core.shell:create_environment_hook('bumperbot_mapping', 'pythonpath')
[1.704s] INFO:colcon.colcon_core.shell:Creating environment hook '/home/papalist/tek_expo_demo_3_ws/install/bumperbot_mapping/share/bumperbot_mapping/hook/pythonpath.ps1'
[1.709s] INFO:colcon.colcon_core.shell:Creating environment descriptor '/home/papalist/tek_expo_demo_3_ws/install/bumperbot_mapping/share/bumperbot_mapping/hook/pythonpath.dsv'
[1.710s] INFO:colcon.colcon_core.shell:Creating environment hook '/home/papalist/tek_expo_demo_3_ws/install/bumperbot_mapping/share/bumperbot_mapping/hook/pythonpath.sh'
[1.711s] Level 1:colcon.colcon_core.environment:checking '/home/papalist/tek_expo_demo_3_ws/install/bumperbot_mapping/bin'
[1.714s] INFO:colcon.colcon_core.shell:Creating package script '/home/papalist/tek_expo_demo_3_ws/install/bumperbot_mapping/share/bumperbot_mapping/package.ps1'
[1.715s] INFO:colcon.colcon_core.shell:Creating package descriptor '/home/papalist/tek_expo_demo_3_ws/install/bumperbot_mapping/share/bumperbot_mapping/package.dsv'
[1.717s] INFO:colcon.colcon_core.shell:Creating package script '/home/papalist/tek_expo_demo_3_ws/install/bumperbot_mapping/share/bumperbot_mapping/package.sh'
[1.718s] INFO:colcon.colcon_core.shell:Creating package script '/home/papalist/tek_expo_demo_3_ws/install/bumperbot_mapping/share/bumperbot_mapping/package.bash'
[1.719s] INFO:colcon.colcon_core.shell:Creating package script '/home/papalist/tek_expo_demo_3_ws/install/bumperbot_mapping/share/bumperbot_mapping/package.zsh'
[1.720s] Level 1:colcon.colcon_core.environment:create_file_with_runtime_dependencies(/home/papalist/tek_expo_demo_3_ws/install/bumperbot_mapping/share/colcon-core/packages/bumperbot_mapping)
[1.722s] Level 1:colcon.colcon_core.environment:create_environment_scripts_only(bumperbot_firmware)
[1.722s] Level 1:colcon.colcon_core.environment:checking '/home/papalist/tek_expo_demo_3_ws/install/bumperbot_firmware' for CMake module files
[1.725s] DEBUG:colcon.colcon_core.event_handler.log_command:Invoked command in '/home/papalist/tek_expo_demo_3_ws/build/bumperbot_firmware' returned '0': CMAKE_PREFIX_PATH=${CMAKE_PREFIX_PATH}:/opt/ros/jazzy DEBUGINFOD_URLS=https://debuginfod.ubuntu.com /usr/bin/cmake --install /home/papalist/tek_expo_demo_3_ws/build/bumperbot_firmware
[1.725s] Level 1:colcon.colcon_core.environment:checking '/home/papalist/tek_expo_demo_3_ws/install/bumperbot_firmware' for CMake config files
[1.726s] Level 1:colcon.colcon_core.shell:create_environment_hook('bumperbot_firmware', 'cmake_prefix_path')
[1.726s] INFO:colcon.colcon_core.shell:Creating environment hook '/home/papalist/tek_expo_demo_3_ws/install/bumperbot_firmware/share/bumperbot_firmware/hook/cmake_prefix_path.ps1'
[1.727s] INFO:colcon.colcon_core.shell:Creating environment descriptor '/home/papalist/tek_expo_demo_3_ws/install/bumperbot_firmware/share/bumperbot_firmware/hook/cmake_prefix_path.dsv'
[1.728s] INFO:colcon.colcon_core.shell:Creating environment hook '/home/papalist/tek_expo_demo_3_ws/install/bumperbot_firmware/share/bumperbot_firmware/hook/cmake_prefix_path.sh'
[1.729s] Level 1:colcon.colcon_core.environment:checking '/home/papalist/tek_expo_demo_3_ws/install/bumperbot_firmware/lib'
[1.729s] Level 1:colcon.colcon_core.shell:create_environment_hook('bumperbot_firmware', 'ld_library_path_lib')
[1.729s] INFO:colcon.colcon_core.shell:Creating environment hook '/home/papalist/tek_expo_demo_3_ws/install/bumperbot_firmware/share/bumperbot_firmware/hook/ld_library_path_lib.ps1'
[1.730s] INFO:colcon.colcon_core.shell:Creating environment descriptor '/home/papalist/tek_expo_demo_3_ws/install/bumperbot_firmware/share/bumperbot_firmware/hook/ld_library_path_lib.dsv'
[1.731s] INFO:colcon.colcon_core.shell:Creating environment hook '/home/papalist/tek_expo_demo_3_ws/install/bumperbot_firmware/share/bumperbot_firmware/hook/ld_library_path_lib.sh'
[1.731s] Level 1:colcon.colcon_core.environment:checking '/home/papalist/tek_expo_demo_3_ws/install/bumperbot_firmware/bin'
[1.731s] Level 1:colcon.colcon_core.environment:checking '/home/papalist/tek_expo_demo_3_ws/install/bumperbot_firmware/lib/pkgconfig/bumperbot_firmware.pc'
[1.732s] Level 1:colcon.colcon_core.environment:checking '/home/papalist/tek_expo_demo_3_ws/install/bumperbot_firmware/lib/python3.12/site-packages'
[1.732s] Level 1:colcon.colcon_core.shell:create_environment_hook('bumperbot_firmware', 'pythonpath')
[1.732s] INFO:colcon.colcon_core.shell:Creating environment hook '/home/papalist/tek_expo_demo_3_ws/install/bumperbot_firmware/share/bumperbot_firmware/hook/pythonpath.ps1'
[1.733s] INFO:colcon.colcon_core.shell:Creating environment descriptor '/home/papalist/tek_expo_demo_3_ws/install/bumperbot_firmware/share/bumperbot_firmware/hook/pythonpath.dsv'
[1.734s] INFO:colcon.colcon_core.shell:Creating environment hook '/home/papalist/tek_expo_demo_3_ws/install/bumperbot_firmware/share/bumperbot_firmware/hook/pythonpath.sh'
[1.735s] Level 1:colcon.colcon_core.environment:checking '/home/papalist/tek_expo_demo_3_ws/install/bumperbot_firmware/bin'
[1.735s] INFO:colcon.colcon_core.shell:Creating package script '/home/papalist/tek_expo_demo_3_ws/install/bumperbot_firmware/share/bumperbot_firmware/package.ps1'
[1.736s] INFO:colcon.colcon_core.shell:Creating package descriptor '/home/papalist/tek_expo_demo_3_ws/install/bumperbot_firmware/share/bumperbot_firmware/package.dsv'
[1.737s] INFO:colcon.colcon_core.shell:Creating package script '/home/papalist/tek_expo_demo_3_ws/install/bumperbot_firmware/share/bumperbot_firmware/package.sh'
[1.738s] INFO:colcon.colcon_core.shell:Creating package script '/home/papalist/tek_expo_demo_3_ws/install/bumperbot_firmware/share/bumperbot_firmware/package.bash'
[1.738s] INFO:colcon.colcon_core.shell:Creating package script '/home/papalist/tek_expo_demo_3_ws/install/bumperbot_firmware/share/bumperbot_firmware/package.zsh'
[1.739s] Level 1:colcon.colcon_core.environment:create_file_with_runtime_dependencies(/home/papalist/tek_expo_demo_3_ws/install/bumperbot_firmware/share/colcon-core/packages/bumperbot_firmware)
[1.740s] Level 1:colcon.colcon_core.environment:create_environment_scripts_only(bumperbot_firmware)
[1.740s] Level 1:colcon.colcon_core.environment:checking '/home/papalist/tek_expo_demo_3_ws/install/bumperbot_firmware' for CMake module files
[1.742s] Level 1:colcon.colcon_core.environment:checking '/home/papalist/tek_expo_demo_3_ws/install/bumperbot_firmware' for CMake config files
[1.742s] Level 1:colcon.colcon_core.shell:create_environment_hook('bumperbot_firmware', 'cmake_prefix_path')
[1.743s] INFO:colcon.colcon_core.shell:Creating environment hook '/home/papalist/tek_expo_demo_3_ws/install/bumperbot_firmware/share/bumperbot_firmware/hook/cmake_prefix_path.ps1'
[1.743s] INFO:colcon.colcon_core.shell:Creating environment descriptor '/home/papalist/tek_expo_demo_3_ws/install/bumperbot_firmware/share/bumperbot_firmware/hook/cmake_prefix_path.dsv'
[1.744s] INFO:colcon.colcon_core.shell:Creating environment hook '/home/papalist/tek_expo_demo_3_ws/install/bumperbot_firmware/share/bumperbot_firmware/hook/cmake_prefix_path.sh'
[1.745s] Level 1:colcon.colcon_core.environment:checking '/home/papalist/tek_expo_demo_3_ws/install/bumperbot_firmware/lib'
[1.745s] Level 1:colcon.colcon_core.shell:create_environment_hook('bumperbot_firmware', 'ld_library_path_lib')
[1.745s] INFO:colcon.colcon_core.shell:Creating environment hook '/home/papalist/tek_expo_demo_3_ws/install/bumperbot_firmware/share/bumperbot_firmware/hook/ld_library_path_lib.ps1'
[1.746s] INFO:colcon.colcon_core.shell:Creating environment descriptor '/home/papalist/tek_expo_demo_3_ws/install/bumperbot_firmware/share/bumperbot_firmware/hook/ld_library_path_lib.dsv'
[1.746s] INFO:colcon.colcon_core.shell:Creating environment hook '/home/papalist/tek_expo_demo_3_ws/install/bumperbot_firmware/share/bumperbot_firmware/hook/ld_library_path_lib.sh'
[1.747s] Level 1:colcon.colcon_core.environment:checking '/home/papalist/tek_expo_demo_3_ws/install/bumperbot_firmware/bin'
[1.747s] Level 1:colcon.colcon_core.environment:checking '/home/papalist/tek_expo_demo_3_ws/install/bumperbot_firmware/lib/pkgconfig/bumperbot_firmware.pc'
[1.748s] Level 1:colcon.colcon_core.environment:checking '/home/papalist/tek_expo_demo_3_ws/install/bumperbot_firmware/lib/python3.12/site-packages'
[1.748s] Level 1:colcon.colcon_core.shell:create_environment_hook('bumperbot_firmware', 'pythonpath')
[1.748s] INFO:colcon.colcon_core.shell:Creating environment hook '/home/papalist/tek_expo_demo_3_ws/install/bumperbot_firmware/share/bumperbot_firmware/hook/pythonpath.ps1'
[1.749s] INFO:colcon.colcon_core.shell:Creating environment descriptor '/home/papalist/tek_expo_demo_3_ws/install/bumperbot_firmware/share/bumperbot_firmware/hook/pythonpath.dsv'
[1.750s] INFO:colcon.colcon_core.shell:Creating environment hook '/home/papalist/tek_expo_demo_3_ws/install/bumperbot_firmware/share/bumperbot_firmware/hook/pythonpath.sh'
[1.751s] Level 1:colcon.colcon_core.environment:checking '/home/papalist/tek_expo_demo_3_ws/install/bumperbot_firmware/bin'
[1.751s] INFO:colcon.colcon_core.shell:Creating package script '/home/papalist/tek_expo_demo_3_ws/install/bumperbot_firmware/share/bumperbot_firmware/package.ps1'
[1.753s] INFO:colcon.colcon_core.shell:Creating package descriptor '/home/papalist/tek_expo_demo_3_ws/install/bumperbot_firmware/share/bumperbot_firmware/package.dsv'
[1.754s] INFO:colcon.colcon_core.shell:Creating package script '/home/papalist/tek_expo_demo_3_ws/install/bumperbot_firmware/share/bumperbot_firmware/package.sh'
[1.755s] INFO:colcon.colcon_core.shell:Creating package script '/home/papalist/tek_expo_demo_3_ws/install/bumperbot_firmware/share/bumperbot_firmware/package.bash'
[1.755s] INFO:colcon.colcon_core.shell:Creating package script '/home/papalist/tek_expo_demo_3_ws/install/bumperbot_firmware/share/bumperbot_firmware/package.zsh'
[1.756s] Level 1:colcon.colcon_core.environment:create_file_with_runtime_dependencies(/home/papalist/tek_expo_demo_3_ws/install/bumperbot_firmware/share/colcon-core/packages/bumperbot_firmware)
[1.759s] DEBUG:colcon.colcon_core.event_handler.log_command:Invoked command in '/home/papalist/tek_expo_demo_3_ws/build/bumperbot_utils' returned '0': CMAKE_PREFIX_PATH=${CMAKE_PREFIX_PATH}:/opt/ros/jazzy DEBUGINFOD_URLS=https://debuginfod.ubuntu.com /usr/bin/cmake --build /home/papalist/tek_expo_demo_3_ws/build/bumperbot_utils -- -j8 -l8
[1.761s] DEBUG:colcon.colcon_core.event_handler.log_command:Invoking command in '/home/papalist/tek_expo_demo_3_ws/build/bumperbot_utils': CMAKE_PREFIX_PATH=${CMAKE_PREFIX_PATH}:/opt/ros/jazzy DEBUGINFOD_URLS=https://debuginfod.ubuntu.com /usr/bin/cmake --install /home/papalist/tek_expo_demo_3_ws/build/bumperbot_utils
[1.763s] DEBUG:colcon.colcon_core.event_handler.log_command:Invoked command in '/home/papalist/tek_expo_demo_3_ws/build/bumperbot_localization' returned '0': CMAKE_PREFIX_PATH=${CMAKE_PREFIX_PATH}:/opt/ros/jazzy DEBUGINFOD_URLS=https://debuginfod.ubuntu.com /usr/bin/cmake --build /home/papalist/tek_expo_demo_3_ws/build/bumperbot_localization -- -j8 -l8
[1.764s] DEBUG:colcon.colcon_core.event_handler.log_command:Invoking command in '/home/papalist/tek_expo_demo_3_ws/build/bumperbot_localization': CMAKE_PREFIX_PATH=${CMAKE_PREFIX_PATH}:/opt/ros/jazzy DEBUGINFOD_URLS=https://debuginfod.ubuntu.com /usr/bin/cmake --install /home/papalist/tek_expo_demo_3_ws/build/bumperbot_localization
[1.873s] Level 1:colcon.colcon_core.environment:create_environment_scripts_only(bumperbot_utils)
[1.874s] Level 1:colcon.colcon_core.environment:checking '/home/papalist/tek_expo_demo_3_ws/install/bumperbot_utils' for CMake module files
[1.875s] Level 1:colcon.colcon_core.environment:checking '/home/papalist/tek_expo_demo_3_ws/install/bumperbot_utils' for CMake config files
[1.875s] Level 1:colcon.colcon_core.shell:create_environment_hook('bumperbot_utils', 'cmake_prefix_path')
[1.880s] INFO:colcon.colcon_core.shell:Creating environment hook '/home/papalist/tek_expo_demo_3_ws/install/bumperbot_utils/share/bumperbot_utils/hook/cmake_prefix_path.ps1'
[1.881s] DEBUG:colcon.colcon_core.event_handler.log_command:Invoked command in '/home/papalist/tek_expo_demo_3_ws/build/bumperbot_utils' returned '0': CMAKE_PREFIX_PATH=${CMAKE_PREFIX_PATH}:/opt/ros/jazzy DEBUGINFOD_URLS=https://debuginfod.ubuntu.com /usr/bin/cmake --install /home/papalist/tek_expo_demo_3_ws/build/bumperbot_utils
[1.882s] INFO:colcon.colcon_core.shell:Creating environment descriptor '/home/papalist/tek_expo_demo_3_ws/install/bumperbot_utils/share/bumperbot_utils/hook/cmake_prefix_path.dsv'
[1.882s] INFO:colcon.colcon_core.shell:Creating environment hook '/home/papalist/tek_expo_demo_3_ws/install/bumperbot_utils/share/bumperbot_utils/hook/cmake_prefix_path.sh'
[1.883s] Level 1:colcon.colcon_core.environment:checking '/home/papalist/tek_expo_demo_3_ws/install/bumperbot_utils/lib'
[1.884s] Level 1:colcon.colcon_core.environment:checking '/home/papalist/tek_expo_demo_3_ws/install/bumperbot_utils/bin'
[1.884s] Level 1:colcon.colcon_core.environment:checking '/home/papalist/tek_expo_demo_3_ws/install/bumperbot_utils/lib/pkgconfig/bumperbot_utils.pc'
[1.884s] Level 1:colcon.colcon_core.environment:checking '/home/papalist/tek_expo_demo_3_ws/install/bumperbot_utils/lib/python3.12/site-packages'
[1.884s] Level 1:colcon.colcon_core.shell:create_environment_hook('bumperbot_utils', 'pythonpath')
[1.885s] INFO:colcon.colcon_core.shell:Creating environment hook '/home/papalist/tek_expo_demo_3_ws/install/bumperbot_utils/share/bumperbot_utils/hook/pythonpath.ps1'
[1.888s] INFO:colcon.colcon_core.shell:Creating environment descriptor '/home/papalist/tek_expo_demo_3_ws/install/bumperbot_utils/share/bumperbot_utils/hook/pythonpath.dsv'
[1.889s] INFO:colcon.colcon_core.shell:Creating environment hook '/home/papalist/tek_expo_demo_3_ws/install/bumperbot_utils/share/bumperbot_utils/hook/pythonpath.sh'
[1.895s] Level 1:colcon.colcon_core.environment:checking '/home/papalist/tek_expo_demo_3_ws/install/bumperbot_utils/bin'
[1.896s] INFO:colcon.colcon_core.shell:Creating package script '/home/papalist/tek_expo_demo_3_ws/install/bumperbot_utils/share/bumperbot_utils/package.ps1'
[1.898s] INFO:colcon.colcon_core.shell:Creating package descriptor '/home/papalist/tek_expo_demo_3_ws/install/bumperbot_utils/share/bumperbot_utils/package.dsv'
[1.899s] INFO:colcon.colcon_core.shell:Creating package script '/home/papalist/tek_expo_demo_3_ws/install/bumperbot_utils/share/bumperbot_utils/package.sh'
[1.900s] INFO:colcon.colcon_core.shell:Creating package script '/home/papalist/tek_expo_demo_3_ws/install/bumperbot_utils/share/bumperbot_utils/package.bash'
[1.902s] INFO:colcon.colcon_core.shell:Creating package script '/home/papalist/tek_expo_demo_3_ws/install/bumperbot_utils/share/bumperbot_utils/package.zsh'
[1.905s] Level 1:colcon.colcon_core.environment:create_file_with_runtime_dependencies(/home/papalist/tek_expo_demo_3_ws/install/bumperbot_utils/share/colcon-core/packages/bumperbot_utils)
[1.906s] Level 1:colcon.colcon_core.environment:create_environment_scripts_only(bumperbot_utils)
[1.907s] Level 1:colcon.colcon_core.environment:checking '/home/papalist/tek_expo_demo_3_ws/install/bumperbot_utils' for CMake module files
[1.908s] Level 1:colcon.colcon_core.environment:checking '/home/papalist/tek_expo_demo_3_ws/install/bumperbot_utils' for CMake config files
[1.908s] Level 1:colcon.colcon_core.shell:create_environment_hook('bumperbot_utils', 'cmake_prefix_path')
[1.911s] INFO:colcon.colcon_core.shell:Creating environment hook '/home/papalist/tek_expo_demo_3_ws/install/bumperbot_utils/share/bumperbot_utils/hook/cmake_prefix_path.ps1'
[1.912s] INFO:colcon.colcon_core.shell:Creating environment descriptor '/home/papalist/tek_expo_demo_3_ws/install/bumperbot_utils/share/bumperbot_utils/hook/cmake_prefix_path.dsv'
[1.913s] INFO:colcon.colcon_core.shell:Creating environment hook '/home/papalist/tek_expo_demo_3_ws/install/bumperbot_utils/share/bumperbot_utils/hook/cmake_prefix_path.sh'
[1.914s] Level 1:colcon.colcon_core.environment:checking '/home/papalist/tek_expo_demo_3_ws/install/bumperbot_utils/lib'
[1.914s] Level 1:colcon.colcon_core.environment:checking '/home/papalist/tek_expo_demo_3_ws/install/bumperbot_utils/bin'
[1.914s] Level 1:colcon.colcon_core.environment:checking '/home/papalist/tek_expo_demo_3_ws/install/bumperbot_utils/lib/pkgconfig/bumperbot_utils.pc'
[1.914s] Level 1:colcon.colcon_core.environment:checking '/home/papalist/tek_expo_demo_3_ws/install/bumperbot_utils/lib/python3.12/site-packages'
[1.914s] Level 1:colcon.colcon_core.shell:create_environment_hook('bumperbot_utils', 'pythonpath')
[1.915s] INFO:colcon.colcon_core.shell:Creating environment hook '/home/papalist/tek_expo_demo_3_ws/install/bumperbot_utils/share/bumperbot_utils/hook/pythonpath.ps1'
[1.915s] INFO:colcon.colcon_core.shell:Creating environment descriptor '/home/papalist/tek_expo_demo_3_ws/install/bumperbot_utils/share/bumperbot_utils/hook/pythonpath.dsv'
[1.916s] INFO:colcon.colcon_core.shell:Creating environment hook '/home/papalist/tek_expo_demo_3_ws/install/bumperbot_utils/share/bumperbot_utils/hook/pythonpath.sh'
[1.917s] Level 1:colcon.colcon_core.environment:checking '/home/papalist/tek_expo_demo_3_ws/install/bumperbot_utils/bin'
[1.918s] INFO:colcon.colcon_core.shell:Creating package script '/home/papalist/tek_expo_demo_3_ws/install/bumperbot_utils/share/bumperbot_utils/package.ps1'
[1.919s] INFO:colcon.colcon_core.shell:Creating package descriptor '/home/papalist/tek_expo_demo_3_ws/install/bumperbot_utils/share/bumperbot_utils/package.dsv'
[1.920s] INFO:colcon.colcon_core.shell:Creating package script '/home/papalist/tek_expo_demo_3_ws/install/bumperbot_utils/share/bumperbot_utils/package.sh'
[1.922s] INFO:colcon.colcon_core.shell:Creating package script '/home/papalist/tek_expo_demo_3_ws/install/bumperbot_utils/share/bumperbot_utils/package.bash'
[1.923s] INFO:colcon.colcon_core.shell:Creating package script '/home/papalist/tek_expo_demo_3_ws/install/bumperbot_utils/share/bumperbot_utils/package.zsh'
[1.924s] Level 1:colcon.colcon_core.environment:create_file_with_runtime_dependencies(/home/papalist/tek_expo_demo_3_ws/install/bumperbot_utils/share/colcon-core/packages/bumperbot_utils)
[1.927s] Level 1:colcon.colcon_core.environment:create_environment_scripts_only(bumperbot_localization)
[1.928s] Level 1:colcon.colcon_core.environment:checking '/home/papalist/tek_expo_demo_3_ws/install/bumperbot_localization' for CMake module files
[1.929s] DEBUG:colcon.colcon_core.event_handler.log_command:Invoked command in '/home/papalist/tek_expo_demo_3_ws/build/bumperbot_localization' returned '0': CMAKE_PREFIX_PATH=${CMAKE_PREFIX_PATH}:/opt/ros/jazzy DEBUGINFOD_URLS=https://debuginfod.ubuntu.com /usr/bin/cmake --install /home/papalist/tek_expo_demo_3_ws/build/bumperbot_localization
[1.929s] Level 1:colcon.colcon_core.environment:checking '/home/papalist/tek_expo_demo_3_ws/install/bumperbot_localization' for CMake config files
[1.930s] Level 1:colcon.colcon_core.shell:create_environment_hook('bumperbot_localization', 'cmake_prefix_path')
[1.930s] INFO:colcon.colcon_core.shell:Creating environment hook '/home/papalist/tek_expo_demo_3_ws/install/bumperbot_localization/share/bumperbot_localization/hook/cmake_prefix_path.ps1'
[1.930s] INFO:colcon.colcon_core.shell:Creating environment descriptor '/home/papalist/tek_expo_demo_3_ws/install/bumperbot_localization/share/bumperbot_localization/hook/cmake_prefix_path.dsv'
[1.931s] INFO:colcon.colcon_core.shell:Creating environment hook '/home/papalist/tek_expo_demo_3_ws/install/bumperbot_localization/share/bumperbot_localization/hook/cmake_prefix_path.sh'
[1.932s] Level 1:colcon.colcon_core.environment:checking '/home/papalist/tek_expo_demo_3_ws/install/bumperbot_localization/lib'
[1.932s] Level 1:colcon.colcon_core.environment:checking '/home/papalist/tek_expo_demo_3_ws/install/bumperbot_localization/bin'
[1.932s] Level 1:colcon.colcon_core.environment:checking '/home/papalist/tek_expo_demo_3_ws/install/bumperbot_localization/lib/pkgconfig/bumperbot_localization.pc'
[1.932s] Level 1:colcon.colcon_core.environment:checking '/home/papalist/tek_expo_demo_3_ws/install/bumperbot_localization/lib/python3.12/site-packages'
[1.932s] Level 1:colcon.colcon_core.shell:create_environment_hook('bumperbot_localization', 'pythonpath')
[1.933s] INFO:colcon.colcon_core.shell:Creating environment hook '/home/papalist/tek_expo_demo_3_ws/install/bumperbot_localization/share/bumperbot_localization/hook/pythonpath.ps1'
[1.934s] INFO:colcon.colcon_core.shell:Creating environment descriptor '/home/papalist/tek_expo_demo_3_ws/install/bumperbot_localization/share/bumperbot_localization/hook/pythonpath.dsv'
[1.934s] INFO:colcon.colcon_core.shell:Creating environment hook '/home/papalist/tek_expo_demo_3_ws/install/bumperbot_localization/share/bumperbot_localization/hook/pythonpath.sh'
[1.935s] Level 1:colcon.colcon_core.environment:checking '/home/papalist/tek_expo_demo_3_ws/install/bumperbot_localization/bin'
[1.936s] INFO:colcon.colcon_core.shell:Creating package script '/home/papalist/tek_expo_demo_3_ws/install/bumperbot_localization/share/bumperbot_localization/package.ps1'
[1.937s] INFO:colcon.colcon_core.shell:Creating package descriptor '/home/papalist/tek_expo_demo_3_ws/install/bumperbot_localization/share/bumperbot_localization/package.dsv'
[1.937s] INFO:colcon.colcon_core.shell:Creating package script '/home/papalist/tek_expo_demo_3_ws/install/bumperbot_localization/share/bumperbot_localization/package.sh'
[1.938s] INFO:colcon.colcon_core.shell:Creating package script '/home/papalist/tek_expo_demo_3_ws/install/bumperbot_localization/share/bumperbot_localization/package.bash'
[1.939s] INFO:colcon.colcon_core.shell:Creating package script '/home/papalist/tek_expo_demo_3_ws/install/bumperbot_localization/share/bumperbot_localization/package.zsh'
[1.939s] Level 1:colcon.colcon_core.environment:create_file_with_runtime_dependencies(/home/papalist/tek_expo_demo_3_ws/install/bumperbot_localization/share/colcon-core/packages/bumperbot_localization)
[1.940s] Level 1:colcon.colcon_core.environment:create_environment_scripts_only(bumperbot_localization)
[1.940s] Level 1:colcon.colcon_core.environment:checking '/home/papalist/tek_expo_demo_3_ws/install/bumperbot_localization' for CMake module files
[1.942s] Level 1:colcon.colcon_core.environment:checking '/home/papalist/tek_expo_demo_3_ws/install/bumperbot_localization' for CMake config files
[1.942s] Level 1:colcon.colcon_core.shell:create_environment_hook('bumperbot_localization', 'cmake_prefix_path')
[1.942s] INFO:colcon.colcon_core.shell:Creating environment hook '/home/papalist/tek_expo_demo_3_ws/install/bumperbot_localization/share/bumperbot_localization/hook/cmake_prefix_path.ps1'
[1.943s] INFO:colcon.colcon_core.shell:Creating environment descriptor '/home/papalist/tek_expo_demo_3_ws/install/bumperbot_localization/share/bumperbot_localization/hook/cmake_prefix_path.dsv'
[1.944s] INFO:colcon.colcon_core.shell:Creating environment hook '/home/papalist/tek_expo_demo_3_ws/install/bumperbot_localization/share/bumperbot_localization/hook/cmake_prefix_path.sh'
[1.945s] Level 1:colcon.colcon_core.environment:checking '/home/papalist/tek_expo_demo_3_ws/install/bumperbot_localization/lib'
[1.945s] Level 1:colcon.colcon_core.environment:checking '/home/papalist/tek_expo_demo_3_ws/install/bumperbot_localization/bin'
[1.945s] Level 1:colcon.colcon_core.environment:checking '/home/papalist/tek_expo_demo_3_ws/install/bumperbot_localization/lib/pkgconfig/bumperbot_localization.pc'
[1.946s] Level 1:colcon.colcon_core.environment:checking '/home/papalist/tek_expo_demo_3_ws/install/bumperbot_localization/lib/python3.12/site-packages'
[1.946s] Level 1:colcon.colcon_core.shell:create_environment_hook('bumperbot_localization', 'pythonpath')
[1.946s] INFO:colcon.colcon_core.shell:Creating environment hook '/home/papalist/tek_expo_demo_3_ws/install/bumperbot_localization/share/bumperbot_localization/hook/pythonpath.ps1'
[1.947s] INFO:colcon.colcon_core.shell:Creating environment descriptor '/home/papalist/tek_expo_demo_3_ws/install/bumperbot_localization/share/bumperbot_localization/hook/pythonpath.dsv'
[1.948s] INFO:colcon.colcon_core.shell:Creating environment hook '/home/papalist/tek_expo_demo_3_ws/install/bumperbot_localization/share/bumperbot_localization/hook/pythonpath.sh'
[1.949s] Level 1:colcon.colcon_core.environment:checking '/home/papalist/tek_expo_demo_3_ws/install/bumperbot_localization/bin'
[1.950s] INFO:colcon.colcon_core.shell:Creating package script '/home/papalist/tek_expo_demo_3_ws/install/bumperbot_localization/share/bumperbot_localization/package.ps1'
[1.951s] INFO:colcon.colcon_core.shell:Creating package descriptor '/home/papalist/tek_expo_demo_3_ws/install/bumperbot_localization/share/bumperbot_localization/package.dsv'
[1.952s] INFO:colcon.colcon_core.shell:Creating package script '/home/papalist/tek_expo_demo_3_ws/install/bumperbot_localization/share/bumperbot_localization/package.sh'
[1.953s] INFO:colcon.colcon_core.shell:Creating package script '/home/papalist/tek_expo_demo_3_ws/install/bumperbot_localization/share/bumperbot_localization/package.bash'
[1.954s] INFO:colcon.colcon_core.shell:Creating package script '/home/papalist/tek_expo_demo_3_ws/install/bumperbot_localization/share/bumperbot_localization/package.zsh'
[1.955s] Level 1:colcon.colcon_core.environment:create_file_with_runtime_dependencies(/home/papalist/tek_expo_demo_3_ws/install/bumperbot_localization/share/colcon-core/packages/bumperbot_localization)
[5.717s] DEBUG:colcon.colcon_core.event_handler.log_command:Invoked command in '/home/papalist/tek_expo_demo_3_ws/build/bumperbot_controller' returned '2': CMAKE_PREFIX_PATH=${CMAKE_PREFIX_PATH}:/opt/ros/jazzy DEBUGINFOD_URLS=https://debuginfod.ubuntu.com /usr/bin/cmake --build /home/papalist/tek_expo_demo_3_ws/build/bumperbot_controller -- -j8 -l8
[5.717s] Level 1:colcon.colcon_core.environment:create_environment_scripts_only(bumperbot_controller)
[5.718s] Level 1:colcon.colcon_core.environment:checking '/home/papalist/tek_expo_demo_3_ws/install/bumperbot_controller' for CMake module files
[5.719s] Level 1:colcon.colcon_core.environment:checking '/home/papalist/tek_expo_demo_3_ws/install/bumperbot_controller' for CMake config files
[5.719s] Level 1:colcon.colcon_core.shell:create_environment_hook('bumperbot_controller', 'cmake_prefix_path')
[5.720s] INFO:colcon.colcon_core.shell:Creating environment hook '/home/papalist/tek_expo_demo_3_ws/install/bumperbot_controller/share/bumperbot_controller/hook/cmake_prefix_path.ps1'
[5.720s] INFO:colcon.colcon_core.shell:Creating environment descriptor '/home/papalist/tek_expo_demo_3_ws/install/bumperbot_controller/share/bumperbot_controller/hook/cmake_prefix_path.dsv'
[5.721s] INFO:colcon.colcon_core.shell:Creating environment hook '/home/papalist/tek_expo_demo_3_ws/install/bumperbot_controller/share/bumperbot_controller/hook/cmake_prefix_path.sh'
[5.722s] Level 1:colcon.colcon_core.environment:checking '/home/papalist/tek_expo_demo_3_ws/install/bumperbot_controller/lib'
[5.722s] Level 1:colcon.colcon_core.environment:checking '/home/papalist/tek_expo_demo_3_ws/install/bumperbot_controller/bin'
[5.722s] Level 1:colcon.colcon_core.environment:checking '/home/papalist/tek_expo_demo_3_ws/install/bumperbot_controller/lib/pkgconfig/bumperbot_controller.pc'
[5.722s] Level 1:colcon.colcon_core.environment:checking '/home/papalist/tek_expo_demo_3_ws/install/bumperbot_controller/lib/python3.12/site-packages'
[5.723s] Level 1:colcon.colcon_core.shell:create_environment_hook('bumperbot_controller', 'pythonpath')
[5.723s] INFO:colcon.colcon_core.shell:Creating environment hook '/home/papalist/tek_expo_demo_3_ws/install/bumperbot_controller/share/bumperbot_controller/hook/pythonpath.ps1'
[5.723s] INFO:colcon.colcon_core.shell:Creating environment descriptor '/home/papalist/tek_expo_demo_3_ws/install/bumperbot_controller/share/bumperbot_controller/hook/pythonpath.dsv'
[5.724s] INFO:colcon.colcon_core.shell:Creating environment hook '/home/papalist/tek_expo_demo_3_ws/install/bumperbot_controller/share/bumperbot_controller/hook/pythonpath.sh'
[5.725s] Level 1:colcon.colcon_core.environment:checking '/home/papalist/tek_expo_demo_3_ws/install/bumperbot_controller/bin'
[5.725s] INFO:colcon.colcon_core.shell:Creating package script '/home/papalist/tek_expo_demo_3_ws/install/bumperbot_controller/share/bumperbot_controller/package.ps1'
[5.726s] INFO:colcon.colcon_core.shell:Creating package descriptor '/home/papalist/tek_expo_demo_3_ws/install/bumperbot_controller/share/bumperbot_controller/package.dsv'
[5.727s] INFO:colcon.colcon_core.shell:Creating package script '/home/papalist/tek_expo_demo_3_ws/install/bumperbot_controller/share/bumperbot_controller/package.sh'
[5.728s] INFO:colcon.colcon_core.shell:Creating package script '/home/papalist/tek_expo_demo_3_ws/install/bumperbot_controller/share/bumperbot_controller/package.bash'
[5.729s] INFO:colcon.colcon_core.shell:Creating package script '/home/papalist/tek_expo_demo_3_ws/install/bumperbot_controller/share/bumperbot_controller/package.zsh'
[5.730s] Level 1:colcon.colcon_core.environment:create_file_with_runtime_dependencies(/home/papalist/tek_expo_demo_3_ws/install/bumperbot_controller/share/colcon-core/packages/bumperbot_controller)
[5.741s] DEBUG:colcon.colcon_parallel_executor.executor.parallel:closing loop
[5.741s] DEBUG:colcon.colcon_parallel_executor.executor.parallel:loop closed
[5.741s] DEBUG:colcon.colcon_parallel_executor.executor.parallel:run_until_complete finished with '2'
[5.741s] DEBUG:colcon.colcon_core.event_reactor:joining thread
[5.749s] INFO:colcon.colcon_core.plugin_system:Skipping extension 'colcon_notification.desktop_notification.terminal_notifier': Not used on non-Darwin systems
[5.750s] INFO:colcon.colcon_core.plugin_system:Skipping extension 'colcon_notification.desktop_notification.win32': Not used on non-Windows systems
[5.750s] INFO:colcon.colcon_notification.desktop_notification:Sending desktop notification using 'notify2'
[5.779s] DEBUG:colcon.colcon_core.event_reactor:joined thread
[5.779s] INFO:colcon.colcon_core.shell:Creating prefix script '/home/papalist/tek_expo_demo_3_ws/install/local_setup.ps1'
[5.780s] INFO:colcon.colcon_core.shell:Creating prefix util module '/home/papalist/tek_expo_demo_3_ws/install/_local_setup_util_ps1.py'
[5.782s] INFO:colcon.colcon_core.shell:Creating prefix chain script '/home/papalist/tek_expo_demo_3_ws/install/setup.ps1'
[5.784s] INFO:colcon.colcon_core.shell:Creating prefix script '/home/papalist/tek_expo_demo_3_ws/install/local_setup.sh'
[5.785s] INFO:colcon.colcon_core.shell:Creating prefix util module '/home/papalist/tek_expo_demo_3_ws/install/_local_setup_util_sh.py'
[5.786s] INFO:colcon.colcon_core.shell:Creating prefix chain script '/home/papalist/tek_expo_demo_3_ws/install/setup.sh'
[5.787s] INFO:colcon.colcon_core.shell:Creating prefix script '/home/papalist/tek_expo_demo_3_ws/install/local_setup.bash'
[5.788s] INFO:colcon.colcon_core.shell:Creating prefix chain script '/home/papalist/tek_expo_demo_3_ws/install/setup.bash'
[5.789s] INFO:colcon.colcon_core.shell:Creating prefix script '/home/papalist/tek_expo_demo_3_ws/install/local_setup.zsh'
[5.790s] INFO:colcon.colcon_core.shell:Creating prefix chain script '/home/papalist/tek_expo_demo_3_ws/install/setup.zsh'
